✓ Initialized. View run at 
https://modal.com/apps/hfvcn/main/ap-xLJyHD7WXjvh3CDEUHxWYM
✓ Created objects.
├── 🔨 Created mount 
│   /Users/vfch/Documents/project/graduation-design/modal_jobs/kan_train.py
├── 🔨 Created mount /Users/vfch/Documents/project/graduation-design/src
├── 🔨 Created function train_kan_cpu.
└── 🔨 Created function train_kan_gpu.
2026-03-06 04:26:22,497 [INFO] src.data.split: Loading latest timestamp: 2026-03-06_042421
2026-03-06 04:26:23,750 [INFO] src.data.split: Loaded train: /vol/runs/paperref_20260306_fullflow__derived_h1_6_72_144_576/processed/train_2026-03-06_042421.parquet (72960 rows)
2026-03-06 04:26:24,519 [INFO] src.data.split: Loaded val: /vol/runs/paperref_20260306_fullflow__derived_h1_6_72_144_576/processed/val_2026-03-06_042421.parquet (15096 rows)
2026-03-06 04:26:26,889 [INFO] src.data.split: Loaded test: /vol/runs/paperref_20260306_fullflow__derived_h1_6_72_144_576/processed/test_2026-03-06_042421.parquet (15096 rows)
2026-03-06 04:26:26,945 [INFO] kan_train: Downsampled train_df to first 50000 rows for iteration
2026-03-06 04:26:26,959 [INFO] src.kan_sr.dataset: Target scaled for training: mean=0.2800, std=1131.6679

[1Adescription:   0%|                                                           | 0/50 [00:00<?, ?it/s]
[1A| train_loss: 1.02e+00 | test_loss: 8.17e-01 | reg: 0.00e+00 | :   0%|       | 0/50 [00:01<?, ?it/s]
[1A| train_loss: 1.02e+00 | test_loss: 8.17e-01 | reg: 0.00e+00 | :   2%| | 1/50 [00:01<01:27,  1.78s/i
[1A| train_loss: 1.02e+00 | test_loss: 8.17e-01 | reg: 0.00e+00 | :  12%| | 6/50 [00:01<00:10,  4.21it/
[1A| train_loss: 9.08e-01 | test_loss: 7.59e-01 | reg: 0.00e+00 | :  12%| | 6/50 [00:01<00:10,  4.21it/
[1A| train_loss: 9.08e-01 | test_loss: 7.59e-01 | reg: 0.00e+00 | :  22%|▏| 11/50 [00:01<00:04,  8.53it
[1A| train_loss: 9.08e-01 | test_loss: 7.59e-01 | reg: 0.00e+00 | :  32%|▎| 16/50 [00:02<00:02, 13.39it
[1A| train_loss: 8.28e-01 | test_loss: 7.10e-01 | reg: 0.00e+00 | :  32%|▎| 16/50 [00:02<00:02, 13.39it
[1A| train_loss: 8.28e-01 | test_loss: 7.10e-01 | reg: 0.00e+00 | :  42%|▍| 21/50 [00:02<00:01, 18.49it
[1A| train_loss: 8.28e-01 | test_loss: 7.10e-01 | reg: 0.00e+00 | :  52%|▌| 26/50 [00:02<00:01, 23.78it
[1A| train_loss: 7.89e-01 | test_loss: 6.80e-01 | reg: 0.00e+00 | :  52%|▌| 26/50 [00:02<00:01, 23.78it
[1A| train_loss: 7.89e-01 | test_loss: 6.80e-01 | reg: 0.00e+00 | :  62%|▌| 31/50 [00:02<00:00, 28.80it
[1A| train_loss: 7.89e-01 | test_loss: 6.80e-01 | reg: 0.00e+00 | :  72%|▋| 36/50 [00:02<00:00, 33.29it
[1A| train_loss: 7.74e-01 | test_loss: 6.69e-01 | reg: 0.00e+00 | :  72%|▋| 36/50 [00:02<00:00, 33.29it
[1A| train_loss: 7.74e-01 | test_loss: 6.69e-01 | reg: 0.00e+00 | :  82%|▊| 41/50 [00:02<00:00, 37.10it
[1A| train_loss: 7.74e-01 | test_loss: 6.69e-01 | reg: 0.00e+00 | :  92%|▉| 46/50 [00:02<00:00, 40.15it
[1A| train_loss: 7.74e-01 | test_loss: 6.69e-01 | reg: 0.00e+00 | : 100%|█| 50/50 [00:02<00:00, 17.86it
[kan_fit] stage=warmup done=50/200 chunk_steps=50 chunk_s=2.8 train_loss=0.764603 val_loss=0.680692 reg=0

[1Adescription:   0%|                                                           | 0/50 [00:00<?, ?it/s]
[1A| train_loss: 7.64e-01 | test_loss: 6.82e-01 | reg: 0.00e+00 | :   0%|       | 0/50 [00:00<?, ?it/s]
[1A| train_loss: 7.64e-01 | test_loss: 6.82e-01 | reg: 0.00e+00 | :  10%| | 5/50 [00:00<00:00, 47.03it/
[1A| train_loss: 7.64e-01 | test_loss: 6.82e-01 | reg: 0.00e+00 | :  20%|▏| 10/50 [00:00<00:00, 46.37it
[1A| train_loss: 7.56e-01 | test_loss: 6.86e-01 | reg: 0.00e+00 | :  20%|▏| 10/50 [00:00<00:00, 46.37it
[1A| train_loss: 7.56e-01 | test_loss: 6.86e-01 | reg: 0.00e+00 | :  30%|▎| 15/50 [00:00<00:00, 47.63it
[1A| train_loss: 7.56e-01 | test_loss: 6.86e-01 | reg: 0.00e+00 | :  40%|▍| 20/50 [00:00<00:00, 48.19it
[1A| train_loss: 7.49e-01 | test_loss: 6.81e-01 | reg: 0.00e+00 | :  40%|▍| 20/50 [00:00<00:00, 48.19it
[1A| train_loss: 7.49e-01 | test_loss: 6.81e-01 | reg: 0.00e+00 | :  50%|▌| 25/50 [00:00<00:00, 47.91it
[1A| train_loss: 7.49e-01 | test_loss: 6.81e-01 | reg: 0.00e+00 | :  60%|▌| 30/50 [00:00<00:00, 47.76it
[1A| train_loss: 7.43e-01 | test_loss: 6.87e-01 | reg: 0.00e+00 | :  60%|▌| 30/50 [00:00<00:00, 47.76it
[1A| train_loss: 7.43e-01 | test_loss: 6.87e-01 | reg: 0.00e+00 | :  70%|▋| 35/50 [00:00<00:00, 47.85it
[1A| train_loss: 7.43e-01 | test_loss: 6.87e-01 | reg: 0.00e+00 | :  80%|▊| 40/50 [00:00<00:00, 48.18it
[1A| train_loss: 7.36e-01 | test_loss: 6.98e-01 | reg: 0.00e+00 | :  80%|▊| 40/50 [00:00<00:00, 48.18it
[1A| train_loss: 7.36e-01 | test_loss: 6.98e-01 | reg: 0.00e+00 | :  90%|▉| 45/50 [00:00<00:00, 48.14it
[1A| train_loss: 7.36e-01 | test_loss: 6.98e-01 | reg: 0.00e+00 | : 100%|█| 50/50 [00:01<00:00, 48.50it| train_loss: 7.36e-01 | test_loss: 6.98e-01 | reg: 0.00e+00 | : 100%|█| 50/50 [00:01<00:00, 48.00it
[kan_fit] stage=warmup done=100/200 chunk_steps=50 chunk_s=1.0 train_loss=0.727749 val_loss=0.714334 reg=0

[1Adescription:   0%|                                                           | 0/50 [00:00<?, ?it/s]
[1A| train_loss: 7.27e-01 | test_loss: 7.37e-01 | reg: 0.00e+00 | :   0%|       | 0/50 [00:00<?, ?it/s]
[1A| train_loss: 7.27e-01 | test_loss: 7.37e-01 | reg: 0.00e+00 | :  10%| | 5/50 [00:00<00:00, 48.21it/
[1A| train_loss: 7.27e-01 | test_loss: 7.37e-01 | reg: 0.00e+00 | :  20%|▏| 10/50 [00:00<00:00, 48.18it
[1A| train_loss: 7.25e-01 | test_loss: 7.22e-01 | reg: 0.00e+00 | :  20%|▏| 10/50 [00:00<00:00, 48.18it
[1A| train_loss: 7.25e-01 | test_loss: 7.22e-01 | reg: 0.00e+00 | :  30%|▎| 15/50 [00:00<00:00, 48.44it
[1A| train_loss: 7.25e-01 | test_loss: 7.22e-01 | reg: 0.00e+00 | :  40%|▍| 20/50 [00:00<00:00, 47.78it
[1A| train_loss: 7.20e-01 | test_loss: 7.16e-01 | reg: 0.00e+00 | :  40%|▍| 20/50 [00:00<00:00, 47.78it
[1A| train_loss: 7.20e-01 | test_loss: 7.16e-01 | reg: 0.00e+00 | :  50%|▌| 25/50 [00:00<00:00, 47.69it
[1A| train_loss: 7.20e-01 | test_loss: 7.16e-01 | reg: 0.00e+00 | :  60%|▌| 30/50 [00:00<00:00, 47.74it
[1A| train_loss: 7.15e-01 | test_loss: 7.17e-01 | reg: 0.00e+00 | :  60%|▌| 30/50 [00:00<00:00, 47.74it
[1A| train_loss: 7.15e-01 | test_loss: 7.17e-01 | reg: 0.00e+00 | :  70%|▋| 35/50 [00:00<00:00, 47.72it
[1A| train_loss: 7.15e-01 | test_loss: 7.17e-01 | reg: 0.00e+00 | :  80%|▊| 40/50 [00:00<00:00, 47.54it
[1A| train_loss: 7.09e-01 | test_loss: 7.15e-01 | reg: 0.00e+00 | :  80%|▊| 40/50 [00:00<00:00, 47.54it
[1A| train_loss: 7.09e-01 | test_loss: 7.15e-01 | reg: 0.00e+00 | :  90%|▉| 45/50 [00:00<00:00, 47.80it
[1A| train_loss: 7.09e-01 | test_loss: 7.15e-01 | reg: 0.00e+00 | : 100%|█| 50/50 [00:01<00:00, 48.10it
[1A| train_loss: 7.09e-01 | test_loss: 7.15e-01 | reg: 0.00e+00 | : 100%|█| 50/50 [00:01<00:00, 47.91it
[kan_fit] stage=warmup done=150/200 chunk_steps=50 chunk_s=1.0 train_loss=0.704939 val_loss=0.708345 reg=0

[1Adescription:   0%|                                                           | 0/50 [00:00<?, ?it/s]
[1A| train_loss: 7.05e-01 | test_loss: 7.49e-01 | reg: 0.00e+00 | :   0%|       | 0/50 [00:00<?, ?it/s]
[1A| train_loss: 7.05e-01 | test_loss: 7.49e-01 | reg: 0.00e+00 | :  10%| | 5/50 [00:00<00:00, 46.99it/
[1A| train_loss: 7.05e-01 | test_loss: 7.49e-01 | reg: 0.00e+00 | :  20%|▏| 10/50 [00:00<00:00, 47.06it
[1A| train_loss: 7.07e-01 | test_loss: 7.02e-01 | reg: 0.00e+00 | :  20%|▏| 10/50 [00:00<00:00, 47.06it
[1A| train_loss: 7.07e-01 | test_loss: 7.02e-01 | reg: 0.00e+00 | :  30%|▎| 15/50 [00:00<00:00, 47.63it
[1A| train_loss: 7.07e-01 | test_loss: 7.02e-01 | reg: 0.00e+00 | :  40%|▍| 20/50 [00:00<00:00, 48.22it
[1A| train_loss: 7.04e-01 | test_loss: 6.98e-01 | reg: 0.00e+00 | :  40%|▍| 20/50 [00:00<00:00, 48.22it
[1A| train_loss: 7.04e-01 | test_loss: 6.98e-01 | reg: 0.00e+00 | :  50%|▌| 25/50 [00:00<00:00, 48.09it
[1A| train_loss: 7.04e-01 | test_loss: 6.98e-01 | reg: 0.00e+00 | :  60%|▌| 30/50 [00:00<00:00, 48.27it
[1A| train_loss: 7.00e-01 | test_loss: 6.93e-01 | reg: 0.00e+00 | :  60%|▌| 30/50 [00:00<00:00, 48.27it
[1A| train_loss: 7.00e-01 | test_loss: 6.93e-01 | reg: 0.00e+00 | :  70%|▋| 35/50 [00:00<00:00, 48.33it
[1A| train_loss: 7.00e-01 | test_loss: 6.93e-01 | reg: 0.00e+00 | :  80%|▊| 40/50 [00:00<00:00, 47.69it
[1A| train_loss: 6.97e-01 | test_loss: 6.85e-01 | reg: 0.00e+00 | :  80%|▊| 40/50 [00:00<00:00, 47.69it
[1A| train_loss: 6.97e-01 | test_loss: 6.85e-01 | reg: 0.00e+00 | :  90%|▉| 45/50 [00:00<00:00, 46.67it
[1A| train_loss: 6.97e-01 | test_loss: 6.85e-01 | reg: 0.00e+00 | : 100%|█| 50/50 [00:01<00:00, 47.46it
[1A| train_loss: 6.97e-01 | test_loss: 6.85e-01 | reg: 0.00e+00 | : 100%|█| 50/50 [00:01<00:00, 47.63it
[kan_fit] stage=warmup done=200/200 chunk_steps=50 chunk_s=1.1 train_loss=0.69561 val_loss=0.679745 reg=0

[1Adescription:   0%|                                                          | 0/133 [00:00<?, ?it/s]
[1A| train_loss: 6.95e-01 | test_loss: 6.67e-01 | reg: 3.60e+01 | :   0%|      | 0/133 [00:00<?, ?it/s]
[1A| train_loss: 6.95e-01 | test_loss: 6.67e-01 | reg: 3.60e+01 | :   1%| | 1/133 [00:00<00:51,  2.59it
[1A| train_loss: 6.95e-01 | test_loss: 6.67e-01 | reg: 3.60e+01 | :   4%| | 5/133 [00:00<00:10, 12.67it
[1A| train_loss: 6.95e-01 | test_loss: 6.67e-01 | reg: 3.60e+01 | :   7%| | 9/133 [00:00<00:06, 20.03it
[1A| train_loss: 6.95e-01 | test_loss: 6.67e-01 | reg: 3.60e+01 | :  11%| | 14/133 [00:00<00:04, 26.74i
[1A| train_loss: 6.95e-01 | test_loss: 6.67e-01 | reg: 3.60e+01 | :  14%|▏| 19/133 [00:00<00:03, 31.51i
[1A| train_loss: 6.95e-01 | test_loss: 6.67e-01 | reg: 3.60e+01 | :  18%|▏| 24/133 [00:00<00:03, 34.47i
[1A| train_loss: 7.01e-01 | test_loss: 6.47e-01 | reg: 2.74e+01 | :  18%|▏| 24/133 [00:01<00:03, 34.47i
[1A| train_loss: 7.01e-01 | test_loss: 6.47e-01 | reg: 2.74e+01 | :  22%|▏| 29/133 [00:01<00:02, 36.63i
[1A| train_loss: 7.01e-01 | test_loss: 6.47e-01 | reg: 2.74e+01 | :  26%|▎| 34/133 [00:01<00:02, 37.78i
[1A| train_loss: 7.01e-01 | test_loss: 6.47e-01 | reg: 2.74e+01 | :  29%|▎| 38/133 [00:01<00:02, 38.32i
[1A| train_loss: 7.01e-01 | test_loss: 6.47e-01 | reg: 2.74e+01 | :  32%|▎| 43/133 [00:01<00:02, 39.18i
[1A| train_loss: 7.01e-01 | test_loss: 6.47e-01 | reg: 2.74e+01 | :  36%|▎| 48/133 [00:01<00:02, 40.09i
[1A| train_loss: 7.04e-01 | test_loss: 6.35e-01 | reg: 2.15e+01 | :  36%|▎| 48/133 [00:01<00:02, 40.09i
[1A| train_loss: 7.04e-01 | test_loss: 6.35e-01 | reg: 2.15e+01 | :  40%|▍| 53/133 [00:01<00:01, 40.09i
[1A| train_loss: 7.04e-01 | test_loss: 6.35e-01 | reg: 2.15e+01 | :  44%|▍| 58/133 [00:01<00:01, 40.38i
[1A| train_loss: 7.04e-01 | test_loss: 6.35e-01 | reg: 2.15e+01 | :  47%|▍| 63/133 [00:01<00:01, 40.89i
[1A| train_loss: 7.04e-01 | test_loss: 6.35e-01 | reg: 2.15e+01 | :  51%|▌| 68/133 [00:02<00:01, 41.29i
[1A| train_loss: 7.04e-01 | test_loss: 6.35e-01 | reg: 2.15e+01 | :  55%|▌| 73/133 [00:02<00:01, 41.58i
[1A| train_loss: 7.04e-01 | test_loss: 6.35e-01 | reg: 2.15e+01 | :  59%|▌| 78/133 [00:02<00:01, 41.64i
[1A| train_loss: 7.06e-01 | test_loss: 6.25e-01 | reg: 1.72e+01 | :  59%|▌| 78/133 [00:02<00:01, 41.64i
[1A| train_loss: 7.06e-01 | test_loss: 6.25e-01 | reg: 1.72e+01 | :  62%|▌| 83/133 [00:02<00:01, 41.16i
[1A| train_loss: 7.06e-01 | test_loss: 6.25e-01 | reg: 1.72e+01 | :  66%|▋| 88/133 [00:02<00:01, 41.26i
[1A| train_loss: 7.06e-01 | test_loss: 6.25e-01 | reg: 1.72e+01 | :  70%|▋| 93/133 [00:02<00:00, 41.28i
[1A| train_loss: 7.06e-01 | test_loss: 6.25e-01 | reg: 1.72e+01 | :  74%|▋| 98/133 [00:02<00:00, 41.52i
[1A| train_loss: 7.06e-01 | test_loss: 6.25e-01 | reg: 1.72e+01 | :  77%|▊| 103/133 [00:02<00:00, 41.68
[1A| train_loss: 7.03e-01 | test_loss: 6.18e-01 | reg: 1.51e+01 | :  77%|▊| 103/133 [00:02<00:00, 41.68
[1A| train_loss: 7.03e-01 | test_loss: 6.18e-01 | reg: 1.51e+01 | :  81%|▊| 108/133 [00:02<00:00, 41.78
[1A| train_loss: 7.03e-01 | test_loss: 6.18e-01 | reg: 1.51e+01 | :  85%|▊| 113/133 [00:03<00:00, 41.85
[1A| train_loss: 7.03e-01 | test_loss: 6.18e-01 | reg: 1.51e+01 | :  89%|▉| 118/133 [00:03<00:00, 41.20
[1A| train_loss: 7.03e-01 | test_loss: 6.18e-01 | reg: 1.51e+01 | :  92%|▉| 123/133 [00:03<00:00, 41.27
[1A| train_loss: 7.03e-01 | test_loss: 6.18e-01 | reg: 1.51e+01 | :  96%|▉| 128/133 [00:03<00:00, 41.42
[1A| train_loss: 7.00e-01 | test_loss: 6.11e-01 | reg: 1.39e+01 | :  96%|▉| 128/133 [00:03<00:00, 41.42
[1A| train_loss: 7.00e-01 | test_loss: 6.11e-01 | reg: 1.39e+01 | : 100%|█| 133/133 [00:03<00:00, 41.07
[1A| train_loss: 7.00e-01 | test_loss: 6.11e-01 | reg: 1.39e+01 | : 100%|█| 133/133 [00:03<00:00, 37.00
[kan_fit] stage=sparsify done=133/800 chunk_steps=133 chunk_s=3.6 train_loss=0.699203 val_loss=0.610472 reg=13.815

[1Adescription:   0%|                                                          | 0/133 [00:00<?, ?it/s]
[1A| train_loss: 6.99e-01 | test_loss: 6.12e-01 | reg: 1.38e+01 | :   0%|      | 0/133 [00:00<?, ?it/s]
[1A| train_loss: 6.99e-01 | test_loss: 6.12e-01 | reg: 1.38e+01 | :   3%| | 4/133 [00:00<00:03, 39.07it
[1A| train_loss: 6.99e-01 | test_loss: 6.12e-01 | reg: 1.38e+01 | :   7%| | 9/133 [00:00<00:03, 40.44it
[1A| train_loss: 6.99e-01 | test_loss: 6.12e-01 | reg: 1.38e+01 | :  11%| | 14/133 [00:00<00:02, 40.57i
[1A| train_loss: 6.99e-01 | test_loss: 6.12e-01 | reg: 1.38e+01 | :  14%|▏| 19/133 [00:00<00:02, 40.90i
[1A| train_loss: 6.99e-01 | test_loss: 6.12e-01 | reg: 1.38e+01 | :  18%|▏| 24/133 [00:00<00:02, 41.19i
[1A| train_loss: 6.98e-01 | test_loss: 6.10e-01 | reg: 1.33e+01 | :  18%|▏| 24/133 [00:00<00:02, 41.19i
[1A| train_loss: 6.98e-01 | test_loss: 6.10e-01 | reg: 1.33e+01 | :  22%|▏| 29/133 [00:00<00:02, 41.08i
[1A| train_loss: 6.98e-01 | test_loss: 6.10e-01 | reg: 1.33e+01 | :  26%|▎| 34/133 [00:00<00:02, 41.35i
[1A| train_loss: 6.98e-01 | test_loss: 6.10e-01 | reg: 1.33e+01 | :  29%|▎| 39/133 [00:00<00:02, 41.50i
[1A| train_loss: 6.98e-01 | test_loss: 6.10e-01 | reg: 1.33e+01 | :  33%|▎| 44/133 [00:01<00:02, 41.41i
[1A| train_loss: 6.98e-01 | test_loss: 6.10e-01 | reg: 1.33e+01 | :  37%|▎| 49/133 [00:01<00:02, 41.64i
[1A| train_loss: 6.97e-01 | test_loss: 6.08e-01 | reg: 1.29e+01 | :  37%|▎| 49/133 [00:01<00:02, 41.64i
[1A| train_loss: 6.97e-01 | test_loss: 6.08e-01 | reg: 1.29e+01 | :  41%|▍| 54/133 [00:01<00:01, 41.69i
[1A| train_loss: 6.97e-01 | test_loss: 6.08e-01 | reg: 1.29e+01 | :  44%|▍| 59/133 [00:01<00:01, 41.84i
[1A| train_loss: 6.97e-01 | test_loss: 6.08e-01 | reg: 1.29e+01 | :  48%|▍| 64/133 [00:01<00:01, 41.83i
[1A| train_loss: 6.97e-01 | test_loss: 6.08e-01 | reg: 1.29e+01 | :  52%|▌| 69/133 [00:01<00:01, 41.96i
[1A| train_loss: 6.97e-01 | test_loss: 6.08e-01 | reg: 1.29e+01 | :  56%|▌| 74/133 [00:01<00:01, 42.07i
[1A| train_loss: 6.96e-01 | test_loss: 6.06e-01 | reg: 1.25e+01 | :  56%|▌| 74/133 [00:01<00:01, 42.07i
[1A| train_loss: 6.96e-01 | test_loss: 6.06e-01 | reg: 1.25e+01 | :  59%|▌| 79/133 [00:01<00:01, 42.11i
[1A| train_loss: 6.96e-01 | test_loss: 6.06e-01 | reg: 1.25e+01 | :  63%|▋| 84/133 [00:02<00:01, 42.16i
[1A| train_loss: 6.96e-01 | test_loss: 6.06e-01 | reg: 1.25e+01 | :  67%|▋| 89/133 [00:02<00:01, 42.07i
[1A| train_loss: 6.96e-01 | test_loss: 6.06e-01 | reg: 1.25e+01 | :  71%|▋| 94/133 [00:02<00:00, 41.82i
[1A| train_loss: 6.96e-01 | test_loss: 6.06e-01 | reg: 1.25e+01 | :  74%|▋| 99/133 [00:02<00:00, 41.77i
[1A| train_loss: 6.96e-01 | test_loss: 6.06e-01 | reg: 1.25e+01 | :  78%|▊| 104/133 [00:02<00:00, 41.91
[1A| train_loss: 6.95e-01 | test_loss: 6.06e-01 | reg: 1.20e+01 | :  78%|▊| 104/133 [00:02<00:00, 41.91
[1A| train_loss: 6.95e-01 | test_loss: 6.06e-01 | reg: 1.20e+01 | :  82%|▊| 109/133 [00:02<00:00, 41.94
[1A| train_loss: 6.95e-01 | test_loss: 6.06e-01 | reg: 1.20e+01 | :  86%|▊| 114/133 [00:02<00:00, 41.86
[1A| train_loss: 6.95e-01 | test_loss: 6.06e-01 | reg: 1.20e+01 | :  89%|▉| 119/133 [00:02<00:00, 40.99
[1A| train_loss: 6.95e-01 | test_loss: 6.06e-01 | reg: 1.20e+01 | :  93%|▉| 124/133 [00:02<00:00, 41.22
[1A| train_loss: 6.95e-01 | test_loss: 6.06e-01 | reg: 1.20e+01 | :  97%|▉| 129/133 [00:03<00:00, 41.49
[1A| train_loss: 6.94e-01 | test_loss: 6.06e-01 | reg: 1.15e+01 | :  97%|▉| 129/133 [00:03<00:00, 41.49
[1A| train_loss: 6.94e-01 | test_loss: 6.06e-01 | reg: 1.15e+01 | : 100%|█| 133/133 [00:03<00:00, 41.56
[kan_fit] stage=sparsify done=266/800 chunk_steps=133 chunk_s=3.2 train_loss=0.694361 val_loss=0.60626 reg=11.4772

[1Adescription:   0%|                                                          | 0/133 [00:00<?, ?it/s]
[1A| train_loss: 6.94e-01 | test_loss: 6.10e-01 | reg: 1.15e+01 | :   0%|      | 0/133 [00:00<?, ?it/s]
[1A| train_loss: 6.94e-01 | test_loss: 6.10e-01 | reg: 1.15e+01 | :   4%| | 5/133 [00:00<00:03, 40.48it
[1A| train_loss: 6.94e-01 | test_loss: 6.10e-01 | reg: 1.15e+01 | :   8%| | 10/133 [00:00<00:02, 41.25i
[1A| train_loss: 6.94e-01 | test_loss: 6.10e-01 | reg: 1.15e+01 | :  11%| | 15/133 [00:00<00:02, 40.52i
[1A| train_loss: 6.94e-01 | test_loss: 6.10e-01 | reg: 1.15e+01 | :  15%|▏| 20/133 [00:00<00:02, 40.42i
[1A| train_loss: 6.94e-01 | test_loss: 6.10e-01 | reg: 1.15e+01 | :  19%|▏| 25/133 [00:00<00:02, 40.50i
[1A| train_loss: 6.95e-01 | test_loss: 6.06e-01 | reg: 1.10e+01 | :  19%|▏| 25/133 [00:00<00:02, 40.50i
[1A| train_loss: 6.95e-01 | test_loss: 6.06e-01 | reg: 1.10e+01 | :  23%|▏| 30/133 [00:00<00:02, 40.89i
[1A| train_loss: 6.95e-01 | test_loss: 6.06e-01 | reg: 1.10e+01 | :  26%|▎| 35/133 [00:00<00:02, 41.01i
[1A| train_loss: 6.95e-01 | test_loss: 6.06e-01 | reg: 1.10e+01 | :  30%|▎| 40/133 [00:00<00:02, 41.15i
[1A| train_loss: 6.95e-01 | test_loss: 6.06e-01 | reg: 1.10e+01 | :  34%|▎| 45/133 [00:01<00:02, 40.74i
[1A| train_loss: 6.95e-01 | test_loss: 6.06e-01 | reg: 1.10e+01 | :  38%|▍| 50/133 [00:01<00:02, 40.97i
[1A| train_loss: 6.94e-01 | test_loss: 6.07e-01 | reg: 1.03e+01 | :  38%|▍| 50/133 [00:01<00:02, 40.97i
[1A| train_loss: 6.94e-01 | test_loss: 6.07e-01 | reg: 1.03e+01 | :  41%|▍| 55/133 [00:01<00:01, 41.16i
[1A| train_loss: 6.94e-01 | test_loss: 6.07e-01 | reg: 1.03e+01 | :  45%|▍| 60/133 [00:01<00:01, 41.09i
[1A| train_loss: 6.94e-01 | test_loss: 6.07e-01 | reg: 1.03e+01 | :  49%|▍| 65/133 [00:01<00:01, 41.04i
[1A| train_loss: 6.94e-01 | test_loss: 6.07e-01 | reg: 1.03e+01 | :  53%|▌| 70/133 [00:01<00:01, 40.97i
[1A| train_loss: 6.94e-01 | test_loss: 6.07e-01 | reg: 1.03e+01 | :  56%|▌| 75/133 [00:01<00:01, 40.92i
[1A| train_loss: 6.94e-01 | test_loss: 6.08e-01 | reg: 9.70e+00 | :  56%|▌| 75/133 [00:01<00:01, 40.92i
[1A| train_loss: 6.94e-01 | test_loss: 6.08e-01 | reg: 9.70e+00 | :  60%|▌| 80/133 [00:01<00:01, 40.87i
[1A| train_loss: 6.94e-01 | test_loss: 6.08e-01 | reg: 9.70e+00 | :  64%|▋| 85/133 [00:02<00:01, 40.84i
[1A| train_loss: 6.94e-01 | test_loss: 6.08e-01 | reg: 9.70e+00 | :  68%|▋| 90/133 [00:02<00:01, 41.23i
[1A| train_loss: 6.94e-01 | test_loss: 6.08e-01 | reg: 9.70e+00 | :  71%|▋| 95/133 [00:02<00:00, 41.52i
[1A| train_loss: 6.94e-01 | test_loss: 6.08e-01 | reg: 9.70e+00 | :  75%|▊| 100/133 [00:02<00:00, 41.50
[1A| train_loss: 6.93e-01 | test_loss: 6.08e-01 | reg: 9.42e+00 | :  75%|▊| 100/133 [00:02<00:00, 41.50
[1A| train_loss: 6.93e-01 | test_loss: 6.08e-01 | reg: 9.42e+00 | :  79%|▊| 105/133 [00:02<00:00, 41.45
[1A| train_loss: 6.93e-01 | test_loss: 6.08e-01 | reg: 9.42e+00 | :  83%|▊| 110/133 [00:02<00:00, 41.63
[1A| train_loss: 6.93e-01 | test_loss: 6.08e-01 | reg: 9.42e+00 | :  86%|▊| 115/133 [00:02<00:00, 41.48
[1A| train_loss: 6.93e-01 | test_loss: 6.08e-01 | reg: 9.42e+00 | :  90%|▉| 120/133 [00:02<00:00, 41.44
[1A| train_loss: 6.93e-01 | test_loss: 6.08e-01 | reg: 9.42e+00 | :  94%|▉| 125/133 [00:03<00:00, 41.15
[1A| train_loss: 6.93e-01 | test_loss: 6.08e-01 | reg: 9.42e+00 | :  98%|▉| 130/133 [00:03<00:00, 41.43
[1A| train_loss: 6.93e-01 | test_loss: 6.08e-01 | reg: 9.17e+00 | :  98%|▉| 130/133 [00:03<00:00, 41.43
[1A| train_loss: 6.93e-01 | test_loss: 6.08e-01 | reg: 9.17e+00 | : 100%|█| 133/133 [00:03<00:00, 41.11
[kan_fit] stage=sparsify done=399/800 chunk_steps=133 chunk_s=3.2 train_loss=0.693078 val_loss=0.608529 reg=9.1468

[1Adescription:   0%|                                                          | 0/133 [00:00<?, ?it/s]
[1A| train_loss: 6.93e-01 | test_loss: 6.21e-01 | reg: 9.15e+00 | :   0%|      | 0/133 [00:00<?, ?it/s]
[1A| train_loss: 6.93e-01 | test_loss: 6.21e-01 | reg: 9.15e+00 | :   4%| | 5/133 [00:00<00:03, 41.36it
[1A| train_loss: 6.93e-01 | test_loss: 6.21e-01 | reg: 9.15e+00 | :   8%| | 10/133 [00:00<00:02, 41.77i
[1A| train_loss: 6.93e-01 | test_loss: 6.21e-01 | reg: 9.15e+00 | :  11%| | 15/133 [00:00<00:02, 41.78i
[1A| train_loss: 6.93e-01 | test_loss: 6.21e-01 | reg: 9.15e+00 | :  15%|▏| 20/133 [00:00<00:02, 41.35i
[1A| train_loss: 6.93e-01 | test_loss: 6.21e-01 | reg: 9.15e+00 | :  19%|▏| 25/133 [00:00<00:02, 41.34i
[1A| train_loss: 6.93e-01 | test_loss: 6.07e-01 | reg: 9.12e+00 | :  19%|▏| 25/133 [00:00<00:02, 41.34i
[1A| train_loss: 6.93e-01 | test_loss: 6.07e-01 | reg: 9.12e+00 | :  23%|▏| 30/133 [00:00<00:02, 41.34i
[1A| train_loss: 6.93e-01 | test_loss: 6.07e-01 | reg: 9.12e+00 | :  26%|▎| 35/133 [00:00<00:02, 41.47i
[1A| train_loss: 6.93e-01 | test_loss: 6.07e-01 | reg: 9.12e+00 | :  30%|▎| 40/133 [00:00<00:02, 41.61i
[1A| train_loss: 6.93e-01 | test_loss: 6.07e-01 | reg: 9.12e+00 | :  34%|▎| 45/133 [00:01<00:02, 41.46i
[1A| train_loss: 6.93e-01 | test_loss: 6.07e-01 | reg: 9.12e+00 | :  38%|▍| 50/133 [00:01<00:02, 40.97i
[1A| train_loss: 6.93e-01 | test_loss: 6.08e-01 | reg: 8.99e+00 | :  38%|▍| 50/133 [00:01<00:02, 40.97i
[1A| train_loss: 6.93e-01 | test_loss: 6.08e-01 | reg: 8.99e+00 | :  41%|▍| 55/133 [00:01<00:01, 40.30i
[1A| train_loss: 6.93e-01 | test_loss: 6.08e-01 | reg: 8.99e+00 | :  45%|▍| 60/133 [00:01<00:01, 40.58i
[1A| train_loss: 6.93e-01 | test_loss: 6.08e-01 | reg: 8.99e+00 | :  49%|▍| 65/133 [00:01<00:01, 40.79i
[1A| train_loss: 6.93e-01 | test_loss: 6.08e-01 | reg: 8.99e+00 | :  53%|▌| 70/133 [00:01<00:01, 41.03i
[1A| train_loss: 6.93e-01 | test_loss: 6.08e-01 | reg: 8.99e+00 | :  56%|▌| 75/133 [00:01<00:01, 40.46i
[1A| train_loss: 6.93e-01 | test_loss: 6.09e-01 | reg: 8.95e+00 | :  56%|▌| 75/133 [00:01<00:01, 40.46i
[1A| train_loss: 6.93e-01 | test_loss: 6.09e-01 | reg: 8.95e+00 | :  60%|▌| 80/133 [00:01<00:01, 40.55i
[1A| train_loss: 6.93e-01 | test_loss: 6.09e-01 | reg: 8.95e+00 | :  64%|▋| 85/133 [00:02<00:01, 40.94i
[1A| train_loss: 6.93e-01 | test_loss: 6.09e-01 | reg: 8.95e+00 | :  68%|▋| 90/133 [00:02<00:01, 40.88i
[1A| train_loss: 6.93e-01 | test_loss: 6.09e-01 | reg: 8.95e+00 | :  71%|▋| 95/133 [00:02<00:00, 40.85i
[1A| train_loss: 6.93e-01 | test_loss: 6.09e-01 | reg: 8.95e+00 | :  75%|▊| 100/133 [00:02<00:00, 41.03
[1A| train_loss: 6.93e-01 | test_loss: 6.09e-01 | reg: 8.92e+00 | :  75%|▊| 100/133 [00:02<00:00, 41.03
[1A| train_loss: 6.93e-01 | test_loss: 6.09e-01 | reg: 8.92e+00 | :  79%|▊| 105/133 [00:02<00:00, 41.05
[1A| train_loss: 6.93e-01 | test_loss: 6.09e-01 | reg: 8.92e+00 | :  83%|▊| 110/133 [00:02<00:00, 40.89
[1A| train_loss: 6.93e-01 | test_loss: 6.09e-01 | reg: 8.92e+00 | :  86%|▊| 115/133 [00:02<00:00, 41.21
[1A| train_loss: 6.93e-01 | test_loss: 6.09e-01 | reg: 8.92e+00 | :  90%|▉| 120/133 [00:02<00:00, 41.44
[1A| train_loss: 6.93e-01 | test_loss: 6.09e-01 | reg: 8.92e+00 | :  94%|▉| 125/133 [00:03<00:00, 41.48
[1A| train_loss: 6.93e-01 | test_loss: 6.09e-01 | reg: 8.92e+00 | :  98%|▉| 130/133 [00:03<00:00, 41.22
[1A| train_loss: 6.93e-01 | test_loss: 6.09e-01 | reg: 8.89e+00 | :  98%|▉| 130/133 [00:03<00:00, 41.22
[1A| train_loss: 6.93e-01 | test_loss: 6.09e-01 | reg: 8.89e+00 | : 100%|█| 133/133 [00:03<00:00, 41.11
[kan_fit] stage=sparsify done=532/800 chunk_steps=133 chunk_s=3.2 train_loss=0.692726 val_loss=0.608786 reg=8.88722

[1Adescription:   0%|                                                          | 0/133 [00:00<?, ?it/s]
[1A| train_loss: 6.93e-01 | test_loss: 6.24e-01 | reg: 8.88e+00 | :   0%|      | 0/133 [00:00<?, ?it/s]
[1A| train_loss: 6.93e-01 | test_loss: 6.24e-01 | reg: 8.88e+00 | :   4%| | 5/133 [00:00<00:03, 40.47it
[1A| train_loss: 6.93e-01 | test_loss: 6.24e-01 | reg: 8.88e+00 | :   8%| | 10/133 [00:00<00:02, 41.13i
[1A| train_loss: 6.93e-01 | test_loss: 6.24e-01 | reg: 8.88e+00 | :  11%| | 15/133 [00:00<00:02, 40.36i
[1A| train_loss: 6.93e-01 | test_loss: 6.24e-01 | reg: 8.88e+00 | :  15%|▏| 20/133 [00:00<00:02, 40.33i
[1A| train_loss: 6.93e-01 | test_loss: 6.24e-01 | reg: 8.88e+00 | :  19%|▏| 25/133 [00:00<00:02, 39.96i
[1A| train_loss: 6.93e-01 | test_loss: 6.08e-01 | reg: 8.95e+00 | :  19%|▏| 25/133 [00:00<00:02, 39.96i
[1A| train_loss: 6.93e-01 | test_loss: 6.08e-01 | reg: 8.95e+00 | :  22%|▏| 29/133 [00:00<00:02, 39.89i
[1A| train_loss: 6.93e-01 | test_loss: 6.08e-01 | reg: 8.95e+00 | :  26%|▎| 34/133 [00:00<00:02, 40.49i
[1A| train_loss: 6.93e-01 | test_loss: 6.08e-01 | reg: 8.95e+00 | :  29%|▎| 39/133 [00:00<00:02, 40.78i
[1A| train_loss: 6.93e-01 | test_loss: 6.08e-01 | reg: 8.95e+00 | :  33%|▎| 44/133 [00:01<00:02, 40.97i
[1A| train_loss: 6.93e-01 | test_loss: 6.08e-01 | reg: 8.95e+00 | :  37%|▎| 49/133 [00:01<00:02, 40.85i
[1A| train_loss: 6.93e-01 | test_loss: 6.09e-01 | reg: 8.86e+00 | :  37%|▎| 49/133 [00:01<00:02, 40.85i
[1A| train_loss: 6.93e-01 | test_loss: 6.09e-01 | reg: 8.86e+00 | :  41%|▍| 54/133 [00:01<00:01, 39.98i
[1A| train_loss: 6.93e-01 | test_loss: 6.09e-01 | reg: 8.86e+00 | :  44%|▍| 59/133 [00:01<00:01, 39.87i
[1A| train_loss: 6.93e-01 | test_loss: 6.09e-01 | reg: 8.86e+00 | :  48%|▍| 64/133 [00:01<00:01, 40.19i
[1A| train_loss: 6.93e-01 | test_loss: 6.09e-01 | reg: 8.86e+00 | :  52%|▌| 69/133 [00:01<00:01, 40.22i
[1A| train_loss: 6.93e-01 | test_loss: 6.09e-01 | reg: 8.86e+00 | :  56%|▌| 74/133 [00:01<00:01, 39.93i
[1A| train_loss: 6.93e-01 | test_loss: 6.09e-01 | reg: 8.83e+00 | :  56%|▌| 74/133 [00:01<00:01, 39.93i
[1A| train_loss: 6.93e-01 | test_loss: 6.09e-01 | reg: 8.83e+00 | :  59%|▌| 79/133 [00:01<00:01, 40.46i
[1A| train_loss: 6.93e-01 | test_loss: 6.09e-01 | reg: 8.83e+00 | :  63%|▋| 84/133 [00:02<00:01, 40.94i
[1A| train_loss: 6.93e-01 | test_loss: 6.09e-01 | reg: 8.83e+00 | :  67%|▋| 89/133 [00:02<00:01, 40.68i
[1A| train_loss: 6.93e-01 | test_loss: 6.09e-01 | reg: 8.83e+00 | :  71%|▋| 94/133 [00:02<00:00, 40.77i
[1A| train_loss: 6.93e-01 | test_loss: 6.09e-01 | reg: 8.83e+00 | :  74%|▋| 99/133 [00:02<00:00, 40.74i
[1A| train_loss: 6.93e-01 | test_loss: 6.09e-01 | reg: 8.83e+00 | :  78%|▊| 104/133 [00:02<00:00, 40.89
[1A| train_loss: 6.92e-01 | test_loss: 6.09e-01 | reg: 8.83e+00 | :  78%|▊| 104/133 [00:02<00:00, 40.89
[1A| train_loss: 6.92e-01 | test_loss: 6.09e-01 | reg: 8.83e+00 | :  82%|▊| 109/133 [00:02<00:00, 41.00
[1A| train_loss: 6.92e-01 | test_loss: 6.09e-01 | reg: 8.83e+00 | :  86%|▊| 114/133 [00:02<00:00, 41.13
[1A| train_loss: 6.92e-01 | test_loss: 6.09e-01 | reg: 8.83e+00 | :  89%|▉| 119/133 [00:02<00:00, 41.19
[1A| train_loss: 6.92e-01 | test_loss: 6.09e-01 | reg: 8.83e+00 | :  93%|▉| 124/133 [00:03<00:00, 41.29
[1A| train_loss: 6.92e-01 | test_loss: 6.09e-01 | reg: 8.83e+00 | :  97%|▉| 129/133 [00:03<00:00, 41.33
[1A| train_loss: 6.92e-01 | test_loss: 6.10e-01 | reg: 8.78e+00 | :  97%|▉| 129/133 [00:03<00:00, 41.33
[1A| train_loss: 6.92e-01 | test_loss: 6.10e-01 | reg: 8.78e+00 | : 100%|█| 133/133 [00:03<00:00, 40.69
[kan_fit] stage=sparsify done=665/800 chunk_steps=133 chunk_s=3.3 train_loss=0.692386 val_loss=0.609448 reg=8.76827

[1Adescription:   0%|                                                          | 0/133 [00:00<?, ?it/s]
[1A| train_loss: 6.92e-01 | test_loss: 6.26e-01 | reg: 8.79e+00 | :   0%|      | 0/133 [00:00<?, ?it/s]
[1A| train_loss: 6.92e-01 | test_loss: 6.26e-01 | reg: 8.79e+00 | :   4%| | 5/133 [00:00<00:03, 41.00it
[1A| train_loss: 6.92e-01 | test_loss: 6.26e-01 | reg: 8.79e+00 | :   8%| | 10/133 [00:00<00:03, 40.87i
[1A| train_loss: 6.92e-01 | test_loss: 6.26e-01 | reg: 8.79e+00 | :  11%| | 15/133 [00:00<00:02, 40.69i
[1A| train_loss: 6.92e-01 | test_loss: 6.26e-01 | reg: 8.79e+00 | :  15%|▏| 20/133 [00:00<00:02, 41.17i
[1A| train_loss: 6.92e-01 | test_loss: 6.26e-01 | reg: 8.79e+00 | :  19%|▏| 25/133 [00:00<00:02, 41.48i
[1A| train_loss: 6.93e-01 | test_loss: 6.09e-01 | reg: 8.85e+00 | :  19%|▏| 25/133 [00:00<00:02, 41.48i
[1A| train_loss: 6.93e-01 | test_loss: 6.09e-01 | reg: 8.85e+00 | :  23%|▏| 30/133 [00:00<00:02, 41.26i
[1A| train_loss: 6.93e-01 | test_loss: 6.09e-01 | reg: 8.85e+00 | :  26%|▎| 35/133 [00:00<00:02, 40.63i
[1A| train_loss: 6.93e-01 | test_loss: 6.09e-01 | reg: 8.85e+00 | :  30%|▎| 40/133 [00:00<00:02, 40.85i
[1A| train_loss: 6.93e-01 | test_loss: 6.09e-01 | reg: 8.85e+00 | :  34%|▎| 45/133 [00:01<00:02, 41.11i
[1A| train_loss: 6.93e-01 | test_loss: 6.09e-01 | reg: 8.85e+00 | :  38%|▍| 50/133 [00:01<00:02, 40.88i
[1A| train_loss: 6.92e-01 | test_loss: 6.10e-01 | reg: 8.78e+00 | :  38%|▍| 50/133 [00:01<00:02, 40.88i
[1A| train_loss: 6.92e-01 | test_loss: 6.10e-01 | reg: 8.78e+00 | :  41%|▍| 55/133 [00:01<00:01, 40.55i
[1A| train_loss: 6.92e-01 | test_loss: 6.10e-01 | reg: 8.78e+00 | :  45%|▍| 60/133 [00:01<00:01, 39.89i
[1A| train_loss: 6.92e-01 | test_loss: 6.10e-01 | reg: 8.78e+00 | :  49%|▍| 65/133 [00:01<00:01, 40.34i
[1A| train_loss: 6.92e-01 | test_loss: 6.10e-01 | reg: 8.78e+00 | :  53%|▌| 70/133 [00:01<00:01, 40.88i
[1A| train_loss: 6.92e-01 | test_loss: 6.10e-01 | reg: 8.78e+00 | :  56%|▌| 75/133 [00:01<00:01, 41.30i
[1A| train_loss: 6.92e-01 | test_loss: 6.10e-01 | reg: 8.75e+00 | :  56%|▌| 75/133 [00:01<00:01, 41.30i
[1A| train_loss: 6.92e-01 | test_loss: 6.10e-01 | reg: 8.75e+00 | :  60%|▌| 80/133 [00:01<00:01, 41.17i
[1A| train_loss: 6.92e-01 | test_loss: 6.10e-01 | reg: 8.75e+00 | :  64%|▋| 85/133 [00:02<00:01, 41.33i
[1A| train_loss: 6.92e-01 | test_loss: 6.10e-01 | reg: 8.75e+00 | :  68%|▋| 90/133 [00:02<00:01, 41.20i
[1A| train_loss: 6.92e-01 | test_loss: 6.10e-01 | reg: 8.75e+00 | :  71%|▋| 95/133 [00:02<00:00, 41.26i
[1A| train_loss: 6.92e-01 | test_loss: 6.10e-01 | reg: 8.75e+00 | :  75%|▊| 100/133 [00:02<00:00, 40.94
[1A| train_loss: 6.92e-01 | test_loss: 6.10e-01 | reg: 8.73e+00 | :  75%|▊| 100/133 [00:02<00:00, 40.94
[1A| train_loss: 6.92e-01 | test_loss: 6.10e-01 | reg: 8.73e+00 | :  79%|▊| 105/133 [00:02<00:00, 40.63
[1A| train_loss: 6.92e-01 | test_loss: 6.10e-01 | reg: 8.73e+00 | :  83%|▊| 110/133 [00:02<00:00, 40.61
[1A| train_loss: 6.92e-01 | test_loss: 6.10e-01 | reg: 8.73e+00 | :  86%|▊| 115/133 [00:02<00:00, 40.72
[1A| train_loss: 6.92e-01 | test_loss: 6.10e-01 | reg: 8.73e+00 | :  90%|▉| 120/133 [00:02<00:00, 40.38
[1A| train_loss: 6.92e-01 | test_loss: 6.10e-01 | reg: 8.73e+00 | :  94%|▉| 125/133 [00:03<00:00, 39.92
[1A| train_loss: 6.92e-01 | test_loss: 6.10e-01 | reg: 8.73e+00 | :  98%|▉| 130/133 [00:03<00:00, 40.26
[1A| train_loss: 6.92e-01 | test_loss: 6.10e-01 | reg: 8.70e+00 | :  98%|▉| 130/133 [00:03<00:00, 40.26
[1A| train_loss: 6.92e-01 | test_loss: 6.10e-01 | reg: 8.70e+00 | : 100%|█| 133/133 [00:03<00:00, 40.77
[kan_fit] stage=sparsify done=798/800 chunk_steps=133 chunk_s=3.3 train_loss=0.692257 val_loss=0.609985 reg=8.71236

[1Adescription:   0%|                                                            | 0/2 [00:00<?, ?it/s]
[1A| train_loss: 6.92e-01 | test_loss: 6.32e-01 | reg: 8.69e+00 | :   0%|        | 0/2 [00:00<?, ?it/s]
[1A| train_loss: 7.21e-01 | test_loss: 6.14e-01 | reg: 9.77e+00 | :   0%|        | 0/2 [00:00<?, ?it/s]
[1A| train_loss: 7.21e-01 | test_loss: 6.14e-01 | reg: 9.77e+00 | : 100%|█| 2/2 [00:00<00:00, 39.10it/s
[kan_fit] stage=sparsify done=800/800 chunk_steps=2 chunk_s=0.1 train_loss=0.721415 val_loss=0.613838 reg=9.76831

[1Adescription:   0%|                                                           | 0/50 [00:00<?, ?it/s]
[1A| train_loss: 6.91e-01 | test_loss: 6.22e-01 | reg: 0.00e+00 | :   0%|       | 0/50 [00:00<?, ?it/s]
[1A| train_loss: 6.91e-01 | test_loss: 6.22e-01 | reg: 0.00e+00 | :   2%| | 1/50 [00:00<00:13,  3.73it/
[1A| train_loss: 6.91e-01 | test_loss: 6.22e-01 | reg: 0.00e+00 | :   4%| | 2/50 [00:00<00:13,  3.63it/
[1A| train_loss: 6.91e-01 | test_loss: 6.22e-01 | reg: 0.00e+00 | :   6%| | 3/50 [00:00<00:12,  3.72it/
[1A| train_loss: 6.91e-01 | test_loss: 6.22e-01 | reg: 0.00e+00 | :   8%| | 4/50 [00:01<00:12,  3.74it/
[1A| train_loss: 6.91e-01 | test_loss: 6.22e-01 | reg: 0.00e+00 | :  10%| | 5/50 [00:01<00:12,  3.71it/
[1A| train_loss: 6.91e-01 | test_loss: 6.22e-01 | reg: 0.00e+00 | :  12%| | 6/50 [00:01<00:11,  3.75it/
[1A| train_loss: 6.91e-01 | test_loss: 6.22e-01 | reg: 0.00e+00 | :  14%|▏| 7/50 [00:01<00:11,  3.70it/
[1A| train_loss: 6.91e-01 | test_loss: 6.22e-01 | reg: 0.00e+00 | :  16%|▏| 8/50 [00:02<00:11,  3.68it/
[1A| train_loss: 6.91e-01 | test_loss: 6.22e-01 | reg: 0.00e+00 | :  18%|▏| 9/50 [00:02<00:11,  3.67it/
[1A| train_loss: 6.91e-01 | test_loss: 6.22e-01 | reg: 0.00e+00 | :  20%|▏| 10/50 [00:02<00:10,  3.64it
[1A| train_loss: 6.86e-01 | test_loss: 6.30e-01 | reg: 0.00e+00 | :  20%|▏| 10/50 [00:02<00:10,  3.64it
[1A| train_loss: 6.86e-01 | test_loss: 6.30e-01 | reg: 0.00e+00 | :  22%|▏| 11/50 [00:02<00:10,  3.66it
[1A| train_loss: 6.86e-01 | test_loss: 6.30e-01 | reg: 0.00e+00 | :  24%|▏| 12/50 [00:03<00:10,  3.64it
[1A| train_loss: 6.86e-01 | test_loss: 6.30e-01 | reg: 0.00e+00 | :  26%|▎| 13/50 [00:03<00:10,  3.63it
[1A| train_loss: 6.86e-01 | test_loss: 6.30e-01 | reg: 0.00e+00 | :  28%|▎| 14/50 [00:03<00:09,  3.67it
[1A| train_loss: 6.86e-01 | test_loss: 6.30e-01 | reg: 0.00e+00 | :  30%|▎| 15/50 [00:04<00:09,  3.68it
[1A| train_loss: 6.86e-01 | test_loss: 6.30e-01 | reg: 0.00e+00 | :  32%|▎| 16/50 [00:04<00:09,  3.61it
[1A| train_loss: 6.86e-01 | test_loss: 6.30e-01 | reg: 0.00e+00 | :  34%|▎| 17/50 [00:04<00:09,  3.58it
[1A| train_loss: 6.86e-01 | test_loss: 6.30e-01 | reg: 0.00e+00 | :  36%|▎| 18/50 [00:04<00:08,  3.56it
[1A| train_loss: 6.86e-01 | test_loss: 6.30e-01 | reg: 0.00e+00 | :  38%|▍| 19/50 [00:05<00:08,  3.63it
[1A| train_loss: 6.86e-01 | test_loss: 6.30e-01 | reg: 0.00e+00 | :  40%|▍| 20/50 [00:05<00:08,  3.59it
[1A| train_loss: 6.83e-01 | test_loss: 6.29e-01 | reg: 0.00e+00 | :  40%|▍| 20/50 [00:05<00:08,  3.59it
[1A| train_loss: 6.83e-01 | test_loss: 6.29e-01 | reg: 0.00e+00 | :  42%|▍| 21/50 [00:05<00:08,  3.57it
[1A| train_loss: 6.83e-01 | test_loss: 6.29e-01 | reg: 0.00e+00 | :  44%|▍| 22/50 [00:06<00:07,  3.57it
[1A| train_loss: 6.83e-01 | test_loss: 6.29e-01 | reg: 0.00e+00 | :  46%|▍| 23/50 [00:06<00:07,  3.56it
[1A| train_loss: 6.83e-01 | test_loss: 6.29e-01 | reg: 0.00e+00 | :  48%|▍| 24/50 [00:06<00:07,  3.61it
[1A| train_loss: 6.83e-01 | test_loss: 6.29e-01 | reg: 0.00e+00 | :  50%|▌| 25/50 [00:06<00:06,  3.66it
[1A| train_loss: 6.83e-01 | test_loss: 6.29e-01 | reg: 0.00e+00 | :  52%|▌| 26/50 [00:07<00:06,  3.67it
[1A| train_loss: 6.83e-01 | test_loss: 6.29e-01 | reg: 0.00e+00 | :  54%|▌| 27/50 [00:07<00:06,  3.64it
[1A| train_loss: 6.83e-01 | test_loss: 6.29e-01 | reg: 0.00e+00 | :  56%|▌| 28/50 [00:07<00:06,  3.65it
[1A| train_loss: 6.83e-01 | test_loss: 6.29e-01 | reg: 0.00e+00 | :  58%|▌| 29/50 [00:07<00:05,  3.57it
[1A| train_loss: 6.83e-01 | test_loss: 6.29e-01 | reg: 0.00e+00 | :  60%|▌| 30/50 [00:08<00:05,  3.47it
[1A| train_loss: 6.81e-01 | test_loss: 6.27e-01 | reg: 0.00e+00 | :  60%|▌| 30/50 [00:08<00:05,  3.47it
[1A| train_loss: 6.81e-01 | test_loss: 6.27e-01 | reg: 0.00e+00 | :  62%|▌| 31/50 [00:08<00:05,  3.50it
[1A| train_loss: 6.81e-01 | test_loss: 6.27e-01 | reg: 0.00e+00 | :  64%|▋| 32/50 [00:08<00:05,  3.48it
[1A| train_loss: 6.81e-01 | test_loss: 6.27e-01 | reg: 0.00e+00 | :  66%|▋| 33/50 [00:09<00:04,  3.52it
[1A| train_loss: 6.81e-01 | test_loss: 6.27e-01 | reg: 0.00e+00 | :  68%|▋| 34/50 [00:09<00:04,  3.56it
[1A| train_loss: 6.81e-01 | test_loss: 6.27e-01 | reg: 0.00e+00 | :  70%|▋| 35/50 [00:09<00:04,  3.53it
[1A| train_loss: 6.81e-01 | test_loss: 6.27e-01 | reg: 0.00e+00 | :  72%|▋| 36/50 [00:09<00:03,  3.62it
[1A| train_loss: 6.81e-01 | test_loss: 6.27e-01 | reg: 0.00e+00 | :  74%|▋| 37/50 [00:10<00:03,  3.64it
[1A| train_loss: 6.81e-01 | test_loss: 6.27e-01 | reg: 0.00e+00 | :  76%|▊| 38/50 [00:10<00:03,  3.61it
[1A| train_loss: 6.81e-01 | test_loss: 6.27e-01 | reg: 0.00e+00 | :  78%|▊| 39/50 [00:10<00:03,  3.59it
[1A| train_loss: 6.81e-01 | test_loss: 6.27e-01 | reg: 0.00e+00 | :  80%|▊| 40/50 [00:11<00:02,  3.63it
[1A| train_loss: 6.80e-01 | test_loss: 6.28e-01 | reg: 0.00e+00 | :  80%|▊| 40/50 [00:11<00:02,  3.63it
[1A| train_loss: 6.80e-01 | test_loss: 6.28e-01 | reg: 0.00e+00 | :  82%|▊| 41/50 [00:11<00:02,  3.64it
[1A| train_loss: 6.80e-01 | test_loss: 6.28e-01 | reg: 0.00e+00 | :  84%|▊| 42/50 [00:11<00:02,  3.63it
[1A| train_loss: 6.80e-01 | test_loss: 6.28e-01 | reg: 0.00e+00 | :  86%|▊| 43/50 [00:11<00:01,  3.54it
[1A| train_loss: 6.80e-01 | test_loss: 6.28e-01 | reg: 0.00e+00 | :  88%|▉| 44/50 [00:12<00:01,  3.57it
[1A| train_loss: 6.80e-01 | test_loss: 6.28e-01 | reg: 0.00e+00 | :  90%|▉| 45/50 [00:12<00:01,  3.59it
[1A| train_loss: 6.80e-01 | test_loss: 6.28e-01 | reg: 0.00e+00 | :  92%|▉| 46/50 [00:12<00:01,  3.62it
[1A| train_loss: 6.80e-01 | test_loss: 6.28e-01 | reg: 0.00e+00 | :  94%|▉| 47/50 [00:13<00:00,  3.63it
[1A| train_loss: 6.80e-01 | test_loss: 6.28e-01 | reg: 0.00e+00 | :  96%|▉| 48/50 [00:13<00:00,  3.65it
[1A| train_loss: 6.80e-01 | test_loss: 6.28e-01 | reg: 0.00e+00 | :  98%|▉| 49/50 [00:13<00:00,  3.67it
[1A| train_loss: 6.80e-01 | test_loss: 6.28e-01 | reg: 0.00e+00 | : 100%|█| 50/50 [00:13<00:00,  3.43it
[1A| train_loss: 6.80e-01 | test_loss: 6.28e-01 | reg: 0.00e+00 | : 100%|█| 50/50 [00:13<00:00,  3.60it
[kan_fit] stage=refine done=50/200 chunk_steps=50 chunk_s=13.9 train_loss=0.6792 val_loss=0.627477 reg=0

[1Adescription:   0%|                                                           | 0/50 [00:00<?, ?it/s]
[1A| train_loss: 6.79e-01 | test_loss: 6.28e-01 | reg: 0.00e+00 | :   0%|       | 0/50 [00:00<?, ?it/s]
[1A| train_loss: 6.79e-01 | test_loss: 6.28e-01 | reg: 0.00e+00 | :   2%| | 1/50 [00:00<00:14,  3.39it/
[1A| train_loss: 6.79e-01 | test_loss: 6.28e-01 | reg: 0.00e+00 | :   4%| | 2/50 [00:00<00:13,  3.55it/
[1A| train_loss: 6.79e-01 | test_loss: 6.28e-01 | reg: 0.00e+00 | :   6%| | 3/50 [00:00<00:12,  3.66it/
[1A| train_loss: 6.79e-01 | test_loss: 6.28e-01 | reg: 0.00e+00 | :   8%| | 4/50 [00:01<00:12,  3.67it/
[1A| train_loss: 6.79e-01 | test_loss: 6.28e-01 | reg: 0.00e+00 | :  10%| | 5/50 [00:01<00:12,  3.71it/
[1A| train_loss: 6.79e-01 | test_loss: 6.28e-01 | reg: 0.00e+00 | :  12%| | 6/50 [00:01<00:11,  3.68it/
[1A| train_loss: 6.79e-01 | test_loss: 6.28e-01 | reg: 0.00e+00 | :  14%|▏| 7/50 [00:01<00:11,  3.67it/
[1A| train_loss: 6.79e-01 | test_loss: 6.28e-01 | reg: 0.00e+00 | :  16%|▏| 8/50 [00:02<00:12,  3.49it/
[1A| train_loss: 6.79e-01 | test_loss: 6.28e-01 | reg: 0.00e+00 | :  18%|▏| 9/50 [00:02<00:11,  3.53it/
[1A| train_loss: 6.79e-01 | test_loss: 6.28e-01 | reg: 0.00e+00 | :  20%|▏| 10/50 [00:02<00:11,  3.52it
[1A| train_loss: 6.79e-01 | test_loss: 6.27e-01 | reg: 0.00e+00 | :  20%|▏| 10/50 [00:03<00:11,  3.52it
[1A| train_loss: 6.79e-01 | test_loss: 6.27e-01 | reg: 0.00e+00 | :  22%|▏| 11/50 [00:03<00:11,  3.49it
[1A| train_loss: 6.79e-01 | test_loss: 6.27e-01 | reg: 0.00e+00 | :  24%|▏| 12/50 [00:03<00:10,  3.56it
[1A| train_loss: 6.79e-01 | test_loss: 6.27e-01 | reg: 0.00e+00 | :  26%|▎| 13/50 [00:03<00:10,  3.62it
[1A| train_loss: 6.79e-01 | test_loss: 6.27e-01 | reg: 0.00e+00 | :  28%|▎| 14/50 [00:03<00:09,  3.61it
[1A| train_loss: 6.79e-01 | test_loss: 6.27e-01 | reg: 0.00e+00 | :  30%|▎| 15/50 [00:04<00:09,  3.57it
[1A| train_loss: 6.79e-01 | test_loss: 6.27e-01 | reg: 0.00e+00 | :  32%|▎| 16/50 [00:04<00:09,  3.59it
[1A| train_loss: 6.79e-01 | test_loss: 6.27e-01 | reg: 0.00e+00 | :  34%|▎| 17/50 [00:04<00:09,  3.62it
[1A| train_loss: 6.79e-01 | test_loss: 6.27e-01 | reg: 0.00e+00 | :  36%|▎| 18/50 [00:05<00:08,  3.57it
[1A| train_loss: 6.79e-01 | test_loss: 6.27e-01 | reg: 0.00e+00 | :  38%|▍| 19/50 [00:05<00:08,  3.47it
[1A| train_loss: 6.79e-01 | test_loss: 6.27e-01 | reg: 0.00e+00 | :  40%|▍| 20/50 [00:05<00:09,  3.31it
[1A| train_loss: 6.79e-01 | test_loss: 6.26e-01 | reg: 0.00e+00 | :  40%|▍| 20/50 [00:05<00:09,  3.31it
[1A| train_loss: 6.79e-01 | test_loss: 6.26e-01 | reg: 0.00e+00 | :  42%|▍| 21/50 [00:05<00:08,  3.39it
[1A| train_loss: 6.79e-01 | test_loss: 6.26e-01 | reg: 0.00e+00 | :  44%|▍| 22/50 [00:06<00:08,  3.44it
[1A| train_loss: 6.79e-01 | test_loss: 6.26e-01 | reg: 0.00e+00 | :  46%|▍| 23/50 [00:06<00:07,  3.47it
[1A| train_loss: 6.79e-01 | test_loss: 6.26e-01 | reg: 0.00e+00 | :  48%|▍| 24/50 [00:06<00:07,  3.52it
[1A| train_loss: 6.79e-01 | test_loss: 6.26e-01 | reg: 0.00e+00 | :  50%|▌| 25/50 [00:07<00:07,  3.52it
[1A| train_loss: 6.79e-01 | test_loss: 6.26e-01 | reg: 0.00e+00 | :  52%|▌| 26/50 [00:07<00:06,  3.57it
[1A| train_loss: 6.79e-01 | test_loss: 6.26e-01 | reg: 0.00e+00 | :  54%|▌| 27/50 [00:07<00:06,  3.49it
[1A| train_loss: 6.79e-01 | test_loss: 6.26e-01 | reg: 0.00e+00 | :  56%|▌| 28/50 [00:07<00:06,  3.51it
[1A| train_loss: 6.79e-01 | test_loss: 6.26e-01 | reg: 0.00e+00 | :  58%|▌| 29/50 [00:08<00:05,  3.57it
[1A| train_loss: 6.79e-01 | test_loss: 6.26e-01 | reg: 0.00e+00 | :  60%|▌| 30/50 [00:08<00:05,  3.56it
[1A| train_loss: 6.78e-01 | test_loss: 6.24e-01 | reg: 0.00e+00 | :  60%|▌| 30/50 [00:08<00:05,  3.56it
[1A| train_loss: 6.78e-01 | test_loss: 6.24e-01 | reg: 0.00e+00 | :  62%|▌| 31/50 [00:08<00:05,  3.63it
[1A| train_loss: 6.78e-01 | test_loss: 6.24e-01 | reg: 0.00e+00 | :  64%|▋| 32/50 [00:09<00:04,  3.65it
[1A| train_loss: 6.78e-01 | test_loss: 6.24e-01 | reg: 0.00e+00 | :  66%|▋| 33/50 [00:09<00:04,  3.61it
[1A| train_loss: 6.78e-01 | test_loss: 6.24e-01 | reg: 0.00e+00 | :  68%|▋| 34/50 [00:09<00:04,  3.59it
[1A| train_loss: 6.78e-01 | test_loss: 6.24e-01 | reg: 0.00e+00 | :  70%|▋| 35/50 [00:09<00:04,  3.62it
[1A| train_loss: 6.78e-01 | test_loss: 6.24e-01 | reg: 0.00e+00 | :  72%|▋| 36/50 [00:10<00:03,  3.65it
[1A| train_loss: 6.78e-01 | test_loss: 6.24e-01 | reg: 0.00e+00 | :  74%|▋| 37/50 [00:10<00:03,  3.65it
[1A| train_loss: 6.78e-01 | test_loss: 6.24e-01 | reg: 0.00e+00 | :  76%|▊| 38/50 [00:10<00:03,  3.65it
[1A| train_loss: 6.78e-01 | test_loss: 6.24e-01 | reg: 0.00e+00 | :  78%|▊| 39/50 [00:10<00:03,  3.63it
[1A| train_loss: 6.78e-01 | test_loss: 6.24e-01 | reg: 0.00e+00 | :  80%|▊| 40/50 [00:11<00:02,  3.64it
[1A| train_loss: 6.78e-01 | test_loss: 6.23e-01 | reg: 0.00e+00 | :  80%|▊| 40/50 [00:11<00:02,  3.64it
[1A| train_loss: 6.78e-01 | test_loss: 6.23e-01 | reg: 0.00e+00 | :  82%|▊| 41/50 [00:11<00:02,  3.66it
[1A| train_loss: 6.78e-01 | test_loss: 6.23e-01 | reg: 0.00e+00 | :  84%|▊| 42/50 [00:11<00:02,  3.55it
[1A| train_loss: 6.78e-01 | test_loss: 6.23e-01 | reg: 0.00e+00 | :  86%|▊| 43/50 [00:12<00:01,  3.55it
[1A| train_loss: 6.78e-01 | test_loss: 6.23e-01 | reg: 0.00e+00 | :  88%|▉| 44/50 [00:12<00:01,  3.62it
[1A| train_loss: 6.78e-01 | test_loss: 6.23e-01 | reg: 0.00e+00 | :  90%|▉| 45/50 [00:12<00:01,  3.62it
[1A| train_loss: 6.78e-01 | test_loss: 6.23e-01 | reg: 0.00e+00 | :  92%|▉| 46/50 [00:12<00:01,  3.56it
[1A| train_loss: 6.78e-01 | test_loss: 6.23e-01 | reg: 0.00e+00 | :  94%|▉| 47/50 [00:13<00:00,  3.59it
[1A| train_loss: 6.78e-01 | test_loss: 6.23e-01 | reg: 0.00e+00 | :  96%|▉| 48/50 [00:13<00:00,  3.64it
[1A| train_loss: 6.78e-01 | test_loss: 6.23e-01 | reg: 0.00e+00 | :  98%|▉| 49/50 [00:13<00:00,  3.68it
[1A| train_loss: 6.78e-01 | test_loss: 6.23e-01 | reg: 0.00e+00 | : 100%|█| 50/50 [00:14<00:00,  3.38it
[1A| train_loss: 6.78e-01 | test_loss: 6.23e-01 | reg: 0.00e+00 | : 100%|█| 50/50 [00:14<00:00,  3.56it
[kan_fit] stage=refine done=100/200 chunk_steps=50 chunk_s=14.0 train_loss=0.677867 val_loss=0.624016 reg=0

[1Adescription:   0%|                                                           | 0/50 [00:00<?, ?it/s]
[1A| train_loss: 6.78e-01 | test_loss: 6.24e-01 | reg: 0.00e+00 | :   0%|       | 0/50 [00:00<?, ?it/s]
[1A| train_loss: 6.78e-01 | test_loss: 6.24e-01 | reg: 0.00e+00 | :   2%| | 1/50 [00:00<00:13,  3.75it/
[1A| train_loss: 6.78e-01 | test_loss: 6.24e-01 | reg: 0.00e+00 | :   4%| | 2/50 [00:00<00:12,  3.70it/
[1A| train_loss: 6.78e-01 | test_loss: 6.24e-01 | reg: 0.00e+00 | :   6%| | 3/50 [00:00<00:12,  3.69it/
[1A| train_loss: 6.78e-01 | test_loss: 6.24e-01 | reg: 0.00e+00 | :   8%| | 4/50 [00:01<00:12,  3.73it/
[1A| train_loss: 6.78e-01 | test_loss: 6.24e-01 | reg: 0.00e+00 | :  10%| | 5/50 [00:01<00:12,  3.70it/
[1A| train_loss: 6.78e-01 | test_loss: 6.24e-01 | reg: 0.00e+00 | :  12%| | 6/50 [00:01<00:11,  3.67it/
[1A| train_loss: 6.78e-01 | test_loss: 6.24e-01 | reg: 0.00e+00 | :  14%|▏| 7/50 [00:01<00:11,  3.70it/
[1A| train_loss: 6.78e-01 | test_loss: 6.24e-01 | reg: 0.00e+00 | :  16%|▏| 8/50 [00:02<00:11,  3.73it/
[1A| train_loss: 6.78e-01 | test_loss: 6.24e-01 | reg: 0.00e+00 | :  18%|▏| 9/50 [00:02<00:10,  3.77it/
[1A| train_loss: 6.78e-01 | test_loss: 6.24e-01 | reg: 0.00e+00 | :  20%|▏| 10/50 [00:02<00:10,  3.73it
[1A| train_loss: 6.78e-01 | test_loss: 6.23e-01 | reg: 0.00e+00 | :  20%|▏| 10/50 [00:02<00:10,  3.73it
[1A| train_loss: 6.78e-01 | test_loss: 6.23e-01 | reg: 0.00e+00 | :  22%|▏| 11/50 [00:02<00:10,  3.76it
[1A| train_loss: 6.78e-01 | test_loss: 6.23e-01 | reg: 0.00e+00 | :  24%|▏| 12/50 [00:03<00:10,  3.79it
[1A| train_loss: 6.78e-01 | test_loss: 6.23e-01 | reg: 0.00e+00 | :  26%|▎| 13/50 [00:03<00:09,  3.73it
[1A| train_loss: 6.78e-01 | test_loss: 6.23e-01 | reg: 0.00e+00 | :  28%|▎| 14/50 [00:03<00:09,  3.71it
[1A| train_loss: 6.78e-01 | test_loss: 6.23e-01 | reg: 0.00e+00 | :  30%|▎| 15/50 [00:04<00:09,  3.70it
[1A| train_loss: 6.78e-01 | test_loss: 6.23e-01 | reg: 0.00e+00 | :  32%|▎| 16/50 [00:04<00:09,  3.69it
[1A| train_loss: 6.78e-01 | test_loss: 6.23e-01 | reg: 0.00e+00 | :  34%|▎| 17/50 [00:04<00:08,  3.68it
[1A| train_loss: 6.78e-01 | test_loss: 6.23e-01 | reg: 0.00e+00 | :  36%|▎| 18/50 [00:04<00:08,  3.69it
[1A| train_loss: 6.78e-01 | test_loss: 6.23e-01 | reg: 0.00e+00 | :  38%|▍| 19/50 [00:05<00:08,  3.65it
[1A| train_loss: 6.78e-01 | test_loss: 6.23e-01 | reg: 0.00e+00 | :  40%|▍| 20/50 [00:05<00:08,  3.71it
[1A| train_loss: 6.78e-01 | test_loss: 6.24e-01 | reg: 0.00e+00 | :  40%|▍| 20/50 [00:05<00:08,  3.71it
[1A| train_loss: 6.78e-01 | test_loss: 6.24e-01 | reg: 0.00e+00 | :  42%|▍| 21/50 [00:05<00:07,  3.71it
[1A| train_loss: 6.78e-01 | test_loss: 6.24e-01 | reg: 0.00e+00 | :  44%|▍| 22/50 [00:05<00:07,  3.75it
[1A| train_loss: 6.78e-01 | test_loss: 6.24e-01 | reg: 0.00e+00 | :  46%|▍| 23/50 [00:06<00:07,  3.71it
[1A| train_loss: 6.78e-01 | test_loss: 6.24e-01 | reg: 0.00e+00 | :  48%|▍| 24/50 [00:06<00:07,  3.71it
[1A| train_loss: 6.78e-01 | test_loss: 6.24e-01 | reg: 0.00e+00 | :  50%|▌| 25/50 [00:06<00:06,  3.70it
[1A| train_loss: 6.78e-01 | test_loss: 6.24e-01 | reg: 0.00e+00 | :  52%|▌| 26/50 [00:07<00:06,  3.69it
[1A| train_loss: 6.78e-01 | test_loss: 6.24e-01 | reg: 0.00e+00 | :  54%|▌| 27/50 [00:07<00:06,  3.73it
[1A| train_loss: 6.78e-01 | test_loss: 6.24e-01 | reg: 0.00e+00 | :  56%|▌| 28/50 [00:07<00:05,  3.68it
[1A| train_loss: 6.78e-01 | test_loss: 6.24e-01 | reg: 0.00e+00 | :  58%|▌| 29/50 [00:07<00:05,  3.69it
[1A| train_loss: 6.78e-01 | test_loss: 6.24e-01 | reg: 0.00e+00 | :  60%|▌| 30/50 [00:08<00:05,  3.66it
[1A| train_loss: 6.77e-01 | test_loss: 6.23e-01 | reg: 0.00e+00 | :  60%|▌| 30/50 [00:08<00:05,  3.66it
[1A| train_loss: 6.77e-01 | test_loss: 6.23e-01 | reg: 0.00e+00 | :  62%|▌| 31/50 [00:08<00:05,  3.69it
[1A| train_loss: 6.77e-01 | test_loss: 6.23e-01 | reg: 0.00e+00 | :  64%|▋| 32/50 [00:08<00:04,  3.69it
[1A| train_loss: 6.77e-01 | test_loss: 6.23e-01 | reg: 0.00e+00 | :  66%|▋| 33/50 [00:08<00:04,  3.71it
[1A| train_loss: 6.77e-01 | test_loss: 6.23e-01 | reg: 0.00e+00 | :  68%|▋| 34/50 [00:09<00:04,  3.73it
[1A| train_loss: 6.77e-01 | test_loss: 6.23e-01 | reg: 0.00e+00 | :  70%|▋| 35/50 [00:09<00:04,  3.70it
[1A| train_loss: 6.77e-01 | test_loss: 6.23e-01 | reg: 0.00e+00 | :  72%|▋| 36/50 [00:09<00:03,  3.63it
[1A| train_loss: 6.77e-01 | test_loss: 6.23e-01 | reg: 0.00e+00 | :  74%|▋| 37/50 [00:09<00:03,  3.67it
[1A| train_loss: 6.77e-01 | test_loss: 6.23e-01 | reg: 0.00e+00 | :  76%|▊| 38/50 [00:10<00:03,  3.61it
[1A| train_loss: 6.77e-01 | test_loss: 6.23e-01 | reg: 0.00e+00 | :  78%|▊| 39/50 [00:10<00:03,  3.51it
[1A| train_loss: 6.77e-01 | test_loss: 6.23e-01 | reg: 0.00e+00 | :  80%|▊| 40/50 [00:10<00:02,  3.50it
[1A| train_loss: 6.76e-01 | test_loss: 6.22e-01 | reg: 0.00e+00 | :  80%|▊| 40/50 [00:11<00:02,  3.50it
[1A| train_loss: 6.76e-01 | test_loss: 6.22e-01 | reg: 0.00e+00 | :  82%|▊| 41/50 [00:11<00:02,  3.45it
[1A| train_loss: 6.76e-01 | test_loss: 6.22e-01 | reg: 0.00e+00 | :  84%|▊| 42/50 [00:11<00:02,  3.53it
[1A| train_loss: 6.76e-01 | test_loss: 6.22e-01 | reg: 0.00e+00 | :  86%|▊| 43/50 [00:11<00:01,  3.56it
[1A| train_loss: 6.76e-01 | test_loss: 6.22e-01 | reg: 0.00e+00 | :  88%|▉| 44/50 [00:11<00:01,  3.61it
[1A| train_loss: 6.76e-01 | test_loss: 6.22e-01 | reg: 0.00e+00 | :  90%|▉| 45/50 [00:12<00:01,  3.68it
[1A| train_loss: 6.76e-01 | test_loss: 6.22e-01 | reg: 0.00e+00 | :  92%|▉| 46/50 [00:12<00:01,  3.73it
[1A| train_loss: 6.76e-01 | test_loss: 6.22e-01 | reg: 0.00e+00 | :  94%|▉| 47/50 [00:12<00:00,  3.77it
[1A| train_loss: 6.76e-01 | test_loss: 6.22e-01 | reg: 0.00e+00 | :  96%|▉| 48/50 [00:13<00:00,  3.70it
[1A| train_loss: 6.76e-01 | test_loss: 6.22e-01 | reg: 0.00e+00 | :  98%|▉| 49/50 [00:13<00:00,  3.63it
[1A| train_loss: 6.76e-01 | test_loss: 6.22e-01 | reg: 0.00e+00 | : 100%|█| 50/50 [00:13<00:00,  3.35it
[1A| train_loss: 6.76e-01 | test_loss: 6.22e-01 | reg: 0.00e+00 | : 100%|█| 50/50 [00:13<00:00,  3.65it
[kan_fit] stage=refine done=150/200 chunk_steps=50 chunk_s=13.7 train_loss=0.675432 val_loss=0.621842 reg=0

[1Adescription:   0%|                                                           | 0/50 [00:00<?, ?it/s]
[1A| train_loss: 6.75e-01 | test_loss: 6.22e-01 | reg: 0.00e+00 | :   0%|       | 0/50 [00:00<?, ?it/s]
[1A| train_loss: 6.75e-01 | test_loss: 6.22e-01 | reg: 0.00e+00 | :   2%| | 1/50 [00:00<00:13,  3.51it/
[1A| train_loss: 6.75e-01 | test_loss: 6.22e-01 | reg: 0.00e+00 | :   4%| | 2/50 [00:00<00:12,  3.70it/
[1A| train_loss: 6.75e-01 | test_loss: 6.22e-01 | reg: 0.00e+00 | :   6%| | 3/50 [00:00<00:12,  3.70it/
[1A| train_loss: 6.75e-01 | test_loss: 6.22e-01 | reg: 0.00e+00 | :   8%| | 4/50 [00:01<00:12,  3.76it/
[1A| train_loss: 6.75e-01 | test_loss: 6.22e-01 | reg: 0.00e+00 | :  10%| | 5/50 [00:01<00:12,  3.73it/
[1A| train_loss: 6.75e-01 | test_loss: 6.22e-01 | reg: 0.00e+00 | :  12%| | 6/50 [00:01<00:12,  3.66it/
[1A| train_loss: 6.75e-01 | test_loss: 6.22e-01 | reg: 0.00e+00 | :  14%|▏| 7/50 [00:01<00:11,  3.61it/
[1A| train_loss: 6.75e-01 | test_loss: 6.22e-01 | reg: 0.00e+00 | :  16%|▏| 8/50 [00:02<00:11,  3.67it/
[1A| train_loss: 6.75e-01 | test_loss: 6.22e-01 | reg: 0.00e+00 | :  18%|▏| 9/50 [00:02<00:11,  3.65it/
[1A| train_loss: 6.75e-01 | test_loss: 6.22e-01 | reg: 0.00e+00 | :  20%|▏| 10/50 [00:02<00:10,  3.69it
[1A| train_loss: 6.75e-01 | test_loss: 6.23e-01 | reg: 0.00e+00 | :  20%|▏| 10/50 [00:02<00:10,  3.69it
[1A| train_loss: 6.75e-01 | test_loss: 6.23e-01 | reg: 0.00e+00 | :  22%|▏| 11/50 [00:02<00:10,  3.70it
[1A| train_loss: 6.75e-01 | test_loss: 6.23e-01 | reg: 0.00e+00 | :  24%|▏| 12/50 [00:03<00:10,  3.62it
[1A| train_loss: 6.75e-01 | test_loss: 6.23e-01 | reg: 0.00e+00 | :  26%|▎| 13/50 [00:03<00:10,  3.68it
[1A| train_loss: 6.75e-01 | test_loss: 6.23e-01 | reg: 0.00e+00 | :  28%|▎| 14/50 [00:03<00:09,  3.62it
[1A| train_loss: 6.75e-01 | test_loss: 6.23e-01 | reg: 0.00e+00 | :  30%|▎| 15/50 [00:04<00:09,  3.65it
[1A| train_loss: 6.75e-01 | test_loss: 6.23e-01 | reg: 0.00e+00 | :  32%|▎| 16/50 [00:04<00:09,  3.64it
[1A| train_loss: 6.75e-01 | test_loss: 6.23e-01 | reg: 0.00e+00 | :  34%|▎| 17/50 [00:04<00:08,  3.70it
[1A| train_loss: 6.75e-01 | test_loss: 6.23e-01 | reg: 0.00e+00 | :  36%|▎| 18/50 [00:04<00:08,  3.72it
[1A| train_loss: 6.75e-01 | test_loss: 6.23e-01 | reg: 0.00e+00 | :  38%|▍| 19/50 [00:05<00:08,  3.73it
[1A| train_loss: 6.75e-01 | test_loss: 6.23e-01 | reg: 0.00e+00 | :  40%|▍| 20/50 [00:05<00:08,  3.73it
[1A| train_loss: 6.74e-01 | test_loss: 6.23e-01 | reg: 0.00e+00 | :  40%|▍| 20/50 [00:05<00:08,  3.73it
[1A| train_loss: 6.74e-01 | test_loss: 6.23e-01 | reg: 0.00e+00 | :  42%|▍| 21/50 [00:05<00:07,  3.69it
[1A| train_loss: 6.74e-01 | test_loss: 6.23e-01 | reg: 0.00e+00 | :  44%|▍| 22/50 [00:05<00:07,  3.69it
[1A| train_loss: 6.74e-01 | test_loss: 6.23e-01 | reg: 0.00e+00 | :  46%|▍| 23/50 [00:06<00:07,  3.72it
[1A| train_loss: 6.74e-01 | test_loss: 6.23e-01 | reg: 0.00e+00 | :  48%|▍| 24/50 [00:06<00:07,  3.61it
[1A| train_loss: 6.74e-01 | test_loss: 6.23e-01 | reg: 0.00e+00 | :  50%|▌| 25/50 [00:06<00:06,  3.67it
[1A| train_loss: 6.74e-01 | test_loss: 6.23e-01 | reg: 0.00e+00 | :  52%|▌| 26/50 [00:07<00:06,  3.68it
[1A| train_loss: 6.74e-01 | test_loss: 6.23e-01 | reg: 0.00e+00 | :  54%|▌| 27/50 [00:07<00:06,  3.69it
[1A| train_loss: 6.74e-01 | test_loss: 6.23e-01 | reg: 0.00e+00 | :  56%|▌| 28/50 [00:07<00:05,  3.72it
[1A| train_loss: 6.74e-01 | test_loss: 6.23e-01 | reg: 0.00e+00 | :  58%|▌| 29/50 [00:07<00:05,  3.67it
[1A| train_loss: 6.74e-01 | test_loss: 6.23e-01 | reg: 0.00e+00 | :  60%|▌| 30/50 [00:08<00:05,  3.71it
[1A| train_loss: 6.74e-01 | test_loss: 6.25e-01 | reg: 0.00e+00 | :  60%|▌| 30/50 [00:08<00:05,  3.71it
[1A| train_loss: 6.74e-01 | test_loss: 6.25e-01 | reg: 0.00e+00 | :  62%|▌| 31/50 [00:08<00:05,  3.71it
[1A| train_loss: 6.74e-01 | test_loss: 6.25e-01 | reg: 0.00e+00 | :  64%|▋| 32/50 [00:08<00:04,  3.75it
[1A| train_loss: 6.74e-01 | test_loss: 6.25e-01 | reg: 0.00e+00 | :  66%|▋| 33/50 [00:08<00:04,  3.64it
[1A| train_loss: 6.74e-01 | test_loss: 6.25e-01 | reg: 0.00e+00 | :  68%|▋| 34/50 [00:09<00:04,  3.57it
[1A| train_loss: 6.74e-01 | test_loss: 6.25e-01 | reg: 0.00e+00 | :  70%|▋| 35/50 [00:09<00:04,  3.65it
[1A| train_loss: 6.74e-01 | test_loss: 6.25e-01 | reg: 0.00e+00 | :  72%|▋| 36/50 [00:09<00:03,  3.71it
[1A| train_loss: 6.74e-01 | test_loss: 6.25e-01 | reg: 0.00e+00 | :  74%|▋| 37/50 [00:10<00:03,  3.70it
[1A| train_loss: 6.74e-01 | test_loss: 6.25e-01 | reg: 0.00e+00 | :  76%|▊| 38/50 [00:10<00:03,  3.70it
[1A| train_loss: 6.74e-01 | test_loss: 6.25e-01 | reg: 0.00e+00 | :  78%|▊| 39/50 [00:10<00:02,  3.73it
[1A| train_loss: 6.74e-01 | test_loss: 6.25e-01 | reg: 0.00e+00 | :  80%|▊| 40/50 [00:10<00:02,  3.71it
[1A| train_loss: 6.73e-01 | test_loss: 6.29e-01 | reg: 0.00e+00 | :  80%|▊| 40/50 [00:11<00:02,  3.71it
[1A| train_loss: 6.73e-01 | test_loss: 6.29e-01 | reg: 0.00e+00 | :  82%|▊| 41/50 [00:11<00:02,  3.70it
[1A| train_loss: 6.73e-01 | test_loss: 6.29e-01 | reg: 0.00e+00 | :  84%|▊| 42/50 [00:11<00:02,  3.71it
[1A| train_loss: 6.73e-01 | test_loss: 6.29e-01 | reg: 0.00e+00 | :  86%|▊| 43/50 [00:11<00:01,  3.75it
[1A| train_loss: 6.73e-01 | test_loss: 6.29e-01 | reg: 0.00e+00 | :  88%|▉| 44/50 [00:11<00:01,  3.73it
[1A| train_loss: 6.73e-01 | test_loss: 6.29e-01 | reg: 0.00e+00 | :  90%|▉| 45/50 [00:12<00:01,  3.65it
[1A| train_loss: 6.73e-01 | test_loss: 6.29e-01 | reg: 0.00e+00 | :  92%|▉| 46/50 [00:12<00:01,  3.61it
[1A| train_loss: 6.73e-01 | test_loss: 6.29e-01 | reg: 0.00e+00 | :  94%|▉| 47/50 [00:12<00:00,  3.64it
[1A| train_loss: 6.73e-01 | test_loss: 6.29e-01 | reg: 0.00e+00 | :  96%|▉| 48/50 [00:13<00:00,  3.64it
[1A| train_loss: 6.73e-01 | test_loss: 6.29e-01 | reg: 0.00e+00 | :  98%|▉| 49/50 [00:13<00:00,  3.58it
[1A| train_loss: 6.73e-01 | test_loss: 6.29e-01 | reg: 0.00e+00 | : 100%|█| 50/50 [00:13<00:00,  3.43it
[1A| train_loss: 6.73e-01 | test_loss: 6.29e-01 | reg: 0.00e+00 | : 100%|█| 50/50 [00:13<00:00,  3.66it
[kan_fit] stage=refine done=200/200 chunk_steps=50 chunk_s=13.7 train_loss=0.672477 val_loss=0.633521 reg=0
{
  "run_id": "paperref_20260306_fullflow__s3_comp_wind_delta_wind_h6",
  "status": "completed",
  "data_run_id": "paperref_20260306_fullflow__derived_h1_6_72_144_576",
  "data_timestamp": "2026-03-06_042421",
  "eval_unpruned": {
    "rmse": 769.2451748728971,
    "mae": 573.7581600179312,
    "r2": 0.29047557742145835
  },
  "eval_pruned": {
    "rmse": 762.4398652347136,
    "mae": 572.5198003122435,
    "r2": 0.30297399838365
  },
  "sparsity": {
    "total_edges": 36,
    "pruned_edges": 12,
    "pruned_ratio": 0.3333333333333333
  },
  "checkpoint": "/vol/runs/paperref_20260306_fullflow__s3_comp_wind_delta_wind_h6/checkpoint/model.pt"
}
Stopping app - local entrypoint completed.
✓ App completed. View run at 
https://modal.com/apps/hfvcn/main/ap-xLJyHD7WXjvh3CDEUHxWYM
