✓ Initialized. View run at 
https://modal.com/apps/hfvcn/main/ap-7oV2b8AMKpHZuoQ7xERTSf
✓ Created objects.
├── 🔨 Created mount 
│   /Users/vfch/Documents/project/graduation-design/modal_jobs/baseline_torch.py
├── 🔨 Created mount /Users/vfch/Documents/project/graduation-design/src
├── 🔨 Created function run_baseline_gpu.
└── 🔨 Created function run_baseline.
2026-03-06 04:30:38,578 [INFO] src.data.split: Loading latest timestamp: 2026-03-06_042421
2026-03-06 04:30:39,277 [INFO] src.data.split: Loaded train: /vol/runs/paperref_20260306_fullflow__derived_h1_6_72_144_576/processed/train_2026-03-06_042421.parquet (72960 rows)
2026-03-06 04:30:39,410 [INFO] src.data.split: Loaded val: /vol/runs/paperref_20260306_fullflow__derived_h1_6_72_144_576/processed/val_2026-03-06_042421.parquet (15096 rows)
2026-03-06 04:30:39,530 [INFO] src.data.split: Loaded test: /vol/runs/paperref_20260306_fullflow__derived_h1_6_72_144_576/processed/test_2026-03-06_042421.parquet (15096 rows)
2026-03-06 04:30:39,845 [INFO] baseline_torch: Downsampled train_df to first 50000 rows for baseline speed
2026-03-06 04:30:40,139 [INFO] baseline_torch: Matching baseline params to KAN checkpoint param count: 1606
[torch_train] device=cuda epoch=1/13 train_loss=0.811751 val_rmse=1970.72 val_r2=0.26531
[torch_train] device=cuda epoch=13/13 train_loss=0.22962 val_rmse=1531.09 val_r2=0.556537
{
  "run_id": "paperref_20260306_fullflow__baseline_mlp_match_main",
  "status": "completed",
  "model_type": "mlp",
  "artifacts_dir": "/vol/runs/paperref_20260306_fullflow__baseline_mlp_match_main/artifacts"
}
Stopping app - local entrypoint completed.
✓ App completed. View run at 
https://modal.com/apps/hfvcn/main/ap-7oV2b8AMKpHZuoQ7xERTSf
