✓ Initialized. View run at 
https://modal.com/apps/hfvcn/main/ap-14Kcs69GqY3zAKtqBXvpPE
✓ Created objects.
├── 🔨 Created mount 
│   /Users/vfch/Documents/project/graduation-design/modal_jobs/kan_train.py
├── 🔨 Created mount /Users/vfch/Documents/project/graduation-design/src
├── 🔨 Created function train_kan_cpu.
└── 🔨 Created function train_kan_gpu.
2026-03-06 04:26:31,909 [INFO] src.data.split: Loading latest timestamp: 2026-03-06_042421
2026-03-06 04:26:32,718 [INFO] src.data.split: Loaded train: /vol/runs/paperref_20260306_fullflow__derived_h1_6_72_144_576/processed/train_2026-03-06_042421.parquet (72960 rows)
2026-03-06 04:26:33,079 [INFO] src.data.split: Loaded val: /vol/runs/paperref_20260306_fullflow__derived_h1_6_72_144_576/processed/val_2026-03-06_042421.parquet (15096 rows)
2026-03-06 04:26:33,293 [INFO] src.data.split: Loaded test: /vol/runs/paperref_20260306_fullflow__derived_h1_6_72_144_576/processed/test_2026-03-06_042421.parquet (15096 rows)
2026-03-06 04:26:33,338 [INFO] kan_train: Downsampled train_df to first 50000 rows for iteration
2026-03-06 04:26:33,460 [INFO] src.kan_sr.dataset: Target scaled for training: mean=-3.7692, std=2613.7390

[1Adescription:   0%|                                                           | 0/50 [00:00<?, ?it/s]
[1A| train_loss: 1.00e+00 | test_loss: 8.71e-01 | reg: 0.00e+00 | :   0%|       | 0/50 [00:02<?, ?it/s]
[1A| train_loss: 1.00e+00 | test_loss: 8.71e-01 | reg: 0.00e+00 | :   2%| | 1/50 [00:02<02:22,  2.90s/i
[1A| train_loss: 1.00e+00 | test_loss: 8.71e-01 | reg: 0.00e+00 | :   8%| | 4/50 [00:03<00:26,  1.72it/
[1A| train_loss: 1.00e+00 | test_loss: 8.71e-01 | reg: 0.00e+00 | :  14%|▏| 7/50 [00:03<00:12,  3.45it/
[1A| train_loss: 1.00e+00 | test_loss: 8.71e-01 | reg: 0.00e+00 | :  20%|▏| 10/50 [00:03<00:07,  5.53it
[1A| train_loss: 9.09e-01 | test_loss: 8.17e-01 | reg: 0.00e+00 | :  20%|▏| 10/50 [00:03<00:07,  5.53it
[1A| train_loss: 9.09e-01 | test_loss: 8.17e-01 | reg: 0.00e+00 | :  26%|▎| 13/50 [00:03<00:04,  7.93it
[1A| train_loss: 9.09e-01 | test_loss: 8.17e-01 | reg: 0.00e+00 | :  32%|▎| 16/50 [00:03<00:03, 10.50it
[1A| train_loss: 9.09e-01 | test_loss: 8.17e-01 | reg: 0.00e+00 | :  38%|▍| 19/50 [00:03<00:02, 13.15it
[1A| train_loss: 7.87e-01 | test_loss: 7.59e-01 | reg: 0.00e+00 | :  38%|▍| 19/50 [00:03<00:02, 13.15it
[1A| train_loss: 7.87e-01 | test_loss: 7.59e-01 | reg: 0.00e+00 | :  44%|▍| 22/50 [00:03<00:01, 15.61it
[1A| train_loss: 7.87e-01 | test_loss: 7.59e-01 | reg: 0.00e+00 | :  50%|▌| 25/50 [00:03<00:01, 17.85it
[1A| train_loss: 7.87e-01 | test_loss: 7.59e-01 | reg: 0.00e+00 | :  56%|▌| 28/50 [00:03<00:01, 19.66it
[1A| train_loss: 7.22e-01 | test_loss: 7.30e-01 | reg: 0.00e+00 | :  56%|▌| 28/50 [00:04<00:01, 19.66it
[1A| train_loss: 7.22e-01 | test_loss: 7.30e-01 | reg: 0.00e+00 | :  62%|▌| 31/50 [00:04<00:00, 21.24it
[1A| train_loss: 7.22e-01 | test_loss: 7.30e-01 | reg: 0.00e+00 | :  68%|▋| 34/50 [00:04<00:00, 22.42it
[1A| train_loss: 7.22e-01 | test_loss: 7.30e-01 | reg: 0.00e+00 | :  74%|▋| 37/50 [00:04<00:00, 23.24it
[1A| train_loss: 7.22e-01 | test_loss: 7.30e-01 | reg: 0.00e+00 | :  80%|▊| 40/50 [00:04<00:00, 23.98it
[1A| train_loss: 6.60e-01 | test_loss: 6.89e-01 | reg: 0.00e+00 | :  80%|▊| 40/50 [00:04<00:00, 23.98it
[1A| train_loss: 6.60e-01 | test_loss: 6.89e-01 | reg: 0.00e+00 | :  86%|▊| 43/50 [00:04<00:00, 24.39it
[1A| train_loss: 6.60e-01 | test_loss: 6.89e-01 | reg: 0.00e+00 | :  92%|▉| 46/50 [00:04<00:00, 24.72it
[1A| train_loss: 6.60e-01 | test_loss: 6.89e-01 | reg: 0.00e+00 | :  98%|▉| 49/50 [00:04<00:00, 24.91it
[1A| train_loss: 6.60e-01 | test_loss: 6.89e-01 | reg: 0.00e+00 | : 100%|█| 50/50 [00:04<00:00, 10.40it
[kan_fit] stage=warmup done=50/200 chunk_steps=50 chunk_s=4.9 train_loss=0.595896 val_loss=0.640314 reg=0

[1Adescription:   0%|                                                           | 0/50 [00:00<?, ?it/s]
[1A| train_loss: 5.90e-01 | test_loss: 6.56e-01 | reg: 0.00e+00 | :   0%|       | 0/50 [00:00<?, ?it/s]
[1A| train_loss: 5.90e-01 | test_loss: 6.56e-01 | reg: 0.00e+00 | :   6%| | 3/50 [00:00<00:01, 24.22it/
[1A| train_loss: 5.90e-01 | test_loss: 6.56e-01 | reg: 0.00e+00 | :  12%| | 6/50 [00:00<00:01, 24.97it/
[1A| train_loss: 5.90e-01 | test_loss: 6.56e-01 | reg: 0.00e+00 | :  18%|▏| 9/50 [00:00<00:01, 25.63it/
[1A| train_loss: 5.68e-01 | test_loss: 6.27e-01 | reg: 0.00e+00 | :  18%|▏| 9/50 [00:00<00:01, 25.63it/
[1A| train_loss: 5.68e-01 | test_loss: 6.27e-01 | reg: 0.00e+00 | :  24%|▏| 12/50 [00:00<00:01, 25.59it
[1A| train_loss: 5.68e-01 | test_loss: 6.27e-01 | reg: 0.00e+00 | :  30%|▎| 15/50 [00:00<00:01, 25.66it
[1A| train_loss: 5.68e-01 | test_loss: 6.27e-01 | reg: 0.00e+00 | :  36%|▎| 18/50 [00:00<00:01, 25.89it
[1A| train_loss: 5.39e-01 | test_loss: 5.99e-01 | reg: 0.00e+00 | :  36%|▎| 18/50 [00:00<00:01, 25.89it
[1A| train_loss: 5.39e-01 | test_loss: 5.99e-01 | reg: 0.00e+00 | :  42%|▍| 21/50 [00:00<00:01, 25.99it
[1A| train_loss: 5.39e-01 | test_loss: 5.99e-01 | reg: 0.00e+00 | :  48%|▍| 24/50 [00:00<00:01, 25.94it
[1A| train_loss: 5.39e-01 | test_loss: 5.99e-01 | reg: 0.00e+00 | :  54%|▌| 27/50 [00:01<00:00, 25.93it
[1A| train_loss: 5.39e-01 | test_loss: 5.99e-01 | reg: 0.00e+00 | :  60%|▌| 30/50 [00:01<00:00, 25.94it
[1A| train_loss: 5.19e-01 | test_loss: 5.85e-01 | reg: 0.00e+00 | :  60%|▌| 30/50 [00:01<00:00, 25.94it
[1A| train_loss: 5.19e-01 | test_loss: 5.85e-01 | reg: 0.00e+00 | :  66%|▋| 33/50 [00:01<00:00, 25.90it
[1A| train_loss: 5.19e-01 | test_loss: 5.85e-01 | reg: 0.00e+00 | :  72%|▋| 36/50 [00:01<00:00, 26.02it
[1A| train_loss: 5.19e-01 | test_loss: 5.85e-01 | reg: 0.00e+00 | :  78%|▊| 39/50 [00:01<00:00, 25.78it
[1A| train_loss: 5.06e-01 | test_loss: 5.80e-01 | reg: 0.00e+00 | :  78%|▊| 39/50 [00:01<00:00, 25.78it
[1A| train_loss: 5.06e-01 | test_loss: 5.80e-01 | reg: 0.00e+00 | :  84%|▊| 42/50 [00:01<00:00, 25.58it
[1A| train_loss: 5.06e-01 | test_loss: 5.80e-01 | reg: 0.00e+00 | :  90%|▉| 45/50 [00:01<00:00, 25.50it
[1A| train_loss: 5.06e-01 | test_loss: 5.80e-01 | reg: 0.00e+00 | :  96%|▉| 48/50 [00:01<00:00, 25.78it
[1A| train_loss: 5.06e-01 | test_loss: 5.80e-01 | reg: 0.00e+00 | : 100%|█| 50/50 [00:01<00:00, 25.72it
[kan_fit] stage=warmup done=100/200 chunk_steps=50 chunk_s=1.9 train_loss=0.496155 val_loss=0.581701 reg=0

[1Adescription:   0%|                                                           | 0/50 [00:00<?, ?it/s]
[1A| train_loss: 4.95e-01 | test_loss: 6.08e-01 | reg: 0.00e+00 | :   0%|       | 0/50 [00:00<?, ?it/s]
[1A| train_loss: 4.95e-01 | test_loss: 6.08e-01 | reg: 0.00e+00 | :   6%| | 3/50 [00:00<00:01, 25.44it/
[1A| train_loss: 4.95e-01 | test_loss: 6.08e-01 | reg: 0.00e+00 | :  12%| | 6/50 [00:00<00:01, 25.31it/
[1A| train_loss: 4.95e-01 | test_loss: 6.08e-01 | reg: 0.00e+00 | :  18%|▏| 9/50 [00:00<00:01, 25.82it/
[1A| train_loss: 5.04e-01 | test_loss: 5.80e-01 | reg: 0.00e+00 | :  18%|▏| 9/50 [00:00<00:01, 25.82it/
[1A| train_loss: 5.04e-01 | test_loss: 5.80e-01 | reg: 0.00e+00 | :  24%|▏| 12/50 [00:00<00:01, 25.30it
[1A| train_loss: 5.04e-01 | test_loss: 5.80e-01 | reg: 0.00e+00 | :  30%|▎| 15/50 [00:00<00:01, 25.63it
[1A| train_loss: 5.04e-01 | test_loss: 5.80e-01 | reg: 0.00e+00 | :  36%|▎| 18/50 [00:00<00:01, 25.90it
[1A| train_loss: 4.97e-01 | test_loss: 5.76e-01 | reg: 0.00e+00 | :  36%|▎| 18/50 [00:00<00:01, 25.90it
[1A| train_loss: 4.97e-01 | test_loss: 5.76e-01 | reg: 0.00e+00 | :  42%|▍| 21/50 [00:00<00:01, 25.88it
[1A| train_loss: 4.97e-01 | test_loss: 5.76e-01 | reg: 0.00e+00 | :  48%|▍| 24/50 [00:00<00:01, 25.57it
[1A| train_loss: 4.97e-01 | test_loss: 5.76e-01 | reg: 0.00e+00 | :  54%|▌| 27/50 [00:01<00:00, 25.76it
[1A| train_loss: 4.97e-01 | test_loss: 5.76e-01 | reg: 0.00e+00 | :  60%|▌| 30/50 [00:01<00:00, 25.85it
[1A| train_loss: 4.88e-01 | test_loss: 5.79e-01 | reg: 0.00e+00 | :  60%|▌| 30/50 [00:01<00:00, 25.85it
[1A| train_loss: 4.88e-01 | test_loss: 5.79e-01 | reg: 0.00e+00 | :  66%|▋| 33/50 [00:01<00:00, 25.86it
[1A| train_loss: 4.88e-01 | test_loss: 5.79e-01 | reg: 0.00e+00 | :  72%|▋| 36/50 [00:01<00:00, 25.80it
[1A| train_loss: 4.88e-01 | test_loss: 5.79e-01 | reg: 0.00e+00 | :  78%|▊| 39/50 [00:01<00:00, 25.90it
[1A| train_loss: 4.82e-01 | test_loss: 5.88e-01 | reg: 0.00e+00 | :  78%|▊| 39/50 [00:01<00:00, 25.90it
[1A| train_loss: 4.82e-01 | test_loss: 5.88e-01 | reg: 0.00e+00 | :  84%|▊| 42/50 [00:01<00:00, 25.64it
[1A| train_loss: 4.82e-01 | test_loss: 5.88e-01 | reg: 0.00e+00 | :  90%|▉| 45/50 [00:01<00:00, 25.86it
[1A| train_loss: 4.82e-01 | test_loss: 5.88e-01 | reg: 0.00e+00 | :  96%|▉| 48/50 [00:01<00:00, 25.96it
[1A| train_loss: 4.82e-01 | test_loss: 5.88e-01 | reg: 0.00e+00 | : 100%|█| 50/50 [00:01<00:00, 25.78it
[kan_fit] stage=warmup done=150/200 chunk_steps=50 chunk_s=1.9 train_loss=0.477037 val_loss=0.59748 reg=0

[1Adescription:   0%|                                                           | 0/50 [00:00<?, ?it/s]
[1A| train_loss: 4.77e-01 | test_loss: 7.41e-01 | reg: 0.00e+00 | :   0%|       | 0/50 [00:00<?, ?it/s]
[1A| train_loss: 4.77e-01 | test_loss: 7.41e-01 | reg: 0.00e+00 | :   6%| | 3/50 [00:00<00:01, 25.12it/
[1A| train_loss: 4.77e-01 | test_loss: 7.41e-01 | reg: 0.00e+00 | :  12%| | 6/50 [00:00<00:01, 25.59it/
[1A| train_loss: 4.77e-01 | test_loss: 7.41e-01 | reg: 0.00e+00 | :  18%|▏| 9/50 [00:00<00:01, 25.45it/
[1A| train_loss: 5.03e-01 | test_loss: 6.16e-01 | reg: 0.00e+00 | :  18%|▏| 9/50 [00:00<00:01, 25.45it/
[1A| train_loss: 5.03e-01 | test_loss: 6.16e-01 | reg: 0.00e+00 | :  24%|▏| 12/50 [00:00<00:01, 25.62it
[1A| train_loss: 5.03e-01 | test_loss: 6.16e-01 | reg: 0.00e+00 | :  30%|▎| 15/50 [00:00<00:01, 25.65it
[1A| train_loss: 5.03e-01 | test_loss: 6.16e-01 | reg: 0.00e+00 | :  36%|▎| 18/50 [00:00<00:01, 25.75it
[1A| train_loss: 4.80e-01 | test_loss: 6.15e-01 | reg: 0.00e+00 | :  36%|▎| 18/50 [00:00<00:01, 25.75it
[1A| train_loss: 4.80e-01 | test_loss: 6.15e-01 | reg: 0.00e+00 | :  42%|▍| 21/50 [00:00<00:01, 25.84it
[1A| train_loss: 4.80e-01 | test_loss: 6.15e-01 | reg: 0.00e+00 | :  48%|▍| 24/50 [00:00<00:01, 25.85it
[1A| train_loss: 4.80e-01 | test_loss: 6.15e-01 | reg: 0.00e+00 | :  54%|▌| 27/50 [00:01<00:00, 25.79it
[1A| train_loss: 4.80e-01 | test_loss: 6.15e-01 | reg: 0.00e+00 | :  60%|▌| 30/50 [00:01<00:00, 25.69it
[1A| train_loss: 4.70e-01 | test_loss: 6.23e-01 | reg: 0.00e+00 | :  60%|▌| 30/50 [00:01<00:00, 25.69it
[1A| train_loss: 4.70e-01 | test_loss: 6.23e-01 | reg: 0.00e+00 | :  66%|▋| 33/50 [00:01<00:00, 25.68it
[1A| train_loss: 4.70e-01 | test_loss: 6.23e-01 | reg: 0.00e+00 | :  72%|▋| 36/50 [00:01<00:00, 25.83it
[1A| train_loss: 4.70e-01 | test_loss: 6.23e-01 | reg: 0.00e+00 | :  78%|▊| 39/50 [00:01<00:00, 25.67it
[1A| train_loss: 4.67e-01 | test_loss: 6.41e-01 | reg: 0.00e+00 | :  78%|▊| 39/50 [00:01<00:00, 25.67it
[1A| train_loss: 4.67e-01 | test_loss: 6.41e-01 | reg: 0.00e+00 | :  84%|▊| 42/50 [00:01<00:00, 25.60it
[1A| train_loss: 4.67e-01 | test_loss: 6.41e-01 | reg: 0.00e+00 | :  90%|▉| 45/50 [00:01<00:00, 25.73it
[1A| train_loss: 4.67e-01 | test_loss: 6.41e-01 | reg: 0.00e+00 | :  96%|▉| 48/50 [00:01<00:00, 25.60it
[1A| train_loss: 4.67e-01 | test_loss: 6.41e-01 | reg: 0.00e+00 | : 100%|█| 50/50 [00:01<00:00, 25.67it
[kan_fit] stage=warmup done=200/200 chunk_steps=50 chunk_s=2.0 train_loss=0.46312 val_loss=0.659732 reg=0

[1Adescription:   0%|                                                          | 0/133 [00:00<?, ?it/s]
[1A| train_loss: 4.62e-01 | test_loss: 6.46e-01 | reg: 5.98e+01 | :   0%|      | 0/133 [00:00<?, ?it/s]
[1A| train_loss: 4.62e-01 | test_loss: 6.46e-01 | reg: 5.98e+01 | :   1%| | 1/133 [00:00<01:26,  1.52it
[1A| train_loss: 4.62e-01 | test_loss: 6.46e-01 | reg: 5.98e+01 | :   3%| | 4/133 [00:00<00:21,  6.11it
[1A| train_loss: 4.62e-01 | test_loss: 6.46e-01 | reg: 5.98e+01 | :   5%| | 7/133 [00:00<00:12,  9.82it
[1A| train_loss: 4.62e-01 | test_loss: 6.46e-01 | reg: 5.98e+01 | :   7%| | 9/133 [00:01<00:10, 11.83it
[1A| train_loss: 4.62e-01 | test_loss: 6.46e-01 | reg: 5.98e+01 | :   9%| | 12/133 [00:01<00:08, 14.32i
[1A| train_loss: 4.62e-01 | test_loss: 6.46e-01 | reg: 5.98e+01 | :  11%| | 14/133 [00:01<00:07, 15.52i
[1A| train_loss: 4.62e-01 | test_loss: 6.46e-01 | reg: 5.98e+01 | :  13%|▏| 17/133 [00:01<00:06, 17.20i
[1A| train_loss: 4.62e-01 | test_loss: 6.46e-01 | reg: 5.98e+01 | :  15%|▏| 20/133 [00:01<00:06, 18.22i
[1A| train_loss: 4.62e-01 | test_loss: 6.46e-01 | reg: 5.98e+01 | :  17%|▏| 23/133 [00:01<00:05, 18.94i
[1A| train_loss: 4.62e-01 | test_loss: 6.46e-01 | reg: 5.98e+01 | :  20%|▏| 26/133 [00:01<00:05, 19.44i
[1A| train_loss: 4.77e-01 | test_loss: 6.38e-01 | reg: 4.14e+01 | :  20%|▏| 26/133 [00:01<00:05, 19.44i
[1A| train_loss: 4.77e-01 | test_loss: 6.38e-01 | reg: 4.14e+01 | :  22%|▏| 29/133 [00:02<00:05, 19.70i
[1A| train_loss: 4.77e-01 | test_loss: 6.38e-01 | reg: 4.14e+01 | :  24%|▏| 32/133 [00:02<00:05, 19.68i
[1A| train_loss: 4.77e-01 | test_loss: 6.38e-01 | reg: 4.14e+01 | :  26%|▎| 35/133 [00:02<00:04, 19.68i
[1A| train_loss: 4.77e-01 | test_loss: 6.38e-01 | reg: 4.14e+01 | :  29%|▎| 38/133 [00:02<00:04, 19.98i
[1A| train_loss: 4.77e-01 | test_loss: 6.38e-01 | reg: 4.14e+01 | :  31%|▎| 41/133 [00:02<00:04, 20.10i
[1A| train_loss: 4.77e-01 | test_loss: 6.38e-01 | reg: 4.14e+01 | :  33%|▎| 44/133 [00:02<00:04, 20.31i
[1A| train_loss: 4.77e-01 | test_loss: 6.38e-01 | reg: 4.14e+01 | :  35%|▎| 47/133 [00:02<00:04, 20.41i
[1A| train_loss: 4.77e-01 | test_loss: 6.38e-01 | reg: 4.14e+01 | :  38%|▍| 50/133 [00:03<00:04, 20.42i
[1A| train_loss: 4.79e-01 | test_loss: 6.36e-01 | reg: 3.04e+01 | :  38%|▍| 50/133 [00:03<00:04, 20.42i
[1A| train_loss: 4.79e-01 | test_loss: 6.36e-01 | reg: 3.04e+01 | :  40%|▍| 53/133 [00:03<00:03, 20.36i
[1A| train_loss: 4.79e-01 | test_loss: 6.36e-01 | reg: 3.04e+01 | :  42%|▍| 56/133 [00:03<00:03, 20.23i
[1A| train_loss: 4.79e-01 | test_loss: 6.36e-01 | reg: 3.04e+01 | :  44%|▍| 59/133 [00:03<00:03, 20.33i
[1A| train_loss: 4.79e-01 | test_loss: 6.36e-01 | reg: 3.04e+01 | :  47%|▍| 62/133 [00:03<00:03, 20.47i
[1A| train_loss: 4.79e-01 | test_loss: 6.36e-01 | reg: 3.04e+01 | :  49%|▍| 65/133 [00:03<00:03, 20.44i
[1A| train_loss: 4.79e-01 | test_loss: 6.36e-01 | reg: 3.04e+01 | :  51%|▌| 68/133 [00:03<00:03, 20.51i
[1A| train_loss: 4.79e-01 | test_loss: 6.36e-01 | reg: 3.04e+01 | :  53%|▌| 71/133 [00:04<00:03, 20.61i
[1A| train_loss: 4.79e-01 | test_loss: 6.36e-01 | reg: 3.04e+01 | :  56%|▌| 74/133 [00:04<00:02, 20.56i
[1A| train_loss: 4.79e-01 | test_loss: 6.36e-01 | reg: 3.04e+01 | :  58%|▌| 77/133 [00:04<00:02, 20.58i
[1A| train_loss: 4.75e-01 | test_loss: 6.17e-01 | reg: 2.38e+01 | :  58%|▌| 77/133 [00:04<00:02, 20.58i
[1A| train_loss: 4.75e-01 | test_loss: 6.17e-01 | reg: 2.38e+01 | :  60%|▌| 80/133 [00:04<00:02, 20.30i
[1A| train_loss: 4.75e-01 | test_loss: 6.17e-01 | reg: 2.38e+01 | :  62%|▌| 83/133 [00:04<00:02, 20.36i
[1A| train_loss: 4.75e-01 | test_loss: 6.17e-01 | reg: 2.38e+01 | :  65%|▋| 86/133 [00:04<00:02, 20.38i
[1A| train_loss: 4.75e-01 | test_loss: 6.17e-01 | reg: 2.38e+01 | :  67%|▋| 89/133 [00:04<00:02, 20.45i
[1A| train_loss: 4.75e-01 | test_loss: 6.17e-01 | reg: 2.38e+01 | :  69%|▋| 92/133 [00:05<00:02, 20.31i
[1A| train_loss: 4.75e-01 | test_loss: 6.17e-01 | reg: 2.38e+01 | :  71%|▋| 95/133 [00:05<00:01, 20.41i
[1A| train_loss: 4.75e-01 | test_loss: 6.17e-01 | reg: 2.38e+01 | :  74%|▋| 98/133 [00:05<00:01, 20.32i
[1A| train_loss: 4.75e-01 | test_loss: 6.17e-01 | reg: 2.38e+01 | :  76%|▊| 101/133 [00:05<00:01, 20.45
[1A| train_loss: 4.75e-01 | test_loss: 6.17e-01 | reg: 2.38e+01 | :  78%|▊| 104/133 [00:05<00:01, 20.13
[1A| train_loss: 4.67e-01 | test_loss: 5.99e-01 | reg: 1.93e+01 | :  78%|▊| 104/133 [00:05<00:01, 20.13
[1A| train_loss: 4.67e-01 | test_loss: 5.99e-01 | reg: 1.93e+01 | :  80%|▊| 107/133 [00:05<00:01, 20.04
[1A| train_loss: 4.67e-01 | test_loss: 5.99e-01 | reg: 1.93e+01 | :  83%|▊| 110/133 [00:06<00:01, 19.91
[1A| train_loss: 4.67e-01 | test_loss: 5.99e-01 | reg: 1.93e+01 | :  85%|▊| 113/133 [00:06<00:00, 20.03
[1A| train_loss: 4.67e-01 | test_loss: 5.99e-01 | reg: 1.93e+01 | :  87%|▊| 116/133 [00:06<00:00, 20.20
[1A| train_loss: 4.67e-01 | test_loss: 5.99e-01 | reg: 1.93e+01 | :  89%|▉| 119/133 [00:06<00:00, 20.24
[1A| train_loss: 4.67e-01 | test_loss: 5.99e-01 | reg: 1.93e+01 | :  92%|▉| 122/133 [00:06<00:00, 20.25
[1A| train_loss: 4.67e-01 | test_loss: 5.99e-01 | reg: 1.93e+01 | :  94%|▉| 125/133 [00:06<00:00, 20.29
[1A| train_loss: 4.67e-01 | test_loss: 5.99e-01 | reg: 1.93e+01 | :  96%|▉| 128/133 [00:06<00:00, 20.24
[1A| train_loss: 4.62e-01 | test_loss: 5.95e-01 | reg: 1.65e+01 | :  96%|▉| 128/133 [00:07<00:00, 20.24
[1A| train_loss: 4.62e-01 | test_loss: 5.95e-01 | reg: 1.65e+01 | :  98%|▉| 131/133 [00:07<00:00, 20.21
[1A| train_loss: 4.62e-01 | test_loss: 5.95e-01 | reg: 1.65e+01 | : 100%|█| 133/133 [00:07<00:00, 18.59
[kan_fit] stage=sparsify done=133/800 chunk_steps=133 chunk_s=7.2 train_loss=0.461719 val_loss=0.596402 reg=16.347

[1Adescription:   0%|                                                          | 0/133 [00:00<?, ?it/s]
[1A| train_loss: 4.62e-01 | test_loss: 5.84e-01 | reg: 1.63e+01 | :   0%|      | 0/133 [00:00<?, ?it/s]
[1A| train_loss: 4.62e-01 | test_loss: 5.84e-01 | reg: 1.63e+01 | :   2%| | 2/133 [00:00<00:06, 19.98it
[1A| train_loss: 4.62e-01 | test_loss: 5.84e-01 | reg: 1.63e+01 | :   4%| | 5/133 [00:00<00:06, 19.93it
[1A| train_loss: 4.62e-01 | test_loss: 5.84e-01 | reg: 1.63e+01 | :   6%| | 8/133 [00:00<00:06, 20.21it
[1A| train_loss: 4.62e-01 | test_loss: 5.84e-01 | reg: 1.63e+01 | :   8%| | 11/133 [00:00<00:06, 20.23i
[1A| train_loss: 4.62e-01 | test_loss: 5.84e-01 | reg: 1.63e+01 | :  11%| | 14/133 [00:00<00:05, 20.15i
[1A| train_loss: 4.62e-01 | test_loss: 5.84e-01 | reg: 1.63e+01 | :  13%|▏| 17/133 [00:00<00:05, 20.07i
[1A| train_loss: 4.62e-01 | test_loss: 5.84e-01 | reg: 1.63e+01 | :  15%|▏| 20/133 [00:00<00:05, 20.14i
[1A| train_loss: 4.62e-01 | test_loss: 5.84e-01 | reg: 1.63e+01 | :  17%|▏| 23/133 [00:01<00:05, 20.16i
[1A| train_loss: 4.62e-01 | test_loss: 5.84e-01 | reg: 1.63e+01 | :  20%|▏| 26/133 [00:01<00:05, 20.26i
[1A| train_loss: 4.61e-01 | test_loss: 5.81e-01 | reg: 1.53e+01 | :  20%|▏| 26/133 [00:01<00:05, 20.26i
[1A| train_loss: 4.61e-01 | test_loss: 5.81e-01 | reg: 1.53e+01 | :  22%|▏| 29/133 [00:01<00:05, 20.31i
[1A| train_loss: 4.61e-01 | test_loss: 5.81e-01 | reg: 1.53e+01 | :  24%|▏| 32/133 [00:01<00:04, 20.33i
[1A| train_loss: 4.61e-01 | test_loss: 5.81e-01 | reg: 1.53e+01 | :  26%|▎| 35/133 [00:01<00:04, 20.39i
[1A| train_loss: 4.61e-01 | test_loss: 5.81e-01 | reg: 1.53e+01 | :  29%|▎| 38/133 [00:01<00:04, 20.31i
[1A| train_loss: 4.61e-01 | test_loss: 5.81e-01 | reg: 1.53e+01 | :  31%|▎| 41/133 [00:02<00:04, 20.10i
[1A| train_loss: 4.61e-01 | test_loss: 5.81e-01 | reg: 1.53e+01 | :  33%|▎| 44/133 [00:02<00:04, 20.13i
[1A| train_loss: 4.61e-01 | test_loss: 5.81e-01 | reg: 1.53e+01 | :  35%|▎| 47/133 [00:02<00:04, 20.15i
[1A| train_loss: 4.61e-01 | test_loss: 5.81e-01 | reg: 1.53e+01 | :  38%|▍| 50/133 [00:02<00:04, 20.18i
[1A| train_loss: 4.57e-01 | test_loss: 5.65e-01 | reg: 1.45e+01 | :  38%|▍| 50/133 [00:02<00:04, 20.18i
[1A| train_loss: 4.57e-01 | test_loss: 5.65e-01 | reg: 1.45e+01 | :  40%|▍| 53/133 [00:02<00:03, 20.11i
[1A| train_loss: 4.57e-01 | test_loss: 5.65e-01 | reg: 1.45e+01 | :  42%|▍| 56/133 [00:02<00:03, 20.29i
[1A| train_loss: 4.57e-01 | test_loss: 5.65e-01 | reg: 1.45e+01 | :  44%|▍| 59/133 [00:02<00:03, 20.29i
[1A| train_loss: 4.57e-01 | test_loss: 5.65e-01 | reg: 1.45e+01 | :  47%|▍| 62/133 [00:03<00:03, 19.91i
[1A| train_loss: 4.57e-01 | test_loss: 5.65e-01 | reg: 1.45e+01 | :  49%|▍| 65/133 [00:03<00:03, 20.10i
[1A| train_loss: 4.57e-01 | test_loss: 5.65e-01 | reg: 1.45e+01 | :  51%|▌| 68/133 [00:03<00:03, 19.93i
[1A| train_loss: 4.57e-01 | test_loss: 5.65e-01 | reg: 1.45e+01 | :  53%|▌| 70/133 [00:03<00:03, 19.93i
[1A| train_loss: 4.57e-01 | test_loss: 5.65e-01 | reg: 1.45e+01 | :  54%|▌| 72/133 [00:03<00:03, 19.90i
[1A| train_loss: 4.57e-01 | test_loss: 5.65e-01 | reg: 1.45e+01 | :  56%|▌| 75/133 [00:03<00:02, 20.06i
[1A| train_loss: 4.57e-01 | test_loss: 5.65e-01 | reg: 1.45e+01 | :  59%|▌| 78/133 [00:03<00:02, 20.22i
[1A| train_loss: 4.55e-01 | test_loss: 5.52e-01 | reg: 1.40e+01 | :  59%|▌| 78/133 [00:03<00:02, 20.22i
[1A| train_loss: 4.55e-01 | test_loss: 5.52e-01 | reg: 1.40e+01 | :  61%|▌| 81/133 [00:04<00:02, 20.13i
[1A| train_loss: 4.55e-01 | test_loss: 5.52e-01 | reg: 1.40e+01 | :  63%|▋| 84/133 [00:04<00:02, 20.27i
[1A| train_loss: 4.55e-01 | test_loss: 5.52e-01 | reg: 1.40e+01 | :  65%|▋| 87/133 [00:04<00:02, 19.79i
[1A| train_loss: 4.55e-01 | test_loss: 5.52e-01 | reg: 1.40e+01 | :  68%|▋| 90/133 [00:04<00:02, 19.96i
[1A| train_loss: 4.55e-01 | test_loss: 5.52e-01 | reg: 1.40e+01 | :  70%|▋| 93/133 [00:04<00:01, 20.17i
[1A| train_loss: 4.55e-01 | test_loss: 5.52e-01 | reg: 1.40e+01 | :  72%|▋| 96/133 [00:04<00:01, 20.09i
[1A| train_loss: 4.55e-01 | test_loss: 5.52e-01 | reg: 1.40e+01 | :  74%|▋| 99/133 [00:04<00:01, 19.94i
[1A| train_loss: 4.55e-01 | test_loss: 5.52e-01 | reg: 1.40e+01 | :  76%|▊| 101/133 [00:05<00:01, 19.76
[1A| train_loss: 4.55e-01 | test_loss: 5.52e-01 | reg: 1.40e+01 | :  78%|▊| 104/133 [00:05<00:01, 19.92
[1A| train_loss: 4.52e-01 | test_loss: 5.41e-01 | reg: 1.36e+01 | :  78%|▊| 104/133 [00:05<00:01, 19.92
[1A| train_loss: 4.52e-01 | test_loss: 5.41e-01 | reg: 1.36e+01 | :  80%|▊| 106/133 [00:05<00:01, 19.90
[1A| train_loss: 4.52e-01 | test_loss: 5.41e-01 | reg: 1.36e+01 | :  81%|▊| 108/133 [00:05<00:01, 19.91
[1A| train_loss: 4.52e-01 | test_loss: 5.41e-01 | reg: 1.36e+01 | :  83%|▊| 110/133 [00:05<00:01, 19.87
[1A| train_loss: 4.52e-01 | test_loss: 5.41e-01 | reg: 1.36e+01 | :  84%|▊| 112/133 [00:05<00:01, 19.76
[1A| train_loss: 4.52e-01 | test_loss: 5.41e-01 | reg: 1.36e+01 | :  86%|▊| 114/133 [00:05<00:00, 19.75
[1A| train_loss: 4.52e-01 | test_loss: 5.41e-01 | reg: 1.36e+01 | :  88%|▉| 117/133 [00:05<00:00, 19.95
[1A| train_loss: 4.52e-01 | test_loss: 5.41e-01 | reg: 1.36e+01 | :  89%|▉| 119/133 [00:05<00:00, 19.67
[1A| train_loss: 4.52e-01 | test_loss: 5.41e-01 | reg: 1.36e+01 | :  91%|▉| 121/133 [00:06<00:00, 19.71
[1A| train_loss: 4.52e-01 | test_loss: 5.41e-01 | reg: 1.36e+01 | :  92%|▉| 123/133 [00:06<00:00, 19.23
[1A| train_loss: 4.52e-01 | test_loss: 5.41e-01 | reg: 1.36e+01 | :  94%|▉| 125/133 [00:06<00:00, 19.20
[1A| train_loss: 4.52e-01 | test_loss: 5.41e-01 | reg: 1.36e+01 | :  95%|▉| 127/133 [00:06<00:00, 19.38
[1A| train_loss: 4.52e-01 | test_loss: 5.41e-01 | reg: 1.36e+01 | :  98%|▉| 130/133 [00:06<00:00, 19.76
[1A| train_loss: 4.50e-01 | test_loss: 5.31e-01 | reg: 1.32e+01 | :  98%|▉| 130/133 [00:06<00:00, 19.76
[1A| train_loss: 4.50e-01 | test_loss: 5.31e-01 | reg: 1.32e+01 | :  99%|▉| 132/133 [00:06<00:00, 19.73
[1A| train_loss: 4.50e-01 | test_loss: 5.31e-01 | reg: 1.32e+01 | : 100%|█| 133/133 [00:06<00:00, 20.00
[kan_fit] stage=sparsify done=266/800 chunk_steps=133 chunk_s=6.7 train_loss=0.449345 val_loss=0.530671 reg=13.1775

[1Adescription:   0%|                                                          | 0/133 [00:00<?, ?it/s]
[1A| train_loss: 4.49e-01 | test_loss: 5.72e-01 | reg: 1.31e+01 | :   0%|      | 0/133 [00:00<?, ?it/s]
[1A| train_loss: 4.49e-01 | test_loss: 5.72e-01 | reg: 1.31e+01 | :   2%| | 2/133 [00:00<00:06, 19.87it
[1A| train_loss: 4.49e-01 | test_loss: 5.72e-01 | reg: 1.31e+01 | :   3%| | 4/133 [00:00<00:06, 19.90it
[1A| train_loss: 4.49e-01 | test_loss: 5.72e-01 | reg: 1.31e+01 | :   5%| | 6/133 [00:00<00:06, 19.77it
[1A| train_loss: 4.49e-01 | test_loss: 5.72e-01 | reg: 1.31e+01 | :   6%| | 8/133 [00:00<00:06, 19.86it
[1A| train_loss: 4.49e-01 | test_loss: 5.72e-01 | reg: 1.31e+01 | :   8%| | 11/133 [00:00<00:06, 20.17i
[1A| train_loss: 4.49e-01 | test_loss: 5.72e-01 | reg: 1.31e+01 | :  11%| | 14/133 [00:00<00:05, 20.10i
[1A| train_loss: 4.49e-01 | test_loss: 5.72e-01 | reg: 1.31e+01 | :  13%|▏| 17/133 [00:00<00:05, 20.18i
[1A| train_loss: 4.49e-01 | test_loss: 5.72e-01 | reg: 1.31e+01 | :  15%|▏| 20/133 [00:00<00:05, 20.17i
[1A| train_loss: 4.49e-01 | test_loss: 5.72e-01 | reg: 1.31e+01 | :  17%|▏| 23/133 [00:01<00:05, 19.71i
[1A| train_loss: 4.49e-01 | test_loss: 5.72e-01 | reg: 1.31e+01 | :  19%|▏| 25/133 [00:01<00:05, 19.69i
[1A| train_loss: 4.48e-01 | test_loss: 5.27e-01 | reg: 1.31e+01 | :  19%|▏| 25/133 [00:01<00:05, 19.69i
[1A| train_loss: 4.48e-01 | test_loss: 5.27e-01 | reg: 1.31e+01 | :  20%|▏| 27/133 [00:01<00:05, 19.69i
[1A| train_loss: 4.48e-01 | test_loss: 5.27e-01 | reg: 1.31e+01 | :  22%|▏| 29/133 [00:01<00:05, 19.65i
[1A| train_loss: 4.48e-01 | test_loss: 5.27e-01 | reg: 1.31e+01 | :  23%|▏| 31/133 [00:01<00:05, 19.72i
[1A| train_loss: 4.48e-01 | test_loss: 5.27e-01 | reg: 1.31e+01 | :  26%|▎| 34/133 [00:01<00:04, 19.84i
[1A| train_loss: 4.48e-01 | test_loss: 5.27e-01 | reg: 1.31e+01 | :  27%|▎| 36/133 [00:01<00:04, 19.75i
[1A| train_loss: 4.48e-01 | test_loss: 5.27e-01 | reg: 1.31e+01 | :  29%|▎| 38/133 [00:01<00:04, 19.79i
[1A| train_loss: 4.48e-01 | test_loss: 5.27e-01 | reg: 1.31e+01 | :  30%|▎| 40/133 [00:02<00:04, 19.53i
[1A| train_loss: 4.48e-01 | test_loss: 5.27e-01 | reg: 1.31e+01 | :  32%|▎| 42/133 [00:02<00:04, 19.55i
[1A| train_loss: 4.48e-01 | test_loss: 5.27e-01 | reg: 1.31e+01 | :  33%|▎| 44/133 [00:02<00:04, 19.62i
[1A| train_loss: 4.48e-01 | test_loss: 5.27e-01 | reg: 1.31e+01 | :  35%|▎| 46/133 [00:02<00:04, 19.72i
[1A| train_loss: 4.48e-01 | test_loss: 5.27e-01 | reg: 1.31e+01 | :  36%|▎| 48/133 [00:02<00:04, 19.72i
[1A| train_loss: 4.48e-01 | test_loss: 5.27e-01 | reg: 1.31e+01 | :  38%|▍| 51/133 [00:02<00:04, 19.85i
[1A| train_loss: 4.46e-01 | test_loss: 5.27e-01 | reg: 1.29e+01 | :  38%|▍| 51/133 [00:02<00:04, 19.85i
[1A| train_loss: 4.46e-01 | test_loss: 5.27e-01 | reg: 1.29e+01 | :  41%|▍| 54/133 [00:02<00:03, 19.78i
[1A| train_loss: 4.46e-01 | test_loss: 5.27e-01 | reg: 1.29e+01 | :  43%|▍| 57/133 [00:02<00:03, 19.86i
[1A| train_loss: 4.46e-01 | test_loss: 5.27e-01 | reg: 1.29e+01 | :  45%|▍| 60/133 [00:03<00:03, 19.91i
[1A| train_loss: 4.46e-01 | test_loss: 5.27e-01 | reg: 1.29e+01 | :  47%|▍| 63/133 [00:03<00:03, 19.91i
[1A| train_loss: 4.46e-01 | test_loss: 5.27e-01 | reg: 1.29e+01 | :  49%|▍| 65/133 [00:03<00:03, 19.92i
[1A| train_loss: 4.46e-01 | test_loss: 5.27e-01 | reg: 1.29e+01 | :  51%|▌| 68/133 [00:03<00:03, 19.97i
[1A| train_loss: 4.46e-01 | test_loss: 5.27e-01 | reg: 1.29e+01 | :  53%|▌| 70/133 [00:03<00:03, 19.89i
[1A| train_loss: 4.46e-01 | test_loss: 5.27e-01 | reg: 1.29e+01 | :  55%|▌| 73/133 [00:03<00:03, 19.91i
[1A| train_loss: 4.46e-01 | test_loss: 5.27e-01 | reg: 1.29e+01 | :  56%|▌| 75/133 [00:03<00:02, 19.91i
[1A| train_loss: 4.46e-01 | test_loss: 5.27e-01 | reg: 1.29e+01 | :  58%|▌| 77/133 [00:03<00:02, 19.87i
[1A| train_loss: 4.44e-01 | test_loss: 5.25e-01 | reg: 1.27e+01 | :  58%|▌| 77/133 [00:03<00:02, 19.87i
[1A| train_loss: 4.44e-01 | test_loss: 5.25e-01 | reg: 1.27e+01 | :  59%|▌| 79/133 [00:03<00:02, 19.81i
[1A| train_loss: 4.44e-01 | test_loss: 5.25e-01 | reg: 1.27e+01 | :  61%|▌| 81/133 [00:04<00:02, 19.79i
[1A| train_loss: 4.44e-01 | test_loss: 5.25e-01 | reg: 1.27e+01 | :  62%|▌| 83/133 [00:04<00:02, 19.84i
[1A| train_loss: 4.44e-01 | test_loss: 5.25e-01 | reg: 1.27e+01 | :  64%|▋| 85/133 [00:04<00:02, 19.68i
[1A| train_loss: 4.44e-01 | test_loss: 5.25e-01 | reg: 1.27e+01 | :  65%|▋| 87/133 [00:04<00:02, 19.65i
[1A| train_loss: 4.44e-01 | test_loss: 5.25e-01 | reg: 1.27e+01 | :  67%|▋| 89/133 [00:04<00:02, 19.72i
[1A| train_loss: 4.44e-01 | test_loss: 5.25e-01 | reg: 1.27e+01 | :  69%|▋| 92/133 [00:04<00:02, 19.85i
[1A| train_loss: 4.44e-01 | test_loss: 5.25e-01 | reg: 1.27e+01 | :  71%|▋| 94/133 [00:04<00:01, 19.83i
[1A| train_loss: 4.44e-01 | test_loss: 5.25e-01 | reg: 1.27e+01 | :  72%|▋| 96/133 [00:04<00:01, 19.84i
[1A| train_loss: 4.44e-01 | test_loss: 5.25e-01 | reg: 1.27e+01 | :  74%|▋| 99/133 [00:04<00:01, 20.02i
[1A| train_loss: 4.44e-01 | test_loss: 5.25e-01 | reg: 1.27e+01 | :  77%|▊| 102/133 [00:05<00:01, 20.02
[1A| train_loss: 4.44e-01 | test_loss: 5.25e-01 | reg: 1.27e+01 | :  78%|▊| 104/133 [00:05<00:01, 19.91
[1A| train_loss: 4.42e-01 | test_loss: 5.22e-01 | reg: 1.26e+01 | :  78%|▊| 104/133 [00:05<00:01, 19.91
[1A| train_loss: 4.42e-01 | test_loss: 5.22e-01 | reg: 1.26e+01 | :  80%|▊| 106/133 [00:05<00:01, 19.91
[1A| train_loss: 4.42e-01 | test_loss: 5.22e-01 | reg: 1.26e+01 | :  81%|▊| 108/133 [00:05<00:01, 19.89
[1A| train_loss: 4.42e-01 | test_loss: 5.22e-01 | reg: 1.26e+01 | :  83%|▊| 110/133 [00:05<00:01, 19.78
[1A| train_loss: 4.42e-01 | test_loss: 5.22e-01 | reg: 1.26e+01 | :  85%|▊| 113/133 [00:05<00:01, 19.84
[1A| train_loss: 4.42e-01 | test_loss: 5.22e-01 | reg: 1.26e+01 | :  87%|▊| 116/133 [00:05<00:00, 20.07
[1A| train_loss: 4.42e-01 | test_loss: 5.22e-01 | reg: 1.26e+01 | :  89%|▉| 119/133 [00:05<00:00, 19.78
[1A| train_loss: 4.42e-01 | test_loss: 5.22e-01 | reg: 1.26e+01 | :  91%|▉| 121/133 [00:06<00:00, 19.80
[1A| train_loss: 4.42e-01 | test_loss: 5.22e-01 | reg: 1.26e+01 | :  92%|▉| 123/133 [00:06<00:00, 19.80
[1A| train_loss: 4.42e-01 | test_loss: 5.22e-01 | reg: 1.26e+01 | :  94%|▉| 125/133 [00:06<00:00, 19.68
[1A| train_loss: 4.42e-01 | test_loss: 5.22e-01 | reg: 1.26e+01 | :  95%|▉| 127/133 [00:06<00:00, 19.68
[1A| train_loss: 4.42e-01 | test_loss: 5.22e-01 | reg: 1.26e+01 | :  97%|▉| 129/133 [00:06<00:00, 19.70
[1A| train_loss: 4.40e-01 | test_loss: 5.21e-01 | reg: 1.25e+01 | :  97%|▉| 129/133 [00:06<00:00, 19.70
[1A| train_loss: 4.40e-01 | test_loss: 5.21e-01 | reg: 1.25e+01 | :  98%|▉| 131/133 [00:06<00:00, 19.66
[1A| train_loss: 4.40e-01 | test_loss: 5.21e-01 | reg: 1.25e+01 | : 100%|█| 133/133 [00:06<00:00, 19.83
[kan_fit] stage=sparsify done=399/800 chunk_steps=133 chunk_s=6.7 train_loss=0.439683 val_loss=0.520447 reg=12.4621

[1Adescription:   0%|                                                          | 0/133 [00:00<?, ?it/s]
[1A| train_loss: 4.40e-01 | test_loss: 5.50e-01 | reg: 1.25e+01 | :   0%|      | 0/133 [00:00<?, ?it/s]
[1A| train_loss: 4.40e-01 | test_loss: 5.50e-01 | reg: 1.25e+01 | :   2%| | 3/133 [00:00<00:06, 20.29it
[1A| train_loss: 4.40e-01 | test_loss: 5.50e-01 | reg: 1.25e+01 | :   5%| | 6/133 [00:00<00:06, 19.91it
[1A| train_loss: 4.40e-01 | test_loss: 5.50e-01 | reg: 1.25e+01 | :   7%| | 9/133 [00:00<00:06, 20.08it
[1A| train_loss: 4.40e-01 | test_loss: 5.50e-01 | reg: 1.25e+01 | :   9%| | 12/133 [00:00<00:06, 20.04i
[1A| train_loss: 4.40e-01 | test_loss: 5.50e-01 | reg: 1.25e+01 | :  11%| | 15/133 [00:00<00:05, 20.03i
[1A| train_loss: 4.40e-01 | test_loss: 5.50e-01 | reg: 1.25e+01 | :  14%|▏| 18/133 [00:00<00:05, 20.04i
[1A| train_loss: 4.40e-01 | test_loss: 5.50e-01 | reg: 1.25e+01 | :  16%|▏| 21/133 [00:01<00:05, 20.17i
[1A| train_loss: 4.40e-01 | test_loss: 5.50e-01 | reg: 1.25e+01 | :  18%|▏| 24/133 [00:01<00:05, 20.11i
[1A| train_loss: 4.39e-01 | test_loss: 5.19e-01 | reg: 1.26e+01 | :  18%|▏| 24/133 [00:01<00:05, 20.11i
[1A| train_loss: 4.39e-01 | test_loss: 5.19e-01 | reg: 1.26e+01 | :  20%|▏| 27/133 [00:01<00:05, 20.25i
[1A| train_loss: 4.39e-01 | test_loss: 5.19e-01 | reg: 1.26e+01 | :  23%|▏| 30/133 [00:01<00:05, 20.23i
[1A| train_loss: 4.39e-01 | test_loss: 5.19e-01 | reg: 1.26e+01 | :  25%|▏| 33/133 [00:01<00:04, 20.42i
[1A| train_loss: 4.39e-01 | test_loss: 5.19e-01 | reg: 1.26e+01 | :  27%|▎| 36/133 [00:01<00:04, 20.43i
[1A| train_loss: 4.39e-01 | test_loss: 5.19e-01 | reg: 1.26e+01 | :  29%|▎| 39/133 [00:01<00:04, 20.47i
[1A| train_loss: 4.39e-01 | test_loss: 5.19e-01 | reg: 1.26e+01 | :  32%|▎| 42/133 [00:02<00:04, 20.47i
[1A| train_loss: 4.39e-01 | test_loss: 5.19e-01 | reg: 1.26e+01 | :  34%|▎| 45/133 [00:02<00:04, 20.27i
[1A| train_loss: 4.39e-01 | test_loss: 5.19e-01 | reg: 1.26e+01 | :  36%|▎| 48/133 [00:02<00:04, 20.30i
[1A| train_loss: 4.39e-01 | test_loss: 5.19e-01 | reg: 1.26e+01 | :  38%|▍| 51/133 [00:02<00:04, 20.29i
[1A| train_loss: 4.38e-01 | test_loss: 5.20e-01 | reg: 1.24e+01 | :  38%|▍| 51/133 [00:02<00:04, 20.29i
[1A| train_loss: 4.38e-01 | test_loss: 5.20e-01 | reg: 1.24e+01 | :  41%|▍| 54/133 [00:02<00:03, 20.31i
[1A| train_loss: 4.38e-01 | test_loss: 5.20e-01 | reg: 1.24e+01 | :  43%|▍| 57/133 [00:02<00:03, 20.32i
[1A| train_loss: 4.38e-01 | test_loss: 5.20e-01 | reg: 1.24e+01 | :  45%|▍| 60/133 [00:02<00:03, 20.35i
[1A| train_loss: 4.38e-01 | test_loss: 5.20e-01 | reg: 1.24e+01 | :  47%|▍| 63/133 [00:03<00:03, 20.33i
[1A| train_loss: 4.38e-01 | test_loss: 5.20e-01 | reg: 1.24e+01 | :  50%|▍| 66/133 [00:03<00:03, 20.33i
[1A| train_loss: 4.38e-01 | test_loss: 5.20e-01 | reg: 1.24e+01 | :  52%|▌| 69/133 [00:03<00:03, 20.34i
[1A| train_loss: 4.38e-01 | test_loss: 5.20e-01 | reg: 1.24e+01 | :  54%|▌| 72/133 [00:03<00:03, 20.20i
[1A| train_loss: 4.38e-01 | test_loss: 5.20e-01 | reg: 1.24e+01 | :  56%|▌| 75/133 [00:03<00:02, 20.27i
[1A| train_loss: 4.38e-01 | test_loss: 5.20e-01 | reg: 1.24e+01 | :  59%|▌| 78/133 [00:03<00:02, 20.33i
[1A| train_loss: 4.37e-01 | test_loss: 5.20e-01 | reg: 1.23e+01 | :  59%|▌| 78/133 [00:03<00:02, 20.33i
[1A| train_loss: 4.37e-01 | test_loss: 5.20e-01 | reg: 1.23e+01 | :  61%|▌| 81/133 [00:03<00:02, 20.20i
[1A| train_loss: 4.37e-01 | test_loss: 5.20e-01 | reg: 1.23e+01 | :  63%|▋| 84/133 [00:04<00:02, 20.41i
[1A| train_loss: 4.37e-01 | test_loss: 5.20e-01 | reg: 1.23e+01 | :  65%|▋| 87/133 [00:04<00:02, 20.57i
[1A| train_loss: 4.37e-01 | test_loss: 5.20e-01 | reg: 1.23e+01 | :  68%|▋| 90/133 [00:04<00:02, 20.47i
[1A| train_loss: 4.37e-01 | test_loss: 5.20e-01 | reg: 1.23e+01 | :  70%|▋| 93/133 [00:04<00:01, 20.48i
[1A| train_loss: 4.37e-01 | test_loss: 5.20e-01 | reg: 1.23e+01 | :  72%|▋| 96/133 [00:04<00:01, 20.35i
[1A| train_loss: 4.37e-01 | test_loss: 5.20e-01 | reg: 1.23e+01 | :  74%|▋| 99/133 [00:04<00:01, 20.39i
[1A| train_loss: 4.37e-01 | test_loss: 5.20e-01 | reg: 1.23e+01 | :  77%|▊| 102/133 [00:05<00:01, 20.52
[1A| train_loss: 4.35e-01 | test_loss: 5.21e-01 | reg: 1.23e+01 | :  77%|▊| 102/133 [00:05<00:01, 20.52
[1A| train_loss: 4.35e-01 | test_loss: 5.21e-01 | reg: 1.23e+01 | :  79%|▊| 105/133 [00:05<00:01, 20.60
[1A| train_loss: 4.35e-01 | test_loss: 5.21e-01 | reg: 1.23e+01 | :  81%|▊| 108/133 [00:05<00:01, 20.32
[1A| train_loss: 4.35e-01 | test_loss: 5.21e-01 | reg: 1.23e+01 | :  83%|▊| 111/133 [00:05<00:01, 20.27
[1A| train_loss: 4.35e-01 | test_loss: 5.21e-01 | reg: 1.23e+01 | :  86%|▊| 114/133 [00:05<00:00, 20.18
[1A| train_loss: 4.35e-01 | test_loss: 5.21e-01 | reg: 1.23e+01 | :  88%|▉| 117/133 [00:05<00:00, 20.30
[1A| train_loss: 4.35e-01 | test_loss: 5.21e-01 | reg: 1.23e+01 | :  90%|▉| 120/133 [00:05<00:00, 20.19
[1A| train_loss: 4.35e-01 | test_loss: 5.21e-01 | reg: 1.23e+01 | :  92%|▉| 123/133 [00:06<00:00, 20.31
[1A| train_loss: 4.35e-01 | test_loss: 5.21e-01 | reg: 1.23e+01 | :  95%|▉| 126/133 [00:06<00:00, 20.37
[1A| train_loss: 4.35e-01 | test_loss: 5.21e-01 | reg: 1.23e+01 | :  97%|▉| 129/133 [00:06<00:00, 20.02
[1A| train_loss: 4.34e-01 | test_loss: 5.23e-01 | reg: 1.22e+01 | :  97%|▉| 129/133 [00:06<00:00, 20.02
[1A| train_loss: 4.34e-01 | test_loss: 5.23e-01 | reg: 1.22e+01 | :  99%|▉| 132/133 [00:06<00:00, 20.14| train_loss: 4.34e-01 | test_loss: 5.23e-01 | reg: 1.22e+01 | : 100%|█| 133/133 [00:06<00:00, 20.29
[kan_fit] stage=sparsify done=532/800 chunk_steps=133 chunk_s=6.6 train_loss=0.433492 val_loss=0.523551 reg=12.2036

[1Adescription:   0%|                                                          | 0/133 [00:00<?, ?it/s]
[1A| train_loss: 4.33e-01 | test_loss: 5.09e-01 | reg: 1.22e+01 | :   0%|      | 0/133 [00:00<?, ?it/s]
[1A| train_loss: 4.33e-01 | test_loss: 5.09e-01 | reg: 1.22e+01 | :   2%| | 3/133 [00:00<00:06, 20.07it
[1A| train_loss: 4.33e-01 | test_loss: 5.09e-01 | reg: 1.22e+01 | :   5%| | 6/133 [00:00<00:06, 20.31it
[1A| train_loss: 4.33e-01 | test_loss: 5.09e-01 | reg: 1.22e+01 | :   7%| | 9/133 [00:00<00:06, 20.07it
[1A| train_loss: 4.33e-01 | test_loss: 5.09e-01 | reg: 1.22e+01 | :   9%| | 12/133 [00:00<00:05, 20.30i
[1A| train_loss: 4.33e-01 | test_loss: 5.09e-01 | reg: 1.22e+01 | :  11%| | 15/133 [00:00<00:05, 20.30i
[1A| train_loss: 4.33e-01 | test_loss: 5.09e-01 | reg: 1.22e+01 | :  14%|▏| 18/133 [00:00<00:05, 20.28i
[1A| train_loss: 4.33e-01 | test_loss: 5.09e-01 | reg: 1.22e+01 | :  16%|▏| 21/133 [00:01<00:05, 20.32i
[1A| train_loss: 4.33e-01 | test_loss: 5.09e-01 | reg: 1.22e+01 | :  18%|▏| 24/133 [00:01<00:05, 20.36i
[1A| train_loss: 4.33e-01 | test_loss: 5.26e-01 | reg: 1.23e+01 | :  18%|▏| 24/133 [00:01<00:05, 20.36i
[1A| train_loss: 4.33e-01 | test_loss: 5.26e-01 | reg: 1.23e+01 | :  20%|▏| 27/133 [00:01<00:05, 20.25i
[1A| train_loss: 4.33e-01 | test_loss: 5.26e-01 | reg: 1.23e+01 | :  23%|▏| 30/133 [00:01<00:05, 20.29i
[1A| train_loss: 4.33e-01 | test_loss: 5.26e-01 | reg: 1.23e+01 | :  25%|▏| 33/133 [00:01<00:04, 20.28i
[1A| train_loss: 4.33e-01 | test_loss: 5.26e-01 | reg: 1.23e+01 | :  27%|▎| 36/133 [00:01<00:04, 20.34i
[1A| train_loss: 4.33e-01 | test_loss: 5.26e-01 | reg: 1.23e+01 | :  29%|▎| 39/133 [00:01<00:04, 20.32i
[1A| train_loss: 4.33e-01 | test_loss: 5.26e-01 | reg: 1.23e+01 | :  32%|▎| 42/133 [00:02<00:04, 20.51i
[1A| train_loss: 4.33e-01 | test_loss: 5.26e-01 | reg: 1.23e+01 | :  34%|▎| 45/133 [00:02<00:04, 20.59i
[1A| train_loss: 4.33e-01 | test_loss: 5.26e-01 | reg: 1.23e+01 | :  36%|▎| 48/133 [00:02<00:04, 20.66i
[1A| train_loss: 4.33e-01 | test_loss: 5.26e-01 | reg: 1.23e+01 | :  38%|▍| 51/133 [00:02<00:03, 20.74i
[1A| train_loss: 4.32e-01 | test_loss: 5.27e-01 | reg: 1.22e+01 | :  38%|▍| 51/133 [00:02<00:03, 20.74i
[1A| train_loss: 4.32e-01 | test_loss: 5.27e-01 | reg: 1.22e+01 | :  41%|▍| 54/133 [00:02<00:03, 20.63i
[1A| train_loss: 4.32e-01 | test_loss: 5.27e-01 | reg: 1.22e+01 | :  43%|▍| 57/133 [00:02<00:03, 20.61i
[1A| train_loss: 4.32e-01 | test_loss: 5.27e-01 | reg: 1.22e+01 | :  45%|▍| 60/133 [00:02<00:03, 20.60i
[1A| train_loss: 4.32e-01 | test_loss: 5.27e-01 | reg: 1.22e+01 | :  47%|▍| 63/133 [00:03<00:03, 20.51i
[1A| train_loss: 4.32e-01 | test_loss: 5.27e-01 | reg: 1.22e+01 | :  50%|▍| 66/133 [00:03<00:03, 20.39i
[1A| train_loss: 4.32e-01 | test_loss: 5.27e-01 | reg: 1.22e+01 | :  52%|▌| 69/133 [00:03<00:03, 20.29i
[1A| train_loss: 4.32e-01 | test_loss: 5.27e-01 | reg: 1.22e+01 | :  54%|▌| 72/133 [00:03<00:03, 20.14i
[1A| train_loss: 4.32e-01 | test_loss: 5.27e-01 | reg: 1.22e+01 | :  56%|▌| 75/133 [00:03<00:02, 20.14i
[1A| train_loss: 4.32e-01 | test_loss: 5.27e-01 | reg: 1.22e+01 | :  59%|▌| 78/133 [00:03<00:02, 19.99i
[1A| train_loss: 4.31e-01 | test_loss: 5.32e-01 | reg: 1.21e+01 | :  59%|▌| 78/133 [00:03<00:02, 19.99i
[1A| train_loss: 4.31e-01 | test_loss: 5.32e-01 | reg: 1.21e+01 | :  60%|▌| 80/133 [00:03<00:02, 19.94i
[1A| train_loss: 4.31e-01 | test_loss: 5.32e-01 | reg: 1.21e+01 | :  62%|▌| 83/133 [00:04<00:02, 19.90i
[1A| train_loss: 4.31e-01 | test_loss: 5.32e-01 | reg: 1.21e+01 | :  65%|▋| 86/133 [00:04<00:02, 20.12i
[1A| train_loss: 4.31e-01 | test_loss: 5.32e-01 | reg: 1.21e+01 | :  67%|▋| 89/133 [00:04<00:02, 20.16i
[1A| train_loss: 4.31e-01 | test_loss: 5.32e-01 | reg: 1.21e+01 | :  69%|▋| 92/133 [00:04<00:02, 20.26i
[1A| train_loss: 4.31e-01 | test_loss: 5.32e-01 | reg: 1.21e+01 | :  71%|▋| 95/133 [00:04<00:01, 20.34i
[1A| train_loss: 4.31e-01 | test_loss: 5.32e-01 | reg: 1.21e+01 | :  74%|▋| 98/133 [00:04<00:01, 20.28i
[1A| train_loss: 4.31e-01 | test_loss: 5.32e-01 | reg: 1.21e+01 | :  76%|▊| 101/133 [00:04<00:01, 20.34
[1A| train_loss: 4.31e-01 | test_loss: 5.32e-01 | reg: 1.21e+01 | :  78%|▊| 104/133 [00:05<00:01, 20.46
[1A| train_loss: 4.30e-01 | test_loss: 5.35e-01 | reg: 1.21e+01 | :  78%|▊| 104/133 [00:05<00:01, 20.46
[1A| train_loss: 4.30e-01 | test_loss: 5.35e-01 | reg: 1.21e+01 | :  80%|▊| 107/133 [00:05<00:01, 20.36
[1A| train_loss: 4.30e-01 | test_loss: 5.35e-01 | reg: 1.21e+01 | :  83%|▊| 110/133 [00:05<00:01, 20.27
[1A| train_loss: 4.30e-01 | test_loss: 5.35e-01 | reg: 1.21e+01 | :  85%|▊| 113/133 [00:05<00:00, 20.09
[1A| train_loss: 4.30e-01 | test_loss: 5.35e-01 | reg: 1.21e+01 | :  87%|▊| 116/133 [00:05<00:00, 20.01
[1A| train_loss: 4.30e-01 | test_loss: 5.35e-01 | reg: 1.21e+01 | :  89%|▉| 119/133 [00:05<00:00, 20.11
[1A| train_loss: 4.30e-01 | test_loss: 5.35e-01 | reg: 1.21e+01 | :  92%|▉| 122/133 [00:06<00:00, 20.20
[1A| train_loss: 4.30e-01 | test_loss: 5.35e-01 | reg: 1.21e+01 | :  94%|▉| 125/133 [00:06<00:00, 20.24
[1A| train_loss: 4.30e-01 | test_loss: 5.35e-01 | reg: 1.21e+01 | :  96%|▉| 128/133 [00:06<00:00, 20.40
[1A| train_loss: 4.29e-01 | test_loss: 5.41e-01 | reg: 1.20e+01 | :  96%|▉| 128/133 [00:06<00:00, 20.40
[1A| train_loss: 4.29e-01 | test_loss: 5.41e-01 | reg: 1.20e+01 | :  98%|▉| 131/133 [00:06<00:00, 20.41| train_loss: 4.29e-01 | test_loss: 5.41e-01 | reg: 1.20e+01 | : 100%|█| 133/133 [00:06<00:00, 20.30
[kan_fit] stage=sparsify done=665/800 chunk_steps=133 chunk_s=6.6 train_loss=0.428767 val_loss=0.541689 reg=12.0552

[1Adescription:   0%|                                                          | 0/133 [00:00<?, ?it/s]
[1A| train_loss: 4.29e-01 | test_loss: 5.56e-01 | reg: 1.21e+01 | :   0%|      | 0/133 [00:00<?, ?it/s]
[1A| train_loss: 4.29e-01 | test_loss: 5.56e-01 | reg: 1.21e+01 | :   2%| | 3/133 [00:00<00:06, 20.03it
[1A| train_loss: 4.29e-01 | test_loss: 5.56e-01 | reg: 1.21e+01 | :   5%| | 6/133 [00:00<00:06, 19.95it
[1A| train_loss: 4.29e-01 | test_loss: 5.56e-01 | reg: 1.21e+01 | :   7%| | 9/133 [00:00<00:06, 20.07it
[1A| train_loss: 4.29e-01 | test_loss: 5.56e-01 | reg: 1.21e+01 | :   9%| | 12/133 [00:00<00:06, 20.11i
[1A| train_loss: 4.29e-01 | test_loss: 5.56e-01 | reg: 1.21e+01 | :  11%| | 15/133 [00:00<00:05, 20.17i
[1A| train_loss: 4.29e-01 | test_loss: 5.56e-01 | reg: 1.21e+01 | :  14%|▏| 18/133 [00:00<00:05, 20.11i
[1A| train_loss: 4.29e-01 | test_loss: 5.56e-01 | reg: 1.21e+01 | :  16%|▏| 21/133 [00:01<00:05, 19.90i
[1A| train_loss: 4.29e-01 | test_loss: 5.56e-01 | reg: 1.21e+01 | :  18%|▏| 24/133 [00:01<00:05, 20.01i
[1A| train_loss: 4.29e-01 | test_loss: 5.39e-01 | reg: 1.21e+01 | :  18%|▏| 24/133 [00:01<00:05, 20.01i
[1A| train_loss: 4.29e-01 | test_loss: 5.39e-01 | reg: 1.21e+01 | :  20%|▏| 27/133 [00:01<00:05, 19.93i
[1A| train_loss: 4.29e-01 | test_loss: 5.39e-01 | reg: 1.21e+01 | :  23%|▏| 30/133 [00:01<00:05, 20.00i
[1A| train_loss: 4.29e-01 | test_loss: 5.39e-01 | reg: 1.21e+01 | :  25%|▏| 33/133 [00:01<00:04, 20.02i
[1A| train_loss: 4.29e-01 | test_loss: 5.39e-01 | reg: 1.21e+01 | :  27%|▎| 36/133 [00:01<00:04, 20.13i
[1A| train_loss: 4.29e-01 | test_loss: 5.39e-01 | reg: 1.21e+01 | :  29%|▎| 39/133 [00:01<00:04, 20.09i
[1A| train_loss: 4.29e-01 | test_loss: 5.39e-01 | reg: 1.21e+01 | :  32%|▎| 42/133 [00:02<00:04, 20.12i
[1A| train_loss: 4.29e-01 | test_loss: 5.39e-01 | reg: 1.21e+01 | :  34%|▎| 45/133 [00:02<00:04, 20.10i
[1A| train_loss: 4.29e-01 | test_loss: 5.39e-01 | reg: 1.21e+01 | :  36%|▎| 48/133 [00:02<00:04, 20.21i
[1A| train_loss: 4.29e-01 | test_loss: 5.39e-01 | reg: 1.21e+01 | :  38%|▍| 51/133 [00:02<00:04, 20.35i
[1A| train_loss: 4.28e-01 | test_loss: 5.44e-01 | reg: 1.20e+01 | :  38%|▍| 51/133 [00:02<00:04, 20.35i
[1A| train_loss: 4.28e-01 | test_loss: 5.44e-01 | reg: 1.20e+01 | :  41%|▍| 54/133 [00:02<00:03, 20.44i
[1A| train_loss: 4.28e-01 | test_loss: 5.44e-01 | reg: 1.20e+01 | :  43%|▍| 57/133 [00:02<00:03, 20.38i
[1A| train_loss: 4.28e-01 | test_loss: 5.44e-01 | reg: 1.20e+01 | :  45%|▍| 60/133 [00:02<00:03, 20.37i
[1A| train_loss: 4.28e-01 | test_loss: 5.44e-01 | reg: 1.20e+01 | :  47%|▍| 63/133 [00:03<00:03, 20.30i
[1A| train_loss: 4.28e-01 | test_loss: 5.44e-01 | reg: 1.20e+01 | :  50%|▍| 66/133 [00:03<00:03, 20.19i
[1A| train_loss: 4.28e-01 | test_loss: 5.44e-01 | reg: 1.20e+01 | :  52%|▌| 69/133 [00:03<00:03, 20.03i
[1A| train_loss: 4.28e-01 | test_loss: 5.44e-01 | reg: 1.20e+01 | :  54%|▌| 72/133 [00:03<00:03, 20.08i
[1A| train_loss: 4.28e-01 | test_loss: 5.44e-01 | reg: 1.20e+01 | :  56%|▌| 75/133 [00:03<00:02, 20.10i
[1A| train_loss: 4.28e-01 | test_loss: 5.44e-01 | reg: 1.20e+01 | :  59%|▌| 78/133 [00:03<00:02, 20.02i
[1A| train_loss: 4.27e-01 | test_loss: 5.48e-01 | reg: 1.20e+01 | :  59%|▌| 78/133 [00:03<00:02, 20.02i
[1A| train_loss: 4.27e-01 | test_loss: 5.48e-01 | reg: 1.20e+01 | :  61%|▌| 81/133 [00:04<00:02, 20.02i
[1A| train_loss: 4.27e-01 | test_loss: 5.48e-01 | reg: 1.20e+01 | :  63%|▋| 84/133 [00:04<00:02, 19.95i
[1A| train_loss: 4.27e-01 | test_loss: 5.48e-01 | reg: 1.20e+01 | :  65%|▋| 86/133 [00:04<00:02, 19.79i
[1A| train_loss: 4.27e-01 | test_loss: 5.48e-01 | reg: 1.20e+01 | :  66%|▋| 88/133 [00:04<00:02, 19.83i
[1A| train_loss: 4.27e-01 | test_loss: 5.48e-01 | reg: 1.20e+01 | :  68%|▋| 91/133 [00:04<00:02, 19.86i
[1A| train_loss: 4.27e-01 | test_loss: 5.48e-01 | reg: 1.20e+01 | :  70%|▋| 93/133 [00:04<00:02, 19.87i
[1A| train_loss: 4.27e-01 | test_loss: 5.48e-01 | reg: 1.20e+01 | :  72%|▋| 96/133 [00:04<00:01, 20.00i
[1A| train_loss: 4.27e-01 | test_loss: 5.48e-01 | reg: 1.20e+01 | :  74%|▋| 98/133 [00:04<00:01, 19.84i
[1A| train_loss: 4.27e-01 | test_loss: 5.48e-01 | reg: 1.20e+01 | :  75%|▊| 100/133 [00:04<00:01, 19.88
[1A| train_loss: 4.27e-01 | test_loss: 5.48e-01 | reg: 1.20e+01 | :  77%|▊| 102/133 [00:05<00:01, 19.85
[1A| train_loss: 4.27e-01 | test_loss: 5.48e-01 | reg: 1.20e+01 | :  78%|▊| 104/133 [00:05<00:01, 19.78
[1A| train_loss: 4.26e-01 | test_loss: 5.51e-01 | reg: 1.20e+01 | :  78%|▊| 104/133 [00:05<00:01, 19.78
[1A| train_loss: 4.26e-01 | test_loss: 5.51e-01 | reg: 1.20e+01 | :  80%|▊| 106/133 [00:05<00:01, 19.68
[1A| train_loss: 4.26e-01 | test_loss: 5.51e-01 | reg: 1.20e+01 | :  81%|▊| 108/133 [00:05<00:01, 19.69
[1A| train_loss: 4.26e-01 | test_loss: 5.51e-01 | reg: 1.20e+01 | :  83%|▊| 111/133 [00:05<00:01, 19.87
[1A| train_loss: 4.26e-01 | test_loss: 5.51e-01 | reg: 1.20e+01 | :  86%|▊| 114/133 [00:05<00:00, 20.11
[1A| train_loss: 4.26e-01 | test_loss: 5.51e-01 | reg: 1.20e+01 | :  88%|▉| 117/133 [00:05<00:00, 20.03
[1A| train_loss: 4.26e-01 | test_loss: 5.51e-01 | reg: 1.20e+01 | :  89%|▉| 119/133 [00:05<00:00, 19.99
[1A| train_loss: 4.26e-01 | test_loss: 5.51e-01 | reg: 1.20e+01 | :  91%|▉| 121/133 [00:06<00:00, 19.88
[1A| train_loss: 4.26e-01 | test_loss: 5.51e-01 | reg: 1.20e+01 | :  92%|▉| 123/133 [00:06<00:00, 19.90
[1A| train_loss: 4.26e-01 | test_loss: 5.51e-01 | reg: 1.20e+01 | :  95%|▉| 126/133 [00:06<00:00, 19.97
[1A| train_loss: 4.26e-01 | test_loss: 5.51e-01 | reg: 1.20e+01 | :  97%|▉| 129/133 [00:06<00:00, 19.97
[1A| train_loss: 4.25e-01 | test_loss: 5.55e-01 | reg: 1.20e+01 | :  97%|▉| 129/133 [00:06<00:00, 19.97
[1A| train_loss: 4.25e-01 | test_loss: 5.55e-01 | reg: 1.20e+01 | :  98%|▉| 131/133 [00:06<00:00, 19.95
[1A| train_loss: 4.25e-01 | test_loss: 5.55e-01 | reg: 1.20e+01 | : 100%|█| 133/133 [00:06<00:00, 19.90
[1A| train_loss: 4.25e-01 | test_loss: 5.55e-01 | reg: 1.20e+01 | : 100%|█| 133/133 [00:06<00:00, 20.02
[kan_fit] stage=sparsify done=798/800 chunk_steps=133 chunk_s=6.6 train_loss=0.425155 val_loss=0.555765 reg=11.9537

[1Adescription:   0%|                                                            | 0/2 [00:00<?, ?it/s]
[1A| train_loss: 4.25e-01 | test_loss: 5.83e-01 | reg: 1.20e+01 | :   0%|        | 0/2 [00:00<?, ?it/s]
[1A| train_loss: 4.58e-01 | test_loss: 5.85e-01 | reg: 1.36e+01 | :   0%|        | 0/2 [00:00<?, ?it/s]
[1A| train_loss: 4.58e-01 | test_loss: 5.85e-01 | reg: 1.36e+01 | : 100%|█| 2/2 [00:00<00:00, 19.67it/s
[1A| train_loss: 4.58e-01 | test_loss: 5.85e-01 | reg: 1.36e+01 | : 100%|█| 2/2 [00:00<00:00, 19.62it/s
[kan_fit] stage=sparsify done=800/800 chunk_steps=2 chunk_s=0.1 train_loss=0.458425 val_loss=0.584623 reg=13.5983

[1Adescription:   0%|                                                           | 0/50 [00:00<?, ?it/s]
[1A| train_loss: 4.23e-01 | test_loss: 5.10e-01 | reg: 0.00e+00 | :   0%|       | 0/50 [00:00<?, ?it/s]
[1A| train_loss: 4.23e-01 | test_loss: 5.10e-01 | reg: 0.00e+00 | :   2%| | 1/50 [00:00<00:28,  1.72it/
[1A| train_loss: 4.23e-01 | test_loss: 5.10e-01 | reg: 0.00e+00 | :   4%| | 2/50 [00:01<00:27,  1.75it/
[1A| train_loss: 4.23e-01 | test_loss: 5.10e-01 | reg: 0.00e+00 | :   6%| | 3/50 [00:01<00:26,  1.76it/
[1A| train_loss: 4.23e-01 | test_loss: 5.10e-01 | reg: 0.00e+00 | :   8%| | 4/50 [00:02<00:26,  1.76it/
[1A| train_loss: 4.23e-01 | test_loss: 5.10e-01 | reg: 0.00e+00 | :  10%| | 5/50 [00:02<00:25,  1.74it/
[1A| train_loss: 4.23e-01 | test_loss: 5.10e-01 | reg: 0.00e+00 | :  12%| | 6/50 [00:03<00:25,  1.72it/
[1A| train_loss: 4.23e-01 | test_loss: 5.10e-01 | reg: 0.00e+00 | :  14%|▏| 7/50 [00:04<00:24,  1.73it/
[1A| train_loss: 4.23e-01 | test_loss: 5.10e-01 | reg: 0.00e+00 | :  16%|▏| 8/50 [00:04<00:24,  1.74it/
[1A| train_loss: 4.23e-01 | test_loss: 5.10e-01 | reg: 0.00e+00 | :  18%|▏| 9/50 [00:05<00:23,  1.75it/
[1A| train_loss: 4.23e-01 | test_loss: 5.10e-01 | reg: 0.00e+00 | :  20%|▏| 10/50 [00:05<00:22,  1.76it
[1A| train_loss: 4.07e-01 | test_loss: 5.03e-01 | reg: 0.00e+00 | :  20%|▏| 10/50 [00:06<00:22,  1.76it
[1A| train_loss: 4.07e-01 | test_loss: 5.03e-01 | reg: 0.00e+00 | :  22%|▏| 11/50 [00:06<00:22,  1.77it
[1A| train_loss: 4.07e-01 | test_loss: 5.03e-01 | reg: 0.00e+00 | :  24%|▏| 12/50 [00:06<00:21,  1.78it
[1A| train_loss: 4.07e-01 | test_loss: 5.03e-01 | reg: 0.00e+00 | :  26%|▎| 13/50 [00:07<00:20,  1.79it
[1A| train_loss: 4.07e-01 | test_loss: 5.03e-01 | reg: 0.00e+00 | :  28%|▎| 14/50 [00:07<00:20,  1.79it
[1A| train_loss: 4.07e-01 | test_loss: 5.03e-01 | reg: 0.00e+00 | :  30%|▎| 15/50 [00:08<00:19,  1.78it
[1A| train_loss: 4.07e-01 | test_loss: 5.03e-01 | reg: 0.00e+00 | :  32%|▎| 16/50 [00:09<00:19,  1.76it
[1A| train_loss: 4.07e-01 | test_loss: 5.03e-01 | reg: 0.00e+00 | :  34%|▎| 17/50 [00:09<00:18,  1.77it
[1A| train_loss: 4.07e-01 | test_loss: 5.03e-01 | reg: 0.00e+00 | :  36%|▎| 18/50 [00:10<00:17,  1.78it
[1A| train_loss: 4.07e-01 | test_loss: 5.03e-01 | reg: 0.00e+00 | :  38%|▍| 19/50 [00:10<00:17,  1.78it
[1A| train_loss: 4.07e-01 | test_loss: 5.03e-01 | reg: 0.00e+00 | :  40%|▍| 20/50 [00:11<00:16,  1.78it
[1A| train_loss: 4.02e-01 | test_loss: 4.98e-01 | reg: 0.00e+00 | :  40%|▍| 20/50 [00:11<00:16,  1.78it
[1A| train_loss: 4.02e-01 | test_loss: 4.98e-01 | reg: 0.00e+00 | :  42%|▍| 21/50 [00:11<00:16,  1.77it
[1A| train_loss: 4.02e-01 | test_loss: 4.98e-01 | reg: 0.00e+00 | :  44%|▍| 22/50 [00:12<00:15,  1.76it
[1A| train_loss: 4.02e-01 | test_loss: 4.98e-01 | reg: 0.00e+00 | :  46%|▍| 23/50 [00:13<00:15,  1.74it
[1A| train_loss: 4.02e-01 | test_loss: 4.98e-01 | reg: 0.00e+00 | :  48%|▍| 24/50 [00:13<00:15,  1.73it
[1A| train_loss: 4.02e-01 | test_loss: 4.98e-01 | reg: 0.00e+00 | :  50%|▌| 25/50 [00:14<00:14,  1.73it
[1A| train_loss: 4.02e-01 | test_loss: 4.98e-01 | reg: 0.00e+00 | :  52%|▌| 26/50 [00:14<00:13,  1.75it
[1A| train_loss: 4.02e-01 | test_loss: 4.98e-01 | reg: 0.00e+00 | :  54%|▌| 27/50 [00:15<00:13,  1.75it
[1A| train_loss: 4.02e-01 | test_loss: 4.98e-01 | reg: 0.00e+00 | :  56%|▌| 28/50 [00:15<00:12,  1.76it
[1A| train_loss: 4.02e-01 | test_loss: 4.98e-01 | reg: 0.00e+00 | :  58%|▌| 29/50 [00:16<00:11,  1.76it
[1A| train_loss: 4.02e-01 | test_loss: 4.98e-01 | reg: 0.00e+00 | :  60%|▌| 30/50 [00:17<00:11,  1.77it
[1A| train_loss: 3.99e-01 | test_loss: 5.00e-01 | reg: 0.00e+00 | :  60%|▌| 30/50 [00:17<00:11,  1.77it
[1A| train_loss: 3.99e-01 | test_loss: 5.00e-01 | reg: 0.00e+00 | :  62%|▌| 31/50 [00:17<00:10,  1.78it
[1A| train_loss: 3.99e-01 | test_loss: 5.00e-01 | reg: 0.00e+00 | :  64%|▋| 32/50 [00:18<00:10,  1.79it
[1A| train_loss: 3.99e-01 | test_loss: 5.00e-01 | reg: 0.00e+00 | :  66%|▋| 33/50 [00:18<00:09,  1.79it
[1A| train_loss: 3.99e-01 | test_loss: 5.00e-01 | reg: 0.00e+00 | :  68%|▋| 34/50 [00:19<00:09,  1.75it
[1A| train_loss: 3.99e-01 | test_loss: 5.00e-01 | reg: 0.00e+00 | :  70%|▋| 35/50 [00:19<00:08,  1.77it
[1A| train_loss: 3.99e-01 | test_loss: 5.00e-01 | reg: 0.00e+00 | :  72%|▋| 36/50 [00:20<00:07,  1.78it
[1A| train_loss: 3.99e-01 | test_loss: 5.00e-01 | reg: 0.00e+00 | :  74%|▋| 37/50 [00:20<00:07,  1.77it
[1A| train_loss: 3.99e-01 | test_loss: 5.00e-01 | reg: 0.00e+00 | :  76%|▊| 38/50 [00:21<00:06,  1.78it
[1A| train_loss: 3.99e-01 | test_loss: 5.00e-01 | reg: 0.00e+00 | :  78%|▊| 39/50 [00:22<00:06,  1.77it
[1A| train_loss: 3.99e-01 | test_loss: 5.00e-01 | reg: 0.00e+00 | :  80%|▊| 40/50 [00:22<00:05,  1.73it
[1A| train_loss: 3.97e-01 | test_loss: 4.93e-01 | reg: 0.00e+00 | :  80%|▊| 40/50 [00:23<00:05,  1.73it
[1A| train_loss: 3.97e-01 | test_loss: 4.93e-01 | reg: 0.00e+00 | :  82%|▊| 41/50 [00:23<00:05,  1.75it
[1A| train_loss: 3.97e-01 | test_loss: 4.93e-01 | reg: 0.00e+00 | :  84%|▊| 42/50 [00:23<00:04,  1.74it
[1A| train_loss: 3.97e-01 | test_loss: 4.93e-01 | reg: 0.00e+00 | :  86%|▊| 43/50 [00:24<00:04,  1.75it
[1A| train_loss: 3.97e-01 | test_loss: 4.93e-01 | reg: 0.00e+00 | :  88%|▉| 44/50 [00:25<00:03,  1.75it
[1A| train_loss: 3.97e-01 | test_loss: 4.93e-01 | reg: 0.00e+00 | :  90%|▉| 45/50 [00:25<00:02,  1.76it
[1A| train_loss: 3.97e-01 | test_loss: 4.93e-01 | reg: 0.00e+00 | :  92%|▉| 46/50 [00:26<00:02,  1.73it
[1A| train_loss: 3.97e-01 | test_loss: 4.93e-01 | reg: 0.00e+00 | :  94%|▉| 47/50 [00:26<00:01,  1.74it
[1A| train_loss: 3.97e-01 | test_loss: 4.93e-01 | reg: 0.00e+00 | :  96%|▉| 48/50 [00:27<00:01,  1.76it
[1A| train_loss: 3.97e-01 | test_loss: 4.93e-01 | reg: 0.00e+00 | :  98%|▉| 49/50 [00:27<00:00,  1.77it
[1A| train_loss: 3.97e-01 | test_loss: 4.93e-01 | reg: 0.00e+00 | : 100%|█| 50/50 [00:28<00:00,  1.69it| train_loss: 3.97e-01 | test_loss: 4.93e-01 | reg: 0.00e+00 | : 100%|█| 50/50 [00:28<00:00,  1.75it
[kan_fit] stage=refine done=50/200 chunk_steps=50 chunk_s=28.5 train_loss=0.395592 val_loss=0.482586 reg=0

[1Adescription:   0%|                                                           | 0/50 [00:00<?, ?it/s]
[1A| train_loss: 3.96e-01 | test_loss: 4.83e-01 | reg: 0.00e+00 | :   0%|       | 0/50 [00:00<?, ?it/s]
[1A| train_loss: 3.96e-01 | test_loss: 4.83e-01 | reg: 0.00e+00 | :   2%| | 1/50 [00:00<00:28,  1.72it/
[1A| train_loss: 3.96e-01 | test_loss: 4.83e-01 | reg: 0.00e+00 | :   4%| | 2/50 [00:01<00:27,  1.77it/
[1A| train_loss: 3.96e-01 | test_loss: 4.83e-01 | reg: 0.00e+00 | :   6%| | 3/50 [00:01<00:26,  1.75it/
[1A| train_loss: 3.96e-01 | test_loss: 4.83e-01 | reg: 0.00e+00 | :   8%| | 4/50 [00:02<00:25,  1.77it/
[1A| train_loss: 3.96e-01 | test_loss: 4.83e-01 | reg: 0.00e+00 | :  10%| | 5/50 [00:02<00:26,  1.73it/
[1A| train_loss: 3.96e-01 | test_loss: 4.83e-01 | reg: 0.00e+00 | :  12%| | 6/50 [00:03<00:25,  1.75it/
[1A| train_loss: 3.96e-01 | test_loss: 4.83e-01 | reg: 0.00e+00 | :  14%|▏| 7/50 [00:04<00:24,  1.74it/
[1A| train_loss: 3.96e-01 | test_loss: 4.83e-01 | reg: 0.00e+00 | :  16%|▏| 8/50 [00:04<00:23,  1.76it/
[1A| train_loss: 3.96e-01 | test_loss: 4.83e-01 | reg: 0.00e+00 | :  18%|▏| 9/50 [00:05<00:23,  1.77it/
[1A| train_loss: 3.96e-01 | test_loss: 4.83e-01 | reg: 0.00e+00 | :  20%|▏| 10/50 [00:05<00:23,  1.71it
[1A| train_loss: 3.95e-01 | test_loss: 4.86e-01 | reg: 0.00e+00 | :  20%|▏| 10/50 [00:06<00:23,  1.71it
[1A| train_loss: 3.95e-01 | test_loss: 4.86e-01 | reg: 0.00e+00 | :  22%|▏| 11/50 [00:06<00:22,  1.71it
[1A| train_loss: 3.95e-01 | test_loss: 4.86e-01 | reg: 0.00e+00 | :  24%|▏| 12/50 [00:06<00:21,  1.73it
[1A| train_loss: 3.95e-01 | test_loss: 4.86e-01 | reg: 0.00e+00 | :  26%|▎| 13/50 [00:07<00:21,  1.75it
[1A| train_loss: 3.95e-01 | test_loss: 4.86e-01 | reg: 0.00e+00 | :  28%|▎| 14/50 [00:08<00:20,  1.75it
[1A| train_loss: 3.95e-01 | test_loss: 4.86e-01 | reg: 0.00e+00 | :  30%|▎| 15/50 [00:08<00:19,  1.76it
[1A| train_loss: 3.95e-01 | test_loss: 4.86e-01 | reg: 0.00e+00 | :  32%|▎| 16/50 [00:09<00:19,  1.74it
[1A| train_loss: 3.95e-01 | test_loss: 4.86e-01 | reg: 0.00e+00 | :  34%|▎| 17/50 [00:09<00:18,  1.74it
[1A| train_loss: 3.95e-01 | test_loss: 4.86e-01 | reg: 0.00e+00 | :  36%|▎| 18/50 [00:10<00:18,  1.74it
[1A| train_loss: 3.95e-01 | test_loss: 4.86e-01 | reg: 0.00e+00 | :  38%|▍| 19/50 [00:10<00:18,  1.70it
[1A| train_loss: 3.95e-01 | test_loss: 4.86e-01 | reg: 0.00e+00 | :  40%|▍| 20/50 [00:11<00:17,  1.72it
[1A| train_loss: 3.94e-01 | test_loss: 5.09e-01 | reg: 0.00e+00 | :  40%|▍| 20/50 [00:12<00:17,  1.72it
[1A| train_loss: 3.94e-01 | test_loss: 5.09e-01 | reg: 0.00e+00 | :  42%|▍| 21/50 [00:12<00:16,  1.73it
[1A| train_loss: 3.94e-01 | test_loss: 5.09e-01 | reg: 0.00e+00 | :  44%|▍| 22/50 [00:12<00:16,  1.73it
[1A| train_loss: 3.94e-01 | test_loss: 5.09e-01 | reg: 0.00e+00 | :  46%|▍| 23/50 [00:13<00:15,  1.75it
[1A| train_loss: 3.94e-01 | test_loss: 5.09e-01 | reg: 0.00e+00 | :  48%|▍| 24/50 [00:13<00:14,  1.77it
[1A| train_loss: 3.94e-01 | test_loss: 5.09e-01 | reg: 0.00e+00 | :  50%|▌| 25/50 [00:14<00:14,  1.78it
[1A| train_loss: 3.94e-01 | test_loss: 5.09e-01 | reg: 0.00e+00 | :  52%|▌| 26/50 [00:14<00:13,  1.79it
[1A| train_loss: 3.94e-01 | test_loss: 5.09e-01 | reg: 0.00e+00 | :  54%|▌| 27/50 [00:15<00:12,  1.79it
[1A| train_loss: 3.94e-01 | test_loss: 5.09e-01 | reg: 0.00e+00 | :  56%|▌| 28/50 [00:16<00:12,  1.78it
[1A| train_loss: 3.94e-01 | test_loss: 5.09e-01 | reg: 0.00e+00 | :  58%|▌| 29/50 [00:16<00:11,  1.77it
[1A| train_loss: 3.94e-01 | test_loss: 5.09e-01 | reg: 0.00e+00 | :  60%|▌| 30/50 [00:17<00:11,  1.73it
[1A| train_loss: 3.92e-01 | test_loss: 5.90e-01 | reg: 0.00e+00 | :  60%|▌| 30/50 [00:17<00:11,  1.73it
[1A| train_loss: 3.92e-01 | test_loss: 5.90e-01 | reg: 0.00e+00 | :  62%|▌| 31/50 [00:17<00:11,  1.72it
[1A| train_loss: 3.92e-01 | test_loss: 5.90e-01 | reg: 0.00e+00 | :  64%|▋| 32/50 [00:18<00:10,  1.72it
[1A| train_loss: 3.92e-01 | test_loss: 5.90e-01 | reg: 0.00e+00 | :  66%|▋| 33/50 [00:18<00:09,  1.73it
[1A| train_loss: 3.92e-01 | test_loss: 5.90e-01 | reg: 0.00e+00 | :  68%|▋| 34/50 [00:19<00:09,  1.73it
[1A| train_loss: 3.92e-01 | test_loss: 5.90e-01 | reg: 0.00e+00 | :  70%|▋| 35/50 [00:20<00:08,  1.75it
[1A| train_loss: 3.92e-01 | test_loss: 5.90e-01 | reg: 0.00e+00 | :  72%|▋| 36/50 [00:20<00:08,  1.74it
[1A| train_loss: 3.92e-01 | test_loss: 5.90e-01 | reg: 0.00e+00 | :  74%|▋| 37/50 [00:21<00:07,  1.74it
[1A| train_loss: 3.92e-01 | test_loss: 5.90e-01 | reg: 0.00e+00 | :  76%|▊| 38/50 [00:21<00:06,  1.74it
[1A| train_loss: 3.92e-01 | test_loss: 5.90e-01 | reg: 0.00e+00 | :  78%|▊| 39/50 [00:22<00:06,  1.75it
[1A| train_loss: 3.92e-01 | test_loss: 5.90e-01 | reg: 0.00e+00 | :  80%|▊| 40/50 [00:22<00:05,  1.73it
[1A| train_loss: 3.90e-01 | test_loss: 7.72e-01 | reg: 0.00e+00 | :  80%|▊| 40/50 [00:23<00:05,  1.73it
[1A| train_loss: 3.90e-01 | test_loss: 7.72e-01 | reg: 0.00e+00 | :  82%|▊| 41/50 [00:23<00:05,  1.72it
[1A| train_loss: 3.90e-01 | test_loss: 7.72e-01 | reg: 0.00e+00 | :  84%|▊| 42/50 [00:24<00:04,  1.71it
[1A| train_loss: 3.90e-01 | test_loss: 7.72e-01 | reg: 0.00e+00 | :  86%|▊| 43/50 [00:24<00:04,  1.74it
[1A| train_loss: 3.90e-01 | test_loss: 7.72e-01 | reg: 0.00e+00 | :  88%|▉| 44/50 [00:25<00:03,  1.76it
[1A| train_loss: 3.90e-01 | test_loss: 7.72e-01 | reg: 0.00e+00 | :  90%|▉| 45/50 [00:25<00:02,  1.77it
[1A| train_loss: 3.90e-01 | test_loss: 7.72e-01 | reg: 0.00e+00 | :  92%|▉| 46/50 [00:26<00:02,  1.75it
[1A| train_loss: 3.90e-01 | test_loss: 7.72e-01 | reg: 0.00e+00 | :  94%|▉| 47/50 [00:26<00:01,  1.76it
[1A| train_loss: 3.90e-01 | test_loss: 7.72e-01 | reg: 0.00e+00 | :  96%|▉| 48/50 [00:27<00:01,  1.77it
[1A| train_loss: 3.90e-01 | test_loss: 7.72e-01 | reg: 0.00e+00 | :  98%|▉| 49/50 [00:28<00:00,  1.73it
[1A| train_loss: 3.90e-01 | test_loss: 7.72e-01 | reg: 0.00e+00 | : 100%|█| 50/50 [00:28<00:00,  1.61it| train_loss: 3.90e-01 | test_loss: 7.72e-01 | reg: 0.00e+00 | : 100%|█| 50/50 [00:28<00:00,  1.73it
[kan_fit] stage=refine done=100/200 chunk_steps=50 chunk_s=28.8 train_loss=0.389687 val_loss=0.90163 reg=0

[1Adescription:   0%|                                                           | 0/50 [00:00<?, ?it/s]
[1A| train_loss: 3.90e-01 | test_loss: 8.96e-01 | reg: 0.00e+00 | :   0%|       | 0/50 [00:00<?, ?it/s]
[1A| train_loss: 3.90e-01 | test_loss: 8.96e-01 | reg: 0.00e+00 | :   2%| | 1/50 [00:00<00:30,  1.60it/
[1A| train_loss: 3.90e-01 | test_loss: 8.96e-01 | reg: 0.00e+00 | :   4%| | 2/50 [00:01<00:28,  1.69it/
[1A| train_loss: 3.90e-01 | test_loss: 8.96e-01 | reg: 0.00e+00 | :   6%| | 3/50 [00:01<00:26,  1.74it/
[1A| train_loss: 3.90e-01 | test_loss: 8.96e-01 | reg: 0.00e+00 | :   8%| | 4/50 [00:02<00:25,  1.78it/
[1A| train_loss: 3.90e-01 | test_loss: 8.96e-01 | reg: 0.00e+00 | :  10%| | 5/50 [00:02<00:25,  1.78it/
[1A| train_loss: 3.90e-01 | test_loss: 8.96e-01 | reg: 0.00e+00 | :  12%| | 6/50 [00:03<00:24,  1.78it/
[1A| train_loss: 3.90e-01 | test_loss: 8.96e-01 | reg: 0.00e+00 | :  14%|▏| 7/50 [00:03<00:24,  1.76it/
[1A| train_loss: 3.90e-01 | test_loss: 8.96e-01 | reg: 0.00e+00 | :  16%|▏| 8/50 [00:04<00:23,  1.77it/
[1A| train_loss: 3.90e-01 | test_loss: 8.96e-01 | reg: 0.00e+00 | :  18%|▏| 9/50 [00:05<00:22,  1.79it/
[1A| train_loss: 3.90e-01 | test_loss: 8.96e-01 | reg: 0.00e+00 | :  20%|▏| 10/50 [00:05<00:22,  1.79it
[1A| train_loss: 3.89e-01 | test_loss: 9.66e-01 | reg: 0.00e+00 | :  20%|▏| 10/50 [00:06<00:22,  1.79it
[1A| train_loss: 3.89e-01 | test_loss: 9.66e-01 | reg: 0.00e+00 | :  22%|▏| 11/50 [00:06<00:21,  1.80it
[1A| train_loss: 3.89e-01 | test_loss: 9.66e-01 | reg: 0.00e+00 | :  24%|▏| 12/50 [00:06<00:21,  1.75it
[1A| train_loss: 3.89e-01 | test_loss: 9.66e-01 | reg: 0.00e+00 | :  26%|▎| 13/50 [00:07<00:20,  1.76it
[1A| train_loss: 3.89e-01 | test_loss: 9.66e-01 | reg: 0.00e+00 | :  28%|▎| 14/50 [00:07<00:20,  1.75it
[1A| train_loss: 3.89e-01 | test_loss: 9.66e-01 | reg: 0.00e+00 | :  30%|▎| 15/50 [00:08<00:20,  1.74it
[1A| train_loss: 3.89e-01 | test_loss: 9.66e-01 | reg: 0.00e+00 | :  32%|▎| 16/50 [00:09<00:19,  1.76it
[1A| train_loss: 3.89e-01 | test_loss: 9.66e-01 | reg: 0.00e+00 | :  34%|▎| 17/50 [00:09<00:18,  1.77it
[1A| train_loss: 3.89e-01 | test_loss: 9.66e-01 | reg: 0.00e+00 | :  36%|▎| 18/50 [00:10<00:17,  1.78it
[1A| train_loss: 3.89e-01 | test_loss: 9.66e-01 | reg: 0.00e+00 | :  38%|▍| 19/50 [00:10<00:17,  1.78it
[1A| train_loss: 3.89e-01 | test_loss: 9.66e-01 | reg: 0.00e+00 | :  40%|▍| 20/50 [00:11<00:16,  1.79it
[1A| train_loss: 3.89e-01 | test_loss: 1.19e+00 | reg: 0.00e+00 | :  40%|▍| 20/50 [00:11<00:16,  1.79it
[1A| train_loss: 3.89e-01 | test_loss: 1.19e+00 | reg: 0.00e+00 | :  42%|▍| 21/50 [00:11<00:16,  1.79it
[1A| train_loss: 3.89e-01 | test_loss: 1.19e+00 | reg: 0.00e+00 | :  44%|▍| 22/50 [00:12<00:15,  1.78it
[1A| train_loss: 3.89e-01 | test_loss: 1.19e+00 | reg: 0.00e+00 | :  46%|▍| 23/50 [00:13<00:15,  1.75it
[1A| train_loss: 3.89e-01 | test_loss: 1.19e+00 | reg: 0.00e+00 | :  48%|▍| 24/50 [00:13<00:14,  1.77it
[1A| train_loss: 3.89e-01 | test_loss: 1.19e+00 | reg: 0.00e+00 | :  50%|▌| 25/50 [00:14<00:14,  1.75it
[1A| train_loss: 3.89e-01 | test_loss: 1.19e+00 | reg: 0.00e+00 | :  52%|▌| 26/50 [00:14<00:13,  1.77it
[1A| train_loss: 3.89e-01 | test_loss: 1.19e+00 | reg: 0.00e+00 | :  54%|▌| 27/50 [00:15<00:13,  1.74it
[1A| train_loss: 3.89e-01 | test_loss: 1.19e+00 | reg: 0.00e+00 | :  56%|▌| 28/50 [00:15<00:12,  1.76it
[1A| train_loss: 3.89e-01 | test_loss: 1.19e+00 | reg: 0.00e+00 | :  58%|▌| 29/50 [00:16<00:11,  1.77it
[1A| train_loss: 3.89e-01 | test_loss: 1.19e+00 | reg: 0.00e+00 | :  60%|▌| 30/50 [00:16<00:11,  1.77it
[1A| train_loss: 3.88e-01 | test_loss: 1.54e+00 | reg: 0.00e+00 | :  60%|▌| 30/50 [00:17<00:11,  1.77it
[1A| train_loss: 3.88e-01 | test_loss: 1.54e+00 | reg: 0.00e+00 | :  62%|▌| 31/50 [00:17<00:10,  1.78it
[1A| train_loss: 3.88e-01 | test_loss: 1.54e+00 | reg: 0.00e+00 | :  64%|▋| 32/50 [00:18<00:10,  1.75it
[1A| train_loss: 3.88e-01 | test_loss: 1.54e+00 | reg: 0.00e+00 | :  66%|▋| 33/50 [00:18<00:09,  1.76it
[1A| train_loss: 3.88e-01 | test_loss: 1.54e+00 | reg: 0.00e+00 | :  68%|▋| 34/50 [00:19<00:09,  1.77it
[1A| train_loss: 3.88e-01 | test_loss: 1.54e+00 | reg: 0.00e+00 | :  70%|▋| 35/50 [00:19<00:08,  1.79it
[1A| train_loss: 3.88e-01 | test_loss: 1.54e+00 | reg: 0.00e+00 | :  72%|▋| 36/50 [00:20<00:07,  1.80it
[1A| train_loss: 3.88e-01 | test_loss: 1.54e+00 | reg: 0.00e+00 | :  74%|▋| 37/50 [00:20<00:07,  1.80it
[1A| train_loss: 3.88e-01 | test_loss: 1.54e+00 | reg: 0.00e+00 | :  76%|▊| 38/50 [00:21<00:06,  1.80it
[1A| train_loss: 3.88e-01 | test_loss: 1.54e+00 | reg: 0.00e+00 | :  78%|▊| 39/50 [00:22<00:06,  1.79it
[1A| train_loss: 3.88e-01 | test_loss: 1.54e+00 | reg: 0.00e+00 | :  80%|▊| 40/50 [00:22<00:05,  1.79it
[1A| train_loss: 3.88e-01 | test_loss: 1.98e+00 | reg: 0.00e+00 | :  80%|▊| 40/50 [00:23<00:05,  1.79it
[1A| train_loss: 3.88e-01 | test_loss: 1.98e+00 | reg: 0.00e+00 | :  82%|▊| 41/50 [00:23<00:05,  1.79it
[1A| train_loss: 3.88e-01 | test_loss: 1.98e+00 | reg: 0.00e+00 | :  84%|▊| 42/50 [00:23<00:04,  1.79it
[1A| train_loss: 3.88e-01 | test_loss: 1.98e+00 | reg: 0.00e+00 | :  86%|▊| 43/50 [00:24<00:03,  1.79it
[1A| train_loss: 3.88e-01 | test_loss: 1.98e+00 | reg: 0.00e+00 | :  88%|▉| 44/50 [00:24<00:03,  1.79it
[1A| train_loss: 3.88e-01 | test_loss: 1.98e+00 | reg: 0.00e+00 | :  90%|▉| 45/50 [00:25<00:02,  1.79it
[1A| train_loss: 3.88e-01 | test_loss: 1.98e+00 | reg: 0.00e+00 | :  92%|▉| 46/50 [00:25<00:02,  1.80it
[1A| train_loss: 3.88e-01 | test_loss: 1.98e+00 | reg: 0.00e+00 | :  94%|▉| 47/50 [00:26<00:01,  1.81it
[1A| train_loss: 3.88e-01 | test_loss: 1.98e+00 | reg: 0.00e+00 | :  96%|▉| 48/50 [00:27<00:01,  1.78it
[1A| train_loss: 3.88e-01 | test_loss: 1.98e+00 | reg: 0.00e+00 | :  98%|▉| 49/50 [00:27<00:00,  1.74it
[1A| train_loss: 3.88e-01 | test_loss: 1.98e+00 | reg: 0.00e+00 | : 100%|█| 50/50 [00:28<00:00,  1.68it
[1A| train_loss: 3.88e-01 | test_loss: 1.98e+00 | reg: 0.00e+00 | : 100%|█| 50/50 [00:28<00:00,  1.77it
[kan_fit] stage=refine done=150/200 chunk_steps=50 chunk_s=28.3 train_loss=0.387528 val_loss=2.61696 reg=0

[1Adescription:   0%|                                                           | 0/50 [00:00<?, ?it/s]
[1A| train_loss: 3.88e-01 | test_loss: 2.62e+00 | reg: 0.00e+00 | :   0%|       | 0/50 [00:00<?, ?it/s]
[1A| train_loss: 3.88e-01 | test_loss: 2.62e+00 | reg: 0.00e+00 | :   2%| | 1/50 [00:00<00:29,  1.68it/
[1A| train_loss: 3.88e-01 | test_loss: 2.62e+00 | reg: 0.00e+00 | :   4%| | 2/50 [00:01<00:27,  1.75it/
[1A| train_loss: 3.88e-01 | test_loss: 2.62e+00 | reg: 0.00e+00 | :   6%| | 3/50 [00:01<00:26,  1.76it/
[1A| train_loss: 3.88e-01 | test_loss: 2.62e+00 | reg: 0.00e+00 | :   8%| | 4/50 [00:02<00:25,  1.77it/
[1A| train_loss: 3.88e-01 | test_loss: 2.62e+00 | reg: 0.00e+00 | :  10%| | 5/50 [00:02<00:25,  1.77it/
[1A| train_loss: 3.88e-01 | test_loss: 2.62e+00 | reg: 0.00e+00 | :  12%| | 6/50 [00:03<00:24,  1.79it/
[1A| train_loss: 3.88e-01 | test_loss: 2.62e+00 | reg: 0.00e+00 | :  14%|▏| 7/50 [00:03<00:24,  1.76it/
[1A| train_loss: 3.88e-01 | test_loss: 2.62e+00 | reg: 0.00e+00 | :  16%|▏| 8/50 [00:04<00:23,  1.77it/
[1A| train_loss: 3.88e-01 | test_loss: 2.62e+00 | reg: 0.00e+00 | :  18%|▏| 9/50 [00:05<00:23,  1.77it/
[1A| train_loss: 3.88e-01 | test_loss: 2.62e+00 | reg: 0.00e+00 | :  20%|▏| 10/50 [00:05<00:22,  1.76it
[1A| train_loss: 3.87e-01 | test_loss: 2.58e+00 | reg: 0.00e+00 | :  20%|▏| 10/50 [00:06<00:22,  1.76it
[1A| train_loss: 3.87e-01 | test_loss: 2.58e+00 | reg: 0.00e+00 | :  22%|▏| 11/50 [00:06<00:22,  1.77it
[1A| train_loss: 3.87e-01 | test_loss: 2.58e+00 | reg: 0.00e+00 | :  24%|▏| 12/50 [00:06<00:21,  1.78it
[1A| train_loss: 3.87e-01 | test_loss: 2.58e+00 | reg: 0.00e+00 | :  26%|▎| 13/50 [00:07<00:20,  1.78it
[1A| train_loss: 3.87e-01 | test_loss: 2.58e+00 | reg: 0.00e+00 | :  28%|▎| 14/50 [00:07<00:20,  1.76it
[1A| train_loss: 3.87e-01 | test_loss: 2.58e+00 | reg: 0.00e+00 | :  30%|▎| 15/50 [00:08<00:19,  1.78it
[1A| train_loss: 3.87e-01 | test_loss: 2.58e+00 | reg: 0.00e+00 | :  32%|▎| 16/50 [00:09<00:19,  1.77it
[1A| train_loss: 3.87e-01 | test_loss: 2.58e+00 | reg: 0.00e+00 | :  34%|▎| 17/50 [00:09<00:18,  1.76it
[1A| train_loss: 3.87e-01 | test_loss: 2.58e+00 | reg: 0.00e+00 | :  36%|▎| 18/50 [00:10<00:18,  1.74it
[1A| train_loss: 3.87e-01 | test_loss: 2.58e+00 | reg: 0.00e+00 | :  38%|▍| 19/50 [00:10<00:17,  1.75it
[1A| train_loss: 3.87e-01 | test_loss: 2.58e+00 | reg: 0.00e+00 | :  40%|▍| 20/50 [00:11<00:17,  1.76it
[1A| train_loss: 3.87e-01 | test_loss: 2.50e+00 | reg: 0.00e+00 | :  40%|▍| 20/50 [00:11<00:17,  1.76it
[1A| train_loss: 3.87e-01 | test_loss: 2.50e+00 | reg: 0.00e+00 | :  42%|▍| 21/50 [00:11<00:16,  1.75it
[1A| train_loss: 3.87e-01 | test_loss: 2.50e+00 | reg: 0.00e+00 | :  44%|▍| 22/50 [00:12<00:15,  1.75it
[1A| train_loss: 3.87e-01 | test_loss: 2.50e+00 | reg: 0.00e+00 | :  46%|▍| 23/50 [00:13<00:15,  1.73it
[1A| train_loss: 3.87e-01 | test_loss: 2.50e+00 | reg: 0.00e+00 | :  48%|▍| 24/50 [00:13<00:15,  1.73it
[1A| train_loss: 3.87e-01 | test_loss: 2.50e+00 | reg: 0.00e+00 | :  50%|▌| 25/50 [00:14<00:14,  1.74it
[1A| train_loss: 3.87e-01 | test_loss: 2.50e+00 | reg: 0.00e+00 | :  52%|▌| 26/50 [00:14<00:13,  1.75it
[1A| train_loss: 3.87e-01 | test_loss: 2.50e+00 | reg: 0.00e+00 | :  54%|▌| 27/50 [00:15<00:13,  1.71it
[1A| train_loss: 3.87e-01 | test_loss: 2.50e+00 | reg: 0.00e+00 | :  56%|▌| 28/50 [00:15<00:12,  1.72it
[1A| train_loss: 3.87e-01 | test_loss: 2.50e+00 | reg: 0.00e+00 | :  58%|▌| 29/50 [00:16<00:12,  1.73it
[1A| train_loss: 3.87e-01 | test_loss: 2.50e+00 | reg: 0.00e+00 | :  60%|▌| 30/50 [00:17<00:11,  1.74it
[1A| train_loss: 3.87e-01 | test_loss: 2.38e+00 | reg: 0.00e+00 | :  60%|▌| 30/50 [00:17<00:11,  1.74it
[1A| train_loss: 3.87e-01 | test_loss: 2.38e+00 | reg: 0.00e+00 | :  62%|▌| 31/50 [00:17<00:11,  1.70it
[1A| train_loss: 3.87e-01 | test_loss: 2.38e+00 | reg: 0.00e+00 | :  64%|▋| 32/50 [00:18<00:10,  1.73it
[1A| train_loss: 3.87e-01 | test_loss: 2.38e+00 | reg: 0.00e+00 | :  66%|▋| 33/50 [00:18<00:09,  1.72it
[1A| train_loss: 3.87e-01 | test_loss: 2.38e+00 | reg: 0.00e+00 | :  68%|▋| 34/50 [00:19<00:09,  1.74it
[1A| train_loss: 3.87e-01 | test_loss: 2.38e+00 | reg: 0.00e+00 | :  70%|▋| 35/50 [00:20<00:08,  1.75it
[1A| train_loss: 3.87e-01 | test_loss: 2.38e+00 | reg: 0.00e+00 | :  72%|▋| 36/50 [00:20<00:08,  1.73it
[1A| train_loss: 3.87e-01 | test_loss: 2.38e+00 | reg: 0.00e+00 | :  74%|▋| 37/50 [00:21<00:07,  1.74it
[1A| train_loss: 3.87e-01 | test_loss: 2.38e+00 | reg: 0.00e+00 | :  76%|▊| 38/50 [00:21<00:06,  1.75it
[1A| train_loss: 3.87e-01 | test_loss: 2.38e+00 | reg: 0.00e+00 | :  78%|▊| 39/50 [00:22<00:06,  1.73it
[1A| train_loss: 3.87e-01 | test_loss: 2.38e+00 | reg: 0.00e+00 | :  80%|▊| 40/50 [00:22<00:05,  1.74it
[1A| train_loss: 3.86e-01 | test_loss: 2.30e+00 | reg: 0.00e+00 | :  80%|▊| 40/50 [00:23<00:05,  1.74it
[1A| train_loss: 3.86e-01 | test_loss: 2.30e+00 | reg: 0.00e+00 | :  82%|▊| 41/50 [00:23<00:05,  1.72it
[1A| train_loss: 3.86e-01 | test_loss: 2.30e+00 | reg: 0.00e+00 | :  84%|▊| 42/50 [00:24<00:04,  1.73it
[1A| train_loss: 3.86e-01 | test_loss: 2.30e+00 | reg: 0.00e+00 | :  86%|▊| 43/50 [00:24<00:04,  1.73it
[1A| train_loss: 3.86e-01 | test_loss: 2.30e+00 | reg: 0.00e+00 | :  88%|▉| 44/50 [00:25<00:03,  1.73it
[1A| train_loss: 3.86e-01 | test_loss: 2.30e+00 | reg: 0.00e+00 | :  90%|▉| 45/50 [00:25<00:02,  1.73it
[1A| train_loss: 3.86e-01 | test_loss: 2.30e+00 | reg: 0.00e+00 | :  92%|▉| 46/50 [00:26<00:02,  1.75it
[1A| train_loss: 3.86e-01 | test_loss: 2.30e+00 | reg: 0.00e+00 | :  94%|▉| 47/50 [00:26<00:01,  1.73it
[1A| train_loss: 3.86e-01 | test_loss: 2.30e+00 | reg: 0.00e+00 | :  96%|▉| 48/50 [00:27<00:01,  1.72it
[1A| train_loss: 3.86e-01 | test_loss: 2.30e+00 | reg: 0.00e+00 | :  98%|▉| 49/50 [00:28<00:00,  1.74it
[1A| train_loss: 3.86e-01 | test_loss: 2.30e+00 | reg: 0.00e+00 | : 100%|█| 50/50 [00:28<00:00,  1.63it
[1A| train_loss: 3.86e-01 | test_loss: 2.30e+00 | reg: 0.00e+00 | : 100%|█| 50/50 [00:28<00:00,  1.74it
[kan_fit] stage=refine done=200/200 chunk_steps=50 chunk_s=28.8 train_loss=0.386189 val_loss=2.23932 reg=0
{
  "run_id": "paperref_20260306_fullflow__kan_delta_net_load_h6",
  "status": "completed",
  "data_run_id": "paperref_20260306_fullflow__derived_h1_6_72_144_576",
  "data_timestamp": "2026-03-06_042421",
  "eval_unpruned": {
    "rmse": 1724.3660610275556,
    "mae": 1137.805962324632,
    "r2": 0.43751373863167753
  },
  "eval_pruned": {
    "rmse": 1474.2148572168373,
    "mae": 1017.4883086476524,
    "r2": 0.5888743682553719
  },
  "sparsity": {
    "total_edges": 87,
    "pruned_edges": 29,
    "pruned_ratio": 0.3333333333333333
  },
  "checkpoint": "/vol/runs/paperref_20260306_fullflow__kan_delta_net_load_h6/checkpoint/model.pt"
}
Stopping app - local entrypoint completed.
✓ App completed. View run at 
https://modal.com/apps/hfvcn/main/ap-14Kcs69GqY3zAKtqBXvpPE
