✓ Initialized. View run at 
https://modal.com/apps/hfvcn/main/ap-I3qEqCNi03iIh9PrfatQEF
✓ Created objects.
├── 🔨 Created mount 
│   /Users/vfch/Documents/project/graduation-design/modal_jobs/kan_train.py
├── 🔨 Created mount /Users/vfch/Documents/project/graduation-design/src
├── 🔨 Created function train_kan_cpu.
└── 🔨 Created function train_kan_gpu.
2026-03-06 04:26:31,955 [INFO] src.data.split: Loading latest timestamp: 2026-03-06_042421
2026-03-06 04:26:32,612 [INFO] src.data.split: Loaded train: /vol/runs/paperref_20260306_fullflow__derived_h1_6_72_144_576/processed/train_2026-03-06_042421.parquet (72960 rows)
2026-03-06 04:26:32,825 [INFO] src.data.split: Loaded val: /vol/runs/paperref_20260306_fullflow__derived_h1_6_72_144_576/processed/val_2026-03-06_042421.parquet (15096 rows)
2026-03-06 04:26:33,053 [INFO] src.data.split: Loaded test: /vol/runs/paperref_20260306_fullflow__derived_h1_6_72_144_576/processed/test_2026-03-06_042421.parquet (15096 rows)
2026-03-06 04:26:33,079 [INFO] kan_train: Downsampled train_df to first 50000 rows for iteration
2026-03-06 04:26:33,138 [INFO] src.kan_sr.dataset: Target scaled for training: mean=4.3337, std=2814.8573

[1Adescription:   0%|                                                           | 0/50 [00:00<?, ?it/s]
[1A| train_loss: 1.03e+00 | test_loss: 9.10e-01 | reg: 0.00e+00 | :   0%|       | 0/50 [00:02<?, ?it/s]
[1A| train_loss: 1.03e+00 | test_loss: 9.10e-01 | reg: 0.00e+00 | :   2%| | 1/50 [00:02<01:41,  2.06s/i
[1A| train_loss: 1.03e+00 | test_loss: 9.10e-01 | reg: 0.00e+00 | :  10%| | 5/50 [00:02<00:14,  3.04it/
[1A| train_loss: 1.03e+00 | test_loss: 9.10e-01 | reg: 0.00e+00 | :  20%|▏| 10/50 [00:02<00:05,  6.88it
[1A| train_loss: 8.42e-01 | test_loss: 7.79e-01 | reg: 0.00e+00 | :  20%|▏| 10/50 [00:02<00:05,  6.88it
[1A| train_loss: 8.42e-01 | test_loss: 7.79e-01 | reg: 0.00e+00 | :  28%|▎| 14/50 [00:02<00:03, 10.35it
[1A| train_loss: 8.42e-01 | test_loss: 7.79e-01 | reg: 0.00e+00 | :  36%|▎| 18/50 [00:02<00:02, 14.11it
[1A| train_loss: 7.41e-01 | test_loss: 7.47e-01 | reg: 0.00e+00 | :  36%|▎| 18/50 [00:02<00:02, 14.11it
[1A| train_loss: 7.41e-01 | test_loss: 7.47e-01 | reg: 0.00e+00 | :  44%|▍| 22/50 [00:02<00:01, 18.05it
[1A| train_loss: 7.41e-01 | test_loss: 7.47e-01 | reg: 0.00e+00 | :  52%|▌| 26/50 [00:02<00:01, 21.79it
[1A| train_loss: 7.41e-01 | test_loss: 7.47e-01 | reg: 0.00e+00 | :  60%|▌| 30/50 [00:02<00:00, 25.29it
[1A| train_loss: 6.66e-01 | test_loss: 6.87e-01 | reg: 0.00e+00 | :  60%|▌| 30/50 [00:02<00:00, 25.29it
[1A| train_loss: 6.66e-01 | test_loss: 6.87e-01 | reg: 0.00e+00 | :  68%|▋| 34/50 [00:02<00:00, 28.44it
[1A| train_loss: 6.66e-01 | test_loss: 6.87e-01 | reg: 0.00e+00 | :  76%|▊| 38/50 [00:03<00:00, 31.05it
[1A| train_loss: 5.97e-01 | test_loss: 6.78e-01 | reg: 0.00e+00 | :  76%|▊| 38/50 [00:03<00:00, 31.05it
[1A| train_loss: 5.97e-01 | test_loss: 6.78e-01 | reg: 0.00e+00 | :  84%|▊| 42/50 [00:03<00:00, 32.81it
[1A| train_loss: 5.97e-01 | test_loss: 6.78e-01 | reg: 0.00e+00 | :  92%|▉| 46/50 [00:03<00:00, 34.42it
[1A| train_loss: 5.97e-01 | test_loss: 6.78e-01 | reg: 0.00e+00 | : 100%|█| 50/50 [00:03<00:00, 35.85it
[1A| train_loss: 5.97e-01 | test_loss: 6.78e-01 | reg: 0.00e+00 | : 100%|█| 50/50 [00:03<00:00, 15.03it
[kan_fit] stage=warmup done=50/200 chunk_steps=50 chunk_s=3.4 train_loss=0.541132 val_loss=0.629918 reg=0

[1Adescription:   0%|                                                           | 0/50 [00:00<?, ?it/s]
[1A| train_loss: 5.36e-01 | test_loss: 6.40e-01 | reg: 0.00e+00 | :   0%|       | 0/50 [00:00<?, ?it/s]
[1A| train_loss: 5.36e-01 | test_loss: 6.40e-01 | reg: 0.00e+00 | :   8%| | 4/50 [00:00<00:01, 39.23it/
[1A| train_loss: 5.36e-01 | test_loss: 6.40e-01 | reg: 0.00e+00 | :  16%|▏| 8/50 [00:00<00:01, 39.24it/
[1A| train_loss: 4.90e-01 | test_loss: 6.02e-01 | reg: 0.00e+00 | :  16%|▏| 8/50 [00:00<00:01, 39.24it/
[1A| train_loss: 4.90e-01 | test_loss: 6.02e-01 | reg: 0.00e+00 | :  24%|▏| 12/50 [00:00<00:00, 38.90it
[1A| train_loss: 4.90e-01 | test_loss: 6.02e-01 | reg: 0.00e+00 | :  32%|▎| 16/50 [00:00<00:00, 38.98it
[1A| train_loss: 4.90e-01 | test_loss: 6.02e-01 | reg: 0.00e+00 | :  40%|▍| 20/50 [00:00<00:00, 38.84it
[1A| train_loss: 4.55e-01 | test_loss: 5.58e-01 | reg: 0.00e+00 | :  40%|▍| 20/50 [00:00<00:00, 38.84it
[1A| train_loss: 4.55e-01 | test_loss: 5.58e-01 | reg: 0.00e+00 | :  48%|▍| 24/50 [00:00<00:00, 38.92it
[1A| train_loss: 4.55e-01 | test_loss: 5.58e-01 | reg: 0.00e+00 | :  56%|▌| 28/50 [00:00<00:00, 39.06it
[1A| train_loss: 4.36e-01 | test_loss: 5.47e-01 | reg: 0.00e+00 | :  56%|▌| 28/50 [00:00<00:00, 39.06it
[1A| train_loss: 4.36e-01 | test_loss: 5.47e-01 | reg: 0.00e+00 | :  64%|▋| 32/50 [00:00<00:00, 38.71it
[1A| train_loss: 4.36e-01 | test_loss: 5.47e-01 | reg: 0.00e+00 | :  72%|▋| 36/50 [00:00<00:00, 38.49it
[1A| train_loss: 4.36e-01 | test_loss: 5.47e-01 | reg: 0.00e+00 | :  80%|▊| 40/50 [00:01<00:00, 38.22it
[1A| train_loss: 4.25e-01 | test_loss: 5.37e-01 | reg: 0.00e+00 | :  80%|▊| 40/50 [00:01<00:00, 38.22it
[1A| train_loss: 4.25e-01 | test_loss: 5.37e-01 | reg: 0.00e+00 | :  88%|▉| 44/50 [00:01<00:00, 38.00it
[1A| train_loss: 4.25e-01 | test_loss: 5.37e-01 | reg: 0.00e+00 | :  96%|▉| 48/50 [00:01<00:00, 38.26it
[1A| train_loss: 4.25e-01 | test_loss: 5.37e-01 | reg: 0.00e+00 | : 100%|█| 50/50 [00:01<00:00, 38.61it
[kan_fit] stage=warmup done=100/200 chunk_steps=50 chunk_s=1.3 train_loss=0.417389 val_loss=0.534174 reg=0

[1Adescription:   0%|                                                           | 0/50 [00:00<?, ?it/s]
[1A| train_loss: 4.17e-01 | test_loss: 5.66e-01 | reg: 0.00e+00 | :   0%|       | 0/50 [00:00<?, ?it/s]
[1A| train_loss: 4.17e-01 | test_loss: 5.66e-01 | reg: 0.00e+00 | :   8%| | 4/50 [00:00<00:01, 37.78it/
[1A| train_loss: 4.17e-01 | test_loss: 5.66e-01 | reg: 0.00e+00 | :  16%|▏| 8/50 [00:00<00:01, 37.72it/
[1A| train_loss: 4.17e-01 | test_loss: 5.25e-01 | reg: 0.00e+00 | :  16%|▏| 8/50 [00:00<00:01, 37.72it/
[1A| train_loss: 4.17e-01 | test_loss: 5.25e-01 | reg: 0.00e+00 | :  24%|▏| 12/50 [00:00<00:00, 38.22it
[1A| train_loss: 4.17e-01 | test_loss: 5.25e-01 | reg: 0.00e+00 | :  32%|▎| 16/50 [00:00<00:00, 38.27it
[1A| train_loss: 4.17e-01 | test_loss: 5.25e-01 | reg: 0.00e+00 | :  40%|▍| 20/50 [00:00<00:00, 38.51it
[1A| train_loss: 4.07e-01 | test_loss: 5.26e-01 | reg: 0.00e+00 | :  40%|▍| 20/50 [00:00<00:00, 38.51it
[1A| train_loss: 4.07e-01 | test_loss: 5.26e-01 | reg: 0.00e+00 | :  48%|▍| 24/50 [00:00<00:00, 37.93it
[1A| train_loss: 4.07e-01 | test_loss: 5.26e-01 | reg: 0.00e+00 | :  56%|▌| 28/50 [00:00<00:00, 38.08it
[1A| train_loss: 4.01e-01 | test_loss: 5.22e-01 | reg: 0.00e+00 | :  56%|▌| 28/50 [00:00<00:00, 38.08it
[1A| train_loss: 4.01e-01 | test_loss: 5.22e-01 | reg: 0.00e+00 | :  64%|▋| 32/50 [00:00<00:00, 37.89it
[1A| train_loss: 4.01e-01 | test_loss: 5.22e-01 | reg: 0.00e+00 | :  72%|▋| 36/50 [00:00<00:00, 38.28it
[1A| train_loss: 4.01e-01 | test_loss: 5.22e-01 | reg: 0.00e+00 | :  80%|▊| 40/50 [00:01<00:00, 38.28it
[1A| train_loss: 3.94e-01 | test_loss: 5.22e-01 | reg: 0.00e+00 | :  80%|▊| 40/50 [00:01<00:00, 38.28it
[1A| train_loss: 3.94e-01 | test_loss: 5.22e-01 | reg: 0.00e+00 | :  88%|▉| 44/50 [00:01<00:00, 37.97it
[1A| train_loss: 3.94e-01 | test_loss: 5.22e-01 | reg: 0.00e+00 | :  96%|▉| 48/50 [00:01<00:00, 37.82it
[1A| train_loss: 3.94e-01 | test_loss: 5.22e-01 | reg: 0.00e+00 | : 100%|█| 50/50 [00:01<00:00, 38.04it
[kan_fit] stage=warmup done=150/200 chunk_steps=50 chunk_s=1.3 train_loss=0.388469 val_loss=0.518012 reg=0

[1Adescription:   0%|                                                           | 0/50 [00:00<?, ?it/s]
[1A| train_loss: 3.88e-01 | test_loss: 6.22e-01 | reg: 0.00e+00 | :   0%|       | 0/50 [00:00<?, ?it/s]
[1A| train_loss: 3.88e-01 | test_loss: 6.22e-01 | reg: 0.00e+00 | :   8%| | 4/50 [00:00<00:01, 38.57it/
[1A| train_loss: 3.88e-01 | test_loss: 6.22e-01 | reg: 0.00e+00 | :  16%|▏| 8/50 [00:00<00:01, 38.67it/
[1A| train_loss: 3.96e-01 | test_loss: 5.36e-01 | reg: 0.00e+00 | :  16%|▏| 8/50 [00:00<00:01, 38.67it/
[1A| train_loss: 3.96e-01 | test_loss: 5.36e-01 | reg: 0.00e+00 | :  24%|▏| 12/50 [00:00<00:00, 38.20it
[1A| train_loss: 3.96e-01 | test_loss: 5.36e-01 | reg: 0.00e+00 | :  32%|▎| 16/50 [00:00<00:00, 38.45it
[1A| train_loss: 3.96e-01 | test_loss: 5.36e-01 | reg: 0.00e+00 | :  40%|▍| 20/50 [00:00<00:00, 38.32it
[1A| train_loss: 3.88e-01 | test_loss: 5.33e-01 | reg: 0.00e+00 | :  40%|▍| 20/50 [00:00<00:00, 38.32it
[1A| train_loss: 3.88e-01 | test_loss: 5.33e-01 | reg: 0.00e+00 | :  48%|▍| 24/50 [00:00<00:00, 38.50it
[1A| train_loss: 3.88e-01 | test_loss: 5.33e-01 | reg: 0.00e+00 | :  56%|▌| 28/50 [00:00<00:00, 38.33it
[1A| train_loss: 3.80e-01 | test_loss: 5.24e-01 | reg: 0.00e+00 | :  56%|▌| 28/50 [00:00<00:00, 38.33it
[1A| train_loss: 3.80e-01 | test_loss: 5.24e-01 | reg: 0.00e+00 | :  64%|▋| 32/50 [00:00<00:00, 38.19it
[1A| train_loss: 3.80e-01 | test_loss: 5.24e-01 | reg: 0.00e+00 | :  72%|▋| 36/50 [00:00<00:00, 38.14it
[1A| train_loss: 3.80e-01 | test_loss: 5.24e-01 | reg: 0.00e+00 | :  80%|▊| 40/50 [00:01<00:00, 37.70it
[1A| train_loss: 3.76e-01 | test_loss: 5.15e-01 | reg: 0.00e+00 | :  80%|▊| 40/50 [00:01<00:00, 37.70it
[1A| train_loss: 3.76e-01 | test_loss: 5.15e-01 | reg: 0.00e+00 | :  88%|▉| 44/50 [00:01<00:00, 38.09it
[1A| train_loss: 3.76e-01 | test_loss: 5.15e-01 | reg: 0.00e+00 | :  96%|▉| 48/50 [00:01<00:00, 38.51it
[1A| train_loss: 3.76e-01 | test_loss: 5.15e-01 | reg: 0.00e+00 | : 100%|█| 50/50 [00:01<00:00, 38.32it
[kan_fit] stage=warmup done=200/200 chunk_steps=50 chunk_s=1.3 train_loss=0.372291 val_loss=0.505062 reg=0

[1Adescription:   0%|                                                          | 0/133 [00:00<?, ?it/s]
[1A| train_loss: 3.72e-01 | test_loss: 4.91e-01 | reg: 4.87e+01 | :   0%|      | 0/133 [00:00<?, ?it/s]
[1A| train_loss: 3.72e-01 | test_loss: 4.91e-01 | reg: 4.87e+01 | :   1%| | 1/133 [00:00<00:50,  2.61it
[1A| train_loss: 3.72e-01 | test_loss: 4.91e-01 | reg: 4.87e+01 | :   4%| | 5/133 [00:00<00:10, 12.05it
[1A| train_loss: 3.72e-01 | test_loss: 4.91e-01 | reg: 4.87e+01 | :   7%| | 9/133 [00:00<00:06, 18.34it
[1A| train_loss: 3.72e-01 | test_loss: 4.91e-01 | reg: 4.87e+01 | :  10%| | 13/133 [00:00<00:05, 22.92i
[1A| train_loss: 3.72e-01 | test_loss: 4.91e-01 | reg: 4.87e+01 | :  13%|▏| 17/133 [00:00<00:04, 26.07i
[1A| train_loss: 3.72e-01 | test_loss: 4.91e-01 | reg: 4.87e+01 | :  16%|▏| 21/133 [00:00<00:04, 27.88i
[1A| train_loss: 3.72e-01 | test_loss: 4.91e-01 | reg: 4.87e+01 | :  19%|▏| 25/133 [00:01<00:03, 29.35i
[1A| train_loss: 3.82e-01 | test_loss: 4.79e-01 | reg: 3.68e+01 | :  19%|▏| 25/133 [00:01<00:03, 29.35i
[1A| train_loss: 3.82e-01 | test_loss: 4.79e-01 | reg: 3.68e+01 | :  22%|▏| 29/133 [00:01<00:03, 30.25i
[1A| train_loss: 3.82e-01 | test_loss: 4.79e-01 | reg: 3.68e+01 | :  25%|▏| 33/133 [00:01<00:03, 31.12i
[1A| train_loss: 3.82e-01 | test_loss: 4.79e-01 | reg: 3.68e+01 | :  28%|▎| 37/133 [00:01<00:03, 31.43i
[1A| train_loss: 3.82e-01 | test_loss: 4.79e-01 | reg: 3.68e+01 | :  31%|▎| 41/133 [00:01<00:02, 31.81i
[1A| train_loss: 3.82e-01 | test_loss: 4.79e-01 | reg: 3.68e+01 | :  34%|▎| 45/133 [00:01<00:02, 32.06i
[1A| train_loss: 3.82e-01 | test_loss: 4.79e-01 | reg: 3.68e+01 | :  37%|▎| 49/133 [00:01<00:02, 32.12i
[1A| train_loss: 3.85e-01 | test_loss: 4.67e-01 | reg: 2.91e+01 | :  37%|▎| 49/133 [00:01<00:02, 32.12i
[1A| train_loss: 3.85e-01 | test_loss: 4.67e-01 | reg: 2.91e+01 | :  40%|▍| 53/133 [00:01<00:02, 32.11i
[1A| train_loss: 3.85e-01 | test_loss: 4.67e-01 | reg: 2.91e+01 | :  43%|▍| 57/133 [00:02<00:02, 32.16i
[1A| train_loss: 3.85e-01 | test_loss: 4.67e-01 | reg: 2.91e+01 | :  46%|▍| 61/133 [00:02<00:02, 32.31i
[1A| train_loss: 3.85e-01 | test_loss: 4.67e-01 | reg: 2.91e+01 | :  49%|▍| 65/133 [00:02<00:02, 31.64i
[1A| train_loss: 3.85e-01 | test_loss: 4.67e-01 | reg: 2.91e+01 | :  52%|▌| 69/133 [00:02<00:01, 32.15i
[1A| train_loss: 3.85e-01 | test_loss: 4.67e-01 | reg: 2.91e+01 | :  55%|▌| 73/133 [00:02<00:01, 32.31i
[1A| train_loss: 3.85e-01 | test_loss: 4.67e-01 | reg: 2.91e+01 | :  58%|▌| 77/133 [00:02<00:01, 32.27i
[1A| train_loss: 3.82e-01 | test_loss: 4.53e-01 | reg: 2.34e+01 | :  58%|▌| 77/133 [00:02<00:01, 32.27i
[1A| train_loss: 3.82e-01 | test_loss: 4.53e-01 | reg: 2.34e+01 | :  61%|▌| 81/133 [00:02<00:01, 32.66i
[1A| train_loss: 3.82e-01 | test_loss: 4.53e-01 | reg: 2.34e+01 | :  64%|▋| 85/133 [00:02<00:01, 32.52i
[1A| train_loss: 3.82e-01 | test_loss: 4.53e-01 | reg: 2.34e+01 | :  67%|▋| 89/133 [00:03<00:01, 32.66i
[1A| train_loss: 3.82e-01 | test_loss: 4.53e-01 | reg: 2.34e+01 | :  70%|▋| 93/133 [00:03<00:01, 32.92i
[1A| train_loss: 3.82e-01 | test_loss: 4.53e-01 | reg: 2.34e+01 | :  73%|▋| 97/133 [00:03<00:01, 32.77i
[1A| train_loss: 3.82e-01 | test_loss: 4.53e-01 | reg: 2.34e+01 | :  76%|▊| 101/133 [00:03<00:00, 32.74
[1A| train_loss: 3.77e-01 | test_loss: 4.46e-01 | reg: 1.93e+01 | :  76%|▊| 101/133 [00:03<00:00, 32.74
[1A| train_loss: 3.77e-01 | test_loss: 4.46e-01 | reg: 1.93e+01 | :  79%|▊| 105/133 [00:03<00:00, 32.76
[1A| train_loss: 3.77e-01 | test_loss: 4.46e-01 | reg: 1.93e+01 | :  82%|▊| 109/133 [00:03<00:00, 32.80
[1A| train_loss: 3.77e-01 | test_loss: 4.46e-01 | reg: 1.93e+01 | :  85%|▊| 113/133 [00:03<00:00, 32.79
[1A| train_loss: 3.77e-01 | test_loss: 4.46e-01 | reg: 1.93e+01 | :  88%|▉| 117/133 [00:03<00:00, 32.66
[1A| train_loss: 3.77e-01 | test_loss: 4.46e-01 | reg: 1.93e+01 | :  91%|▉| 121/133 [00:04<00:00, 32.20
[1A| train_loss: 3.77e-01 | test_loss: 4.46e-01 | reg: 1.93e+01 | :  94%|▉| 125/133 [00:04<00:00, 31.71
[1A| train_loss: 3.77e-01 | test_loss: 4.46e-01 | reg: 1.93e+01 | :  97%|▉| 129/133 [00:04<00:00, 31.36
[1A| train_loss: 3.75e-01 | test_loss: 4.46e-01 | reg: 1.61e+01 | :  97%|▉| 129/133 [00:04<00:00, 31.36
[1A| train_loss: 3.75e-01 | test_loss: 4.46e-01 | reg: 1.61e+01 | : 100%|█| 133/133 [00:04<00:00, 31.05
[1A| train_loss: 3.75e-01 | test_loss: 4.46e-01 | reg: 1.61e+01 | : 100%|█| 133/133 [00:04<00:00, 29.79
[kan_fit] stage=sparsify done=133/800 chunk_steps=133 chunk_s=4.5 train_loss=0.374398 val_loss=0.445697 reg=15.7918

[1Adescription:   0%|                                                          | 0/133 [00:00<?, ?it/s]
[1A| train_loss: 3.74e-01 | test_loss: 4.53e-01 | reg: 1.57e+01 | :   0%|      | 0/133 [00:00<?, ?it/s]
[1A| train_loss: 3.74e-01 | test_loss: 4.53e-01 | reg: 1.57e+01 | :   3%| | 4/133 [00:00<00:04, 31.26it
[1A| train_loss: 3.74e-01 | test_loss: 4.53e-01 | reg: 1.57e+01 | :   6%| | 8/133 [00:00<00:03, 32.05it
[1A| train_loss: 3.74e-01 | test_loss: 4.53e-01 | reg: 1.57e+01 | :   9%| | 12/133 [00:00<00:03, 31.73i
[1A| train_loss: 3.74e-01 | test_loss: 4.53e-01 | reg: 1.57e+01 | :  12%| | 16/133 [00:00<00:03, 31.66i
[1A| train_loss: 3.74e-01 | test_loss: 4.53e-01 | reg: 1.57e+01 | :  15%|▏| 20/133 [00:00<00:03, 31.24i
[1A| train_loss: 3.74e-01 | test_loss: 4.53e-01 | reg: 1.57e+01 | :  18%|▏| 24/133 [00:00<00:03, 31.38i
[1A| train_loss: 3.74e-01 | test_loss: 4.45e-01 | reg: 1.36e+01 | :  18%|▏| 24/133 [00:00<00:03, 31.38i
[1A| train_loss: 3.74e-01 | test_loss: 4.45e-01 | reg: 1.36e+01 | :  21%|▏| 28/133 [00:00<00:03, 31.39i
[1A| train_loss: 3.74e-01 | test_loss: 4.45e-01 | reg: 1.36e+01 | :  24%|▏| 32/133 [00:01<00:03, 30.88i
[1A| train_loss: 3.74e-01 | test_loss: 4.45e-01 | reg: 1.36e+01 | :  27%|▎| 36/133 [00:01<00:03, 30.84i
[1A| train_loss: 3.74e-01 | test_loss: 4.45e-01 | reg: 1.36e+01 | :  30%|▎| 40/133 [00:01<00:02, 31.11i
[1A| train_loss: 3.74e-01 | test_loss: 4.45e-01 | reg: 1.36e+01 | :  33%|▎| 44/133 [00:01<00:02, 31.51i
[1A| train_loss: 3.74e-01 | test_loss: 4.45e-01 | reg: 1.36e+01 | :  36%|▎| 48/133 [00:01<00:02, 31.61i
[1A| train_loss: 3.74e-01 | test_loss: 4.45e-01 | reg: 1.36e+01 | :  39%|▍| 52/133 [00:01<00:02, 31.42i
[1A| train_loss: 3.71e-01 | test_loss: 4.43e-01 | reg: 1.24e+01 | :  39%|▍| 52/133 [00:01<00:02, 31.42i
[1A| train_loss: 3.71e-01 | test_loss: 4.43e-01 | reg: 1.24e+01 | :  42%|▍| 56/133 [00:01<00:02, 31.21i
[1A| train_loss: 3.71e-01 | test_loss: 4.43e-01 | reg: 1.24e+01 | :  45%|▍| 60/133 [00:01<00:02, 31.52i
[1A| train_loss: 3.71e-01 | test_loss: 4.43e-01 | reg: 1.24e+01 | :  48%|▍| 64/133 [00:02<00:02, 31.52i
[1A| train_loss: 3.71e-01 | test_loss: 4.43e-01 | reg: 1.24e+01 | :  51%|▌| 68/133 [00:02<00:02, 31.59i
[1A| train_loss: 3.71e-01 | test_loss: 4.43e-01 | reg: 1.24e+01 | :  54%|▌| 72/133 [00:02<00:01, 31.38i
[1A| train_loss: 3.71e-01 | test_loss: 4.43e-01 | reg: 1.24e+01 | :  57%|▌| 76/133 [00:02<00:01, 31.53i
[1A| train_loss: 3.69e-01 | test_loss: 4.41e-01 | reg: 1.15e+01 | :  57%|▌| 76/133 [00:02<00:01, 31.53i
[1A| train_loss: 3.69e-01 | test_loss: 4.41e-01 | reg: 1.15e+01 | :  60%|▌| 80/133 [00:02<00:01, 31.58i
[1A| train_loss: 3.69e-01 | test_loss: 4.41e-01 | reg: 1.15e+01 | :  63%|▋| 84/133 [00:02<00:01, 31.73i
[1A| train_loss: 3.69e-01 | test_loss: 4.41e-01 | reg: 1.15e+01 | :  66%|▋| 88/133 [00:02<00:01, 31.72i
[1A| train_loss: 3.69e-01 | test_loss: 4.41e-01 | reg: 1.15e+01 | :  69%|▋| 92/133 [00:02<00:01, 31.91i
[1A| train_loss: 3.69e-01 | test_loss: 4.41e-01 | reg: 1.15e+01 | :  72%|▋| 96/133 [00:03<00:01, 31.95i
[1A| train_loss: 3.69e-01 | test_loss: 4.41e-01 | reg: 1.15e+01 | :  75%|▊| 100/133 [00:03<00:01, 32.11
[1A| train_loss: 3.69e-01 | test_loss: 4.41e-01 | reg: 1.15e+01 | :  78%|▊| 104/133 [00:03<00:00, 32.32
[1A| train_loss: 3.67e-01 | test_loss: 4.39e-01 | reg: 1.10e+01 | :  78%|▊| 104/133 [00:03<00:00, 32.32
[1A| train_loss: 3.67e-01 | test_loss: 4.39e-01 | reg: 1.10e+01 | :  81%|▊| 108/133 [00:03<00:00, 31.91
[1A| train_loss: 3.67e-01 | test_loss: 4.39e-01 | reg: 1.10e+01 | :  84%|▊| 112/133 [00:03<00:00, 31.94
[1A| train_loss: 3.67e-01 | test_loss: 4.39e-01 | reg: 1.10e+01 | :  87%|▊| 116/133 [00:03<00:00, 32.03
[1A| train_loss: 3.67e-01 | test_loss: 4.39e-01 | reg: 1.10e+01 | :  90%|▉| 120/133 [00:03<00:00, 32.18
[1A| train_loss: 3.67e-01 | test_loss: 4.39e-01 | reg: 1.10e+01 | :  93%|▉| 124/133 [00:03<00:00, 31.48
[1A| train_loss: 3.67e-01 | test_loss: 4.39e-01 | reg: 1.10e+01 | :  96%|▉| 128/133 [00:04<00:00, 31.62
[1A| train_loss: 3.65e-01 | test_loss: 4.37e-01 | reg: 1.05e+01 | :  96%|▉| 128/133 [00:04<00:00, 31.62
[1A| train_loss: 3.65e-01 | test_loss: 4.37e-01 | reg: 1.05e+01 | :  99%|▉| 132/133 [00:04<00:00, 31.96
[1A| train_loss: 3.65e-01 | test_loss: 4.37e-01 | reg: 1.05e+01 | : 100%|█| 133/133 [00:04<00:00, 31.65
[kan_fit] stage=sparsify done=266/800 chunk_steps=133 chunk_s=4.2 train_loss=0.364927 val_loss=0.436399 reg=10.4564

[1Adescription:   0%|                                                          | 0/133 [00:00<?, ?it/s]
[1A| train_loss: 3.65e-01 | test_loss: 4.39e-01 | reg: 1.04e+01 | :   0%|      | 0/133 [00:00<?, ?it/s]
[1A| train_loss: 3.65e-01 | test_loss: 4.39e-01 | reg: 1.04e+01 | :   3%| | 4/133 [00:00<00:03, 33.21it
[1A| train_loss: 3.65e-01 | test_loss: 4.39e-01 | reg: 1.04e+01 | :   6%| | 8/133 [00:00<00:03, 33.62it
[1A| train_loss: 3.65e-01 | test_loss: 4.39e-01 | reg: 1.04e+01 | :   9%| | 12/133 [00:00<00:03, 33.58i
[1A| train_loss: 3.65e-01 | test_loss: 4.39e-01 | reg: 1.04e+01 | :  12%| | 16/133 [00:00<00:03, 33.36i
[1A| train_loss: 3.65e-01 | test_loss: 4.39e-01 | reg: 1.04e+01 | :  15%|▏| 20/133 [00:00<00:03, 32.90i
[1A| train_loss: 3.65e-01 | test_loss: 4.39e-01 | reg: 1.04e+01 | :  18%|▏| 24/133 [00:00<00:03, 32.54i
[1A| train_loss: 3.64e-01 | test_loss: 4.35e-01 | reg: 1.03e+01 | :  18%|▏| 24/133 [00:00<00:03, 32.54i
[1A| train_loss: 3.64e-01 | test_loss: 4.35e-01 | reg: 1.03e+01 | :  21%|▏| 28/133 [00:00<00:03, 32.45i
[1A| train_loss: 3.64e-01 | test_loss: 4.35e-01 | reg: 1.03e+01 | :  24%|▏| 32/133 [00:00<00:03, 32.39i
[1A| train_loss: 3.64e-01 | test_loss: 4.35e-01 | reg: 1.03e+01 | :  27%|▎| 36/133 [00:01<00:03, 31.87i
[1A| train_loss: 3.64e-01 | test_loss: 4.35e-01 | reg: 1.03e+01 | :  30%|▎| 40/133 [00:01<00:02, 31.49i
[1A| train_loss: 3.64e-01 | test_loss: 4.35e-01 | reg: 1.03e+01 | :  33%|▎| 44/133 [00:01<00:02, 31.61i
[1A| train_loss: 3.64e-01 | test_loss: 4.35e-01 | reg: 1.03e+01 | :  36%|▎| 48/133 [00:01<00:02, 31.73i
[1A| train_loss: 3.64e-01 | test_loss: 4.35e-01 | reg: 1.03e+01 | :  39%|▍| 52/133 [00:01<00:02, 31.86i
[1A| train_loss: 3.62e-01 | test_loss: 4.34e-01 | reg: 1.02e+01 | :  39%|▍| 52/133 [00:01<00:02, 31.86i
[1A| train_loss: 3.62e-01 | test_loss: 4.34e-01 | reg: 1.02e+01 | :  42%|▍| 56/133 [00:01<00:02, 32.11i
[1A| train_loss: 3.62e-01 | test_loss: 4.34e-01 | reg: 1.02e+01 | :  45%|▍| 60/133 [00:01<00:02, 31.88i
[1A| train_loss: 3.62e-01 | test_loss: 4.34e-01 | reg: 1.02e+01 | :  48%|▍| 64/133 [00:01<00:02, 32.02i
[1A| train_loss: 3.62e-01 | test_loss: 4.34e-01 | reg: 1.02e+01 | :  51%|▌| 68/133 [00:02<00:02, 32.18i
[1A| train_loss: 3.62e-01 | test_loss: 4.34e-01 | reg: 1.02e+01 | :  54%|▌| 72/133 [00:02<00:01, 32.08i
[1A| train_loss: 3.62e-01 | test_loss: 4.34e-01 | reg: 1.02e+01 | :  57%|▌| 76/133 [00:02<00:01, 31.94i
[1A| train_loss: 3.61e-01 | test_loss: 4.33e-01 | reg: 9.95e+00 | :  57%|▌| 76/133 [00:02<00:01, 31.94i
[1A| train_loss: 3.61e-01 | test_loss: 4.33e-01 | reg: 9.95e+00 | :  60%|▌| 80/133 [00:02<00:01, 32.28i
[1A| train_loss: 3.61e-01 | test_loss: 4.33e-01 | reg: 9.95e+00 | :  63%|▋| 84/133 [00:02<00:01, 32.47i
[1A| train_loss: 3.61e-01 | test_loss: 4.33e-01 | reg: 9.95e+00 | :  66%|▋| 88/133 [00:02<00:01, 32.37i
[1A| train_loss: 3.61e-01 | test_loss: 4.33e-01 | reg: 9.95e+00 | :  69%|▋| 92/133 [00:02<00:01, 32.18i
[1A| train_loss: 3.61e-01 | test_loss: 4.33e-01 | reg: 9.95e+00 | :  72%|▋| 96/133 [00:02<00:01, 32.48i
[1A| train_loss: 3.61e-01 | test_loss: 4.33e-01 | reg: 9.95e+00 | :  75%|▊| 100/133 [00:03<00:01, 32.39
[1A| train_loss: 3.61e-01 | test_loss: 4.33e-01 | reg: 9.95e+00 | :  78%|▊| 104/133 [00:03<00:00, 32.24
[1A| train_loss: 3.59e-01 | test_loss: 4.32e-01 | reg: 9.83e+00 | :  78%|▊| 104/133 [00:03<00:00, 32.24
[1A| train_loss: 3.59e-01 | test_loss: 4.32e-01 | reg: 9.83e+00 | :  81%|▊| 108/133 [00:03<00:00, 32.49
[1A| train_loss: 3.59e-01 | test_loss: 4.32e-01 | reg: 9.83e+00 | :  84%|▊| 112/133 [00:03<00:00, 32.48
[1A| train_loss: 3.59e-01 | test_loss: 4.32e-01 | reg: 9.83e+00 | :  87%|▊| 116/133 [00:03<00:00, 32.22
[1A| train_loss: 3.59e-01 | test_loss: 4.32e-01 | reg: 9.83e+00 | :  90%|▉| 120/133 [00:03<00:00, 32.12
[1A| train_loss: 3.59e-01 | test_loss: 4.32e-01 | reg: 9.83e+00 | :  93%|▉| 124/133 [00:03<00:00, 31.95
[1A| train_loss: 3.59e-01 | test_loss: 4.32e-01 | reg: 9.83e+00 | :  96%|▉| 128/133 [00:03<00:00, 32.10
[1A| train_loss: 3.57e-01 | test_loss: 4.30e-01 | reg: 9.72e+00 | :  96%|▉| 128/133 [00:04<00:00, 32.10
[1A| train_loss: 3.57e-01 | test_loss: 4.30e-01 | reg: 9.72e+00 | :  99%|▉| 132/133 [00:04<00:00, 31.95
[1A| train_loss: 3.57e-01 | test_loss: 4.30e-01 | reg: 9.72e+00 | : 100%|█| 133/133 [00:04<00:00, 32.22
[kan_fit] stage=sparsify done=399/800 chunk_steps=133 chunk_s=4.1 train_loss=0.356388 val_loss=0.429328 reg=9.70454

[1Adescription:   0%|                                                          | 0/133 [00:00<?, ?it/s]
[1A| train_loss: 3.56e-01 | test_loss: 4.35e-01 | reg: 9.69e+00 | :   0%|      | 0/133 [00:00<?, ?it/s]
[1A| train_loss: 3.56e-01 | test_loss: 4.35e-01 | reg: 9.69e+00 | :   3%| | 4/133 [00:00<00:04, 29.86it
[1A| train_loss: 3.56e-01 | test_loss: 4.35e-01 | reg: 9.69e+00 | :   6%| | 8/133 [00:00<00:04, 30.76it
[1A| train_loss: 3.56e-01 | test_loss: 4.35e-01 | reg: 9.69e+00 | :   9%| | 12/133 [00:00<00:03, 31.64i
[1A| train_loss: 3.56e-01 | test_loss: 4.35e-01 | reg: 9.69e+00 | :  12%| | 16/133 [00:00<00:03, 31.33i
[1A| train_loss: 3.56e-01 | test_loss: 4.35e-01 | reg: 9.69e+00 | :  15%|▏| 20/133 [00:00<00:03, 31.55i
[1A| train_loss: 3.56e-01 | test_loss: 4.35e-01 | reg: 9.69e+00 | :  18%|▏| 24/133 [00:00<00:03, 31.71i
[1A| train_loss: 3.56e-01 | test_loss: 4.28e-01 | reg: 9.75e+00 | :  18%|▏| 24/133 [00:00<00:03, 31.71i
[1A| train_loss: 3.56e-01 | test_loss: 4.28e-01 | reg: 9.75e+00 | :  21%|▏| 28/133 [00:00<00:03, 31.68i
[1A| train_loss: 3.56e-01 | test_loss: 4.28e-01 | reg: 9.75e+00 | :  24%|▏| 32/133 [00:01<00:03, 31.81i
[1A| train_loss: 3.56e-01 | test_loss: 4.28e-01 | reg: 9.75e+00 | :  27%|▎| 36/133 [00:01<00:03, 32.01i
[1A| train_loss: 3.56e-01 | test_loss: 4.28e-01 | reg: 9.75e+00 | :  30%|▎| 40/133 [00:01<00:02, 32.11i
[1A| train_loss: 3.56e-01 | test_loss: 4.28e-01 | reg: 9.75e+00 | :  33%|▎| 44/133 [00:01<00:02, 32.28i
[1A| train_loss: 3.56e-01 | test_loss: 4.28e-01 | reg: 9.75e+00 | :  36%|▎| 48/133 [00:01<00:02, 32.35i
[1A| train_loss: 3.56e-01 | test_loss: 4.28e-01 | reg: 9.75e+00 | :  39%|▍| 52/133 [00:01<00:02, 32.62i
[1A| train_loss: 3.53e-01 | test_loss: 4.27e-01 | reg: 9.63e+00 | :  39%|▍| 52/133 [00:01<00:02, 32.62i
[1A| train_loss: 3.53e-01 | test_loss: 4.27e-01 | reg: 9.63e+00 | :  42%|▍| 56/133 [00:01<00:02, 32.90i
[1A| train_loss: 3.53e-01 | test_loss: 4.27e-01 | reg: 9.63e+00 | :  45%|▍| 60/133 [00:01<00:02, 32.68i
[1A| train_loss: 3.53e-01 | test_loss: 4.27e-01 | reg: 9.63e+00 | :  48%|▍| 64/133 [00:01<00:02, 32.75i
[1A| train_loss: 3.53e-01 | test_loss: 4.27e-01 | reg: 9.63e+00 | :  51%|▌| 68/133 [00:02<00:02, 32.49i
[1A| train_loss: 3.53e-01 | test_loss: 4.27e-01 | reg: 9.63e+00 | :  54%|▌| 72/133 [00:02<00:01, 32.26i
[1A| train_loss: 3.53e-01 | test_loss: 4.27e-01 | reg: 9.63e+00 | :  57%|▌| 76/133 [00:02<00:01, 32.20i
[1A| train_loss: 3.52e-01 | test_loss: 4.25e-01 | reg: 9.57e+00 | :  57%|▌| 76/133 [00:02<00:01, 32.20i
[1A| train_loss: 3.52e-01 | test_loss: 4.25e-01 | reg: 9.57e+00 | :  60%|▌| 80/133 [00:02<00:01, 32.19i
[1A| train_loss: 3.52e-01 | test_loss: 4.25e-01 | reg: 9.57e+00 | :  63%|▋| 84/133 [00:02<00:01, 32.48i
[1A| train_loss: 3.52e-01 | test_loss: 4.25e-01 | reg: 9.57e+00 | :  66%|▋| 88/133 [00:02<00:01, 32.20i
[1A| train_loss: 3.52e-01 | test_loss: 4.25e-01 | reg: 9.57e+00 | :  69%|▋| 92/133 [00:02<00:01, 32.22i
[1A| train_loss: 3.52e-01 | test_loss: 4.25e-01 | reg: 9.57e+00 | :  72%|▋| 96/133 [00:02<00:01, 32.02i
[1A| train_loss: 3.52e-01 | test_loss: 4.25e-01 | reg: 9.57e+00 | :  75%|▊| 100/133 [00:03<00:01, 31.85
[1A| train_loss: 3.52e-01 | test_loss: 4.25e-01 | reg: 9.57e+00 | :  78%|▊| 104/133 [00:03<00:00, 31.99
[1A| train_loss: 3.50e-01 | test_loss: 4.24e-01 | reg: 9.52e+00 | :  78%|▊| 104/133 [00:03<00:00, 31.99
[1A| train_loss: 3.50e-01 | test_loss: 4.24e-01 | reg: 9.52e+00 | :  81%|▊| 108/133 [00:03<00:00, 31.85
[1A| train_loss: 3.50e-01 | test_loss: 4.24e-01 | reg: 9.52e+00 | :  84%|▊| 112/133 [00:03<00:00, 31.85
[1A| train_loss: 3.50e-01 | test_loss: 4.24e-01 | reg: 9.52e+00 | :  87%|▊| 116/133 [00:03<00:00, 31.87
[1A| train_loss: 3.50e-01 | test_loss: 4.24e-01 | reg: 9.52e+00 | :  90%|▉| 120/133 [00:03<00:00, 31.45
[1A| train_loss: 3.50e-01 | test_loss: 4.24e-01 | reg: 9.52e+00 | :  93%|▉| 124/133 [00:03<00:00, 31.73
[1A| train_loss: 3.50e-01 | test_loss: 4.24e-01 | reg: 9.52e+00 | :  96%|▉| 128/133 [00:03<00:00, 32.04
[1A| train_loss: 3.48e-01 | test_loss: 4.22e-01 | reg: 9.47e+00 | :  96%|▉| 128/133 [00:04<00:00, 32.04
[1A| train_loss: 3.48e-01 | test_loss: 4.22e-01 | reg: 9.47e+00 | :  99%|▉| 132/133 [00:04<00:00, 32.11
[1A| train_loss: 3.48e-01 | test_loss: 4.22e-01 | reg: 9.47e+00 | : 100%|█| 133/133 [00:04<00:00, 32.03
[kan_fit] stage=sparsify done=532/800 chunk_steps=133 chunk_s=4.2 train_loss=0.348152 val_loss=0.421917 reg=9.48468

[1Adescription:   0%|                                                          | 0/133 [00:00<?, ?it/s]
[1A| train_loss: 3.48e-01 | test_loss: 4.35e-01 | reg: 9.50e+00 | :   0%|      | 0/133 [00:00<?, ?it/s]
[1A| train_loss: 3.48e-01 | test_loss: 4.35e-01 | reg: 9.50e+00 | :   3%| | 4/133 [00:00<00:04, 31.27it
[1A| train_loss: 3.48e-01 | test_loss: 4.35e-01 | reg: 9.50e+00 | :   6%| | 8/133 [00:00<00:03, 31.78it
[1A| train_loss: 3.48e-01 | test_loss: 4.35e-01 | reg: 9.50e+00 | :   9%| | 12/133 [00:00<00:03, 32.10i
[1A| train_loss: 3.48e-01 | test_loss: 4.35e-01 | reg: 9.50e+00 | :  12%| | 16/133 [00:00<00:03, 32.14i
[1A| train_loss: 3.48e-01 | test_loss: 4.35e-01 | reg: 9.50e+00 | :  15%|▏| 20/133 [00:00<00:03, 31.75i
[1A| train_loss: 3.48e-01 | test_loss: 4.35e-01 | reg: 9.50e+00 | :  18%|▏| 24/133 [00:00<00:03, 31.73i
[1A| train_loss: 3.48e-01 | test_loss: 4.21e-01 | reg: 9.53e+00 | :  18%|▏| 24/133 [00:00<00:03, 31.73i
[1A| train_loss: 3.48e-01 | test_loss: 4.21e-01 | reg: 9.53e+00 | :  21%|▏| 28/133 [00:00<00:03, 31.86i
[1A| train_loss: 3.48e-01 | test_loss: 4.21e-01 | reg: 9.53e+00 | :  24%|▏| 32/133 [00:01<00:03, 31.84i
[1A| train_loss: 3.48e-01 | test_loss: 4.21e-01 | reg: 9.53e+00 | :  27%|▎| 36/133 [00:01<00:03, 31.46i
[1A| train_loss: 3.48e-01 | test_loss: 4.21e-01 | reg: 9.53e+00 | :  30%|▎| 40/133 [00:01<00:02, 31.44i
[1A| train_loss: 3.48e-01 | test_loss: 4.21e-01 | reg: 9.53e+00 | :  33%|▎| 44/133 [00:01<00:02, 31.78i
[1A| train_loss: 3.48e-01 | test_loss: 4.21e-01 | reg: 9.53e+00 | :  36%|▎| 48/133 [00:01<00:02, 31.96i
[1A| train_loss: 3.48e-01 | test_loss: 4.21e-01 | reg: 9.53e+00 | :  39%|▍| 52/133 [00:01<00:02, 32.12i
[1A| train_loss: 3.47e-01 | test_loss: 4.21e-01 | reg: 9.48e+00 | :  39%|▍| 52/133 [00:01<00:02, 32.12i
[1A| train_loss: 3.47e-01 | test_loss: 4.21e-01 | reg: 9.48e+00 | :  42%|▍| 56/133 [00:01<00:02, 31.93i
[1A| train_loss: 3.47e-01 | test_loss: 4.21e-01 | reg: 9.48e+00 | :  45%|▍| 60/133 [00:01<00:02, 32.04i
[1A| train_loss: 3.47e-01 | test_loss: 4.21e-01 | reg: 9.48e+00 | :  48%|▍| 64/133 [00:02<00:02, 32.37i
[1A| train_loss: 3.47e-01 | test_loss: 4.21e-01 | reg: 9.48e+00 | :  51%|▌| 68/133 [00:02<00:02, 32.42i
[1A| train_loss: 3.47e-01 | test_loss: 4.21e-01 | reg: 9.48e+00 | :  54%|▌| 72/133 [00:02<00:01, 32.04i
[1A| train_loss: 3.47e-01 | test_loss: 4.21e-01 | reg: 9.48e+00 | :  57%|▌| 76/133 [00:02<00:01, 32.08i
[1A| train_loss: 3.46e-01 | test_loss: 4.20e-01 | reg: 9.45e+00 | :  57%|▌| 76/133 [00:02<00:01, 32.08i
[1A| train_loss: 3.46e-01 | test_loss: 4.20e-01 | reg: 9.45e+00 | :  60%|▌| 80/133 [00:02<00:01, 32.36i
[1A| train_loss: 3.46e-01 | test_loss: 4.20e-01 | reg: 9.45e+00 | :  63%|▋| 84/133 [00:02<00:01, 32.09i
[1A| train_loss: 3.46e-01 | test_loss: 4.20e-01 | reg: 9.45e+00 | :  66%|▋| 88/133 [00:02<00:01, 32.12i
[1A| train_loss: 3.46e-01 | test_loss: 4.20e-01 | reg: 9.45e+00 | :  69%|▋| 92/133 [00:02<00:01, 32.43i
[1A| train_loss: 3.46e-01 | test_loss: 4.20e-01 | reg: 9.45e+00 | :  72%|▋| 96/133 [00:02<00:01, 32.27i
[1A| train_loss: 3.46e-01 | test_loss: 4.20e-01 | reg: 9.45e+00 | :  75%|▊| 100/133 [00:03<00:01, 32.49
[1A| train_loss: 3.46e-01 | test_loss: 4.20e-01 | reg: 9.45e+00 | :  78%|▊| 104/133 [00:03<00:00, 32.67
[1A| train_loss: 3.45e-01 | test_loss: 4.19e-01 | reg: 9.43e+00 | :  78%|▊| 104/133 [00:03<00:00, 32.67
[1A| train_loss: 3.45e-01 | test_loss: 4.19e-01 | reg: 9.43e+00 | :  81%|▊| 108/133 [00:03<00:00, 32.52
[1A| train_loss: 3.45e-01 | test_loss: 4.19e-01 | reg: 9.43e+00 | :  84%|▊| 112/133 [00:03<00:00, 32.66
[1A| train_loss: 3.45e-01 | test_loss: 4.19e-01 | reg: 9.43e+00 | :  87%|▊| 116/133 [00:03<00:00, 32.99
[1A| train_loss: 3.45e-01 | test_loss: 4.19e-01 | reg: 9.43e+00 | :  90%|▉| 120/133 [00:03<00:00, 33.08
[1A| train_loss: 3.45e-01 | test_loss: 4.19e-01 | reg: 9.43e+00 | :  93%|▉| 124/133 [00:03<00:00, 32.58
[1A| train_loss: 3.45e-01 | test_loss: 4.19e-01 | reg: 9.43e+00 | :  96%|▉| 128/133 [00:03<00:00, 32.84
[1A| train_loss: 3.44e-01 | test_loss: 4.18e-01 | reg: 9.40e+00 | :  96%|▉| 128/133 [00:04<00:00, 32.84
[1A| train_loss: 3.44e-01 | test_loss: 4.18e-01 | reg: 9.40e+00 | :  99%|▉| 132/133 [00:04<00:00, 33.08
[1A| train_loss: 3.44e-01 | test_loss: 4.18e-01 | reg: 9.40e+00 | : 100%|█| 133/133 [00:04<00:00, 32.29
[kan_fit] stage=sparsify done=665/800 chunk_steps=133 chunk_s=4.1 train_loss=0.343798 val_loss=0.417731 reg=9.3623

[1Adescription:   0%|                                                          | 0/133 [00:00<?, ?it/s]
[1A| train_loss: 3.44e-01 | test_loss: 4.62e-01 | reg: 9.37e+00 | :   0%|      | 0/133 [00:00<?, ?it/s]
[1A| train_loss: 3.44e-01 | test_loss: 4.62e-01 | reg: 9.37e+00 | :   3%| | 4/133 [00:00<00:04, 32.00it
[1A| train_loss: 3.44e-01 | test_loss: 4.62e-01 | reg: 9.37e+00 | :   6%| | 8/133 [00:00<00:03, 32.10it
[1A| train_loss: 3.44e-01 | test_loss: 4.62e-01 | reg: 9.37e+00 | :   9%| | 12/133 [00:00<00:03, 32.52i
[1A| train_loss: 3.44e-01 | test_loss: 4.62e-01 | reg: 9.37e+00 | :  12%| | 16/133 [00:00<00:03, 32.40i
[1A| train_loss: 3.44e-01 | test_loss: 4.62e-01 | reg: 9.37e+00 | :  15%|▏| 20/133 [00:00<00:03, 32.72i
[1A| train_loss: 3.44e-01 | test_loss: 4.62e-01 | reg: 9.37e+00 | :  18%|▏| 24/133 [00:00<00:03, 32.68i
[1A| train_loss: 3.45e-01 | test_loss: 4.18e-01 | reg: 9.48e+00 | :  18%|▏| 24/133 [00:00<00:03, 32.68i
[1A| train_loss: 3.45e-01 | test_loss: 4.18e-01 | reg: 9.48e+00 | :  21%|▏| 28/133 [00:00<00:03, 32.67i
[1A| train_loss: 3.45e-01 | test_loss: 4.18e-01 | reg: 9.48e+00 | :  24%|▏| 32/133 [00:00<00:03, 32.38i
[1A| train_loss: 3.45e-01 | test_loss: 4.18e-01 | reg: 9.48e+00 | :  27%|▎| 36/133 [00:01<00:02, 32.60i
[1A| train_loss: 3.45e-01 | test_loss: 4.18e-01 | reg: 9.48e+00 | :  30%|▎| 40/133 [00:01<00:02, 32.58i
[1A| train_loss: 3.45e-01 | test_loss: 4.18e-01 | reg: 9.48e+00 | :  33%|▎| 44/133 [00:01<00:02, 32.80i
[1A| train_loss: 3.45e-01 | test_loss: 4.18e-01 | reg: 9.48e+00 | :  36%|▎| 48/133 [00:01<00:02, 32.59i
[1A| train_loss: 3.45e-01 | test_loss: 4.18e-01 | reg: 9.48e+00 | :  39%|▍| 52/133 [00:01<00:02, 32.54i
[1A| train_loss: 3.43e-01 | test_loss: 4.17e-01 | reg: 9.44e+00 | :  39%|▍| 52/133 [00:01<00:02, 32.54i
[1A| train_loss: 3.43e-01 | test_loss: 4.17e-01 | reg: 9.44e+00 | :  42%|▍| 56/133 [00:01<00:02, 32.45i
[1A| train_loss: 3.43e-01 | test_loss: 4.17e-01 | reg: 9.44e+00 | :  45%|▍| 60/133 [00:01<00:02, 32.49i
[1A| train_loss: 3.43e-01 | test_loss: 4.17e-01 | reg: 9.44e+00 | :  48%|▍| 64/133 [00:01<00:02, 32.40i
[1A| train_loss: 3.43e-01 | test_loss: 4.17e-01 | reg: 9.44e+00 | :  51%|▌| 68/133 [00:02<00:02, 32.42i
[1A| train_loss: 3.43e-01 | test_loss: 4.17e-01 | reg: 9.44e+00 | :  54%|▌| 72/133 [00:02<00:01, 32.13i
[1A| train_loss: 3.43e-01 | test_loss: 4.17e-01 | reg: 9.44e+00 | :  57%|▌| 76/133 [00:02<00:01, 32.12i
[1A| train_loss: 3.43e-01 | test_loss: 4.17e-01 | reg: 9.38e+00 | :  57%|▌| 76/133 [00:02<00:01, 32.12i
[1A| train_loss: 3.43e-01 | test_loss: 4.17e-01 | reg: 9.38e+00 | :  60%|▌| 80/133 [00:02<00:01, 32.16i
[1A| train_loss: 3.43e-01 | test_loss: 4.17e-01 | reg: 9.38e+00 | :  63%|▋| 84/133 [00:02<00:01, 32.23i
[1A| train_loss: 3.43e-01 | test_loss: 4.17e-01 | reg: 9.38e+00 | :  66%|▋| 88/133 [00:02<00:01, 32.17i
[1A| train_loss: 3.43e-01 | test_loss: 4.17e-01 | reg: 9.38e+00 | :  69%|▋| 92/133 [00:02<00:01, 32.09i
[1A| train_loss: 3.43e-01 | test_loss: 4.17e-01 | reg: 9.38e+00 | :  72%|▋| 96/133 [00:02<00:01, 32.09i
[1A| train_loss: 3.43e-01 | test_loss: 4.17e-01 | reg: 9.38e+00 | :  75%|▊| 100/133 [00:03<00:01, 31.99
[1A| train_loss: 3.43e-01 | test_loss: 4.17e-01 | reg: 9.38e+00 | :  78%|▊| 104/133 [00:03<00:00, 32.43
[1A| train_loss: 3.43e-01 | test_loss: 4.17e-01 | reg: 9.39e+00 | :  78%|▊| 104/133 [00:03<00:00, 32.43
[1A| train_loss: 3.43e-01 | test_loss: 4.17e-01 | reg: 9.39e+00 | :  81%|▊| 108/133 [00:03<00:00, 32.20
[1A| train_loss: 3.43e-01 | test_loss: 4.17e-01 | reg: 9.39e+00 | :  84%|▊| 112/133 [00:03<00:00, 32.22
[1A| train_loss: 3.43e-01 | test_loss: 4.17e-01 | reg: 9.39e+00 | :  87%|▊| 116/133 [00:03<00:00, 32.18
[1A| train_loss: 3.43e-01 | test_loss: 4.17e-01 | reg: 9.39e+00 | :  90%|▉| 120/133 [00:03<00:00, 32.29
[1A| train_loss: 3.43e-01 | test_loss: 4.17e-01 | reg: 9.39e+00 | :  93%|▉| 124/133 [00:03<00:00, 32.10
[1A| train_loss: 3.43e-01 | test_loss: 4.17e-01 | reg: 9.39e+00 | :  96%|▉| 128/133 [00:03<00:00, 32.11
[1A| train_loss: 3.42e-01 | test_loss: 4.16e-01 | reg: 9.38e+00 | :  96%|▉| 128/133 [00:04<00:00, 32.11
[1A| train_loss: 3.42e-01 | test_loss: 4.16e-01 | reg: 9.38e+00 | :  99%|▉| 132/133 [00:04<00:00, 32.26| train_loss: 3.42e-01 | test_loss: 4.16e-01 | reg: 9.38e+00 | : 100%|█| 133/133 [00:04<00:00, 32.32
[kan_fit] stage=sparsify done=798/800 chunk_steps=133 chunk_s=4.1 train_loss=0.342235 val_loss=0.416174 reg=9.3671

[1Adescription:   0%|                                                            | 0/2 [00:00<?, ?it/s]
[1A| train_loss: 3.42e-01 | test_loss: 4.37e-01 | reg: 9.36e+00 | :   0%|        | 0/2 [00:00<?, ?it/s]
[1A| train_loss: 3.62e-01 | test_loss: 4.16e-01 | reg: 1.03e+01 | :   0%|        | 0/2 [00:00<?, ?it/s]
[1A| train_loss: 3.62e-01 | test_loss: 4.16e-01 | reg: 1.03e+01 | : 100%|█| 2/2 [00:00<00:00, 32.36it/s
[kan_fit] stage=sparsify done=800/800 chunk_steps=2 chunk_s=0.1 train_loss=0.361891 val_loss=0.416478 reg=10.3155

[1Adescription:   0%|                                                           | 0/50 [00:00<?, ?it/s]
[1A| train_loss: 3.42e-01 | test_loss: 4.17e-01 | reg: 0.00e+00 | :   0%|       | 0/50 [00:00<?, ?it/s]
[1A| train_loss: 3.42e-01 | test_loss: 4.17e-01 | reg: 0.00e+00 | :   2%| | 1/50 [00:00<00:17,  2.88it/
[1A| train_loss: 3.42e-01 | test_loss: 4.17e-01 | reg: 0.00e+00 | :   4%| | 2/50 [00:00<00:16,  2.87it/
[1A| train_loss: 3.42e-01 | test_loss: 4.17e-01 | reg: 0.00e+00 | :   6%| | 3/50 [00:01<00:15,  2.95it/
[1A| train_loss: 3.42e-01 | test_loss: 4.17e-01 | reg: 0.00e+00 | :   8%| | 4/50 [00:01<00:15,  2.99it/
[1A| train_loss: 3.42e-01 | test_loss: 4.17e-01 | reg: 0.00e+00 | :  10%| | 5/50 [00:01<00:15,  2.99it/
[1A| train_loss: 3.42e-01 | test_loss: 4.17e-01 | reg: 0.00e+00 | :  12%| | 6/50 [00:02<00:14,  3.01it/
[1A| train_loss: 3.42e-01 | test_loss: 4.17e-01 | reg: 0.00e+00 | :  14%|▏| 7/50 [00:02<00:14,  3.03it/
[1A| train_loss: 3.42e-01 | test_loss: 4.17e-01 | reg: 0.00e+00 | :  16%|▏| 8/50 [00:02<00:14,  2.95it/
[1A| train_loss: 3.42e-01 | test_loss: 4.17e-01 | reg: 0.00e+00 | :  18%|▏| 9/50 [00:03<00:13,  2.95it/
[1A| train_loss: 3.42e-01 | test_loss: 4.17e-01 | reg: 0.00e+00 | :  20%|▏| 10/50 [00:03<00:13,  2.94it
[1A| train_loss: 3.25e-01 | test_loss: 4.15e-01 | reg: 0.00e+00 | :  20%|▏| 10/50 [00:03<00:13,  2.94it
[1A| train_loss: 3.25e-01 | test_loss: 4.15e-01 | reg: 0.00e+00 | :  22%|▏| 11/50 [00:03<00:13,  2.92it
[1A| train_loss: 3.25e-01 | test_loss: 4.15e-01 | reg: 0.00e+00 | :  24%|▏| 12/50 [00:04<00:12,  2.94it
[1A| train_loss: 3.25e-01 | test_loss: 4.15e-01 | reg: 0.00e+00 | :  26%|▎| 13/50 [00:04<00:12,  2.93it
[1A| train_loss: 3.25e-01 | test_loss: 4.15e-01 | reg: 0.00e+00 | :  28%|▎| 14/50 [00:04<00:12,  2.91it
[1A| train_loss: 3.25e-01 | test_loss: 4.15e-01 | reg: 0.00e+00 | :  30%|▎| 15/50 [00:05<00:11,  2.93it
[1A| train_loss: 3.25e-01 | test_loss: 4.15e-01 | reg: 0.00e+00 | :  32%|▎| 16/50 [00:05<00:11,  2.90it
[1A| train_loss: 3.25e-01 | test_loss: 4.15e-01 | reg: 0.00e+00 | :  34%|▎| 17/50 [00:05<00:11,  2.89it
[1A| train_loss: 3.25e-01 | test_loss: 4.15e-01 | reg: 0.00e+00 | :  36%|▎| 18/50 [00:06<00:11,  2.89it
[1A| train_loss: 3.25e-01 | test_loss: 4.15e-01 | reg: 0.00e+00 | :  38%|▍| 19/50 [00:06<00:10,  2.84it
[1A| train_loss: 3.25e-01 | test_loss: 4.15e-01 | reg: 0.00e+00 | :  40%|▍| 20/50 [00:06<00:10,  2.85it
[1A| train_loss: 3.21e-01 | test_loss: 4.16e-01 | reg: 0.00e+00 | :  40%|▍| 20/50 [00:07<00:10,  2.85it
[1A| train_loss: 3.21e-01 | test_loss: 4.16e-01 | reg: 0.00e+00 | :  42%|▍| 21/50 [00:07<00:10,  2.83it
[1A| train_loss: 3.21e-01 | test_loss: 4.16e-01 | reg: 0.00e+00 | :  44%|▍| 22/50 [00:07<00:10,  2.76it
[1A| train_loss: 3.21e-01 | test_loss: 4.16e-01 | reg: 0.00e+00 | :  46%|▍| 23/50 [00:07<00:09,  2.79it
[1A| train_loss: 3.21e-01 | test_loss: 4.16e-01 | reg: 0.00e+00 | :  48%|▍| 24/50 [00:08<00:09,  2.73it
[1A| train_loss: 3.21e-01 | test_loss: 4.16e-01 | reg: 0.00e+00 | :  50%|▌| 25/50 [00:08<00:09,  2.69it
[1A| train_loss: 3.21e-01 | test_loss: 4.16e-01 | reg: 0.00e+00 | :  52%|▌| 26/50 [00:09<00:09,  2.66it
[1A| train_loss: 3.21e-01 | test_loss: 4.16e-01 | reg: 0.00e+00 | :  54%|▌| 27/50 [00:09<00:08,  2.72it
[1A| train_loss: 3.21e-01 | test_loss: 4.16e-01 | reg: 0.00e+00 | :  56%|▌| 28/50 [00:09<00:08,  2.71it
[1A| train_loss: 3.21e-01 | test_loss: 4.16e-01 | reg: 0.00e+00 | :  58%|▌| 29/50 [00:10<00:07,  2.76it
[1A| train_loss: 3.21e-01 | test_loss: 4.16e-01 | reg: 0.00e+00 | :  60%|▌| 30/50 [00:10<00:07,  2.78it
[1A| train_loss: 3.15e-01 | test_loss: 4.15e-01 | reg: 0.00e+00 | :  60%|▌| 30/50 [00:10<00:07,  2.78it
[1A| train_loss: 3.15e-01 | test_loss: 4.15e-01 | reg: 0.00e+00 | :  62%|▌| 31/50 [00:10<00:06,  2.72it
[1A| train_loss: 3.15e-01 | test_loss: 4.15e-01 | reg: 0.00e+00 | :  64%|▋| 32/50 [00:11<00:06,  2.66it
[1A| train_loss: 3.15e-01 | test_loss: 4.15e-01 | reg: 0.00e+00 | :  66%|▋| 33/50 [00:11<00:06,  2.66it
[1A| train_loss: 3.15e-01 | test_loss: 4.15e-01 | reg: 0.00e+00 | :  68%|▋| 34/50 [00:12<00:05,  2.68it
[1A| train_loss: 3.15e-01 | test_loss: 4.15e-01 | reg: 0.00e+00 | :  70%|▋| 35/50 [00:12<00:05,  2.68it
[1A| train_loss: 3.15e-01 | test_loss: 4.15e-01 | reg: 0.00e+00 | :  72%|▋| 36/50 [00:12<00:05,  2.69it
[1A| train_loss: 3.15e-01 | test_loss: 4.15e-01 | reg: 0.00e+00 | :  74%|▋| 37/50 [00:13<00:04,  2.73it
[1A| train_loss: 3.15e-01 | test_loss: 4.15e-01 | reg: 0.00e+00 | :  76%|▊| 38/50 [00:13<00:04,  2.79it
[1A| train_loss: 3.15e-01 | test_loss: 4.15e-01 | reg: 0.00e+00 | :  78%|▊| 39/50 [00:13<00:03,  2.80it
[1A| train_loss: 3.15e-01 | test_loss: 4.15e-01 | reg: 0.00e+00 | :  80%|▊| 40/50 [00:14<00:03,  2.81it
[1A| train_loss: 3.11e-01 | test_loss: 4.07e-01 | reg: 0.00e+00 | :  80%|▊| 40/50 [00:14<00:03,  2.81it
[1A| train_loss: 3.11e-01 | test_loss: 4.07e-01 | reg: 0.00e+00 | :  82%|▊| 41/50 [00:14<00:03,  2.78it
[1A| train_loss: 3.11e-01 | test_loss: 4.07e-01 | reg: 0.00e+00 | :  84%|▊| 42/50 [00:14<00:02,  2.78it
[1A| train_loss: 3.11e-01 | test_loss: 4.07e-01 | reg: 0.00e+00 | :  86%|▊| 43/50 [00:15<00:02,  2.84it
[1A| train_loss: 3.11e-01 | test_loss: 4.07e-01 | reg: 0.00e+00 | :  88%|▉| 44/50 [00:15<00:02,  2.80it
[1A| train_loss: 3.11e-01 | test_loss: 4.07e-01 | reg: 0.00e+00 | :  90%|▉| 45/50 [00:15<00:01,  2.79it
[1A| train_loss: 3.11e-01 | test_loss: 4.07e-01 | reg: 0.00e+00 | :  92%|▉| 46/50 [00:16<00:01,  2.73it
[1A| train_loss: 3.11e-01 | test_loss: 4.07e-01 | reg: 0.00e+00 | :  94%|▉| 47/50 [00:16<00:01,  2.73it
[1A| train_loss: 3.11e-01 | test_loss: 4.07e-01 | reg: 0.00e+00 | :  96%|▉| 48/50 [00:17<00:00,  2.77it
[1A| train_loss: 3.11e-01 | test_loss: 4.07e-01 | reg: 0.00e+00 | :  98%|▉| 49/50 [00:17<00:00,  2.73it
[1A| train_loss: 3.11e-01 | test_loss: 4.07e-01 | reg: 0.00e+00 | : 100%|█| 50/50 [00:17<00:00,  2.50it
[1A| train_loss: 3.11e-01 | test_loss: 4.07e-01 | reg: 0.00e+00 | : 100%|█| 50/50 [00:17<00:00,  2.79it
[kan_fit] stage=refine done=50/200 chunk_steps=50 chunk_s=17.9 train_loss=0.307272 val_loss=0.395593 reg=0

[1Adescription:   0%|                                                           | 0/50 [00:00<?, ?it/s]
[1A| train_loss: 3.07e-01 | test_loss: 3.96e-01 | reg: 0.00e+00 | :   0%|       | 0/50 [00:00<?, ?it/s]
[1A| train_loss: 3.07e-01 | test_loss: 3.96e-01 | reg: 0.00e+00 | :   2%| | 1/50 [00:00<00:17,  2.76it/
[1A| train_loss: 3.07e-01 | test_loss: 3.96e-01 | reg: 0.00e+00 | :   4%| | 2/50 [00:00<00:16,  2.86it/
[1A| train_loss: 3.07e-01 | test_loss: 3.96e-01 | reg: 0.00e+00 | :   6%| | 3/50 [00:01<00:16,  2.85it/
[1A| train_loss: 3.07e-01 | test_loss: 3.96e-01 | reg: 0.00e+00 | :   8%| | 4/50 [00:01<00:15,  2.89it/
[1A| train_loss: 3.07e-01 | test_loss: 3.96e-01 | reg: 0.00e+00 | :  10%| | 5/50 [00:01<00:15,  2.82it/
[1A| train_loss: 3.07e-01 | test_loss: 3.96e-01 | reg: 0.00e+00 | :  12%| | 6/50 [00:02<00:15,  2.86it/
[1A| train_loss: 3.07e-01 | test_loss: 3.96e-01 | reg: 0.00e+00 | :  14%|▏| 7/50 [00:02<00:15,  2.84it/
[1A| train_loss: 3.07e-01 | test_loss: 3.96e-01 | reg: 0.00e+00 | :  16%|▏| 8/50 [00:02<00:14,  2.87it/
[1A| train_loss: 3.07e-01 | test_loss: 3.96e-01 | reg: 0.00e+00 | :  18%|▏| 9/50 [00:03<00:14,  2.83it/
[1A| train_loss: 3.07e-01 | test_loss: 3.96e-01 | reg: 0.00e+00 | :  20%|▏| 10/50 [00:03<00:14,  2.85it
[1A| train_loss: 3.04e-01 | test_loss: 3.94e-01 | reg: 0.00e+00 | :  20%|▏| 10/50 [00:03<00:14,  2.85it
[1A| train_loss: 3.04e-01 | test_loss: 3.94e-01 | reg: 0.00e+00 | :  22%|▏| 11/50 [00:03<00:14,  2.77it
[1A| train_loss: 3.04e-01 | test_loss: 3.94e-01 | reg: 0.00e+00 | :  24%|▏| 12/50 [00:04<00:13,  2.78it
[1A| train_loss: 3.04e-01 | test_loss: 3.94e-01 | reg: 0.00e+00 | :  26%|▎| 13/50 [00:04<00:13,  2.78it
[1A| train_loss: 3.04e-01 | test_loss: 3.94e-01 | reg: 0.00e+00 | :  28%|▎| 14/50 [00:04<00:12,  2.81it
[1A| train_loss: 3.04e-01 | test_loss: 3.94e-01 | reg: 0.00e+00 | :  30%|▎| 15/50 [00:05<00:12,  2.78it
[1A| train_loss: 3.04e-01 | test_loss: 3.94e-01 | reg: 0.00e+00 | :  32%|▎| 16/50 [00:05<00:12,  2.79it
[1A| train_loss: 3.04e-01 | test_loss: 3.94e-01 | reg: 0.00e+00 | :  34%|▎| 17/50 [00:06<00:11,  2.88it
[1A| train_loss: 3.04e-01 | test_loss: 3.94e-01 | reg: 0.00e+00 | :  36%|▎| 18/50 [00:06<00:10,  2.97it
[1A| train_loss: 3.04e-01 | test_loss: 3.94e-01 | reg: 0.00e+00 | :  38%|▍| 19/50 [00:06<00:10,  3.04it
[1A| train_loss: 3.04e-01 | test_loss: 3.94e-01 | reg: 0.00e+00 | :  40%|▍| 20/50 [00:06<00:09,  3.04it
[1A| train_loss: 2.98e-01 | test_loss: 3.88e-01 | reg: 0.00e+00 | :  40%|▍| 20/50 [00:07<00:09,  3.04it
[1A| train_loss: 2.98e-01 | test_loss: 3.88e-01 | reg: 0.00e+00 | :  42%|▍| 21/50 [00:07<00:09,  3.05it
[1A| train_loss: 2.98e-01 | test_loss: 3.88e-01 | reg: 0.00e+00 | :  44%|▍| 22/50 [00:07<00:09,  3.05it
[1A| train_loss: 2.98e-01 | test_loss: 3.88e-01 | reg: 0.00e+00 | :  46%|▍| 23/50 [00:07<00:08,  3.08it
[1A| train_loss: 2.98e-01 | test_loss: 3.88e-01 | reg: 0.00e+00 | :  48%|▍| 24/50 [00:08<00:08,  3.08it
[1A| train_loss: 2.98e-01 | test_loss: 3.88e-01 | reg: 0.00e+00 | :  50%|▌| 25/50 [00:08<00:08,  2.99it
[1A| train_loss: 2.98e-01 | test_loss: 3.88e-01 | reg: 0.00e+00 | :  52%|▌| 26/50 [00:08<00:07,  3.01it
[1A| train_loss: 2.98e-01 | test_loss: 3.88e-01 | reg: 0.00e+00 | :  54%|▌| 27/50 [00:09<00:07,  3.00it
[1A| train_loss: 2.98e-01 | test_loss: 3.88e-01 | reg: 0.00e+00 | :  56%|▌| 28/50 [00:09<00:07,  3.05it
[1A| train_loss: 2.98e-01 | test_loss: 3.88e-01 | reg: 0.00e+00 | :  58%|▌| 29/50 [00:09<00:07,  2.99it
[1A| train_loss: 2.98e-01 | test_loss: 3.88e-01 | reg: 0.00e+00 | :  60%|▌| 30/50 [00:10<00:06,  2.99it
[1A| train_loss: 2.96e-01 | test_loss: 3.88e-01 | reg: 0.00e+00 | :  60%|▌| 30/50 [00:10<00:06,  2.99it
[1A| train_loss: 2.96e-01 | test_loss: 3.88e-01 | reg: 0.00e+00 | :  62%|▌| 31/50 [00:10<00:06,  2.97it
[1A| train_loss: 2.96e-01 | test_loss: 3.88e-01 | reg: 0.00e+00 | :  64%|▋| 32/50 [00:10<00:05,  3.03it
[1A| train_loss: 2.96e-01 | test_loss: 3.88e-01 | reg: 0.00e+00 | :  66%|▋| 33/50 [00:11<00:05,  3.01it
[1A| train_loss: 2.96e-01 | test_loss: 3.88e-01 | reg: 0.00e+00 | :  68%|▋| 34/50 [00:11<00:05,  2.92it
[1A| train_loss: 2.96e-01 | test_loss: 3.88e-01 | reg: 0.00e+00 | :  70%|▋| 35/50 [00:11<00:05,  2.88it
[1A| train_loss: 2.96e-01 | test_loss: 3.88e-01 | reg: 0.00e+00 | :  72%|▋| 36/50 [00:12<00:04,  2.87it
[1A| train_loss: 2.96e-01 | test_loss: 3.88e-01 | reg: 0.00e+00 | :  74%|▋| 37/50 [00:12<00:04,  2.87it
[1A| train_loss: 2.96e-01 | test_loss: 3.88e-01 | reg: 0.00e+00 | :  76%|▊| 38/50 [00:13<00:04,  2.84it
[1A| train_loss: 2.96e-01 | test_loss: 3.88e-01 | reg: 0.00e+00 | :  78%|▊| 39/50 [00:13<00:03,  2.80it
[1A| train_loss: 2.96e-01 | test_loss: 3.88e-01 | reg: 0.00e+00 | :  80%|▊| 40/50 [00:13<00:03,  2.85it
[1A| train_loss: 2.95e-01 | test_loss: 3.88e-01 | reg: 0.00e+00 | :  80%|▊| 40/50 [00:14<00:03,  2.85it
[1A| train_loss: 2.95e-01 | test_loss: 3.88e-01 | reg: 0.00e+00 | :  82%|▊| 41/50 [00:14<00:03,  2.87it
[1A| train_loss: 2.95e-01 | test_loss: 3.88e-01 | reg: 0.00e+00 | :  84%|▊| 42/50 [00:14<00:02,  2.86it
[1A| train_loss: 2.95e-01 | test_loss: 3.88e-01 | reg: 0.00e+00 | :  86%|▊| 43/50 [00:14<00:02,  2.81it
[1A| train_loss: 2.95e-01 | test_loss: 3.88e-01 | reg: 0.00e+00 | :  88%|▉| 44/50 [00:15<00:02,  2.80it
[1A| train_loss: 2.95e-01 | test_loss: 3.88e-01 | reg: 0.00e+00 | :  90%|▉| 45/50 [00:15<00:01,  2.81it
[1A| train_loss: 2.95e-01 | test_loss: 3.88e-01 | reg: 0.00e+00 | :  92%|▉| 46/50 [00:15<00:01,  2.86it
[1A| train_loss: 2.95e-01 | test_loss: 3.88e-01 | reg: 0.00e+00 | :  94%|▉| 47/50 [00:16<00:01,  2.86it
[1A| train_loss: 2.95e-01 | test_loss: 3.88e-01 | reg: 0.00e+00 | :  96%|▉| 48/50 [00:16<00:00,  2.73it
[1A| train_loss: 2.95e-01 | test_loss: 3.88e-01 | reg: 0.00e+00 | :  98%|▉| 49/50 [00:16<00:00,  2.72it
[1A| train_loss: 2.95e-01 | test_loss: 3.88e-01 | reg: 0.00e+00 | : 100%|█| 50/50 [00:17<00:00,  2.63it| train_loss: 2.95e-01 | test_loss: 3.88e-01 | reg: 0.00e+00 | : 100%|█| 50/50 [00:17<00:00,  2.87it
[kan_fit] stage=refine done=100/200 chunk_steps=50 chunk_s=17.4 train_loss=0.29403 val_loss=0.387436 reg=0

[1Adescription:   0%|                                                           | 0/50 [00:00<?, ?it/s]
[1A| train_loss: 2.94e-01 | test_loss: 3.88e-01 | reg: 0.00e+00 | :   0%|       | 0/50 [00:00<?, ?it/s]
[1A| train_loss: 2.94e-01 | test_loss: 3.88e-01 | reg: 0.00e+00 | :   2%| | 1/50 [00:00<00:19,  2.56it/
[1A| train_loss: 2.94e-01 | test_loss: 3.88e-01 | reg: 0.00e+00 | :   4%| | 2/50 [00:00<00:17,  2.70it/
[1A| train_loss: 2.94e-01 | test_loss: 3.88e-01 | reg: 0.00e+00 | :   6%| | 3/50 [00:01<00:16,  2.78it/
[1A| train_loss: 2.94e-01 | test_loss: 3.88e-01 | reg: 0.00e+00 | :   8%| | 4/50 [00:01<00:16,  2.80it/
[1A| train_loss: 2.94e-01 | test_loss: 3.88e-01 | reg: 0.00e+00 | :  10%| | 5/50 [00:01<00:16,  2.81it/
[1A| train_loss: 2.94e-01 | test_loss: 3.88e-01 | reg: 0.00e+00 | :  12%| | 6/50 [00:02<00:15,  2.84it/
[1A| train_loss: 2.94e-01 | test_loss: 3.88e-01 | reg: 0.00e+00 | :  14%|▏| 7/50 [00:02<00:14,  2.89it/
[1A| train_loss: 2.94e-01 | test_loss: 3.88e-01 | reg: 0.00e+00 | :  16%|▏| 8/50 [00:02<00:14,  2.88it/
[1A| train_loss: 2.94e-01 | test_loss: 3.88e-01 | reg: 0.00e+00 | :  18%|▏| 9/50 [00:03<00:14,  2.87it/
[1A| train_loss: 2.94e-01 | test_loss: 3.88e-01 | reg: 0.00e+00 | :  20%|▏| 10/50 [00:03<00:14,  2.82it
[1A| train_loss: 2.93e-01 | test_loss: 3.87e-01 | reg: 0.00e+00 | :  20%|▏| 10/50 [00:03<00:14,  2.82it
[1A| train_loss: 2.93e-01 | test_loss: 3.87e-01 | reg: 0.00e+00 | :  22%|▏| 11/50 [00:03<00:13,  2.83it
[1A| train_loss: 2.93e-01 | test_loss: 3.87e-01 | reg: 0.00e+00 | :  24%|▏| 12/50 [00:04<00:13,  2.86it
[1A| train_loss: 2.93e-01 | test_loss: 3.87e-01 | reg: 0.00e+00 | :  26%|▎| 13/50 [00:04<00:12,  2.87it
[1A| train_loss: 2.93e-01 | test_loss: 3.87e-01 | reg: 0.00e+00 | :  28%|▎| 14/50 [00:04<00:12,  2.94it
[1A| train_loss: 2.93e-01 | test_loss: 3.87e-01 | reg: 0.00e+00 | :  30%|▎| 15/50 [00:05<00:12,  2.88it
[1A| train_loss: 2.93e-01 | test_loss: 3.87e-01 | reg: 0.00e+00 | :  32%|▎| 16/50 [00:05<00:11,  2.91it
[1A| train_loss: 2.93e-01 | test_loss: 3.87e-01 | reg: 0.00e+00 | :  34%|▎| 17/50 [00:05<00:10,  3.01it
[1A| train_loss: 2.93e-01 | test_loss: 3.87e-01 | reg: 0.00e+00 | :  36%|▎| 18/50 [00:06<00:10,  2.98it
[1A| train_loss: 2.93e-01 | test_loss: 3.87e-01 | reg: 0.00e+00 | :  38%|▍| 19/50 [00:06<00:10,  3.01it
[1A| train_loss: 2.93e-01 | test_loss: 3.87e-01 | reg: 0.00e+00 | :  40%|▍| 20/50 [00:06<00:09,  3.07it
[1A| train_loss: 2.92e-01 | test_loss: 3.87e-01 | reg: 0.00e+00 | :  40%|▍| 20/50 [00:07<00:09,  3.07it
[1A| train_loss: 2.92e-01 | test_loss: 3.87e-01 | reg: 0.00e+00 | :  42%|▍| 21/50 [00:07<00:09,  3.02it
[1A| train_loss: 2.92e-01 | test_loss: 3.87e-01 | reg: 0.00e+00 | :  44%|▍| 22/50 [00:07<00:09,  3.02it
[1A| train_loss: 2.92e-01 | test_loss: 3.87e-01 | reg: 0.00e+00 | :  46%|▍| 23/50 [00:07<00:08,  3.02it
[1A| train_loss: 2.92e-01 | test_loss: 3.87e-01 | reg: 0.00e+00 | :  48%|▍| 24/50 [00:08<00:08,  2.97it
[1A| train_loss: 2.92e-01 | test_loss: 3.87e-01 | reg: 0.00e+00 | :  50%|▌| 25/50 [00:08<00:08,  2.83it
[1A| train_loss: 2.92e-01 | test_loss: 3.87e-01 | reg: 0.00e+00 | :  52%|▌| 26/50 [00:08<00:08,  2.84it
[1A| train_loss: 2.92e-01 | test_loss: 3.87e-01 | reg: 0.00e+00 | :  54%|▌| 27/50 [00:09<00:08,  2.80it
[1A| train_loss: 2.92e-01 | test_loss: 3.87e-01 | reg: 0.00e+00 | :  56%|▌| 28/50 [00:09<00:07,  2.84it
[1A| train_loss: 2.92e-01 | test_loss: 3.87e-01 | reg: 0.00e+00 | :  58%|▌| 29/50 [00:10<00:07,  2.84it
[1A| train_loss: 2.92e-01 | test_loss: 3.87e-01 | reg: 0.00e+00 | :  60%|▌| 30/50 [00:10<00:07,  2.85it
[1A| train_loss: 2.90e-01 | test_loss: 3.84e-01 | reg: 0.00e+00 | :  60%|▌| 30/50 [00:10<00:07,  2.85it
[1A| train_loss: 2.90e-01 | test_loss: 3.84e-01 | reg: 0.00e+00 | :  62%|▌| 31/50 [00:10<00:06,  2.91it
[1A| train_loss: 2.90e-01 | test_loss: 3.84e-01 | reg: 0.00e+00 | :  64%|▋| 32/50 [00:11<00:06,  2.92it
[1A| train_loss: 2.90e-01 | test_loss: 3.84e-01 | reg: 0.00e+00 | :  66%|▋| 33/50 [00:11<00:05,  2.93it
[1A| train_loss: 2.90e-01 | test_loss: 3.84e-01 | reg: 0.00e+00 | :  68%|▋| 34/50 [00:11<00:05,  2.95it
[1A| train_loss: 2.90e-01 | test_loss: 3.84e-01 | reg: 0.00e+00 | :  70%|▋| 35/50 [00:12<00:05,  2.91it
[1A| train_loss: 2.90e-01 | test_loss: 3.84e-01 | reg: 0.00e+00 | :  72%|▋| 36/50 [00:12<00:04,  2.91it
[1A| train_loss: 2.90e-01 | test_loss: 3.84e-01 | reg: 0.00e+00 | :  74%|▋| 37/50 [00:12<00:04,  2.86it
[1A| train_loss: 2.90e-01 | test_loss: 3.84e-01 | reg: 0.00e+00 | :  76%|▊| 38/50 [00:13<00:04,  2.88it
[1A| train_loss: 2.90e-01 | test_loss: 3.84e-01 | reg: 0.00e+00 | :  78%|▊| 39/50 [00:13<00:03,  2.89it
[1A| train_loss: 2.90e-01 | test_loss: 3.84e-01 | reg: 0.00e+00 | :  80%|▊| 40/50 [00:13<00:03,  2.83it
[1A| train_loss: 2.88e-01 | test_loss: 3.82e-01 | reg: 0.00e+00 | :  80%|▊| 40/50 [00:14<00:03,  2.83it
[1A| train_loss: 2.88e-01 | test_loss: 3.82e-01 | reg: 0.00e+00 | :  82%|▊| 41/50 [00:14<00:03,  2.83it
[1A| train_loss: 2.88e-01 | test_loss: 3.82e-01 | reg: 0.00e+00 | :  84%|▊| 42/50 [00:14<00:02,  2.88it
[1A| train_loss: 2.88e-01 | test_loss: 3.82e-01 | reg: 0.00e+00 | :  86%|▊| 43/50 [00:14<00:02,  2.88it
[1A| train_loss: 2.88e-01 | test_loss: 3.82e-01 | reg: 0.00e+00 | :  88%|▉| 44/50 [00:15<00:02,  2.92it
[1A| train_loss: 2.88e-01 | test_loss: 3.82e-01 | reg: 0.00e+00 | :  90%|▉| 45/50 [00:15<00:01,  2.96it
[1A| train_loss: 2.88e-01 | test_loss: 3.82e-01 | reg: 0.00e+00 | :  92%|▉| 46/50 [00:15<00:01,  2.97it
[1A| train_loss: 2.88e-01 | test_loss: 3.82e-01 | reg: 0.00e+00 | :  94%|▉| 47/50 [00:16<00:01,  2.89it
[1A| train_loss: 2.88e-01 | test_loss: 3.82e-01 | reg: 0.00e+00 | :  96%|▉| 48/50 [00:16<00:00,  2.84it
[1A| train_loss: 2.88e-01 | test_loss: 3.82e-01 | reg: 0.00e+00 | :  98%|▉| 49/50 [00:16<00:00,  2.83it
[1A| train_loss: 2.88e-01 | test_loss: 3.82e-01 | reg: 0.00e+00 | : 100%|█| 50/50 [00:17<00:00,  2.72it
[1A| train_loss: 2.88e-01 | test_loss: 3.82e-01 | reg: 0.00e+00 | : 100%|█| 50/50 [00:17<00:00,  2.88it
[kan_fit] stage=refine done=150/200 chunk_steps=50 chunk_s=17.4 train_loss=0.286944 val_loss=0.381632 reg=0

[1Adescription:   0%|                                                           | 0/50 [00:00<?, ?it/s]
[1A| train_loss: 2.87e-01 | test_loss: 3.82e-01 | reg: 0.00e+00 | :   0%|       | 0/50 [00:00<?, ?it/s]
[1A| train_loss: 2.87e-01 | test_loss: 3.82e-01 | reg: 0.00e+00 | :   2%| | 1/50 [00:00<00:16,  2.95it/
[1A| train_loss: 2.87e-01 | test_loss: 3.82e-01 | reg: 0.00e+00 | :   4%| | 2/50 [00:00<00:17,  2.82it/
[1A| train_loss: 2.87e-01 | test_loss: 3.82e-01 | reg: 0.00e+00 | :   6%| | 3/50 [00:01<00:16,  2.83it/
[1A| train_loss: 2.87e-01 | test_loss: 3.82e-01 | reg: 0.00e+00 | :   8%| | 4/50 [00:01<00:16,  2.83it/
[1A| train_loss: 2.87e-01 | test_loss: 3.82e-01 | reg: 0.00e+00 | :  10%| | 5/50 [00:01<00:16,  2.77it/
[1A| train_loss: 2.87e-01 | test_loss: 3.82e-01 | reg: 0.00e+00 | :  12%| | 6/50 [00:02<00:16,  2.70it/
[1A| train_loss: 2.87e-01 | test_loss: 3.82e-01 | reg: 0.00e+00 | :  14%|▏| 7/50 [00:02<00:15,  2.70it/
[1A| train_loss: 2.87e-01 | test_loss: 3.82e-01 | reg: 0.00e+00 | :  16%|▏| 8/50 [00:02<00:15,  2.73it/
[1A| train_loss: 2.87e-01 | test_loss: 3.82e-01 | reg: 0.00e+00 | :  18%|▏| 9/50 [00:03<00:14,  2.76it/
[1A| train_loss: 2.87e-01 | test_loss: 3.82e-01 | reg: 0.00e+00 | :  20%|▏| 10/50 [00:03<00:14,  2.75it
[1A| train_loss: 2.86e-01 | test_loss: 3.82e-01 | reg: 0.00e+00 | :  20%|▏| 10/50 [00:03<00:14,  2.75it
[1A| train_loss: 2.86e-01 | test_loss: 3.82e-01 | reg: 0.00e+00 | :  22%|▏| 11/50 [00:03<00:14,  2.76it
[1A| train_loss: 2.86e-01 | test_loss: 3.82e-01 | reg: 0.00e+00 | :  24%|▏| 12/50 [00:04<00:13,  2.86it
[1A| train_loss: 2.86e-01 | test_loss: 3.82e-01 | reg: 0.00e+00 | :  26%|▎| 13/50 [00:04<00:12,  2.85it
[1A| train_loss: 2.86e-01 | test_loss: 3.82e-01 | reg: 0.00e+00 | :  28%|▎| 14/50 [00:05<00:12,  2.86it
[1A| train_loss: 2.86e-01 | test_loss: 3.82e-01 | reg: 0.00e+00 | :  30%|▎| 15/50 [00:05<00:11,  2.92it
[1A| train_loss: 2.86e-01 | test_loss: 3.82e-01 | reg: 0.00e+00 | :  32%|▎| 16/50 [00:05<00:11,  2.92it
[1A| train_loss: 2.86e-01 | test_loss: 3.82e-01 | reg: 0.00e+00 | :  34%|▎| 17/50 [00:06<00:11,  2.93it
[1A| train_loss: 2.86e-01 | test_loss: 3.82e-01 | reg: 0.00e+00 | :  36%|▎| 18/50 [00:06<00:10,  2.93it
[1A| train_loss: 2.86e-01 | test_loss: 3.82e-01 | reg: 0.00e+00 | :  38%|▍| 19/50 [00:06<00:10,  2.89it
[1A| train_loss: 2.86e-01 | test_loss: 3.82e-01 | reg: 0.00e+00 | :  40%|▍| 20/50 [00:07<00:10,  2.94it
[1A| train_loss: 2.85e-01 | test_loss: 3.82e-01 | reg: 0.00e+00 | :  40%|▍| 20/50 [00:07<00:10,  2.94it
[1A| train_loss: 2.85e-01 | test_loss: 3.82e-01 | reg: 0.00e+00 | :  42%|▍| 21/50 [00:07<00:09,  2.99it
[1A| train_loss: 2.85e-01 | test_loss: 3.82e-01 | reg: 0.00e+00 | :  44%|▍| 22/50 [00:07<00:09,  2.99it
[1A| train_loss: 2.85e-01 | test_loss: 3.82e-01 | reg: 0.00e+00 | :  46%|▍| 23/50 [00:08<00:08,  3.00it
[1A| train_loss: 2.85e-01 | test_loss: 3.82e-01 | reg: 0.00e+00 | :  48%|▍| 24/50 [00:08<00:08,  2.95it
[1A| train_loss: 2.85e-01 | test_loss: 3.82e-01 | reg: 0.00e+00 | :  50%|▌| 25/50 [00:08<00:08,  2.89it
[1A| train_loss: 2.85e-01 | test_loss: 3.82e-01 | reg: 0.00e+00 | :  52%|▌| 26/50 [00:09<00:08,  2.89it
[1A| train_loss: 2.85e-01 | test_loss: 3.82e-01 | reg: 0.00e+00 | :  54%|▌| 27/50 [00:09<00:08,  2.82it
[1A| train_loss: 2.85e-01 | test_loss: 3.82e-01 | reg: 0.00e+00 | :  56%|▌| 28/50 [00:09<00:07,  2.83it
[1A| train_loss: 2.85e-01 | test_loss: 3.82e-01 | reg: 0.00e+00 | :  58%|▌| 29/50 [00:10<00:07,  2.84it
[1A| train_loss: 2.85e-01 | test_loss: 3.82e-01 | reg: 0.00e+00 | :  60%|▌| 30/50 [00:10<00:06,  2.88it
[1A| train_loss: 2.84e-01 | test_loss: 3.83e-01 | reg: 0.00e+00 | :  60%|▌| 30/50 [00:10<00:06,  2.88it
[1A| train_loss: 2.84e-01 | test_loss: 3.83e-01 | reg: 0.00e+00 | :  62%|▌| 31/50 [00:10<00:06,  2.96it
[1A| train_loss: 2.84e-01 | test_loss: 3.83e-01 | reg: 0.00e+00 | :  64%|▋| 32/50 [00:11<00:06,  2.96it
[1A| train_loss: 2.84e-01 | test_loss: 3.83e-01 | reg: 0.00e+00 | :  66%|▋| 33/50 [00:11<00:05,  3.00it
[1A| train_loss: 2.84e-01 | test_loss: 3.83e-01 | reg: 0.00e+00 | :  68%|▋| 34/50 [00:11<00:05,  2.97it
[1A| train_loss: 2.84e-01 | test_loss: 3.83e-01 | reg: 0.00e+00 | :  70%|▋| 35/50 [00:12<00:05,  2.99it
[1A| train_loss: 2.84e-01 | test_loss: 3.83e-01 | reg: 0.00e+00 | :  72%|▋| 36/50 [00:12<00:04,  3.00it
[1A| train_loss: 2.84e-01 | test_loss: 3.83e-01 | reg: 0.00e+00 | :  74%|▋| 37/50 [00:12<00:04,  3.00it
[1A| train_loss: 2.84e-01 | test_loss: 3.83e-01 | reg: 0.00e+00 | :  76%|▊| 38/50 [00:13<00:04,  2.98it
[1A| train_loss: 2.84e-01 | test_loss: 3.83e-01 | reg: 0.00e+00 | :  78%|▊| 39/50 [00:13<00:03,  2.92it
[1A| train_loss: 2.84e-01 | test_loss: 3.83e-01 | reg: 0.00e+00 | :  80%|▊| 40/50 [00:13<00:03,  2.92it
[1A| train_loss: 2.83e-01 | test_loss: 3.83e-01 | reg: 0.00e+00 | :  80%|▊| 40/50 [00:14<00:03,  2.92it
[1A| train_loss: 2.83e-01 | test_loss: 3.83e-01 | reg: 0.00e+00 | :  82%|▊| 41/50 [00:14<00:03,  2.86it
[1A| train_loss: 2.83e-01 | test_loss: 3.83e-01 | reg: 0.00e+00 | :  84%|▊| 42/50 [00:14<00:02,  2.83it
[1A| train_loss: 2.83e-01 | test_loss: 3.83e-01 | reg: 0.00e+00 | :  86%|▊| 43/50 [00:14<00:02,  2.80it
[1A| train_loss: 2.83e-01 | test_loss: 3.83e-01 | reg: 0.00e+00 | :  88%|▉| 44/50 [00:15<00:02,  2.81it
[1A| train_loss: 2.83e-01 | test_loss: 3.83e-01 | reg: 0.00e+00 | :  90%|▉| 45/50 [00:15<00:01,  2.85it
[1A| train_loss: 2.83e-01 | test_loss: 3.83e-01 | reg: 0.00e+00 | :  92%|▉| 46/50 [00:15<00:01,  2.86it
[1A| train_loss: 2.83e-01 | test_loss: 3.83e-01 | reg: 0.00e+00 | :  94%|▉| 47/50 [00:16<00:01,  2.82it
[1A| train_loss: 2.83e-01 | test_loss: 3.83e-01 | reg: 0.00e+00 | :  96%|▉| 48/50 [00:16<00:00,  2.88it
[1A| train_loss: 2.83e-01 | test_loss: 3.83e-01 | reg: 0.00e+00 | :  98%|▉| 49/50 [00:17<00:00,  2.86it
[1A| train_loss: 2.83e-01 | test_loss: 3.83e-01 | reg: 0.00e+00 | : 100%|█| 50/50 [00:17<00:00,  2.70it
[1A| train_loss: 2.83e-01 | test_loss: 3.83e-01 | reg: 0.00e+00 | : 100%|█| 50/50 [00:17<00:00,  2.87it
[kan_fit] stage=refine done=200/200 chunk_steps=50 chunk_s=17.4 train_loss=0.283113 val_loss=0.383587 reg=0
{
  "run_id": "paperref_20260306_fullflow__s3_comp_solar_delta_solar_h6",
  "status": "completed",
  "data_run_id": "paperref_20260306_fullflow__derived_h1_6_72_144_576",
  "data_timestamp": "2026-03-06_042421",
  "eval_unpruned": {
    "rmse": 1421.6774934496839,
    "mae": 801.7350181800288,
    "r2": 0.6917563458718279
  },
  "eval_pruned": {
    "rmse": 1235.9649981777388,
    "mae": 752.0286155405124,
    "r2": 0.7670276866986281
  },
  "sparsity": {
    "total_edges": 48,
    "pruned_edges": 30,
    "pruned_ratio": 0.625
  },
  "checkpoint": "/vol/runs/paperref_20260306_fullflow__s3_comp_solar_delta_solar_h6/checkpoint/model.pt"
}
Stopping app - local entrypoint completed.
✓ App completed. View run at 
https://modal.com/apps/hfvcn/main/ap-I3qEqCNi03iIh9PrfatQEF
