✓ Initialized. View run at 
https://modal.com/apps/hfvcn/main/ap-uWzzOM0cnFTf2GqdAC5tC5
✓ Created objects.
├── 🔨 Created mount 
│   /Users/vfch/Documents/project/graduation-design/modal_jobs/kan_train.py
├── 🔨 Created mount /Users/vfch/Documents/project/graduation-design/src
├── 🔨 Created function train_kan_cpu.
└── 🔨 Created function train_kan_gpu.
2026-03-06 04:26:39,454 [INFO] src.data.split: Loading latest timestamp: 2026-03-06_042421
2026-03-06 04:26:40,550 [INFO] src.data.split: Loaded train: /vol/runs/paperref_20260306_fullflow__derived_h1_6_72_144_576/processed/train_2026-03-06_042421.parquet (72960 rows)
2026-03-06 04:26:41,036 [INFO] src.data.split: Loaded val: /vol/runs/paperref_20260306_fullflow__derived_h1_6_72_144_576/processed/val_2026-03-06_042421.parquet (15096 rows)
2026-03-06 04:26:41,689 [INFO] src.data.split: Loaded test: /vol/runs/paperref_20260306_fullflow__derived_h1_6_72_144_576/processed/test_2026-03-06_042421.parquet (15096 rows)
2026-03-06 04:26:41,710 [INFO] kan_train: Downsampled train_df to first 50000 rows for iteration
2026-03-06 04:26:41,782 [INFO] src.kan_sr.dataset: Target scaled for training: mean=0.8446, std=892.4619

[1Adescription:   0%|                                                           | 0/50 [00:00<?, ?it/s]
[1A| train_loss: 9.96e-01 | test_loss: 9.39e-01 | reg: 0.00e+00 | :   0%|       | 0/50 [00:02<?, ?it/s]
[1A| train_loss: 9.96e-01 | test_loss: 9.39e-01 | reg: 0.00e+00 | :   2%| | 1/50 [00:02<01:51,  2.28s/i
[1A| train_loss: 9.96e-01 | test_loss: 9.39e-01 | reg: 0.00e+00 | :  10%| | 5/50 [00:02<00:16,  2.76it/
[1A| train_loss: 9.96e-01 | test_loss: 9.39e-01 | reg: 0.00e+00 | :  20%|▏| 10/50 [00:02<00:06,  6.33it
[1A| train_loss: 8.38e-01 | test_loss: 7.47e-01 | reg: 0.00e+00 | :  20%|▏| 10/50 [00:02<00:06,  6.33it
[1A| train_loss: 8.38e-01 | test_loss: 7.47e-01 | reg: 0.00e+00 | :  30%|▎| 15/50 [00:02<00:03, 10.46it
[1A| train_loss: 8.38e-01 | test_loss: 7.47e-01 | reg: 0.00e+00 | :  40%|▍| 20/50 [00:02<00:01, 15.02it
[1A| train_loss: 6.78e-01 | test_loss: 5.71e-01 | reg: 0.00e+00 | :  40%|▍| 20/50 [00:02<00:01, 15.02it
[1A| train_loss: 6.78e-01 | test_loss: 5.71e-01 | reg: 0.00e+00 | :  50%|▌| 25/50 [00:02<00:01, 19.66it
[1A| train_loss: 6.78e-01 | test_loss: 5.71e-01 | reg: 0.00e+00 | :  60%|▌| 30/50 [00:02<00:00, 24.20it
[1A| train_loss: 6.07e-01 | test_loss: 5.99e-01 | reg: 0.00e+00 | :  60%|▌| 30/50 [00:02<00:00, 24.20it
[1A| train_loss: 6.07e-01 | test_loss: 5.99e-01 | reg: 0.00e+00 | :  70%|▋| 35/50 [00:03<00:00, 28.28it
[1A| train_loss: 6.07e-01 | test_loss: 5.99e-01 | reg: 0.00e+00 | :  80%|▊| 40/50 [00:03<00:00, 31.95it
[1A| train_loss: 5.77e-01 | test_loss: 6.39e-01 | reg: 0.00e+00 | :  80%|▊| 40/50 [00:03<00:00, 31.95it
[1A| train_loss: 5.77e-01 | test_loss: 6.39e-01 | reg: 0.00e+00 | :  90%|▉| 45/50 [00:03<00:00, 34.94it
[1A| train_loss: 5.77e-01 | test_loss: 6.39e-01 | reg: 0.00e+00 | : 100%|█| 50/50 [00:03<00:00, 37.39it| train_loss: 5.77e-01 | test_loss: 6.39e-01 | reg: 0.00e+00 | : 100%|█| 50/50 [00:03<00:00, 14.63it
[kan_fit] stage=warmup done=50/200 chunk_steps=50 chunk_s=3.4 train_loss=0.559784 val_loss=0.61032 reg=0

[1Adescription:   0%|                                                           | 0/50 [00:00<?, ?it/s]
[1A| train_loss: 5.58e-01 | test_loss: 6.13e-01 | reg: 0.00e+00 | :   0%|       | 0/50 [00:00<?, ?it/s]
[1A| train_loss: 5.58e-01 | test_loss: 6.13e-01 | reg: 0.00e+00 | :  10%| | 5/50 [00:00<00:01, 44.08it/
[1A| train_loss: 5.58e-01 | test_loss: 6.13e-01 | reg: 0.00e+00 | :  20%|▏| 10/50 [00:00<00:00, 43.21it
[1A| train_loss: 5.38e-01 | test_loss: 6.16e-01 | reg: 0.00e+00 | :  20%|▏| 10/50 [00:00<00:00, 43.21it
[1A| train_loss: 5.38e-01 | test_loss: 6.16e-01 | reg: 0.00e+00 | :  30%|▎| 15/50 [00:00<00:00, 43.02it
[1A| train_loss: 5.38e-01 | test_loss: 6.16e-01 | reg: 0.00e+00 | :  40%|▍| 20/50 [00:00<00:00, 43.27it
[1A| train_loss: 5.22e-01 | test_loss: 5.70e-01 | reg: 0.00e+00 | :  40%|▍| 20/50 [00:00<00:00, 43.27it
[1A| train_loss: 5.22e-01 | test_loss: 5.70e-01 | reg: 0.00e+00 | :  50%|▌| 25/50 [00:00<00:00, 43.63it
[1A| train_loss: 5.22e-01 | test_loss: 5.70e-01 | reg: 0.00e+00 | :  60%|▌| 30/50 [00:00<00:00, 42.78it
[1A| train_loss: 5.01e-01 | test_loss: 5.26e-01 | reg: 0.00e+00 | :  60%|▌| 30/50 [00:00<00:00, 42.78it
[1A| train_loss: 5.01e-01 | test_loss: 5.26e-01 | reg: 0.00e+00 | :  70%|▋| 35/50 [00:00<00:00, 42.74it
[1A| train_loss: 5.01e-01 | test_loss: 5.26e-01 | reg: 0.00e+00 | :  80%|▊| 40/50 [00:00<00:00, 42.85it
[1A| train_loss: 4.82e-01 | test_loss: 5.08e-01 | reg: 0.00e+00 | :  80%|▊| 40/50 [00:00<00:00, 42.85it
[1A| train_loss: 4.82e-01 | test_loss: 5.08e-01 | reg: 0.00e+00 | :  90%|▉| 45/50 [00:01<00:00, 42.53it
[1A| train_loss: 4.82e-01 | test_loss: 5.08e-01 | reg: 0.00e+00 | : 100%|█| 50/50 [00:01<00:00, 41.70it
[1A| train_loss: 4.82e-01 | test_loss: 5.08e-01 | reg: 0.00e+00 | : 100%|█| 50/50 [00:01<00:00, 42.57it
[kan_fit] stage=warmup done=100/200 chunk_steps=50 chunk_s=1.2 train_loss=0.467353 val_loss=0.497746 reg=0

[1Adescription:   0%|                                                           | 0/50 [00:00<?, ?it/s]
[1A| train_loss: 4.66e-01 | test_loss: 5.37e-01 | reg: 0.00e+00 | :   0%|       | 0/50 [00:00<?, ?it/s]
[1A| train_loss: 4.66e-01 | test_loss: 5.37e-01 | reg: 0.00e+00 | :  10%| | 5/50 [00:00<00:01, 42.25it/
[1A| train_loss: 4.66e-01 | test_loss: 5.37e-01 | reg: 0.00e+00 | :  20%|▏| 10/50 [00:00<00:00, 41.90it
[1A| train_loss: 4.81e-01 | test_loss: 4.93e-01 | reg: 0.00e+00 | :  20%|▏| 10/50 [00:00<00:00, 41.90it
[1A| train_loss: 4.81e-01 | test_loss: 4.93e-01 | reg: 0.00e+00 | :  30%|▎| 15/50 [00:00<00:00, 41.85it
[1A| train_loss: 4.81e-01 | test_loss: 4.93e-01 | reg: 0.00e+00 | :  40%|▍| 20/50 [00:00<00:00, 42.18it
[1A| train_loss: 4.67e-01 | test_loss: 4.91e-01 | reg: 0.00e+00 | :  40%|▍| 20/50 [00:00<00:00, 42.18it
[1A| train_loss: 4.67e-01 | test_loss: 4.91e-01 | reg: 0.00e+00 | :  50%|▌| 25/50 [00:00<00:00, 42.89it
[1A| train_loss: 4.67e-01 | test_loss: 4.91e-01 | reg: 0.00e+00 | :  60%|▌| 30/50 [00:00<00:00, 43.31it
[1A| train_loss: 4.56e-01 | test_loss: 4.96e-01 | reg: 0.00e+00 | :  60%|▌| 30/50 [00:00<00:00, 43.31it
[1A| train_loss: 4.56e-01 | test_loss: 4.96e-01 | reg: 0.00e+00 | :  70%|▋| 35/50 [00:00<00:00, 43.21it
[1A| train_loss: 4.56e-01 | test_loss: 4.96e-01 | reg: 0.00e+00 | :  80%|▊| 40/50 [00:00<00:00, 43.26it
[1A| train_loss: 4.51e-01 | test_loss: 5.03e-01 | reg: 0.00e+00 | :  80%|▊| 40/50 [00:00<00:00, 43.26it
[1A| train_loss: 4.51e-01 | test_loss: 5.03e-01 | reg: 0.00e+00 | :  90%|▉| 45/50 [00:01<00:00, 43.02it
[1A| train_loss: 4.51e-01 | test_loss: 5.03e-01 | reg: 0.00e+00 | : 100%|█| 50/50 [00:01<00:00, 42.99it
[1A| train_loss: 4.51e-01 | test_loss: 5.03e-01 | reg: 0.00e+00 | : 100%|█| 50/50 [00:01<00:00, 42.81it
[kan_fit] stage=warmup done=150/200 chunk_steps=50 chunk_s=1.2 train_loss=0.447746 val_loss=0.509796 reg=0

[1Adescription:   0%|                                                           | 0/50 [00:00<?, ?it/s]
[1A| train_loss: 4.47e-01 | test_loss: 5.89e-01 | reg: 0.00e+00 | :   0%|       | 0/50 [00:00<?, ?it/s]
[1A| train_loss: 4.47e-01 | test_loss: 5.89e-01 | reg: 0.00e+00 | :  10%| | 5/50 [00:00<00:01, 42.94it/
[1A| train_loss: 4.47e-01 | test_loss: 5.89e-01 | reg: 0.00e+00 | :  20%|▏| 10/50 [00:00<00:00, 43.56it
[1A| train_loss: 4.49e-01 | test_loss: 4.94e-01 | reg: 0.00e+00 | :  20%|▏| 10/50 [00:00<00:00, 43.56it
[1A| train_loss: 4.49e-01 | test_loss: 4.94e-01 | reg: 0.00e+00 | :  30%|▎| 15/50 [00:00<00:00, 44.05it
[1A| train_loss: 4.49e-01 | test_loss: 4.94e-01 | reg: 0.00e+00 | :  40%|▍| 20/50 [00:00<00:00, 44.04it
[1A| train_loss: 4.44e-01 | test_loss: 5.14e-01 | reg: 0.00e+00 | :  40%|▍| 20/50 [00:00<00:00, 44.04it
[1A| train_loss: 4.44e-01 | test_loss: 5.14e-01 | reg: 0.00e+00 | :  50%|▌| 25/50 [00:00<00:00, 43.90it
[1A| train_loss: 4.44e-01 | test_loss: 5.14e-01 | reg: 0.00e+00 | :  60%|▌| 30/50 [00:00<00:00, 44.08it
[1A| train_loss: 4.39e-01 | test_loss: 5.26e-01 | reg: 0.00e+00 | :  60%|▌| 30/50 [00:00<00:00, 44.08it
[1A| train_loss: 4.39e-01 | test_loss: 5.26e-01 | reg: 0.00e+00 | :  70%|▋| 35/50 [00:00<00:00, 44.14it
[1A| train_loss: 4.39e-01 | test_loss: 5.26e-01 | reg: 0.00e+00 | :  80%|▊| 40/50 [00:00<00:00, 44.20it
[1A| train_loss: 4.36e-01 | test_loss: 5.28e-01 | reg: 0.00e+00 | :  80%|▊| 40/50 [00:00<00:00, 44.20it
[1A| train_loss: 4.36e-01 | test_loss: 5.28e-01 | reg: 0.00e+00 | :  90%|▉| 45/50 [00:01<00:00, 44.33it
[1A| train_loss: 4.36e-01 | test_loss: 5.28e-01 | reg: 0.00e+00 | : 100%|█| 50/50 [00:01<00:00, 44.43it
[1A| train_loss: 4.36e-01 | test_loss: 5.28e-01 | reg: 0.00e+00 | : 100%|█| 50/50 [00:01<00:00, 44.14it
[kan_fit] stage=warmup done=200/200 chunk_steps=50 chunk_s=1.1 train_loss=0.432099 val_loss=0.525415 reg=0

[1Adescription:   0%|                                                          | 0/133 [00:00<?, ?it/s]
[1A| train_loss: 4.32e-01 | test_loss: 5.51e-01 | reg: 4.20e+01 | :   0%|      | 0/133 [00:00<?, ?it/s]
[1A| train_loss: 4.32e-01 | test_loss: 5.51e-01 | reg: 4.20e+01 | :   1%| | 1/133 [00:00<00:54,  2.41it
[1A| train_loss: 4.32e-01 | test_loss: 5.51e-01 | reg: 4.20e+01 | :   4%| | 5/133 [00:00<00:10, 11.76it
[1A| train_loss: 4.32e-01 | test_loss: 5.51e-01 | reg: 4.20e+01 | :   7%| | 9/133 [00:00<00:06, 18.87it
[1A| train_loss: 4.32e-01 | test_loss: 5.51e-01 | reg: 4.20e+01 | :  10%| | 13/133 [00:00<00:04, 24.20i
[1A| train_loss: 4.32e-01 | test_loss: 5.51e-01 | reg: 4.20e+01 | :  13%|▏| 17/133 [00:00<00:04, 27.94i
[1A| train_loss: 4.32e-01 | test_loss: 5.51e-01 | reg: 4.20e+01 | :  16%|▏| 21/133 [00:00<00:03, 30.72i
[1A| train_loss: 4.32e-01 | test_loss: 5.51e-01 | reg: 4.20e+01 | :  19%|▏| 25/133 [00:01<00:03, 32.76i
[1A| train_loss: 4.36e-01 | test_loss: 5.28e-01 | reg: 3.30e+01 | :  19%|▏| 25/133 [00:01<00:03, 32.76i
[1A| train_loss: 4.36e-01 | test_loss: 5.28e-01 | reg: 3.30e+01 | :  22%|▏| 29/133 [00:01<00:03, 34.00i
[1A| train_loss: 4.36e-01 | test_loss: 5.28e-01 | reg: 3.30e+01 | :  25%|▏| 33/133 [00:01<00:02, 34.93i
[1A| train_loss: 4.36e-01 | test_loss: 5.28e-01 | reg: 3.30e+01 | :  28%|▎| 37/133 [00:01<00:02, 35.88i
[1A| train_loss: 4.36e-01 | test_loss: 5.28e-01 | reg: 3.30e+01 | :  31%|▎| 41/133 [00:01<00:02, 36.28i
[1A| train_loss: 4.36e-01 | test_loss: 5.28e-01 | reg: 3.30e+01 | :  34%|▎| 45/133 [00:01<00:02, 36.55i
[1A| train_loss: 4.36e-01 | test_loss: 5.28e-01 | reg: 3.30e+01 | :  37%|▎| 49/133 [00:01<00:02, 36.81i
[1A| train_loss: 4.35e-01 | test_loss: 5.83e-01 | reg: 2.67e+01 | :  37%|▎| 49/133 [00:01<00:02, 36.81i
[1A| train_loss: 4.35e-01 | test_loss: 5.83e-01 | reg: 2.67e+01 | :  40%|▍| 53/133 [00:01<00:02, 37.09i
[1A| train_loss: 4.35e-01 | test_loss: 5.83e-01 | reg: 2.67e+01 | :  43%|▍| 57/133 [00:01<00:02, 37.12i
[1A| train_loss: 4.35e-01 | test_loss: 5.83e-01 | reg: 2.67e+01 | :  46%|▍| 61/133 [00:02<00:01, 37.45i
[1A| train_loss: 4.35e-01 | test_loss: 5.83e-01 | reg: 2.67e+01 | :  49%|▍| 65/133 [00:02<00:01, 36.88i
[1A| train_loss: 4.35e-01 | test_loss: 5.83e-01 | reg: 2.67e+01 | :  52%|▌| 69/133 [00:02<00:01, 35.57i
[1A| train_loss: 4.35e-01 | test_loss: 5.83e-01 | reg: 2.67e+01 | :  55%|▌| 73/133 [00:02<00:01, 35.19i
[1A| train_loss: 4.35e-01 | test_loss: 5.83e-01 | reg: 2.67e+01 | :  58%|▌| 77/133 [00:02<00:01, 34.90i
[1A| train_loss: 4.33e-01 | test_loss: 5.76e-01 | reg: 2.20e+01 | :  58%|▌| 77/133 [00:02<00:01, 34.90i
[1A| train_loss: 4.33e-01 | test_loss: 5.76e-01 | reg: 2.20e+01 | :  61%|▌| 81/133 [00:02<00:01, 35.09i
[1A| train_loss: 4.33e-01 | test_loss: 5.76e-01 | reg: 2.20e+01 | :  64%|▋| 85/133 [00:02<00:01, 35.05i
[1A| train_loss: 4.33e-01 | test_loss: 5.76e-01 | reg: 2.20e+01 | :  67%|▋| 89/133 [00:02<00:01, 35.13i
[1A| train_loss: 4.33e-01 | test_loss: 5.76e-01 | reg: 2.20e+01 | :  70%|▋| 93/133 [00:02<00:01, 34.90i
[1A| train_loss: 4.33e-01 | test_loss: 5.76e-01 | reg: 2.20e+01 | :  73%|▋| 97/133 [00:03<00:01, 34.80i
[1A| train_loss: 4.33e-01 | test_loss: 5.76e-01 | reg: 2.20e+01 | :  76%|▊| 101/133 [00:03<00:00, 33.12
[1A| train_loss: 4.30e-01 | test_loss: 5.40e-01 | reg: 1.85e+01 | :  76%|▊| 101/133 [00:03<00:00, 33.12
[1A| train_loss: 4.30e-01 | test_loss: 5.40e-01 | reg: 1.85e+01 | :  79%|▊| 105/133 [00:03<00:00, 32.78
[1A| train_loss: 4.30e-01 | test_loss: 5.40e-01 | reg: 1.85e+01 | :  82%|▊| 109/133 [00:03<00:00, 32.77
[1A| train_loss: 4.30e-01 | test_loss: 5.40e-01 | reg: 1.85e+01 | :  85%|▊| 113/133 [00:03<00:00, 33.38
[1A| train_loss: 4.30e-01 | test_loss: 5.40e-01 | reg: 1.85e+01 | :  88%|▉| 117/133 [00:03<00:00, 34.41
[1A| train_loss: 4.30e-01 | test_loss: 5.40e-01 | reg: 1.85e+01 | :  91%|▉| 121/133 [00:03<00:00, 34.04
[1A| train_loss: 4.30e-01 | test_loss: 5.40e-01 | reg: 1.85e+01 | :  94%|▉| 125/133 [00:03<00:00, 34.23
[1A| train_loss: 4.30e-01 | test_loss: 5.40e-01 | reg: 1.85e+01 | :  97%|▉| 129/133 [00:04<00:00, 34.72
[1A| train_loss: 4.26e-01 | test_loss: 5.22e-01 | reg: 1.62e+01 | :  97%|▉| 129/133 [00:04<00:00, 34.72
[1A| train_loss: 4.26e-01 | test_loss: 5.22e-01 | reg: 1.62e+01 | : 100%|█| 133/133 [00:04<00:00, 35.46
[1A| train_loss: 4.26e-01 | test_loss: 5.22e-01 | reg: 1.62e+01 | : 100%|█| 133/133 [00:04<00:00, 32.31
[kan_fit] stage=sparsify done=133/800 chunk_steps=133 chunk_s=4.1 train_loss=0.426179 val_loss=0.521767 reg=16.1285

[1Adescription:   0%|                                                          | 0/133 [00:00<?, ?it/s]
[1A| train_loss: 4.26e-01 | test_loss: 5.35e-01 | reg: 1.61e+01 | :   0%|      | 0/133 [00:00<?, ?it/s]
[1A| train_loss: 4.26e-01 | test_loss: 5.35e-01 | reg: 1.61e+01 | :   3%| | 4/133 [00:00<00:03, 36.06it
[1A| train_loss: 4.26e-01 | test_loss: 5.35e-01 | reg: 1.61e+01 | :   6%| | 8/133 [00:00<00:03, 36.11it
[1A| train_loss: 4.26e-01 | test_loss: 5.35e-01 | reg: 1.61e+01 | :   9%| | 12/133 [00:00<00:03, 34.32i
[1A| train_loss: 4.26e-01 | test_loss: 5.35e-01 | reg: 1.61e+01 | :  12%| | 16/133 [00:00<00:03, 34.67i
[1A| train_loss: 4.26e-01 | test_loss: 5.35e-01 | reg: 1.61e+01 | :  15%|▏| 20/133 [00:00<00:03, 35.29i
[1A| train_loss: 4.26e-01 | test_loss: 5.35e-01 | reg: 1.61e+01 | :  18%|▏| 24/133 [00:00<00:03, 36.01i
[1A| train_loss: 4.26e-01 | test_loss: 5.07e-01 | reg: 1.54e+01 | :  18%|▏| 24/133 [00:00<00:03, 36.01i
[1A| train_loss: 4.26e-01 | test_loss: 5.07e-01 | reg: 1.54e+01 | :  21%|▏| 28/133 [00:00<00:02, 36.18i
[1A| train_loss: 4.26e-01 | test_loss: 5.07e-01 | reg: 1.54e+01 | :  24%|▏| 32/133 [00:00<00:02, 36.01i
[1A| train_loss: 4.26e-01 | test_loss: 5.07e-01 | reg: 1.54e+01 | :  27%|▎| 36/133 [00:01<00:02, 36.47i
[1A| train_loss: 4.26e-01 | test_loss: 5.07e-01 | reg: 1.54e+01 | :  30%|▎| 40/133 [00:01<00:02, 36.38i
[1A| train_loss: 4.26e-01 | test_loss: 5.07e-01 | reg: 1.54e+01 | :  33%|▎| 44/133 [00:01<00:02, 36.02i
[1A| train_loss: 4.26e-01 | test_loss: 5.07e-01 | reg: 1.54e+01 | :  36%|▎| 48/133 [00:01<00:02, 35.91i
[1A| train_loss: 4.26e-01 | test_loss: 5.07e-01 | reg: 1.54e+01 | :  39%|▍| 52/133 [00:01<00:02, 36.19i
[1A| train_loss: 4.26e-01 | test_loss: 5.00e-01 | reg: 1.47e+01 | :  39%|▍| 52/133 [00:01<00:02, 36.19i
[1A| train_loss: 4.26e-01 | test_loss: 5.00e-01 | reg: 1.47e+01 | :  42%|▍| 56/133 [00:01<00:02, 36.60i
[1A| train_loss: 4.26e-01 | test_loss: 5.00e-01 | reg: 1.47e+01 | :  45%|▍| 60/133 [00:01<00:01, 36.98i
[1A| train_loss: 4.26e-01 | test_loss: 5.00e-01 | reg: 1.47e+01 | :  48%|▍| 64/133 [00:01<00:01, 37.23i
[1A| train_loss: 4.26e-01 | test_loss: 5.00e-01 | reg: 1.47e+01 | :  51%|▌| 68/133 [00:01<00:01, 37.47i
[1A| train_loss: 4.26e-01 | test_loss: 5.00e-01 | reg: 1.47e+01 | :  54%|▌| 72/133 [00:01<00:01, 37.61i
[1A| train_loss: 4.26e-01 | test_loss: 5.00e-01 | reg: 1.47e+01 | :  57%|▌| 76/133 [00:02<00:01, 37.70i
[1A| train_loss: 4.26e-01 | test_loss: 4.91e-01 | reg: 1.40e+01 | :  57%|▌| 76/133 [00:02<00:01, 37.70i
[1A| train_loss: 4.26e-01 | test_loss: 4.91e-01 | reg: 1.40e+01 | :  60%|▌| 80/133 [00:02<00:01, 37.65i
[1A| train_loss: 4.26e-01 | test_loss: 4.91e-01 | reg: 1.40e+01 | :  63%|▋| 84/133 [00:02<00:01, 37.69i
[1A| train_loss: 4.26e-01 | test_loss: 4.91e-01 | reg: 1.40e+01 | :  66%|▋| 88/133 [00:02<00:01, 37.70i
[1A| train_loss: 4.26e-01 | test_loss: 4.91e-01 | reg: 1.40e+01 | :  69%|▋| 92/133 [00:02<00:01, 37.57i
[1A| train_loss: 4.26e-01 | test_loss: 4.91e-01 | reg: 1.40e+01 | :  72%|▋| 96/133 [00:02<00:00, 37.26i
[1A| train_loss: 4.26e-01 | test_loss: 4.91e-01 | reg: 1.40e+01 | :  75%|▊| 100/133 [00:02<00:00, 37.18
[1A| train_loss: 4.26e-01 | test_loss: 4.91e-01 | reg: 1.40e+01 | :  78%|▊| 104/133 [00:02<00:00, 36.93
[1A| train_loss: 4.26e-01 | test_loss: 4.83e-01 | reg: 1.36e+01 | :  78%|▊| 104/133 [00:02<00:00, 36.93
[1A| train_loss: 4.26e-01 | test_loss: 4.83e-01 | reg: 1.36e+01 | :  81%|▊| 108/133 [00:02<00:00, 37.04
[1A| train_loss: 4.26e-01 | test_loss: 4.83e-01 | reg: 1.36e+01 | :  84%|▊| 112/133 [00:03<00:00, 37.25
[1A| train_loss: 4.26e-01 | test_loss: 4.83e-01 | reg: 1.36e+01 | :  87%|▊| 116/133 [00:03<00:00, 36.98
[1A| train_loss: 4.26e-01 | test_loss: 4.83e-01 | reg: 1.36e+01 | :  90%|▉| 120/133 [00:03<00:00, 36.98
[1A| train_loss: 4.26e-01 | test_loss: 4.83e-01 | reg: 1.36e+01 | :  93%|▉| 124/133 [00:03<00:00, 37.20
[1A| train_loss: 4.26e-01 | test_loss: 4.83e-01 | reg: 1.36e+01 | :  96%|▉| 128/133 [00:03<00:00, 36.62
[1A| train_loss: 4.24e-01 | test_loss: 4.73e-01 | reg: 1.34e+01 | :  96%|▉| 128/133 [00:03<00:00, 36.62
[1A| train_loss: 4.24e-01 | test_loss: 4.73e-01 | reg: 1.34e+01 | :  99%|▉| 132/133 [00:03<00:00, 35.99
[1A| train_loss: 4.24e-01 | test_loss: 4.73e-01 | reg: 1.34e+01 | : 100%|█| 133/133 [00:03<00:00, 36.65
[kan_fit] stage=sparsify done=266/800 chunk_steps=133 chunk_s=3.6 train_loss=0.423902 val_loss=0.471485 reg=13.337

[1Adescription:   0%|                                                          | 0/133 [00:00<?, ?it/s]
[1A| train_loss: 4.24e-01 | test_loss: 4.84e-01 | reg: 1.33e+01 | :   0%|      | 0/133 [00:00<?, ?it/s]
[1A| train_loss: 4.24e-01 | test_loss: 4.84e-01 | reg: 1.33e+01 | :   3%| | 4/133 [00:00<00:03, 37.31it
[1A| train_loss: 4.24e-01 | test_loss: 4.84e-01 | reg: 1.33e+01 | :   6%| | 8/133 [00:00<00:03, 37.24it
[1A| train_loss: 4.24e-01 | test_loss: 4.84e-01 | reg: 1.33e+01 | :   9%| | 12/133 [00:00<00:03, 37.20i
[1A| train_loss: 4.24e-01 | test_loss: 4.84e-01 | reg: 1.33e+01 | :  12%| | 16/133 [00:00<00:03, 37.12i
[1A| train_loss: 4.24e-01 | test_loss: 4.84e-01 | reg: 1.33e+01 | :  15%|▏| 20/133 [00:00<00:03, 35.03i
[1A| train_loss: 4.24e-01 | test_loss: 4.84e-01 | reg: 1.33e+01 | :  18%|▏| 24/133 [00:00<00:03, 34.33i
[1A| train_loss: 4.23e-01 | test_loss: 4.67e-01 | reg: 1.33e+01 | :  18%|▏| 24/133 [00:00<00:03, 34.33i
[1A| train_loss: 4.23e-01 | test_loss: 4.67e-01 | reg: 1.33e+01 | :  21%|▏| 28/133 [00:00<00:03, 34.37i
[1A| train_loss: 4.23e-01 | test_loss: 4.67e-01 | reg: 1.33e+01 | :  24%|▏| 32/133 [00:00<00:02, 34.50i
[1A| train_loss: 4.23e-01 | test_loss: 4.67e-01 | reg: 1.33e+01 | :  27%|▎| 36/133 [00:01<00:02, 34.36i
[1A| train_loss: 4.23e-01 | test_loss: 4.67e-01 | reg: 1.33e+01 | :  30%|▎| 40/133 [00:01<00:02, 34.42i
[1A| train_loss: 4.23e-01 | test_loss: 4.67e-01 | reg: 1.33e+01 | :  33%|▎| 44/133 [00:01<00:02, 35.13i
[1A| train_loss: 4.23e-01 | test_loss: 4.67e-01 | reg: 1.33e+01 | :  36%|▎| 48/133 [00:01<00:02, 35.05i
[1A| train_loss: 4.23e-01 | test_loss: 4.67e-01 | reg: 1.33e+01 | :  39%|▍| 52/133 [00:01<00:02, 35.33i
[1A| train_loss: 4.22e-01 | test_loss: 4.63e-01 | reg: 1.32e+01 | :  39%|▍| 52/133 [00:01<00:02, 35.33i
[1A| train_loss: 4.22e-01 | test_loss: 4.63e-01 | reg: 1.32e+01 | :  42%|▍| 56/133 [00:01<00:02, 35.00i
[1A| train_loss: 4.22e-01 | test_loss: 4.63e-01 | reg: 1.32e+01 | :  45%|▍| 60/133 [00:01<00:02, 34.81i
[1A| train_loss: 4.22e-01 | test_loss: 4.63e-01 | reg: 1.32e+01 | :  48%|▍| 64/133 [00:01<00:01, 34.57i
[1A| train_loss: 4.22e-01 | test_loss: 4.63e-01 | reg: 1.32e+01 | :  51%|▌| 68/133 [00:01<00:01, 35.04i
[1A| train_loss: 4.22e-01 | test_loss: 4.63e-01 | reg: 1.32e+01 | :  54%|▌| 72/133 [00:02<00:01, 34.74i
[1A| train_loss: 4.22e-01 | test_loss: 4.63e-01 | reg: 1.32e+01 | :  57%|▌| 76/133 [00:02<00:01, 34.95i
[1A| train_loss: 4.21e-01 | test_loss: 4.59e-01 | reg: 1.31e+01 | :  57%|▌| 76/133 [00:02<00:01, 34.95i
[1A| train_loss: 4.21e-01 | test_loss: 4.59e-01 | reg: 1.31e+01 | :  60%|▌| 80/133 [00:02<00:01, 34.65i
[1A| train_loss: 4.21e-01 | test_loss: 4.59e-01 | reg: 1.31e+01 | :  63%|▋| 84/133 [00:02<00:01, 34.69i
[1A| train_loss: 4.21e-01 | test_loss: 4.59e-01 | reg: 1.31e+01 | :  66%|▋| 88/133 [00:02<00:01, 35.27i
[1A| train_loss: 4.21e-01 | test_loss: 4.59e-01 | reg: 1.31e+01 | :  69%|▋| 92/133 [00:02<00:01, 34.32i
[1A| train_loss: 4.21e-01 | test_loss: 4.59e-01 | reg: 1.31e+01 | :  72%|▋| 96/133 [00:02<00:01, 34.48i
[1A| train_loss: 4.21e-01 | test_loss: 4.59e-01 | reg: 1.31e+01 | :  75%|▊| 100/133 [00:02<00:00, 34.48
[1A| train_loss: 4.21e-01 | test_loss: 4.59e-01 | reg: 1.31e+01 | :  78%|▊| 104/133 [00:02<00:00, 34.32
[1A| train_loss: 4.19e-01 | test_loss: 4.59e-01 | reg: 1.30e+01 | :  78%|▊| 104/133 [00:03<00:00, 34.32
[1A| train_loss: 4.19e-01 | test_loss: 4.59e-01 | reg: 1.30e+01 | :  81%|▊| 108/133 [00:03<00:00, 34.23
[1A| train_loss: 4.19e-01 | test_loss: 4.59e-01 | reg: 1.30e+01 | :  84%|▊| 112/133 [00:03<00:00, 34.71
[1A| train_loss: 4.19e-01 | test_loss: 4.59e-01 | reg: 1.30e+01 | :  87%|▊| 116/133 [00:03<00:00, 34.40
[1A| train_loss: 4.19e-01 | test_loss: 4.59e-01 | reg: 1.30e+01 | :  90%|▉| 120/133 [00:03<00:00, 33.94
[1A| train_loss: 4.19e-01 | test_loss: 4.59e-01 | reg: 1.30e+01 | :  93%|▉| 124/133 [00:03<00:00, 34.09
[1A| train_loss: 4.19e-01 | test_loss: 4.59e-01 | reg: 1.30e+01 | :  96%|▉| 128/133 [00:03<00:00, 34.20
[1A| train_loss: 4.17e-01 | test_loss: 4.59e-01 | reg: 1.28e+01 | :  96%|▉| 128/133 [00:03<00:00, 34.20
[1A| train_loss: 4.17e-01 | test_loss: 4.59e-01 | reg: 1.28e+01 | :  99%|▉| 132/133 [00:03<00:00, 34.66
[1A| train_loss: 4.17e-01 | test_loss: 4.59e-01 | reg: 1.28e+01 | : 100%|█| 133/133 [00:03<00:00, 34.78
[kan_fit] stage=sparsify done=399/800 chunk_steps=133 chunk_s=3.8 train_loss=0.41666 val_loss=0.456712 reg=12.7734

[1Adescription:   0%|                                                          | 0/133 [00:00<?, ?it/s]
[1A| train_loss: 4.17e-01 | test_loss: 5.06e-01 | reg: 1.27e+01 | :   0%|      | 0/133 [00:00<?, ?it/s]
[1A| train_loss: 4.17e-01 | test_loss: 5.06e-01 | reg: 1.27e+01 | :   3%| | 4/133 [00:00<00:03, 35.77it
[1A| train_loss: 4.17e-01 | test_loss: 5.06e-01 | reg: 1.27e+01 | :   6%| | 8/133 [00:00<00:03, 36.47it
[1A| train_loss: 4.17e-01 | test_loss: 5.06e-01 | reg: 1.27e+01 | :   9%| | 12/133 [00:00<00:03, 36.92i
[1A| train_loss: 4.17e-01 | test_loss: 5.06e-01 | reg: 1.27e+01 | :  12%| | 16/133 [00:00<00:03, 37.32i
[1A| train_loss: 4.17e-01 | test_loss: 5.06e-01 | reg: 1.27e+01 | :  15%|▏| 20/133 [00:00<00:03, 37.11i
[1A| train_loss: 4.17e-01 | test_loss: 5.06e-01 | reg: 1.27e+01 | :  18%|▏| 24/133 [00:00<00:02, 37.42i
[1A| train_loss: 4.16e-01 | test_loss: 4.57e-01 | reg: 1.27e+01 | :  18%|▏| 24/133 [00:00<00:02, 37.42i
[1A| train_loss: 4.16e-01 | test_loss: 4.57e-01 | reg: 1.27e+01 | :  21%|▏| 28/133 [00:00<00:02, 37.08i
[1A| train_loss: 4.16e-01 | test_loss: 4.57e-01 | reg: 1.27e+01 | :  24%|▏| 32/133 [00:00<00:02, 37.44i
[1A| train_loss: 4.16e-01 | test_loss: 4.57e-01 | reg: 1.27e+01 | :  27%|▎| 36/133 [00:00<00:02, 37.59i
[1A| train_loss: 4.16e-01 | test_loss: 4.57e-01 | reg: 1.27e+01 | :  30%|▎| 40/133 [00:01<00:02, 37.55i
[1A| train_loss: 4.16e-01 | test_loss: 4.57e-01 | reg: 1.27e+01 | :  33%|▎| 44/133 [00:01<00:02, 37.69i
[1A| train_loss: 4.16e-01 | test_loss: 4.57e-01 | reg: 1.27e+01 | :  36%|▎| 48/133 [00:01<00:02, 37.73i
[1A| train_loss: 4.16e-01 | test_loss: 4.57e-01 | reg: 1.27e+01 | :  39%|▍| 52/133 [00:01<00:02, 37.22i
[1A| train_loss: 4.15e-01 | test_loss: 4.59e-01 | reg: 1.24e+01 | :  39%|▍| 52/133 [00:01<00:02, 37.22i
[1A| train_loss: 4.15e-01 | test_loss: 4.59e-01 | reg: 1.24e+01 | :  42%|▍| 56/133 [00:01<00:02, 37.14i
[1A| train_loss: 4.15e-01 | test_loss: 4.59e-01 | reg: 1.24e+01 | :  45%|▍| 60/133 [00:01<00:01, 37.43i
[1A| train_loss: 4.15e-01 | test_loss: 4.59e-01 | reg: 1.24e+01 | :  48%|▍| 64/133 [00:01<00:01, 37.67i
[1A| train_loss: 4.15e-01 | test_loss: 4.59e-01 | reg: 1.24e+01 | :  51%|▌| 68/133 [00:01<00:01, 37.12i
[1A| train_loss: 4.15e-01 | test_loss: 4.59e-01 | reg: 1.24e+01 | :  54%|▌| 72/133 [00:01<00:01, 37.11i
[1A| train_loss: 4.15e-01 | test_loss: 4.59e-01 | reg: 1.24e+01 | :  57%|▌| 76/133 [00:02<00:01, 37.25i
[1A| train_loss: 4.13e-01 | test_loss: 4.58e-01 | reg: 1.20e+01 | :  57%|▌| 76/133 [00:02<00:01, 37.25i
[1A| train_loss: 4.13e-01 | test_loss: 4.58e-01 | reg: 1.20e+01 | :  60%|▌| 80/133 [00:02<00:01, 37.17i
[1A| train_loss: 4.13e-01 | test_loss: 4.58e-01 | reg: 1.20e+01 | :  63%|▋| 84/133 [00:02<00:01, 36.91i
[1A| train_loss: 4.13e-01 | test_loss: 4.58e-01 | reg: 1.20e+01 | :  66%|▋| 88/133 [00:02<00:01, 36.54i
[1A| train_loss: 4.13e-01 | test_loss: 4.58e-01 | reg: 1.20e+01 | :  69%|▋| 92/133 [00:02<00:01, 36.89i
[1A| train_loss: 4.13e-01 | test_loss: 4.58e-01 | reg: 1.20e+01 | :  72%|▋| 96/133 [00:02<00:01, 36.51i
[1A| train_loss: 4.13e-01 | test_loss: 4.58e-01 | reg: 1.20e+01 | :  75%|▊| 100/133 [00:02<00:00, 36.75
[1A| train_loss: 4.13e-01 | test_loss: 4.58e-01 | reg: 1.20e+01 | :  78%|▊| 104/133 [00:02<00:00, 36.18
[1A| train_loss: 4.11e-01 | test_loss: 4.58e-01 | reg: 1.16e+01 | :  78%|▊| 104/133 [00:02<00:00, 36.18
[1A| train_loss: 4.11e-01 | test_loss: 4.58e-01 | reg: 1.16e+01 | :  81%|▊| 108/133 [00:02<00:00, 36.33
[1A| train_loss: 4.11e-01 | test_loss: 4.58e-01 | reg: 1.16e+01 | :  84%|▊| 112/133 [00:03<00:00, 36.42
[1A| train_loss: 4.11e-01 | test_loss: 4.58e-01 | reg: 1.16e+01 | :  87%|▊| 116/133 [00:03<00:00, 36.01
[1A| train_loss: 4.11e-01 | test_loss: 4.58e-01 | reg: 1.16e+01 | :  90%|▉| 120/133 [00:03<00:00, 36.07
[1A| train_loss: 4.11e-01 | test_loss: 4.58e-01 | reg: 1.16e+01 | :  93%|▉| 124/133 [00:03<00:00, 35.60
[1A| train_loss: 4.11e-01 | test_loss: 4.58e-01 | reg: 1.16e+01 | :  96%|▉| 128/133 [00:03<00:00, 35.50
[1A| train_loss: 4.09e-01 | test_loss: 4.58e-01 | reg: 1.15e+01 | :  96%|▉| 128/133 [00:03<00:00, 35.50
[1A| train_loss: 4.09e-01 | test_loss: 4.58e-01 | reg: 1.15e+01 | :  99%|▉| 132/133 [00:03<00:00, 35.23
[1A| train_loss: 4.09e-01 | test_loss: 4.58e-01 | reg: 1.15e+01 | : 100%|█| 133/133 [00:03<00:00, 36.70
[kan_fit] stage=sparsify done=532/800 chunk_steps=133 chunk_s=3.6 train_loss=0.40918 val_loss=0.457885 reg=11.5045

[1Adescription:   0%|                                                          | 0/133 [00:00<?, ?it/s]
[1A| train_loss: 4.09e-01 | test_loss: 4.38e-01 | reg: 1.15e+01 | :   0%|      | 0/133 [00:00<?, ?it/s]
[1A| train_loss: 4.09e-01 | test_loss: 4.38e-01 | reg: 1.15e+01 | :   3%| | 4/133 [00:00<00:03, 36.56it
[1A| train_loss: 4.09e-01 | test_loss: 4.38e-01 | reg: 1.15e+01 | :   6%| | 8/133 [00:00<00:03, 37.28it
[1A| train_loss: 4.09e-01 | test_loss: 4.38e-01 | reg: 1.15e+01 | :   9%| | 12/133 [00:00<00:03, 37.45i
[1A| train_loss: 4.09e-01 | test_loss: 4.38e-01 | reg: 1.15e+01 | :  12%| | 16/133 [00:00<00:03, 37.44i
[1A| train_loss: 4.09e-01 | test_loss: 4.38e-01 | reg: 1.15e+01 | :  15%|▏| 20/133 [00:00<00:02, 37.68i
[1A| train_loss: 4.09e-01 | test_loss: 4.38e-01 | reg: 1.15e+01 | :  18%|▏| 24/133 [00:00<00:02, 37.86i
[1A| train_loss: 4.09e-01 | test_loss: 4.59e-01 | reg: 1.15e+01 | :  18%|▏| 24/133 [00:00<00:02, 37.86i
[1A| train_loss: 4.09e-01 | test_loss: 4.59e-01 | reg: 1.15e+01 | :  21%|▏| 28/133 [00:00<00:02, 37.94i
[1A| train_loss: 4.09e-01 | test_loss: 4.59e-01 | reg: 1.15e+01 | :  24%|▏| 32/133 [00:00<00:02, 37.61i
[1A| train_loss: 4.09e-01 | test_loss: 4.59e-01 | reg: 1.15e+01 | :  27%|▎| 36/133 [00:00<00:02, 37.16i
[1A| train_loss: 4.09e-01 | test_loss: 4.59e-01 | reg: 1.15e+01 | :  30%|▎| 40/133 [00:01<00:02, 36.91i
[1A| train_loss: 4.09e-01 | test_loss: 4.59e-01 | reg: 1.15e+01 | :  33%|▎| 44/133 [00:01<00:02, 37.15i
[1A| train_loss: 4.09e-01 | test_loss: 4.59e-01 | reg: 1.15e+01 | :  36%|▎| 48/133 [00:01<00:02, 36.80i
[1A| train_loss: 4.09e-01 | test_loss: 4.59e-01 | reg: 1.15e+01 | :  39%|▍| 52/133 [00:01<00:02, 36.67i
[1A| train_loss: 4.07e-01 | test_loss: 4.62e-01 | reg: 1.15e+01 | :  39%|▍| 52/133 [00:01<00:02, 36.67i
[1A| train_loss: 4.07e-01 | test_loss: 4.62e-01 | reg: 1.15e+01 | :  42%|▍| 56/133 [00:01<00:02, 36.79i
[1A| train_loss: 4.07e-01 | test_loss: 4.62e-01 | reg: 1.15e+01 | :  45%|▍| 60/133 [00:01<00:01, 36.78i
[1A| train_loss: 4.07e-01 | test_loss: 4.62e-01 | reg: 1.15e+01 | :  48%|▍| 64/133 [00:01<00:01, 36.47i
[1A| train_loss: 4.07e-01 | test_loss: 4.62e-01 | reg: 1.15e+01 | :  51%|▌| 68/133 [00:01<00:01, 36.83i
[1A| train_loss: 4.07e-01 | test_loss: 4.62e-01 | reg: 1.15e+01 | :  54%|▌| 72/133 [00:01<00:01, 37.02i
[1A| train_loss: 4.07e-01 | test_loss: 4.62e-01 | reg: 1.15e+01 | :  57%|▌| 76/133 [00:02<00:01, 37.33i
[1A| train_loss: 4.06e-01 | test_loss: 4.63e-01 | reg: 1.14e+01 | :  57%|▌| 76/133 [00:02<00:01, 37.33i
[1A| train_loss: 4.06e-01 | test_loss: 4.63e-01 | reg: 1.14e+01 | :  60%|▌| 80/133 [00:02<00:01, 36.95i
[1A| train_loss: 4.06e-01 | test_loss: 4.63e-01 | reg: 1.14e+01 | :  63%|▋| 84/133 [00:02<00:01, 36.74i
[1A| train_loss: 4.06e-01 | test_loss: 4.63e-01 | reg: 1.14e+01 | :  66%|▋| 88/133 [00:02<00:01, 36.87i
[1A| train_loss: 4.06e-01 | test_loss: 4.63e-01 | reg: 1.14e+01 | :  69%|▋| 92/133 [00:02<00:01, 36.78i
[1A| train_loss: 4.06e-01 | test_loss: 4.63e-01 | reg: 1.14e+01 | :  72%|▋| 96/133 [00:02<00:01, 36.20i
[1A| train_loss: 4.06e-01 | test_loss: 4.63e-01 | reg: 1.14e+01 | :  75%|▊| 100/133 [00:02<00:00, 36.27
[1A| train_loss: 4.06e-01 | test_loss: 4.63e-01 | reg: 1.14e+01 | :  78%|▊| 104/133 [00:02<00:00, 36.41
[1A| train_loss: 4.04e-01 | test_loss: 4.68e-01 | reg: 1.14e+01 | :  78%|▊| 104/133 [00:02<00:00, 36.41
[1A| train_loss: 4.04e-01 | test_loss: 4.68e-01 | reg: 1.14e+01 | :  81%|▊| 108/133 [00:02<00:00, 36.48
[1A| train_loss: 4.04e-01 | test_loss: 4.68e-01 | reg: 1.14e+01 | :  84%|▊| 112/133 [00:03<00:00, 36.45
[1A| train_loss: 4.04e-01 | test_loss: 4.68e-01 | reg: 1.14e+01 | :  87%|▊| 116/133 [00:03<00:00, 36.94
[1A| train_loss: 4.04e-01 | test_loss: 4.68e-01 | reg: 1.14e+01 | :  90%|▉| 120/133 [00:03<00:00, 37.13
[1A| train_loss: 4.04e-01 | test_loss: 4.68e-01 | reg: 1.14e+01 | :  93%|▉| 124/133 [00:03<00:00, 37.32
[1A| train_loss: 4.04e-01 | test_loss: 4.68e-01 | reg: 1.14e+01 | :  96%|▉| 128/133 [00:03<00:00, 37.35
[1A| train_loss: 4.02e-01 | test_loss: 4.74e-01 | reg: 1.14e+01 | :  96%|▉| 128/133 [00:03<00:00, 37.35
[1A| train_loss: 4.02e-01 | test_loss: 4.74e-01 | reg: 1.14e+01 | :  99%|▉| 132/133 [00:03<00:00, 36.98
[1A| train_loss: 4.02e-01 | test_loss: 4.74e-01 | reg: 1.14e+01 | : 100%|█| 133/133 [00:03<00:00, 36.97
[kan_fit] stage=sparsify done=665/800 chunk_steps=133 chunk_s=3.6 train_loss=0.40211 val_loss=0.474229 reg=11.441

[1Adescription:   0%|                                                          | 0/133 [00:00<?, ?it/s]
[1A| train_loss: 4.02e-01 | test_loss: 5.19e-01 | reg: 1.14e+01 | :   0%|      | 0/133 [00:00<?, ?it/s]
[1A| train_loss: 4.02e-01 | test_loss: 5.19e-01 | reg: 1.14e+01 | :   3%| | 4/133 [00:00<00:03, 36.86it
[1A| train_loss: 4.02e-01 | test_loss: 5.19e-01 | reg: 1.14e+01 | :   6%| | 8/133 [00:00<00:03, 37.28it
[1A| train_loss: 4.02e-01 | test_loss: 5.19e-01 | reg: 1.14e+01 | :   9%| | 12/133 [00:00<00:03, 37.62i
[1A| train_loss: 4.02e-01 | test_loss: 5.19e-01 | reg: 1.14e+01 | :  12%| | 16/133 [00:00<00:03, 37.80i
[1A| train_loss: 4.02e-01 | test_loss: 5.19e-01 | reg: 1.14e+01 | :  15%|▏| 20/133 [00:00<00:02, 37.70i
[1A| train_loss: 4.02e-01 | test_loss: 5.19e-01 | reg: 1.14e+01 | :  18%|▏| 24/133 [00:00<00:02, 37.73i
[1A| train_loss: 4.01e-01 | test_loss: 4.75e-01 | reg: 1.15e+01 | :  18%|▏| 24/133 [00:00<00:02, 37.73i
[1A| train_loss: 4.01e-01 | test_loss: 4.75e-01 | reg: 1.15e+01 | :  21%|▏| 28/133 [00:00<00:02, 37.59i
[1A| train_loss: 4.01e-01 | test_loss: 4.75e-01 | reg: 1.15e+01 | :  24%|▏| 32/133 [00:00<00:02, 37.67i
[1A| train_loss: 4.01e-01 | test_loss: 4.75e-01 | reg: 1.15e+01 | :  27%|▎| 36/133 [00:00<00:02, 37.69i
[1A| train_loss: 4.01e-01 | test_loss: 4.75e-01 | reg: 1.15e+01 | :  30%|▎| 40/133 [00:01<00:02, 37.84i
[1A| train_loss: 4.01e-01 | test_loss: 4.75e-01 | reg: 1.15e+01 | :  33%|▎| 44/133 [00:01<00:02, 37.97i
[1A| train_loss: 4.01e-01 | test_loss: 4.75e-01 | reg: 1.15e+01 | :  36%|▎| 48/133 [00:01<00:02, 38.04i
[1A| train_loss: 4.01e-01 | test_loss: 4.75e-01 | reg: 1.15e+01 | :  39%|▍| 52/133 [00:01<00:02, 38.06i
[1A| train_loss: 4.00e-01 | test_loss: 4.87e-01 | reg: 1.15e+01 | :  39%|▍| 52/133 [00:01<00:02, 38.06i
[1A| train_loss: 4.00e-01 | test_loss: 4.87e-01 | reg: 1.15e+01 | :  42%|▍| 56/133 [00:01<00:02, 38.10i
[1A| train_loss: 4.00e-01 | test_loss: 4.87e-01 | reg: 1.15e+01 | :  45%|▍| 60/133 [00:01<00:01, 38.00i
[1A| train_loss: 4.00e-01 | test_loss: 4.87e-01 | reg: 1.15e+01 | :  48%|▍| 64/133 [00:01<00:01, 37.86i
[1A| train_loss: 4.00e-01 | test_loss: 4.87e-01 | reg: 1.15e+01 | :  51%|▌| 68/133 [00:01<00:01, 37.80i
[1A| train_loss: 4.00e-01 | test_loss: 4.87e-01 | reg: 1.15e+01 | :  54%|▌| 72/133 [00:01<00:01, 37.65i
[1A| train_loss: 4.00e-01 | test_loss: 4.87e-01 | reg: 1.15e+01 | :  57%|▌| 76/133 [00:02<00:01, 37.24i
[1A| train_loss: 3.99e-01 | test_loss: 4.98e-01 | reg: 1.15e+01 | :  57%|▌| 76/133 [00:02<00:01, 37.24i
[1A| train_loss: 3.99e-01 | test_loss: 4.98e-01 | reg: 1.15e+01 | :  60%|▌| 80/133 [00:02<00:01, 37.36i
[1A| train_loss: 3.99e-01 | test_loss: 4.98e-01 | reg: 1.15e+01 | :  63%|▋| 84/133 [00:02<00:01, 37.31i
[1A| train_loss: 3.99e-01 | test_loss: 4.98e-01 | reg: 1.15e+01 | :  66%|▋| 88/133 [00:02<00:01, 37.12i
[1A| train_loss: 3.99e-01 | test_loss: 4.98e-01 | reg: 1.15e+01 | :  69%|▋| 92/133 [00:02<00:01, 36.95i
[1A| train_loss: 3.99e-01 | test_loss: 4.98e-01 | reg: 1.15e+01 | :  72%|▋| 96/133 [00:02<00:01, 36.73i
[1A| train_loss: 3.99e-01 | test_loss: 4.98e-01 | reg: 1.15e+01 | :  75%|▊| 100/133 [00:02<00:00, 36.56
[1A| train_loss: 3.99e-01 | test_loss: 4.98e-01 | reg: 1.15e+01 | :  78%|▊| 104/133 [00:02<00:00, 36.62
[1A| train_loss: 3.97e-01 | test_loss: 5.13e-01 | reg: 1.14e+01 | :  78%|▊| 104/133 [00:02<00:00, 36.62
[1A| train_loss: 3.97e-01 | test_loss: 5.13e-01 | reg: 1.14e+01 | :  81%|▊| 108/133 [00:02<00:00, 36.61
[1A| train_loss: 3.97e-01 | test_loss: 5.13e-01 | reg: 1.14e+01 | :  84%|▊| 112/133 [00:02<00:00, 36.71
[1A| train_loss: 3.97e-01 | test_loss: 5.13e-01 | reg: 1.14e+01 | :  87%|▊| 116/133 [00:03<00:00, 37.11
[1A| train_loss: 3.97e-01 | test_loss: 5.13e-01 | reg: 1.14e+01 | :  90%|▉| 120/133 [00:03<00:00, 36.76
[1A| train_loss: 3.97e-01 | test_loss: 5.13e-01 | reg: 1.14e+01 | :  93%|▉| 124/133 [00:03<00:00, 36.97
[1A| train_loss: 3.97e-01 | test_loss: 5.13e-01 | reg: 1.14e+01 | :  96%|▉| 128/133 [00:03<00:00, 36.85
[1A| train_loss: 3.96e-01 | test_loss: 5.35e-01 | reg: 1.14e+01 | :  96%|▉| 128/133 [00:03<00:00, 36.85
[1A| train_loss: 3.96e-01 | test_loss: 5.35e-01 | reg: 1.14e+01 | :  99%|▉| 132/133 [00:03<00:00, 37.03
[1A| train_loss: 3.96e-01 | test_loss: 5.35e-01 | reg: 1.14e+01 | : 100%|█| 133/133 [00:03<00:00, 37.34
[kan_fit] stage=sparsify done=798/800 chunk_steps=133 chunk_s=3.6 train_loss=0.396009 val_loss=0.537834 reg=11.4576

[1Adescription:   0%|                                                            | 0/2 [00:00<?, ?it/s]
[1A| train_loss: 3.96e-01 | test_loss: 5.56e-01 | reg: 1.15e+01 | :   0%|        | 0/2 [00:00<?, ?it/s]
[1A| train_loss: 4.06e-01 | test_loss: 5.45e-01 | reg: 1.24e+01 | :   0%|        | 0/2 [00:00<?, ?it/s]
[1A| train_loss: 4.06e-01 | test_loss: 5.45e-01 | reg: 1.24e+01 | : 100%|█| 2/2 [00:00<00:00, 36.68it/s
[kan_fit] stage=sparsify done=800/800 chunk_steps=2 chunk_s=0.1 train_loss=0.405648 val_loss=0.544828 reg=12.3874

[1Adescription:   0%|                                                           | 0/50 [00:00<?, ?it/s]
[1A| train_loss: 3.95e-01 | test_loss: 4.33e-01 | reg: 0.00e+00 | :   0%|       | 0/50 [00:00<?, ?it/s]
[1A| train_loss: 3.95e-01 | test_loss: 4.33e-01 | reg: 0.00e+00 | :   2%| | 1/50 [00:00<00:14,  3.34it/
[1A| train_loss: 3.95e-01 | test_loss: 4.33e-01 | reg: 0.00e+00 | :   4%| | 2/50 [00:00<00:14,  3.33it/
[1A| train_loss: 3.95e-01 | test_loss: 4.33e-01 | reg: 0.00e+00 | :   6%| | 3/50 [00:00<00:14,  3.36it/
[1A| train_loss: 3.95e-01 | test_loss: 4.33e-01 | reg: 0.00e+00 | :   8%| | 4/50 [00:01<00:13,  3.33it/
[1A| train_loss: 3.95e-01 | test_loss: 4.33e-01 | reg: 0.00e+00 | :  10%| | 5/50 [00:01<00:13,  3.36it/
[1A| train_loss: 3.95e-01 | test_loss: 4.33e-01 | reg: 0.00e+00 | :  12%| | 6/50 [00:01<00:12,  3.41it/
[1A| train_loss: 3.95e-01 | test_loss: 4.33e-01 | reg: 0.00e+00 | :  14%|▏| 7/50 [00:02<00:12,  3.39it/
[1A| train_loss: 3.95e-01 | test_loss: 4.33e-01 | reg: 0.00e+00 | :  16%|▏| 8/50 [00:02<00:12,  3.32it/
[1A| train_loss: 3.95e-01 | test_loss: 4.33e-01 | reg: 0.00e+00 | :  18%|▏| 9/50 [00:02<00:12,  3.32it/
[1A| train_loss: 3.95e-01 | test_loss: 4.33e-01 | reg: 0.00e+00 | :  20%|▏| 10/50 [00:02<00:12,  3.31it
[1A| train_loss: 3.73e-01 | test_loss: 4.11e-01 | reg: 0.00e+00 | :  20%|▏| 10/50 [00:03<00:12,  3.31it
[1A| train_loss: 3.73e-01 | test_loss: 4.11e-01 | reg: 0.00e+00 | :  22%|▏| 11/50 [00:03<00:11,  3.33it
[1A| train_loss: 3.73e-01 | test_loss: 4.11e-01 | reg: 0.00e+00 | :  24%|▏| 12/50 [00:03<00:11,  3.35it
[1A| train_loss: 3.73e-01 | test_loss: 4.11e-01 | reg: 0.00e+00 | :  26%|▎| 13/50 [00:03<00:11,  3.29it
[1A| train_loss: 3.73e-01 | test_loss: 4.11e-01 | reg: 0.00e+00 | :  28%|▎| 14/50 [00:04<00:10,  3.31it
[1A| train_loss: 3.73e-01 | test_loss: 4.11e-01 | reg: 0.00e+00 | :  30%|▎| 15/50 [00:04<00:10,  3.32it
[1A| train_loss: 3.73e-01 | test_loss: 4.11e-01 | reg: 0.00e+00 | :  32%|▎| 16/50 [00:04<00:10,  3.32it
[1A| train_loss: 3.73e-01 | test_loss: 4.11e-01 | reg: 0.00e+00 | :  34%|▎| 17/50 [00:05<00:10,  3.29it
[1A| train_loss: 3.73e-01 | test_loss: 4.11e-01 | reg: 0.00e+00 | :  36%|▎| 18/50 [00:05<00:09,  3.29it
[1A| train_loss: 3.73e-01 | test_loss: 4.11e-01 | reg: 0.00e+00 | :  38%|▍| 19/50 [00:05<00:09,  3.34it
[1A| train_loss: 3.73e-01 | test_loss: 4.11e-01 | reg: 0.00e+00 | :  40%|▍| 20/50 [00:06<00:09,  3.27it
[1A| train_loss: 3.67e-01 | test_loss: 4.17e-01 | reg: 0.00e+00 | :  40%|▍| 20/50 [00:06<00:09,  3.27it
[1A| train_loss: 3.67e-01 | test_loss: 4.17e-01 | reg: 0.00e+00 | :  42%|▍| 21/50 [00:06<00:08,  3.27it
[1A| train_loss: 3.67e-01 | test_loss: 4.17e-01 | reg: 0.00e+00 | :  44%|▍| 22/50 [00:06<00:08,  3.31it
[1A| train_loss: 3.67e-01 | test_loss: 4.17e-01 | reg: 0.00e+00 | :  46%|▍| 23/50 [00:06<00:08,  3.34it
[1A| train_loss: 3.67e-01 | test_loss: 4.17e-01 | reg: 0.00e+00 | :  48%|▍| 24/50 [00:07<00:07,  3.33it
[1A| train_loss: 3.67e-01 | test_loss: 4.17e-01 | reg: 0.00e+00 | :  50%|▌| 25/50 [00:07<00:07,  3.26it
[1A| train_loss: 3.67e-01 | test_loss: 4.17e-01 | reg: 0.00e+00 | :  52%|▌| 26/50 [00:07<00:07,  3.26it
[1A| train_loss: 3.67e-01 | test_loss: 4.17e-01 | reg: 0.00e+00 | :  54%|▌| 27/50 [00:08<00:06,  3.29it
[1A| train_loss: 3.67e-01 | test_loss: 4.17e-01 | reg: 0.00e+00 | :  56%|▌| 28/50 [00:08<00:06,  3.32it
[1A| train_loss: 3.67e-01 | test_loss: 4.17e-01 | reg: 0.00e+00 | :  58%|▌| 29/50 [00:08<00:06,  3.30it
[1A| train_loss: 3.67e-01 | test_loss: 4.17e-01 | reg: 0.00e+00 | :  60%|▌| 30/50 [00:09<00:05,  3.33it
[1A| train_loss: 3.63e-01 | test_loss: 4.25e-01 | reg: 0.00e+00 | :  60%|▌| 30/50 [00:09<00:05,  3.33it
[1A| train_loss: 3.63e-01 | test_loss: 4.25e-01 | reg: 0.00e+00 | :  62%|▌| 31/50 [00:09<00:05,  3.35it
[1A| train_loss: 3.63e-01 | test_loss: 4.25e-01 | reg: 0.00e+00 | :  64%|▋| 32/50 [00:09<00:05,  3.32it
[1A| train_loss: 3.63e-01 | test_loss: 4.25e-01 | reg: 0.00e+00 | :  66%|▋| 33/50 [00:09<00:05,  3.31it
[1A| train_loss: 3.63e-01 | test_loss: 4.25e-01 | reg: 0.00e+00 | :  68%|▋| 34/50 [00:10<00:04,  3.34it
[1A| train_loss: 3.63e-01 | test_loss: 4.25e-01 | reg: 0.00e+00 | :  70%|▋| 35/50 [00:10<00:04,  3.32it
[1A| train_loss: 3.63e-01 | test_loss: 4.25e-01 | reg: 0.00e+00 | :  72%|▋| 36/50 [00:10<00:04,  3.34it
[1A| train_loss: 3.63e-01 | test_loss: 4.25e-01 | reg: 0.00e+00 | :  74%|▋| 37/50 [00:11<00:03,  3.27it
[1A| train_loss: 3.63e-01 | test_loss: 4.25e-01 | reg: 0.00e+00 | :  76%|▊| 38/50 [00:11<00:03,  3.30it
[1A| train_loss: 3.63e-01 | test_loss: 4.25e-01 | reg: 0.00e+00 | :  78%|▊| 39/50 [00:11<00:03,  3.29it
[1A| train_loss: 3.63e-01 | test_loss: 4.25e-01 | reg: 0.00e+00 | :  80%|▊| 40/50 [00:12<00:03,  3.21it
[1A| train_loss: 3.61e-01 | test_loss: 4.39e-01 | reg: 0.00e+00 | :  80%|▊| 40/50 [00:12<00:03,  3.21it
[1A| train_loss: 3.61e-01 | test_loss: 4.39e-01 | reg: 0.00e+00 | :  82%|▊| 41/50 [00:12<00:02,  3.26it
[1A| train_loss: 3.61e-01 | test_loss: 4.39e-01 | reg: 0.00e+00 | :  84%|▊| 42/50 [00:12<00:02,  3.18it
[1A| train_loss: 3.61e-01 | test_loss: 4.39e-01 | reg: 0.00e+00 | :  86%|▊| 43/50 [00:13<00:02,  3.17it
[1A| train_loss: 3.61e-01 | test_loss: 4.39e-01 | reg: 0.00e+00 | :  88%|▉| 44/50 [00:13<00:01,  3.16it
[1A| train_loss: 3.61e-01 | test_loss: 4.39e-01 | reg: 0.00e+00 | :  90%|▉| 45/50 [00:13<00:01,  3.15it
[1A| train_loss: 3.61e-01 | test_loss: 4.39e-01 | reg: 0.00e+00 | :  92%|▉| 46/50 [00:13<00:01,  3.17it
[1A| train_loss: 3.61e-01 | test_loss: 4.39e-01 | reg: 0.00e+00 | :  94%|▉| 47/50 [00:14<00:00,  3.21it
[1A| train_loss: 3.61e-01 | test_loss: 4.39e-01 | reg: 0.00e+00 | :  96%|▉| 48/50 [00:14<00:00,  3.27it
[1A| train_loss: 3.61e-01 | test_loss: 4.39e-01 | reg: 0.00e+00 | :  98%|▉| 49/50 [00:14<00:00,  3.28it
[1A| train_loss: 3.61e-01 | test_loss: 4.39e-01 | reg: 0.00e+00 | : 100%|█| 50/50 [00:15<00:00,  3.13it| train_loss: 3.61e-01 | test_loss: 4.39e-01 | reg: 0.00e+00 | : 100%|█| 50/50 [00:15<00:00,  3.28it
[kan_fit] stage=refine done=50/200 chunk_steps=50 chunk_s=15.2 train_loss=0.359169 val_loss=0.436051 reg=0

[1Adescription:   0%|                                                           | 0/50 [00:00<?, ?it/s]
[1A| train_loss: 3.59e-01 | test_loss: 4.36e-01 | reg: 0.00e+00 | :   0%|       | 0/50 [00:00<?, ?it/s]
[1A| train_loss: 3.59e-01 | test_loss: 4.36e-01 | reg: 0.00e+00 | :   2%| | 1/50 [00:00<00:16,  3.05it/
[1A| train_loss: 3.59e-01 | test_loss: 4.36e-01 | reg: 0.00e+00 | :   4%| | 2/50 [00:00<00:14,  3.24it/
[1A| train_loss: 3.59e-01 | test_loss: 4.36e-01 | reg: 0.00e+00 | :   6%| | 3/50 [00:00<00:14,  3.26it/
[1A| train_loss: 3.59e-01 | test_loss: 4.36e-01 | reg: 0.00e+00 | :   8%| | 4/50 [00:01<00:14,  3.22it/
[1A| train_loss: 3.59e-01 | test_loss: 4.36e-01 | reg: 0.00e+00 | :  10%| | 5/50 [00:01<00:13,  3.29it/
[1A| train_loss: 3.59e-01 | test_loss: 4.36e-01 | reg: 0.00e+00 | :  12%| | 6/50 [00:01<00:13,  3.25it/
[1A| train_loss: 3.59e-01 | test_loss: 4.36e-01 | reg: 0.00e+00 | :  14%|▏| 7/50 [00:02<00:13,  3.27it/
[1A| train_loss: 3.59e-01 | test_loss: 4.36e-01 | reg: 0.00e+00 | :  16%|▏| 8/50 [00:02<00:12,  3.24it/
[1A| train_loss: 3.59e-01 | test_loss: 4.36e-01 | reg: 0.00e+00 | :  18%|▏| 9/50 [00:02<00:12,  3.31it/
[1A| train_loss: 3.59e-01 | test_loss: 4.36e-01 | reg: 0.00e+00 | :  20%|▏| 10/50 [00:03<00:11,  3.36it
[1A| train_loss: 3.58e-01 | test_loss: 4.37e-01 | reg: 0.00e+00 | :  20%|▏| 10/50 [00:03<00:11,  3.36it
[1A| train_loss: 3.58e-01 | test_loss: 4.37e-01 | reg: 0.00e+00 | :  22%|▏| 11/50 [00:03<00:11,  3.32it
[1A| train_loss: 3.58e-01 | test_loss: 4.37e-01 | reg: 0.00e+00 | :  24%|▏| 12/50 [00:03<00:12,  3.16it
[1A| train_loss: 3.58e-01 | test_loss: 4.37e-01 | reg: 0.00e+00 | :  26%|▎| 13/50 [00:04<00:11,  3.16it
[1A| train_loss: 3.58e-01 | test_loss: 4.37e-01 | reg: 0.00e+00 | :  28%|▎| 14/50 [00:04<00:11,  3.02it
[1A| train_loss: 3.58e-01 | test_loss: 4.37e-01 | reg: 0.00e+00 | :  30%|▎| 15/50 [00:04<00:11,  2.98it
[1A| train_loss: 3.58e-01 | test_loss: 4.37e-01 | reg: 0.00e+00 | :  32%|▎| 16/50 [00:05<00:11,  3.05it
[1A| train_loss: 3.58e-01 | test_loss: 4.37e-01 | reg: 0.00e+00 | :  34%|▎| 17/50 [00:05<00:10,  3.04it
[1A| train_loss: 3.58e-01 | test_loss: 4.37e-01 | reg: 0.00e+00 | :  36%|▎| 18/50 [00:05<00:10,  3.04it
[1A| train_loss: 3.58e-01 | test_loss: 4.37e-01 | reg: 0.00e+00 | :  38%|▍| 19/50 [00:06<00:10,  2.96it
[1A| train_loss: 3.58e-01 | test_loss: 4.37e-01 | reg: 0.00e+00 | :  40%|▍| 20/50 [00:06<00:10,  2.90it
[1A| train_loss: 3.57e-01 | test_loss: 4.32e-01 | reg: 0.00e+00 | :  40%|▍| 20/50 [00:06<00:10,  2.90it
[1A| train_loss: 3.57e-01 | test_loss: 4.32e-01 | reg: 0.00e+00 | :  42%|▍| 21/50 [00:06<00:09,  2.91it
[1A| train_loss: 3.57e-01 | test_loss: 4.32e-01 | reg: 0.00e+00 | :  44%|▍| 22/50 [00:07<00:09,  2.84it
[1A| train_loss: 3.57e-01 | test_loss: 4.32e-01 | reg: 0.00e+00 | :  46%|▍| 23/50 [00:07<00:09,  2.91it
[1A| train_loss: 3.57e-01 | test_loss: 4.32e-01 | reg: 0.00e+00 | :  48%|▍| 24/50 [00:07<00:09,  2.82it
[1A| train_loss: 3.57e-01 | test_loss: 4.32e-01 | reg: 0.00e+00 | :  50%|▌| 25/50 [00:08<00:08,  2.92it
[1A| train_loss: 3.57e-01 | test_loss: 4.32e-01 | reg: 0.00e+00 | :  52%|▌| 26/50 [00:08<00:08,  2.93it
[1A| train_loss: 3.57e-01 | test_loss: 4.32e-01 | reg: 0.00e+00 | :  54%|▌| 27/50 [00:08<00:07,  2.96it
[1A| train_loss: 3.57e-01 | test_loss: 4.32e-01 | reg: 0.00e+00 | :  56%|▌| 28/50 [00:09<00:07,  3.00it
[1A| train_loss: 3.57e-01 | test_loss: 4.32e-01 | reg: 0.00e+00 | :  58%|▌| 29/50 [00:09<00:06,  3.10it
[1A| train_loss: 3.57e-01 | test_loss: 4.32e-01 | reg: 0.00e+00 | :  60%|▌| 30/50 [00:09<00:06,  3.11it
[1A| train_loss: 3.55e-01 | test_loss: 4.40e-01 | reg: 0.00e+00 | :  60%|▌| 30/50 [00:10<00:06,  3.11it
[1A| train_loss: 3.55e-01 | test_loss: 4.40e-01 | reg: 0.00e+00 | :  62%|▌| 31/50 [00:10<00:06,  3.03it
[1A| train_loss: 3.55e-01 | test_loss: 4.40e-01 | reg: 0.00e+00 | :  64%|▋| 32/50 [00:10<00:05,  3.09it
[1A| train_loss: 3.55e-01 | test_loss: 4.40e-01 | reg: 0.00e+00 | :  66%|▋| 33/50 [00:10<00:05,  3.08it
[1A| train_loss: 3.55e-01 | test_loss: 4.40e-01 | reg: 0.00e+00 | :  68%|▋| 34/50 [00:11<00:05,  3.16it
[1A| train_loss: 3.55e-01 | test_loss: 4.40e-01 | reg: 0.00e+00 | :  70%|▋| 35/50 [00:11<00:04,  3.22it
[1A| train_loss: 3.55e-01 | test_loss: 4.40e-01 | reg: 0.00e+00 | :  72%|▋| 36/50 [00:11<00:04,  3.26it
[1A| train_loss: 3.55e-01 | test_loss: 4.40e-01 | reg: 0.00e+00 | :  74%|▋| 37/50 [00:11<00:03,  3.27it
[1A| train_loss: 3.55e-01 | test_loss: 4.40e-01 | reg: 0.00e+00 | :  76%|▊| 38/50 [00:12<00:03,  3.21it
[1A| train_loss: 3.55e-01 | test_loss: 4.40e-01 | reg: 0.00e+00 | :  78%|▊| 39/50 [00:12<00:03,  3.26it
[1A| train_loss: 3.55e-01 | test_loss: 4.40e-01 | reg: 0.00e+00 | :  80%|▊| 40/50 [00:12<00:03,  3.30it
[1A| train_loss: 3.53e-01 | test_loss: 4.48e-01 | reg: 0.00e+00 | :  80%|▊| 40/50 [00:13<00:03,  3.30it
[1A| train_loss: 3.53e-01 | test_loss: 4.48e-01 | reg: 0.00e+00 | :  82%|▊| 41/50 [00:13<00:02,  3.28it
[1A| train_loss: 3.53e-01 | test_loss: 4.48e-01 | reg: 0.00e+00 | :  84%|▊| 42/50 [00:13<00:02,  3.28it
[1A| train_loss: 3.53e-01 | test_loss: 4.48e-01 | reg: 0.00e+00 | :  86%|▊| 43/50 [00:13<00:02,  3.23it
[1A| train_loss: 3.53e-01 | test_loss: 4.48e-01 | reg: 0.00e+00 | :  88%|▉| 44/50 [00:14<00:01,  3.20it
[1A| train_loss: 3.53e-01 | test_loss: 4.48e-01 | reg: 0.00e+00 | :  90%|▉| 45/50 [00:14<00:01,  3.16it
[1A| train_loss: 3.53e-01 | test_loss: 4.48e-01 | reg: 0.00e+00 | :  92%|▉| 46/50 [00:14<00:01,  3.19it
[1A| train_loss: 3.53e-01 | test_loss: 4.48e-01 | reg: 0.00e+00 | :  94%|▉| 47/50 [00:15<00:00,  3.25it
[1A| train_loss: 3.53e-01 | test_loss: 4.48e-01 | reg: 0.00e+00 | :  96%|▉| 48/50 [00:15<00:00,  3.30it
[1A| train_loss: 3.53e-01 | test_loss: 4.48e-01 | reg: 0.00e+00 | :  98%|▉| 49/50 [00:15<00:00,  3.24it
[1A| train_loss: 3.53e-01 | test_loss: 4.48e-01 | reg: 0.00e+00 | : 100%|█| 50/50 [00:16<00:00,  3.05it
[1A| train_loss: 3.53e-01 | test_loss: 4.48e-01 | reg: 0.00e+00 | : 100%|█| 50/50 [00:16<00:00,  3.12it
[kan_fit] stage=refine done=100/200 chunk_steps=50 chunk_s=16.0 train_loss=0.351126 val_loss=0.449078 reg=0

[1Adescription:   0%|                                                           | 0/50 [00:00<?, ?it/s]
[1A| train_loss: 3.51e-01 | test_loss: 4.50e-01 | reg: 0.00e+00 | :   0%|       | 0/50 [00:00<?, ?it/s]
[1A| train_loss: 3.51e-01 | test_loss: 4.50e-01 | reg: 0.00e+00 | :   2%| | 1/50 [00:00<00:15,  3.21it/
[1A| train_loss: 3.51e-01 | test_loss: 4.50e-01 | reg: 0.00e+00 | :   4%| | 2/50 [00:00<00:14,  3.22it/
[1A| train_loss: 3.51e-01 | test_loss: 4.50e-01 | reg: 0.00e+00 | :   6%| | 3/50 [00:00<00:15,  3.09it/
[1A| train_loss: 3.51e-01 | test_loss: 4.50e-01 | reg: 0.00e+00 | :   8%| | 4/50 [00:01<00:14,  3.13it/
[1A| train_loss: 3.51e-01 | test_loss: 4.50e-01 | reg: 0.00e+00 | :  10%| | 5/50 [00:01<00:14,  3.15it/
[1A| train_loss: 3.51e-01 | test_loss: 4.50e-01 | reg: 0.00e+00 | :  12%| | 6/50 [00:01<00:13,  3.19it/
[1A| train_loss: 3.51e-01 | test_loss: 4.50e-01 | reg: 0.00e+00 | :  14%|▏| 7/50 [00:02<00:13,  3.24it/
[1A| train_loss: 3.51e-01 | test_loss: 4.50e-01 | reg: 0.00e+00 | :  16%|▏| 8/50 [00:02<00:12,  3.25it/
[1A| train_loss: 3.51e-01 | test_loss: 4.50e-01 | reg: 0.00e+00 | :  18%|▏| 9/50 [00:02<00:12,  3.30it/
[1A| train_loss: 3.51e-01 | test_loss: 4.50e-01 | reg: 0.00e+00 | :  20%|▏| 10/50 [00:03<00:12,  3.32it
[1A| train_loss: 3.50e-01 | test_loss: 4.49e-01 | reg: 0.00e+00 | :  20%|▏| 10/50 [00:03<00:12,  3.32it
[1A| train_loss: 3.50e-01 | test_loss: 4.49e-01 | reg: 0.00e+00 | :  22%|▏| 11/50 [00:03<00:11,  3.33it
[1A| train_loss: 3.50e-01 | test_loss: 4.49e-01 | reg: 0.00e+00 | :  24%|▏| 12/50 [00:03<00:11,  3.33it
[1A| train_loss: 3.50e-01 | test_loss: 4.49e-01 | reg: 0.00e+00 | :  26%|▎| 13/50 [00:04<00:11,  3.22it
[1A| train_loss: 3.50e-01 | test_loss: 4.49e-01 | reg: 0.00e+00 | :  28%|▎| 14/50 [00:04<00:10,  3.28it
[1A| train_loss: 3.50e-01 | test_loss: 4.49e-01 | reg: 0.00e+00 | :  30%|▎| 15/50 [00:04<00:10,  3.33it
[1A| train_loss: 3.50e-01 | test_loss: 4.49e-01 | reg: 0.00e+00 | :  32%|▎| 16/50 [00:04<00:10,  3.32it
[1A| train_loss: 3.50e-01 | test_loss: 4.49e-01 | reg: 0.00e+00 | :  34%|▎| 17/50 [00:05<00:09,  3.35it
[1A| train_loss: 3.50e-01 | test_loss: 4.49e-01 | reg: 0.00e+00 | :  36%|▎| 18/50 [00:05<00:09,  3.29it
[1A| train_loss: 3.50e-01 | test_loss: 4.49e-01 | reg: 0.00e+00 | :  38%|▍| 19/50 [00:05<00:09,  3.25it
[1A| train_loss: 3.50e-01 | test_loss: 4.49e-01 | reg: 0.00e+00 | :  40%|▍| 20/50 [00:06<00:09,  3.18it
[1A| train_loss: 3.50e-01 | test_loss: 4.46e-01 | reg: 0.00e+00 | :  40%|▍| 20/50 [00:06<00:09,  3.18it
[1A| train_loss: 3.50e-01 | test_loss: 4.46e-01 | reg: 0.00e+00 | :  42%|▍| 21/50 [00:06<00:08,  3.25it
[1A| train_loss: 3.50e-01 | test_loss: 4.46e-01 | reg: 0.00e+00 | :  44%|▍| 22/50 [00:06<00:08,  3.24it
[1A| train_loss: 3.50e-01 | test_loss: 4.46e-01 | reg: 0.00e+00 | :  46%|▍| 23/50 [00:07<00:08,  3.28it
[1A| train_loss: 3.50e-01 | test_loss: 4.46e-01 | reg: 0.00e+00 | :  48%|▍| 24/50 [00:07<00:07,  3.32it
[1A| train_loss: 3.50e-01 | test_loss: 4.46e-01 | reg: 0.00e+00 | :  50%|▌| 25/50 [00:07<00:07,  3.31it
[1A| train_loss: 3.50e-01 | test_loss: 4.46e-01 | reg: 0.00e+00 | :  52%|▌| 26/50 [00:07<00:07,  3.35it
[1A| train_loss: 3.50e-01 | test_loss: 4.46e-01 | reg: 0.00e+00 | :  54%|▌| 27/50 [00:08<00:06,  3.38it
[1A| train_loss: 3.50e-01 | test_loss: 4.46e-01 | reg: 0.00e+00 | :  56%|▌| 28/50 [00:08<00:06,  3.40it
[1A| train_loss: 3.50e-01 | test_loss: 4.46e-01 | reg: 0.00e+00 | :  58%|▌| 29/50 [00:08<00:06,  3.31it
[1A| train_loss: 3.50e-01 | test_loss: 4.46e-01 | reg: 0.00e+00 | :  60%|▌| 30/50 [00:09<00:06,  3.30it
[1A| train_loss: 3.49e-01 | test_loss: 4.47e-01 | reg: 0.00e+00 | :  60%|▌| 30/50 [00:09<00:06,  3.30it
[1A| train_loss: 3.49e-01 | test_loss: 4.47e-01 | reg: 0.00e+00 | :  62%|▌| 31/50 [00:09<00:05,  3.29it
[1A| train_loss: 3.49e-01 | test_loss: 4.47e-01 | reg: 0.00e+00 | :  64%|▋| 32/50 [00:09<00:05,  3.34it
[1A| train_loss: 3.49e-01 | test_loss: 4.47e-01 | reg: 0.00e+00 | :  66%|▋| 33/50 [00:10<00:05,  3.32it
[1A| train_loss: 3.49e-01 | test_loss: 4.47e-01 | reg: 0.00e+00 | :  68%|▋| 34/50 [00:10<00:04,  3.36it
[1A| train_loss: 3.49e-01 | test_loss: 4.47e-01 | reg: 0.00e+00 | :  70%|▋| 35/50 [00:10<00:04,  3.35it
[1A| train_loss: 3.49e-01 | test_loss: 4.47e-01 | reg: 0.00e+00 | :  72%|▋| 36/50 [00:10<00:04,  3.37it
[1A| train_loss: 3.49e-01 | test_loss: 4.47e-01 | reg: 0.00e+00 | :  74%|▋| 37/50 [00:11<00:03,  3.37it
[1A| train_loss: 3.49e-01 | test_loss: 4.47e-01 | reg: 0.00e+00 | :  76%|▊| 38/50 [00:11<00:03,  3.33it
[1A| train_loss: 3.49e-01 | test_loss: 4.47e-01 | reg: 0.00e+00 | :  78%|▊| 39/50 [00:11<00:03,  3.26it
[1A| train_loss: 3.49e-01 | test_loss: 4.47e-01 | reg: 0.00e+00 | :  80%|▊| 40/50 [00:12<00:03,  3.29it
[1A| train_loss: 3.48e-01 | test_loss: 4.51e-01 | reg: 0.00e+00 | :  80%|▊| 40/50 [00:12<00:03,  3.29it
[1A| train_loss: 3.48e-01 | test_loss: 4.51e-01 | reg: 0.00e+00 | :  82%|▊| 41/50 [00:12<00:02,  3.31it
[1A| train_loss: 3.48e-01 | test_loss: 4.51e-01 | reg: 0.00e+00 | :  84%|▊| 42/50 [00:12<00:02,  3.34it
[1A| train_loss: 3.48e-01 | test_loss: 4.51e-01 | reg: 0.00e+00 | :  86%|▊| 43/50 [00:13<00:02,  3.33it
[1A| train_loss: 3.48e-01 | test_loss: 4.51e-01 | reg: 0.00e+00 | :  88%|▉| 44/50 [00:13<00:01,  3.29it
[1A| train_loss: 3.48e-01 | test_loss: 4.51e-01 | reg: 0.00e+00 | :  90%|▉| 45/50 [00:13<00:01,  3.29it
[1A| train_loss: 3.48e-01 | test_loss: 4.51e-01 | reg: 0.00e+00 | :  92%|▉| 46/50 [00:13<00:01,  3.33it
[1A| train_loss: 3.48e-01 | test_loss: 4.51e-01 | reg: 0.00e+00 | :  94%|▉| 47/50 [00:14<00:00,  3.29it
[1A| train_loss: 3.48e-01 | test_loss: 4.51e-01 | reg: 0.00e+00 | :  96%|▉| 48/50 [00:14<00:00,  3.30it
[1A| train_loss: 3.48e-01 | test_loss: 4.51e-01 | reg: 0.00e+00 | :  98%|▉| 49/50 [00:14<00:00,  3.07it
[1A| train_loss: 3.48e-01 | test_loss: 4.51e-01 | reg: 0.00e+00 | : 100%|█| 50/50 [00:15<00:00,  2.96it
[1A| train_loss: 3.48e-01 | test_loss: 4.51e-01 | reg: 0.00e+00 | : 100%|█| 50/50 [00:15<00:00,  3.26it
[kan_fit] stage=refine done=150/200 chunk_steps=50 chunk_s=15.3 train_loss=0.34656 val_loss=0.45416 reg=0

[1Adescription:   0%|                                                           | 0/50 [00:00<?, ?it/s]
[1A| train_loss: 3.47e-01 | test_loss: 4.51e-01 | reg: 0.00e+00 | :   0%|       | 0/50 [00:00<?, ?it/s]
[1A| train_loss: 3.47e-01 | test_loss: 4.51e-01 | reg: 0.00e+00 | :   2%| | 1/50 [00:00<00:16,  3.01it/
[1A| train_loss: 3.47e-01 | test_loss: 4.51e-01 | reg: 0.00e+00 | :   4%| | 2/50 [00:00<00:15,  3.12it/
[1A| train_loss: 3.47e-01 | test_loss: 4.51e-01 | reg: 0.00e+00 | :   6%| | 3/50 [00:00<00:14,  3.18it/
[1A| train_loss: 3.47e-01 | test_loss: 4.51e-01 | reg: 0.00e+00 | :   8%| | 4/50 [00:01<00:14,  3.17it/
[1A| train_loss: 3.47e-01 | test_loss: 4.51e-01 | reg: 0.00e+00 | :  10%| | 5/50 [00:01<00:14,  3.16it/
[1A| train_loss: 3.47e-01 | test_loss: 4.51e-01 | reg: 0.00e+00 | :  12%| | 6/50 [00:01<00:13,  3.15it/
[1A| train_loss: 3.47e-01 | test_loss: 4.51e-01 | reg: 0.00e+00 | :  14%|▏| 7/50 [00:02<00:13,  3.19it/
[1A| train_loss: 3.47e-01 | test_loss: 4.51e-01 | reg: 0.00e+00 | :  16%|▏| 8/50 [00:02<00:12,  3.26it/
[1A| train_loss: 3.47e-01 | test_loss: 4.51e-01 | reg: 0.00e+00 | :  18%|▏| 9/50 [00:02<00:12,  3.24it/
[1A| train_loss: 3.47e-01 | test_loss: 4.51e-01 | reg: 0.00e+00 | :  20%|▏| 10/50 [00:03<00:12,  3.21it
[1A| train_loss: 3.46e-01 | test_loss: 4.54e-01 | reg: 0.00e+00 | :  20%|▏| 10/50 [00:03<00:12,  3.21it
[1A| train_loss: 3.46e-01 | test_loss: 4.54e-01 | reg: 0.00e+00 | :  22%|▏| 11/50 [00:03<00:12,  3.21it
[1A| train_loss: 3.46e-01 | test_loss: 4.54e-01 | reg: 0.00e+00 | :  24%|▏| 12/50 [00:03<00:11,  3.26it
[1A| train_loss: 3.46e-01 | test_loss: 4.54e-01 | reg: 0.00e+00 | :  26%|▎| 13/50 [00:04<00:11,  3.21it
[1A| train_loss: 3.46e-01 | test_loss: 4.54e-01 | reg: 0.00e+00 | :  28%|▎| 14/50 [00:04<00:11,  3.26it
[1A| train_loss: 3.46e-01 | test_loss: 4.54e-01 | reg: 0.00e+00 | :  30%|▎| 15/50 [00:04<00:11,  3.15it
[1A| train_loss: 3.46e-01 | test_loss: 4.54e-01 | reg: 0.00e+00 | :  32%|▎| 16/50 [00:04<00:10,  3.23it
[1A| train_loss: 3.46e-01 | test_loss: 4.54e-01 | reg: 0.00e+00 | :  34%|▎| 17/50 [00:05<00:10,  3.29it
[1A| train_loss: 3.46e-01 | test_loss: 4.54e-01 | reg: 0.00e+00 | :  36%|▎| 18/50 [00:05<00:09,  3.29it
[1A| train_loss: 3.46e-01 | test_loss: 4.54e-01 | reg: 0.00e+00 | :  38%|▍| 19/50 [00:05<00:09,  3.25it
[1A| train_loss: 3.46e-01 | test_loss: 4.54e-01 | reg: 0.00e+00 | :  40%|▍| 20/50 [00:06<00:09,  3.26it
[1A| train_loss: 3.46e-01 | test_loss: 4.55e-01 | reg: 0.00e+00 | :  40%|▍| 20/50 [00:06<00:09,  3.26it
[1A| train_loss: 3.46e-01 | test_loss: 4.55e-01 | reg: 0.00e+00 | :  42%|▍| 21/50 [00:06<00:09,  3.21it
[1A| train_loss: 3.46e-01 | test_loss: 4.55e-01 | reg: 0.00e+00 | :  44%|▍| 22/50 [00:06<00:08,  3.13it
[1A| train_loss: 3.46e-01 | test_loss: 4.55e-01 | reg: 0.00e+00 | :  46%|▍| 23/50 [00:07<00:08,  3.15it
[1A| train_loss: 3.46e-01 | test_loss: 4.55e-01 | reg: 0.00e+00 | :  48%|▍| 24/50 [00:07<00:08,  3.22it
[1A| train_loss: 3.46e-01 | test_loss: 4.55e-01 | reg: 0.00e+00 | :  50%|▌| 25/50 [00:07<00:07,  3.27it
[1A| train_loss: 3.46e-01 | test_loss: 4.55e-01 | reg: 0.00e+00 | :  52%|▌| 26/50 [00:08<00:07,  3.31it
[1A| train_loss: 3.46e-01 | test_loss: 4.55e-01 | reg: 0.00e+00 | :  54%|▌| 27/50 [00:08<00:06,  3.32it
[1A| train_loss: 3.46e-01 | test_loss: 4.55e-01 | reg: 0.00e+00 | :  56%|▌| 28/50 [00:08<00:06,  3.19it
[1A| train_loss: 3.46e-01 | test_loss: 4.55e-01 | reg: 0.00e+00 | :  58%|▌| 29/50 [00:09<00:06,  3.18it
[1A| train_loss: 3.46e-01 | test_loss: 4.55e-01 | reg: 0.00e+00 | :  60%|▌| 30/50 [00:09<00:06,  3.15it
[1A| train_loss: 3.45e-01 | test_loss: 4.58e-01 | reg: 0.00e+00 | :  60%|▌| 30/50 [00:09<00:06,  3.15it
[1A| train_loss: 3.45e-01 | test_loss: 4.58e-01 | reg: 0.00e+00 | :  62%|▌| 31/50 [00:09<00:05,  3.22it
[1A| train_loss: 3.45e-01 | test_loss: 4.58e-01 | reg: 0.00e+00 | :  64%|▋| 32/50 [00:09<00:05,  3.24it
[1A| train_loss: 3.45e-01 | test_loss: 4.58e-01 | reg: 0.00e+00 | :  66%|▋| 33/50 [00:10<00:05,  3.17it
[1A| train_loss: 3.45e-01 | test_loss: 4.58e-01 | reg: 0.00e+00 | :  68%|▋| 34/50 [00:10<00:04,  3.24it
[1A| train_loss: 3.45e-01 | test_loss: 4.58e-01 | reg: 0.00e+00 | :  70%|▋| 35/50 [00:10<00:04,  3.26it
[1A| train_loss: 3.45e-01 | test_loss: 4.58e-01 | reg: 0.00e+00 | :  72%|▋| 36/50 [00:11<00:04,  3.29it
[1A| train_loss: 3.45e-01 | test_loss: 4.58e-01 | reg: 0.00e+00 | :  74%|▋| 37/50 [00:11<00:04,  3.18it
[1A| train_loss: 3.45e-01 | test_loss: 4.58e-01 | reg: 0.00e+00 | :  76%|▊| 38/50 [00:11<00:03,  3.16it
[1A| train_loss: 3.45e-01 | test_loss: 4.58e-01 | reg: 0.00e+00 | :  78%|▊| 39/50 [00:12<00:03,  3.15it
[1A| train_loss: 3.45e-01 | test_loss: 4.58e-01 | reg: 0.00e+00 | :  80%|▊| 40/50 [00:12<00:03,  3.21it
[1A| train_loss: 3.44e-01 | test_loss: 4.57e-01 | reg: 0.00e+00 | :  80%|▊| 40/50 [00:12<00:03,  3.21it
[1A| train_loss: 3.44e-01 | test_loss: 4.57e-01 | reg: 0.00e+00 | :  82%|▊| 41/50 [00:12<00:02,  3.23it
[1A| train_loss: 3.44e-01 | test_loss: 4.57e-01 | reg: 0.00e+00 | :  84%|▊| 42/50 [00:13<00:02,  3.19it
[1A| train_loss: 3.44e-01 | test_loss: 4.57e-01 | reg: 0.00e+00 | :  86%|▊| 43/50 [00:13<00:02,  3.20it
[1A| train_loss: 3.44e-01 | test_loss: 4.57e-01 | reg: 0.00e+00 | :  88%|▉| 44/50 [00:13<00:01,  3.23it
[1A| train_loss: 3.44e-01 | test_loss: 4.57e-01 | reg: 0.00e+00 | :  90%|▉| 45/50 [00:13<00:01,  3.28it
[1A| train_loss: 3.44e-01 | test_loss: 4.57e-01 | reg: 0.00e+00 | :  92%|▉| 46/50 [00:14<00:01,  3.34it
[1A| train_loss: 3.44e-01 | test_loss: 4.57e-01 | reg: 0.00e+00 | :  94%|▉| 47/50 [00:14<00:00,  3.30it
[1A| train_loss: 3.44e-01 | test_loss: 4.57e-01 | reg: 0.00e+00 | :  96%|▉| 48/50 [00:14<00:00,  3.28it
[1A| train_loss: 3.44e-01 | test_loss: 4.57e-01 | reg: 0.00e+00 | :  98%|▉| 49/50 [00:15<00:00,  3.20it
[1A| train_loss: 3.44e-01 | test_loss: 4.57e-01 | reg: 0.00e+00 | : 100%|█| 50/50 [00:15<00:00,  2.99it
[1A| train_loss: 3.44e-01 | test_loss: 4.57e-01 | reg: 0.00e+00 | : 100%|█| 50/50 [00:15<00:00,  3.20it
[kan_fit] stage=refine done=200/200 chunk_steps=50 chunk_s=15.6 train_loss=0.343474 val_loss=0.461824 reg=0
{
  "run_id": "paperref_20260306_fullflow__s3_comp_load_delta_load_h6",
  "status": "completed",
  "data_run_id": "paperref_20260306_fullflow__derived_h1_6_72_144_576",
  "data_timestamp": "2026-03-06_042421",
  "eval_unpruned": {
    "rmse": 468.9124296619918,
    "mae": 374.3928381192286,
    "r2": 0.6975273098530075
  },
  "eval_pruned": {
    "rmse": 444.9285659447226,
    "mae": 348.7894517790899,
    "r2": 0.727677667192278
  },
  "sparsity": {
    "total_edges": 45,
    "pruned_edges": 20,
    "pruned_ratio": 0.4444444444444444
  },
  "checkpoint": "/vol/runs/paperref_20260306_fullflow__s3_comp_load_delta_load_h6/checkpoint/model.pt"
}
Stopping app - local entrypoint completed.
✓ App completed. View run at 
https://modal.com/apps/hfvcn/main/ap-uWzzOM0cnFTf2GqdAC5tC5
